#
# There is insufficient memory for the Java Runtime Environment to continue.
# Native memory allocation (malloc) failed to allocate 2097152 bytes. Error detail: AllocateHeap
# Possible reasons:
#   The system is out of physical RAM or swap space
#   This process is running with CompressedOops enabled, and the Java Heap may be blocking the growth of the native heap
# Possible solutions:
#   Reduce memory load on the system
#   Increase physical memory or swap space
#   Check if swap backing store is full
#   Decrease Java heap size (-Xmx/-Xms)
#   Decrease number of Java threads
#   Decrease Java thread stack sizes (-Xss)
#   Set larger code cache with -XX:ReservedCodeCacheSize=
#   JVM is running with Unscaled Compressed Oops mode in which the Java heap is
#     placed in the first 4GB address space. The Java Heap base address is the
#     maximum limit for the native heap growth. Please use -XX:HeapBaseMinAddress
#     to set the Java Heap base and to place the Java Heap above 4GB virtual address.
# This output file may be truncated or incomplete.
#
#  Out of Memory Error (allocation.cpp:44), pid=29936, tid=30284
#
# JRE version: OpenJDK Runtime Environment JBR-21.0.7+6-1038.58-jcef (21.0.7+6) (build 21.0.7+6-b1038.58)
# Java VM: OpenJDK 64-Bit Server VM JBR-21.0.7+6-1038.58-jcef (21.0.7+6-b1038.58, mixed mode, sharing, tiered, compressed oops, compressed class ptrs, g1 gc, windows-amd64)
# No core dump will be written. Minidumps are not enabled by default on client versions of Windows
#

---------------  S U M M A R Y ------------

Command Line: -Djava.rmi.server.hostname=127.0.0.1 -Duser.timezone=UTC -Xmx2048m -Xms128m -Djdbc.classpath=C:\Users\ISPROJ\AppData\Local\Temp\RemoteDriver11.classpath.txt --add-exports=java.desktop/sun.awt=ALL-UNNAMED --add-exports=java.desktop/java.awt.peer=ALL-UNNAMED --add-opens=java.desktop/java.awt=ALL-UNNAMED --add-opens=jdk.unsupported/sun.misc=ALL-UNNAMED --add-opens=java.base/java.nio=ALL-UNNAMED --add-opens=java.base/java.util=ALL-UNNAMED -Dfile.encoding=UTF-8 -Dsun.stdout.encoding=UTF-8 -Dsun.stderr.encoding=UTF-8 com.intellij.database.remote.RemoteJdbcServer software.amazon.jdbc.Driver

Host: AMD Ryzen 9 5900HS with Radeon Graphics        , 16 cores, 15G,  Windows 11 , 64 bit Build 26100 (10.0.26100.2702)
Time: Sat Oct 25 16:17:38 2025 Malay Peninsula Standard Time elapsed time: 14400.737024 seconds (0d 4h 0m 0s)

---------------  T H R E A D  ---------------

Current thread (0x000002437bba7200):  VMThread "VM Thread"          [id=30284, stack(0x0000006935d00000,0x0000006935e00000) (1024K)]

Stack: [0x0000006935d00000,0x0000006935e00000]
Native frames: (J=compiled Java code, j=interpreted, Vv=VM code, C=native code)
V  [jvm.dll+0x6e7c19]
V  [jvm.dll+0x8c5f53]
V  [jvm.dll+0x8c84ae]
V  [jvm.dll+0x8c8b93]
V  [jvm.dll+0x2899e6]
V  [jvm.dll+0xc0f17]
V  [jvm.dll+0x3549be]
V  [jvm.dll+0x34e25e]
V  [jvm.dll+0x3362c9]
V  [jvm.dll+0x37a64a]
V  [jvm.dll+0x8ce918]
V  [jvm.dll+0x8cfc94]
V  [jvm.dll+0x8d01d0]
V  [jvm.dll+0x8d0463]
V  [jvm.dll+0x86dab8]
V  [jvm.dll+0x6e639d]
C  [ucrtbase.dll+0x14ea0]
C  [KERNEL32.DLL+0x2e8d7]
C  [ntdll.dll+0xdf36c]

VM_Operation (0x0000006936ffee00): G1CollectFull, mode: safepoint, requested by thread 0x000002437cd0d6e0


---------------  P R O C E S S  ---------------

Threads class SMR info:
_java_thread_list=0x000002437d192570, length=21, elements={
0x00000243727073d0, 0x000002437bbc3130, 0x000002437bbc6f40, 0x000002437bbcbcf0,
0x000002437bbcd930, 0x000002437bbce390, 0x000002437c8de370, 0x000002437c8e1710,
0x000002437c8e6ff0, 0x000002437c8e83c0, 0x000002437ca40bd0, 0x000002437cee9850,
0x000002437cefebc0, 0x000002437ceff230, 0x000002437cd0d6e0, 0x000002437d07c4b0,
0x000002437d2289a0, 0x000002437d225190, 0x000002437d226540, 0x000002437d225820,
0x000002437d225eb0
}

Java Threads: ( => current thread )
  0x00000243727073d0 JavaThread "main"                              [_thread_blocked, id=40932, stack(0x0000006935600000,0x0000006935700000) (1024K)]
  0x000002437bbc3130 JavaThread "Common-Cleaner"             daemon [_thread_blocked, id=25492, stack(0x0000006935e00000,0x0000006935f00000) (1024K)]
  0x000002437bbc6f40 JavaThread "Reference Handler"          daemon [_thread_blocked, id=43608, stack(0x0000006935f00000,0x0000006936000000) (1024K)]
  0x000002437bbcbcf0 JavaThread "Finalizer"                  daemon [_thread_blocked, id=20176, stack(0x0000006936000000,0x0000006936100000) (1024K)]
  0x000002437bbcd930 JavaThread "Signal Dispatcher"          daemon [_thread_blocked, id=19088, stack(0x0000006936100000,0x0000006936200000) (1024K)]
  0x000002437bbce390 JavaThread "Attach Listener"            daemon [_thread_blocked, id=10048, stack(0x0000006936200000,0x0000006936300000) (1024K)]
  0x000002437c8de370 JavaThread "Service Thread"             daemon [_thread_blocked, id=33436, stack(0x0000006936300000,0x0000006936400000) (1024K)]
  0x000002437c8e1710 JavaThread "Monitor Deflation Thread"   daemon [_thread_blocked, id=5168, stack(0x0000006936400000,0x0000006936500000) (1024K)]
  0x000002437c8e6ff0 JavaThread "C2 CompilerThread0"         daemon [_thread_blocked, id=46592, stack(0x0000006936500000,0x0000006936600000) (1024K)]
  0x000002437c8e83c0 JavaThread "C1 CompilerThread0"         daemon [_thread_blocked, id=29316, stack(0x0000006936600000,0x0000006936700000) (1024K)]
  0x000002437ca40bd0 JavaThread "Notification Thread"        daemon [_thread_blocked, id=42608, stack(0x0000006936800000,0x0000006936900000) (1024K)]
  0x000002437cee9850 JavaThread "RMI TCP Accept-41824"       daemon [_thread_in_native, id=46076, stack(0x0000006936c00000,0x0000006936d00000) (1024K)]
  0x000002437cefebc0 JavaThread "RMI TCP Accept-0"           daemon [_thread_in_native, id=34608, stack(0x0000006936d00000,0x0000006936e00000) (1024K)]
  0x000002437ceff230 JavaThread "RMI Reaper"                        [_thread_blocked, id=38208, stack(0x0000006936e00000,0x0000006936f00000) (1024K)]
  0x000002437cd0d6e0 JavaThread "RMI GC Daemon"              daemon [_thread_blocked, id=41624, stack(0x0000006936f00000,0x0000006937000000) (1024K)]
  0x000002437d07c4b0 JavaThread "RMI TCP Connection(1)-127.0.0.1" daemon [_thread_in_native, id=7000, stack(0x0000006937100000,0x0000006937200000) (1024K)]
  0x000002437d2289a0 JavaThread "RMI Scheduler(0)"           daemon [_thread_blocked, id=44524, stack(0x0000006937200000,0x0000006937300000) (1024K)]
  0x000002437d225190 JavaThread "RMI RenewClean-[127.0.0.1:50534]" daemon [_thread_blocked, id=17636, stack(0x0000006937500000,0x0000006937600000) (1024K)]
  0x000002437d226540 JavaThread "mysql-cj-abandoned-connection-cleanup" daemon [_thread_blocked, id=16188, stack(0x0000006938200000,0x0000006938300000) (1024K)]
  0x000002437d225820 JavaThread "Thread-0"                   daemon [_thread_blocked, id=6108, stack(0x0000006938300000,0x0000006938400000) (1024K)]
  0x000002437d225eb0 JavaThread "RMI TCP Connection(10)-127.0.0.1" daemon [_thread_in_native, id=45624, stack(0x0000006935300000,0x0000006935400000) (1024K)]
Total: 21

Other Threads:
=>0x000002437bba7200 VMThread "VM Thread"                           [id=30284, stack(0x0000006935d00000,0x0000006935e00000) (1024K)]
  0x000002437bb92640 WatcherThread "VM Periodic Task Thread"        [id=45636, stack(0x0000006935c00000,0x0000006935d00000) (1024K)]
  0x00000243727576a0 WorkerThread "GC Thread#0"                     [id=42252, stack(0x0000006935700000,0x0000006935800000) (1024K)]
  0x000002437bba75a0 WorkerThread "GC Thread#1"                     [id=31840, stack(0x0000006937600000,0x0000006937700000) (1024K)]
  0x000002437bba8420 WorkerThread "GC Thread#2"                     [id=43940, stack(0x0000006937700000,0x0000006937800000) (1024K)]
  0x000002437bba6e60 WorkerThread "GC Thread#3"                     [id=39576, stack(0x0000006937800000,0x0000006937900000) (1024K)]
  0x000002437bba7940 WorkerThread "GC Thread#4"                     [id=20872, stack(0x0000006937900000,0x0000006937a00000) (1024K)]
  0x000002437bba7ce0 WorkerThread "GC Thread#5"                     [id=28448, stack(0x0000006937a00000,0x0000006937b00000) (1024K)]
  0x000002437bba8080 WorkerThread "GC Thread#6"                     [id=41176, stack(0x0000006937b00000,0x0000006937c00000) (1024K)]
  0x000002437bba6ac0 WorkerThread "GC Thread#7"                     [id=38172, stack(0x0000006937c00000,0x0000006937d00000) (1024K)]
  0x000002437d2a6c40 WorkerThread "GC Thread#8"                     [id=28056, stack(0x0000006937d00000,0x0000006937e00000) (1024K)]
  0x000002437d2a3d20 WorkerThread "GC Thread#9"                     [id=25592, stack(0x0000006937e00000,0x0000006937f00000) (1024K)]
  0x000002437d2a3240 WorkerThread "GC Thread#10"                    [id=31868, stack(0x0000006937f00000,0x0000006938000000) (1024K)]
  0x000002437d2a40c0 WorkerThread "GC Thread#11"                    [id=24968, stack(0x0000006938000000,0x0000006938100000) (1024K)]
  0x000002437d2a52e0 WorkerThread "GC Thread#12"                    [id=33984, stack(0x0000006938100000,0x0000006938200000) (1024K)]
  0x000002437276a420 ConcurrentGCThread "G1 Main Marker"            [id=9796, stack(0x0000006935800000,0x0000006935900000) (1024K)]
  0x000002437276b5d0 WorkerThread "G1 Conc#0"                       [id=11768, stack(0x0000006935900000,0x0000006935a00000) (1024K)]
  0x000002437ba574b0 ConcurrentGCThread "G1 Refine#0"               [id=19036, stack(0x0000006935a00000,0x0000006935b00000) (1024K)]
  0x000002437ba58ce0 ConcurrentGCThread "G1 Service"                [id=29244, stack(0x0000006935b00000,0x0000006935c00000) (1024K)]
Total: 19

Threads with active compile tasks:
Total: 0

VM state: at safepoint (normal execution)

VM Mutex/Monitor currently owned by a thread:  ([mutex/lock_event])
[0x00007ff9c8151ac8] Threads_lock - owner thread: 0x000002437bba7200
[0x00007ff9c8151bc8] Heap_lock - owner thread: 0x000002437cd0d6e0

Heap address: 0x0000000080000000, size: 2048 MB, Compressed Oops mode: 32-bit

CDS archive(s) mapped at: [0x000002430f000000-0x0000024310bf0000-0x0000024310bf0000), size 29294592, SharedBaseAddress: 0x000002430f000000, ArchiveRelocationMode: 1.
Compressed class space mapped at: 0x0000024311000000-0x0000024351000000, reserved size: 1073741824
Narrow klass base: 0x000002430f000000, Narrow klass shift: 0, Narrow klass range: 0x100000000

GC Precious Log:
 CardTable entry size: 512
 Card Set container configuration: InlinePtr #cards 5 size 8 Array Of Cards #cards 12 size 40 Howl #buckets 4 coarsen threshold 1843 Howl Bitmap #cards 512 size 80 coarsen threshold 460 Card regions per heap region 1 cards per card region 2048
 CPUs: 16 total, 16 available
 Memory: 15775M
 Large Page Support: Disabled
 NUMA Support: Disabled
 Compressed Oops: Enabled (32-bit)
 Heap Region Size: 1M
 Heap Min Capacity: 128M
 Heap Initial Capacity: 128M
 Heap Max Capacity: 2G
 Pre-touch: Disabled
 Parallel Workers: 13
 Concurrent Workers: 3
 Concurrent Refinement Workers: 13
 Periodic GC: Disabled

Heap:
 garbage-first heap   total 131072K, used 28478K [0x0000000080000000, 0x0000000100000000)
  region size 1024K, 16 young (16384K), 0 survivors (0K)
 Metaspace       used 12264K, committed 12800K, reserved 1114112K
  class space    used 1337K, committed 1600K, reserved 1048576K

Heap Regions: E=young(eden), S=young(survivor), O=old, HS=humongous(starts), HC=humongous(continues), CS=collection set, F=free, TAMS=top-at-mark-start, PB=parsable bottom
|   0|0x0000000080000000, 0x0000000080100000, 0x0000000080100000|100%|HS|  |TAMS 0x0000000080000000| PB 0x0000000080000000| Untracked 
|   1|0x0000000080100000, 0x0000000080200000, 0x0000000080200000|100%|HC|  |TAMS 0x0000000080100000| PB 0x0000000080100000| Untracked 
|   2|0x0000000080200000, 0x0000000080300000, 0x0000000080300000|100%|HS|  |TAMS 0x0000000080200000| PB 0x0000000080200000| Untracked 
|   3|0x0000000080300000, 0x0000000080400000, 0x0000000080400000|100%|HS|  |TAMS 0x0000000080300000| PB 0x0000000080300000| Untracked 
|   4|0x0000000080400000, 0x0000000080500000, 0x0000000080500000|100%| O|  |TAMS 0x0000000080400000| PB 0x0000000080400000| Untracked 
|   5|0x0000000080500000, 0x00000000805ffa00, 0x0000000080600000| 99%| O|  |TAMS 0x0000000080500000| PB 0x0000000080500000| Untracked 
|   6|0x0000000080600000, 0x00000000806ffff0, 0x0000000080700000| 99%| O|  |TAMS 0x0000000080600000| PB 0x0000000080600000| Untracked 
|   7|0x0000000080700000, 0x0000000080800000, 0x0000000080800000|100%| O|  |TAMS 0x0000000080700000| PB 0x0000000080700000| Untracked 
|   8|0x0000000080800000, 0x00000000808ffff0, 0x0000000080900000| 99%| O|  |TAMS 0x0000000080800000| PB 0x0000000080800000| Untracked 
|   9|0x0000000080900000, 0x00000000809fffe8, 0x0000000080a00000| 99%| O|  |TAMS 0x0000000080900000| PB 0x0000000080900000| Untracked 
|  10|0x0000000080a00000, 0x0000000080abb380, 0x0000000080b00000| 73%| O|  |TAMS 0x0000000080a00000| PB 0x0000000080a00000| Untracked 
|  11|0x0000000080b00000, 0x0000000080bdb100, 0x0000000080c00000| 85%| O|  |TAMS 0x0000000080b00000| PB 0x0000000080b00000| Untracked 
|  12|0x0000000080c00000, 0x0000000080c39b00, 0x0000000080d00000| 22%| O|  |TAMS 0x0000000080c00000| PB 0x0000000080c00000| Untracked 
|  13|0x0000000080d00000, 0x0000000080d00000, 0x0000000080e00000|  0%| F|  |TAMS 0x0000000080d00000| PB 0x0000000080d00000| Untracked 
|  14|0x0000000080e00000, 0x0000000080e00000, 0x0000000080f00000|  0%| F|  |TAMS 0x0000000080e00000| PB 0x0000000080e00000| Untracked 
|  15|0x0000000080f00000, 0x0000000080f00000, 0x0000000081000000|  0%| F|  |TAMS 0x0000000080f00000| PB 0x0000000080f00000| Untracked 
|  16|0x0000000081000000, 0x0000000081000000, 0x0000000081100000|  0%| F|  |TAMS 0x0000000081000000| PB 0x0000000081000000| Untracked 
|  17|0x0000000081100000, 0x0000000081100000, 0x0000000081200000|  0%| F|  |TAMS 0x0000000081100000| PB 0x0000000081100000| Untracked 
|  18|0x0000000081200000, 0x0000000081200000, 0x0000000081300000|  0%| F|  |TAMS 0x0000000081200000| PB 0x0000000081200000| Untracked 
|  19|0x0000000081300000, 0x0000000081300000, 0x0000000081400000|  0%| F|  |TAMS 0x0000000081300000| PB 0x0000000081300000| Untracked 
|  20|0x0000000081400000, 0x0000000081400000, 0x0000000081500000|  0%| F|  |TAMS 0x0000000081400000| PB 0x0000000081400000| Untracked 
|  21|0x0000000081500000, 0x0000000081500000, 0x0000000081600000|  0%| F|  |TAMS 0x0000000081500000| PB 0x0000000081500000| Untracked 
|  22|0x0000000081600000, 0x0000000081600000, 0x0000000081700000|  0%| F|  |TAMS 0x0000000081600000| PB 0x0000000081600000| Untracked 
|  23|0x0000000081700000, 0x0000000081700000, 0x0000000081800000|  0%| F|  |TAMS 0x0000000081700000| PB 0x0000000081700000| Untracked 
|  24|0x0000000081800000, 0x0000000081800000, 0x0000000081900000|  0%| F|  |TAMS 0x0000000081800000| PB 0x0000000081800000| Untracked 
|  25|0x0000000081900000, 0x0000000081900000, 0x0000000081a00000|  0%| F|  |TAMS 0x0000000081900000| PB 0x0000000081900000| Untracked 
|  26|0x0000000081a00000, 0x0000000081a00000, 0x0000000081b00000|  0%| F|  |TAMS 0x0000000081a00000| PB 0x0000000081a00000| Untracked 
|  27|0x0000000081b00000, 0x0000000081b00000, 0x0000000081c00000|  0%| F|  |TAMS 0x0000000081b00000| PB 0x0000000081b00000| Untracked 
|  28|0x0000000081c00000, 0x0000000081c00000, 0x0000000081d00000|  0%| F|  |TAMS 0x0000000081c00000| PB 0x0000000081c00000| Untracked 
|  29|0x0000000081d00000, 0x0000000081d00000, 0x0000000081e00000|  0%| F|  |TAMS 0x0000000081d00000| PB 0x0000000081d00000| Untracked 
|  30|0x0000000081e00000, 0x0000000081e00000, 0x0000000081f00000|  0%| F|  |TAMS 0x0000000081e00000| PB 0x0000000081e00000| Untracked 
|  31|0x0000000081f00000, 0x0000000081f00000, 0x0000000082000000|  0%| F|  |TAMS 0x0000000081f00000| PB 0x0000000081f00000| Untracked 
|  32|0x0000000082000000, 0x0000000082000000, 0x0000000082100000|  0%| F|  |TAMS 0x0000000082000000| PB 0x0000000082000000| Untracked 
|  33|0x0000000082100000, 0x0000000082100000, 0x0000000082200000|  0%| F|  |TAMS 0x0000000082100000| PB 0x0000000082100000| Untracked 
|  34|0x0000000082200000, 0x0000000082200000, 0x0000000082300000|  0%| F|  |TAMS 0x0000000082200000| PB 0x0000000082200000| Untracked 
|  35|0x0000000082300000, 0x0000000082300000, 0x0000000082400000|  0%| F|  |TAMS 0x0000000082300000| PB 0x0000000082300000| Untracked 
|  36|0x0000000082400000, 0x0000000082400000, 0x0000000082500000|  0%| F|  |TAMS 0x0000000082400000| PB 0x0000000082400000| Untracked 
|  37|0x0000000082500000, 0x0000000082500000, 0x0000000082600000|  0%| F|  |TAMS 0x0000000082500000| PB 0x0000000082500000| Untracked 
|  38|0x0000000082600000, 0x0000000082600000, 0x0000000082700000|  0%| F|  |TAMS 0x0000000082600000| PB 0x0000000082600000| Untracked 
|  39|0x0000000082700000, 0x0000000082700000, 0x0000000082800000|  0%| F|  |TAMS 0x0000000082700000| PB 0x0000000082700000| Untracked 
|  40|0x0000000082800000, 0x0000000082800000, 0x0000000082900000|  0%| F|  |TAMS 0x0000000082800000| PB 0x0000000082800000| Untracked 
|  41|0x0000000082900000, 0x0000000082900000, 0x0000000082a00000|  0%| F|  |TAMS 0x0000000082900000| PB 0x0000000082900000| Untracked 
|  42|0x0000000082a00000, 0x0000000082a00000, 0x0000000082b00000|  0%| F|  |TAMS 0x0000000082a00000| PB 0x0000000082a00000| Untracked 
|  43|0x0000000082b00000, 0x0000000082b00000, 0x0000000082c00000|  0%| F|  |TAMS 0x0000000082b00000| PB 0x0000000082b00000| Untracked 
|  44|0x0000000082c00000, 0x0000000082c00000, 0x0000000082d00000|  0%| F|  |TAMS 0x0000000082c00000| PB 0x0000000082c00000| Untracked 
|  45|0x0000000082d00000, 0x0000000082d00000, 0x0000000082e00000|  0%| F|  |TAMS 0x0000000082d00000| PB 0x0000000082d00000| Untracked 
|  46|0x0000000082e00000, 0x0000000082e00000, 0x0000000082f00000|  0%| F|  |TAMS 0x0000000082e00000| PB 0x0000000082e00000| Untracked 
|  47|0x0000000082f00000, 0x0000000082f00000, 0x0000000083000000|  0%| F|  |TAMS 0x0000000082f00000| PB 0x0000000082f00000| Untracked 
|  48|0x0000000083000000, 0x0000000083000000, 0x0000000083100000|  0%| F|  |TAMS 0x0000000083000000| PB 0x0000000083000000| Untracked 
|  49|0x0000000083100000, 0x0000000083100000, 0x0000000083200000|  0%| F|  |TAMS 0x0000000083100000| PB 0x0000000083100000| Untracked 
|  50|0x0000000083200000, 0x0000000083200000, 0x0000000083300000|  0%| F|  |TAMS 0x0000000083200000| PB 0x0000000083200000| Untracked 
|  51|0x0000000083300000, 0x0000000083300000, 0x0000000083400000|  0%| F|  |TAMS 0x0000000083300000| PB 0x0000000083300000| Untracked 
|  52|0x0000000083400000, 0x0000000083400000, 0x0000000083500000|  0%| F|  |TAMS 0x0000000083400000| PB 0x0000000083400000| Untracked 
|  53|0x0000000083500000, 0x0000000083500000, 0x0000000083600000|  0%| F|  |TAMS 0x0000000083500000| PB 0x0000000083500000| Untracked 
|  54|0x0000000083600000, 0x0000000083600000, 0x0000000083700000|  0%| F|  |TAMS 0x0000000083600000| PB 0x0000000083600000| Untracked 
|  55|0x0000000083700000, 0x0000000083700000, 0x0000000083800000|  0%| F|  |TAMS 0x0000000083700000| PB 0x0000000083700000| Untracked 
|  56|0x0000000083800000, 0x0000000083800000, 0x0000000083900000|  0%| F|  |TAMS 0x0000000083800000| PB 0x0000000083800000| Untracked 
|  57|0x0000000083900000, 0x0000000083900000, 0x0000000083a00000|  0%| F|  |TAMS 0x0000000083900000| PB 0x0000000083900000| Untracked 
|  58|0x0000000083a00000, 0x0000000083a00000, 0x0000000083b00000|  0%| F|  |TAMS 0x0000000083a00000| PB 0x0000000083a00000| Untracked 
|  59|0x0000000083b00000, 0x0000000083b00000, 0x0000000083c00000|  0%| F|  |TAMS 0x0000000083b00000| PB 0x0000000083b00000| Untracked 
|  60|0x0000000083c00000, 0x0000000083c00000, 0x0000000083d00000|  0%| F|  |TAMS 0x0000000083c00000| PB 0x0000000083c00000| Untracked 
|  61|0x0000000083d00000, 0x0000000083d00000, 0x0000000083e00000|  0%| F|  |TAMS 0x0000000083d00000| PB 0x0000000083d00000| Untracked 
|  62|0x0000000083e00000, 0x0000000083e00000, 0x0000000083f00000|  0%| F|  |TAMS 0x0000000083e00000| PB 0x0000000083e00000| Untracked 
|  63|0x0000000083f00000, 0x0000000083f00000, 0x0000000084000000|  0%| F|  |TAMS 0x0000000083f00000| PB 0x0000000083f00000| Untracked 
|  64|0x0000000084000000, 0x0000000084000000, 0x0000000084100000|  0%| F|  |TAMS 0x0000000084000000| PB 0x0000000084000000| Untracked 
|  65|0x0000000084100000, 0x0000000084100000, 0x0000000084200000|  0%| F|  |TAMS 0x0000000084100000| PB 0x0000000084100000| Untracked 
|  66|0x0000000084200000, 0x0000000084200000, 0x0000000084300000|  0%| F|  |TAMS 0x0000000084200000| PB 0x0000000084200000| Untracked 
|  67|0x0000000084300000, 0x0000000084300000, 0x0000000084400000|  0%| F|  |TAMS 0x0000000084300000| PB 0x0000000084300000| Untracked 
|  68|0x0000000084400000, 0x0000000084400000, 0x0000000084500000|  0%| F|  |TAMS 0x0000000084400000| PB 0x0000000084400000| Untracked 
|  69|0x0000000084500000, 0x0000000084500000, 0x0000000084600000|  0%| F|  |TAMS 0x0000000084500000| PB 0x0000000084500000| Untracked 
|  70|0x0000000084600000, 0x0000000084600000, 0x0000000084700000|  0%| F|  |TAMS 0x0000000084600000| PB 0x0000000084600000| Untracked 
|  71|0x0000000084700000, 0x0000000084700000, 0x0000000084800000|  0%| F|  |TAMS 0x0000000084700000| PB 0x0000000084700000| Untracked 
|  72|0x0000000084800000, 0x0000000084800000, 0x0000000084900000|  0%| F|  |TAMS 0x0000000084800000| PB 0x0000000084800000| Untracked 
|  73|0x0000000084900000, 0x0000000084900000, 0x0000000084a00000|  0%| F|  |TAMS 0x0000000084900000| PB 0x0000000084900000| Untracked 
|  74|0x0000000084a00000, 0x0000000084a00000, 0x0000000084b00000|  0%| F|  |TAMS 0x0000000084a00000| PB 0x0000000084a00000| Untracked 
|  75|0x0000000084b00000, 0x0000000084b00000, 0x0000000084c00000|  0%| F|  |TAMS 0x0000000084b00000| PB 0x0000000084b00000| Untracked 
|  76|0x0000000084c00000, 0x0000000084c00000, 0x0000000084d00000|  0%| F|  |TAMS 0x0000000084c00000| PB 0x0000000084c00000| Untracked 
|  77|0x0000000084d00000, 0x0000000084d00000, 0x0000000084e00000|  0%| F|  |TAMS 0x0000000084d00000| PB 0x0000000084d00000| Untracked 
|  78|0x0000000084e00000, 0x0000000084e00000, 0x0000000084f00000|  0%| F|  |TAMS 0x0000000084e00000| PB 0x0000000084e00000| Untracked 
|  79|0x0000000084f00000, 0x0000000084f00000, 0x0000000085000000|  0%| F|  |TAMS 0x0000000084f00000| PB 0x0000000084f00000| Untracked 
|  80|0x0000000085000000, 0x0000000085000000, 0x0000000085100000|  0%| F|  |TAMS 0x0000000085000000| PB 0x0000000085000000| Untracked 
|  81|0x0000000085100000, 0x0000000085100000, 0x0000000085200000|  0%| F|  |TAMS 0x0000000085100000| PB 0x0000000085100000| Untracked 
|  82|0x0000000085200000, 0x0000000085200000, 0x0000000085300000|  0%| F|  |TAMS 0x0000000085200000| PB 0x0000000085200000| Untracked 
|  83|0x0000000085300000, 0x0000000085300000, 0x0000000085400000|  0%| F|  |TAMS 0x0000000085300000| PB 0x0000000085300000| Untracked 
|  84|0x0000000085400000, 0x0000000085400000, 0x0000000085500000|  0%| F|  |TAMS 0x0000000085400000| PB 0x0000000085400000| Untracked 
|  85|0x0000000085500000, 0x0000000085500000, 0x0000000085600000|  0%| F|  |TAMS 0x0000000085500000| PB 0x0000000085500000| Untracked 
|  86|0x0000000085600000, 0x0000000085600000, 0x0000000085700000|  0%| F|  |TAMS 0x0000000085600000| PB 0x0000000085600000| Untracked 
|  87|0x0000000085700000, 0x0000000085700000, 0x0000000085800000|  0%| F|  |TAMS 0x0000000085700000| PB 0x0000000085700000| Untracked 
|  88|0x0000000085800000, 0x0000000085800000, 0x0000000085900000|  0%| F|  |TAMS 0x0000000085800000| PB 0x0000000085800000| Untracked 
|  89|0x0000000085900000, 0x0000000085900000, 0x0000000085a00000|  0%| F|  |TAMS 0x0000000085900000| PB 0x0000000085900000| Untracked 
|  90|0x0000000085a00000, 0x0000000085a00000, 0x0000000085b00000|  0%| F|  |TAMS 0x0000000085a00000| PB 0x0000000085a00000| Untracked 
|  91|0x0000000085b00000, 0x0000000085b00000, 0x0000000085c00000|  0%| F|  |TAMS 0x0000000085b00000| PB 0x0000000085b00000| Untracked 
|  92|0x0000000085c00000, 0x0000000085c00000, 0x0000000085d00000|  0%| F|  |TAMS 0x0000000085c00000| PB 0x0000000085c00000| Untracked 
|  93|0x0000000085d00000, 0x0000000085d00000, 0x0000000085e00000|  0%| F|  |TAMS 0x0000000085d00000| PB 0x0000000085d00000| Untracked 
|  94|0x0000000085e00000, 0x0000000085e00000, 0x0000000085f00000|  0%| F|  |TAMS 0x0000000085e00000| PB 0x0000000085e00000| Untracked 
|  95|0x0000000085f00000, 0x0000000086000000, 0x0000000086000000|100%| O|  |TAMS 0x0000000085f00000| PB 0x0000000085f00000| Untracked 
|  96|0x0000000086000000, 0x0000000086000000, 0x0000000086100000|  0%| F|  |TAMS 0x0000000086000000| PB 0x0000000086000000| Untracked 
|  97|0x0000000086100000, 0x0000000086100000, 0x0000000086200000|  0%| F|  |TAMS 0x0000000086100000| PB 0x0000000086100000| Untracked 
|  98|0x0000000086200000, 0x0000000086200000, 0x0000000086300000|  0%| F|  |TAMS 0x0000000086200000| PB 0x0000000086200000| Untracked 
|  99|0x0000000086300000, 0x0000000086300000, 0x0000000086400000|  0%| F|  |TAMS 0x0000000086300000| PB 0x0000000086300000| Untracked 
| 100|0x0000000086400000, 0x0000000086400000, 0x0000000086500000|  0%| F|  |TAMS 0x0000000086400000| PB 0x0000000086400000| Untracked 
| 101|0x0000000086500000, 0x0000000086500000, 0x0000000086600000|  0%| F|  |TAMS 0x0000000086500000| PB 0x0000000086500000| Untracked 
| 102|0x0000000086600000, 0x0000000086600000, 0x0000000086700000|  0%| F|  |TAMS 0x0000000086600000| PB 0x0000000086600000| Untracked 
| 103|0x0000000086700000, 0x0000000086700000, 0x0000000086800000|  0%| F|  |TAMS 0x0000000086700000| PB 0x0000000086700000| Untracked 
| 104|0x0000000086800000, 0x0000000086800000, 0x0000000086900000|  0%| F|  |TAMS 0x0000000086800000| PB 0x0000000086800000| Untracked 
| 105|0x0000000086900000, 0x0000000086900000, 0x0000000086a00000|  0%| F|  |TAMS 0x0000000086900000| PB 0x0000000086900000| Untracked 
| 106|0x0000000086a00000, 0x0000000086a00000, 0x0000000086b00000|  0%| F|  |TAMS 0x0000000086a00000| PB 0x0000000086a00000| Untracked 
| 107|0x0000000086b00000, 0x0000000086b00000, 0x0000000086c00000|  0%| F|  |TAMS 0x0000000086b00000| PB 0x0000000086b00000| Untracked 
| 108|0x0000000086c00000, 0x0000000086c00000, 0x0000000086d00000|  0%| F|  |TAMS 0x0000000086c00000| PB 0x0000000086c00000| Untracked 
| 109|0x0000000086d00000, 0x0000000086d00000, 0x0000000086e00000|  0%| F|  |TAMS 0x0000000086d00000| PB 0x0000000086d00000| Untracked 
| 110|0x0000000086e00000, 0x0000000086e00000, 0x0000000086f00000|  0%| F|  |TAMS 0x0000000086e00000| PB 0x0000000086e00000| Untracked 
| 111|0x0000000086f00000, 0x0000000086f00000, 0x0000000087000000|  0%| F|  |TAMS 0x0000000086f00000| PB 0x0000000086f00000| Untracked 
| 112|0x0000000087000000, 0x0000000087026ec8, 0x0000000087100000| 15%| E|  |TAMS 0x0000000087000000| PB 0x0000000087000000| Complete 
| 113|0x0000000087100000, 0x0000000087200000, 0x0000000087200000|100%| E|CS|TAMS 0x0000000087100000| PB 0x0000000087100000| Complete 
| 114|0x0000000087200000, 0x0000000087300000, 0x0000000087300000|100%| E|CS|TAMS 0x0000000087200000| PB 0x0000000087200000| Complete 
| 115|0x0000000087300000, 0x0000000087400000, 0x0000000087400000|100%| E|CS|TAMS 0x0000000087300000| PB 0x0000000087300000| Complete 
| 116|0x0000000087400000, 0x0000000087500000, 0x0000000087500000|100%| E|CS|TAMS 0x0000000087400000| PB 0x0000000087400000| Complete 
| 117|0x0000000087500000, 0x0000000087600000, 0x0000000087600000|100%| E|CS|TAMS 0x0000000087500000| PB 0x0000000087500000| Complete 
| 118|0x0000000087600000, 0x0000000087700000, 0x0000000087700000|100%| E|CS|TAMS 0x0000000087600000| PB 0x0000000087600000| Complete 
| 119|0x0000000087700000, 0x0000000087800000, 0x0000000087800000|100%| E|CS|TAMS 0x0000000087700000| PB 0x0000000087700000| Complete 
| 120|0x0000000087800000, 0x0000000087900000, 0x0000000087900000|100%| E|CS|TAMS 0x0000000087800000| PB 0x0000000087800000| Complete 
| 121|0x0000000087900000, 0x0000000087a00000, 0x0000000087a00000|100%| E|CS|TAMS 0x0000000087900000| PB 0x0000000087900000| Complete 
| 122|0x0000000087a00000, 0x0000000087b00000, 0x0000000087b00000|100%| E|CS|TAMS 0x0000000087a00000| PB 0x0000000087a00000| Complete 
| 123|0x0000000087b00000, 0x0000000087c00000, 0x0000000087c00000|100%| E|CS|TAMS 0x0000000087b00000| PB 0x0000000087b00000| Complete 
| 124|0x0000000087c00000, 0x0000000087d00000, 0x0000000087d00000|100%| E|CS|TAMS 0x0000000087c00000| PB 0x0000000087c00000| Complete 
| 125|0x0000000087d00000, 0x0000000087e00000, 0x0000000087e00000|100%| E|CS|TAMS 0x0000000087d00000| PB 0x0000000087d00000| Complete 
| 126|0x0000000087e00000, 0x0000000087f00000, 0x0000000087f00000|100%| E|CS|TAMS 0x0000000087e00000| PB 0x0000000087e00000| Complete 
| 127|0x0000000087f00000, 0x0000000088000000, 0x0000000088000000|100%| E|CS|TAMS 0x0000000087f00000| PB 0x0000000087f00000| Complete 

Card table byte_map: [0x00000243773b0000,0x00000243777b0000] _byte_map_base: 0x0000024376fb0000

Marking Bits: (CMBitMap*) 0x0000024372757cb0
 Bits: [0x00000243777b0000, 0x00000243797b0000)

Polling page: 0x0000024370510000

Metaspace:

Usage:
  Non-class:     10.67 MB used.
      Class:      1.31 MB used.
       Both:     11.98 MB used.

Virtual space:
  Non-class space:       64.00 MB reserved,      10.94 MB ( 17%) committed,  1 nodes.
      Class space:        1.00 GB reserved,       1.56 MB ( <1%) committed,  1 nodes.
             Both:        1.06 GB reserved,      12.50 MB (  1%) committed. 

Chunk freelists:
   Non-Class:  4.57 MB
       Class:  14.55 MB
        Both:  19.12 MB

MaxMetaspaceSize: unlimited
CompressedClassSpaceSize: 1.00 GB
Initial GC threshold: 21.00 MB
Current GC threshold: 21.00 MB
CDS: on
 - commit_granule_bytes: 65536.
 - commit_granule_words: 8192.
 - virtual_space_node_default_size: 8388608.
 - enlarge_chunks_in_place: 1.
 - use_allocation_guard: 0.


Internal statistics:

num_allocs_failed_limit: 0.
num_arena_births: 684.
num_arena_deaths: 252.
num_vsnodes_births: 2.
num_vsnodes_deaths: 0.
num_space_committed: 200.
num_space_uncommitted: 0.
num_chunks_returned_to_freelist: 321.
num_chunks_taken_from_freelist: 1230.
num_chunk_merges: 77.
num_chunk_splits: 702.
num_chunks_enlarged: 379.
num_inconsistent_stats: 0.

CodeHeap 'non-profiled nmethods': size=119168Kb used=2152Kb max_used=2152Kb free=117015Kb
 bounds [0x0000024307ba0000, 0x0000024307e10000, 0x000002430f000000]
CodeHeap 'profiled nmethods': size=119104Kb used=6217Kb max_used=6742Kb free=112886Kb
 bounds [0x0000024300000000, 0x00000243006b0000, 0x0000024307450000]
CodeHeap 'non-nmethods': size=7488Kb used=1463Kb max_used=3203Kb free=6024Kb
 bounds [0x0000024307450000, 0x0000024307780000, 0x0000024307ba0000]
 total_blobs=3696 nmethods=3146 adapters=454
 compilation: enabled
              stopped_count=0, restarted_count=0
 full_count=0

Compilation events (20 events):
Event: 13425.336 Thread 0x000002437c8e6ff0 3561       4       java.lang.ClassLoader::getResource (41 bytes)
Event: 13425.475 Thread 0x000002437c8e6ff0 nmethod 3561 0x0000024307d99a10 code [0x0000024307d9a020, 0x0000024307d9db20]
Event: 13543.434 Thread 0x000002437c8e6ff0 3562   !   4       sun.rmi.transport.StreamRemoteCall::releaseOutputStream (60 bytes)
Event: 13543.500 Thread 0x000002437c8e6ff0 nmethod 3562 0x0000024307da0110 code [0x0000024307da0520, 0x0000024307da2b78]
Event: 13547.240 Thread 0x000002437c8e6ff0 3563       4       java.io.ObjectOutputStream::flush (8 bytes)
Event: 13547.262 Thread 0x000002437c8e6ff0 nmethod 3563 0x0000024307da4490 code [0x0000024307da4700, 0x0000024307da50b0]
Event: 13547.262 Thread 0x000002437c8e6ff0 3564       4       sun.rmi.transport.ConnectionOutputStream::done (15 bytes)
Event: 13547.330 Thread 0x000002437c8e6ff0 nmethod 3564 0x0000024307da5990 code [0x0000024307da5c80, 0x0000024307da75d8]
Event: 13651.531 Thread 0x000002437c8e6ff0 3565       4       java.util.ArrayList::toArray (57 bytes)
Event: 13651.536 Thread 0x000002437c8e6ff0 nmethod 3565 0x0000024307da8690 code [0x0000024307da8840, 0x0000024307da8d40]
Event: 13801.219 Thread 0x000002437c8e83c0 3566       3       java.net.DelegatingSocketImpl::setOption (10 bytes)
Event: 13801.220 Thread 0x000002437c8e83c0 nmethod 3566 0x000002430038d790 code [0x000002430038d940, 0x000002430038db18]
Event: 13801.220 Thread 0x000002437c8e83c0 3567       3       java.lang.invoke.VarHandleReferences$FieldInstanceReadWrite::compareAndSet (48 bytes)
Event: 13801.236 Thread 0x000002437c8e83c0 nmethod 3567 0x0000024300146d10 code [0x0000024300146f80, 0x0000024300147958]
Event: 13849.745 Thread 0x000002437c8e6ff0 3568       4       java.io.ObjectOutputStream::writeShort (9 bytes)
Event: 13849.747 Thread 0x000002437c8e6ff0 nmethod 3568 0x0000024307da8f10 code [0x0000024307da90a0, 0x0000024307da9208]
Event: 14156.077 Thread 0x000002437c8e6ff0 3569       4       java.io.ObjectInputStream::readString (117 bytes)
Event: 14156.125 Thread 0x000002437c8e6ff0 nmethod 3569 0x0000024307da9410 code [0x0000024307da9740, 0x0000024307daab60]
Event: 14163.074 Thread 0x000002437c8e6ff0 3570       4       java.io.ObjectInputStream::readClassDesc (121 bytes)
Event: 14163.423 Thread 0x000002437c8e6ff0 nmethod 3570 0x0000024307dabc90 code [0x0000024307dac7e0, 0x0000024307db4af0]

GC Heap History (11 events):
Event: 1.037 GC heap before
{Heap before GC invocations=0 (full 0):
 garbage-first heap   total 131072K, used 27648K [0x0000000080000000, 0x0000000100000000)
  region size 1024K, 23 young (23552K), 0 survivors (0K)
 Metaspace       used 5189K, committed 5568K, reserved 1114112K
  class space    used 692K, committed 896K, reserved 1048576K
}
Event: 1.046 GC heap after
{Heap after GC invocations=1 (full 0):
 garbage-first heap   total 131072K, used 9059K [0x0000000080000000, 0x0000000100000000)
  region size 1024K, 3 young (3072K), 3 survivors (3072K)
 Metaspace       used 5189K, committed 5568K, reserved 1114112K
  class space    used 692K, committed 896K, reserved 1048576K
}
Event: 49.553 GC heap before
{Heap before GC invocations=1 (full 0):
 garbage-first heap   total 131072K, used 36707K [0x0000000080000000, 0x0000000100000000)
  region size 1024K, 31 young (31744K), 3 survivors (3072K)
 Metaspace       used 11776K, committed 12160K, reserved 1114112K
  class space    used 1358K, committed 1536K, reserved 1048576K
}
Event: 49.563 GC heap after
{Heap after GC invocations=2 (full 0):
 garbage-first heap   total 131072K, used 14000K [0x0000000080000000, 0x0000000100000000)
  region size 1024K, 4 young (4096K), 4 survivors (4096K)
 Metaspace       used 11776K, committed 12160K, reserved 1114112K
  class space    used 1358K, committed 1536K, reserved 1048576K
}
Event: 3600.045 GC heap before
{Heap before GC invocations=2 (full 0):
 garbage-first heap   total 131072K, used 29360K [0x0000000080000000, 0x0000000100000000)
  region size 1024K, 20 young (20480K), 4 survivors (4096K)
 Metaspace       used 12221K, committed 12672K, reserved 1114112K
  class space    used 1372K, committed 1600K, reserved 1048576K
}
Event: 3600.336 GC heap after
{Heap after GC invocations=3 (full 1):
 garbage-first heap   total 131072K, used 13256K [0x0000000080000000, 0x0000000100000000)
  region size 1024K, 0 young (0K), 0 survivors (0K)
 Metaspace       used 12166K, committed 12672K, reserved 1114112K
  class space    used 1359K, committed 1600K, reserved 1048576K
}
Event: 7200.357 GC heap before
{Heap before GC invocations=3 (full 1):
 garbage-first heap   total 131072K, used 25544K [0x0000000080000000, 0x0000000100000000)
  region size 1024K, 13 young (13312K), 0 survivors (0K)
 Metaspace       used 12190K, committed 12672K, reserved 1114112K
  class space    used 1359K, committed 1600K, reserved 1048576K
}
Event: 7200.616 GC heap after
{Heap after GC invocations=4 (full 2):
 garbage-first heap   total 131072K, used 12525K [0x0000000080000000, 0x0000000100000000)
  region size 1024K, 0 young (0K), 0 survivors (0K)
 Metaspace       used 11967K, committed 12672K, reserved 1114112K
  class space    used 1303K, committed 1600K, reserved 1048576K
}
Event: 10800.629 GC heap before
{Heap before GC invocations=4 (full 2):
 garbage-first heap   total 131072K, used 29933K [0x0000000080000000, 0x0000000100000000)
  region size 1024K, 18 young (18432K), 0 survivors (0K)
 Metaspace       used 12223K, committed 12800K, reserved 1114112K
  class space    used 1337K, committed 1600K, reserved 1048576K
}
Event: 10800.708 GC heap after
{Heap after GC invocations=5 (full 3):
 garbage-first heap   total 131072K, used 13118K [0x0000000080000000, 0x0000000100000000)
  region size 1024K, 0 young (0K), 0 survivors (0K)
 Metaspace       used 12223K, committed 12800K, reserved 1114112K
  class space    used 1337K, committed 1600K, reserved 1048576K
}
Event: 14400.722 GC heap before
{Heap before GC invocations=5 (full 3):
 garbage-first heap   total 131072K, used 28478K [0x0000000080000000, 0x0000000100000000)
  region size 1024K, 16 young (16384K), 0 survivors (0K)
 Metaspace       used 12264K, committed 12800K, reserved 1114112K
  class space    used 1337K, committed 1600K, reserved 1048576K
}

Dll operation events (2 events):
Event: 0.021 Loaded shared library C:\Program Files\JetBrains\WebStorm 2025.2\jbr\bin\java.dll
Event: 0.160 Loaded shared library C:\Program Files\JetBrains\WebStorm 2025.2\jbr\bin\zip.dll

Deoptimization events (20 events):
Event: 11815.597 Thread 0x000002437d22a240 Uncommon trap: trap_request=0xffffffc6 fr.pc=0x0000024307c86ff0 relative=0x0000000000000a70
Event: 11815.597 Thread 0x000002437d22a240 Uncommon trap: reason=bimorphic_or_optimized_type_check action=maybe_recompile pc=0x0000024307c86ff0 method=java.util.regex.Matcher.search(I)Z @ 121 c2
Event: 11815.598 Thread 0x000002437d22a240 DEOPT PACKING pc=0x0000024307c86ff0 sp=0x00000069373fe040
Event: 11815.598 Thread 0x000002437d22a240 DEOPT UNPACKING pc=0x00000243074a46a2 sp=0x00000069373fe010 mode 2
Event: 13110.948 Thread 0x000002437d07c4b0 Uncommon trap: trap_request=0xffffffd6 fr.pc=0x0000024307d8efd4 relative=0x0000000000001734
Event: 13110.948 Thread 0x000002437d07c4b0 Uncommon trap: reason=array_check action=maybe_recompile pc=0x0000024307d8efd4 method=java.util.concurrent.ScheduledThreadPoolExecutor$DelayedWorkQueue.siftUp(ILjava/util/concurrent/RunnableScheduledFuture;)V @ 57 c2
Event: 13110.948 Thread 0x000002437d07c4b0 DEOPT PACKING pc=0x0000024307d8efd4 sp=0x00000069371feae0
Event: 13110.948 Thread 0x000002437d07c4b0 DEOPT UNPACKING pc=0x00000243074a46a2 sp=0x00000069371fe738 mode 2
Event: 13119.963 Thread 0x000002437d07c4b0 Uncommon trap: trap_request=0xffffffd6 fr.pc=0x0000024307d8efd4 relative=0x0000000000001734
Event: 13119.963 Thread 0x000002437d07c4b0 Uncommon trap: reason=array_check action=maybe_recompile pc=0x0000024307d8efd4 method=java.util.concurrent.ScheduledThreadPoolExecutor$DelayedWorkQueue.siftUp(ILjava/util/concurrent/RunnableScheduledFuture;)V @ 57 c2
Event: 13119.963 Thread 0x000002437d07c4b0 DEOPT PACKING pc=0x0000024307d8efd4 sp=0x00000069371feae0
Event: 13119.964 Thread 0x000002437d07c4b0 DEOPT UNPACKING pc=0x00000243074a46a2 sp=0x00000069371fe738 mode 2
Event: 13128.977 Thread 0x000002437d07c4b0 Uncommon trap: trap_request=0xffffffd6 fr.pc=0x0000024307d8efd4 relative=0x0000000000001734
Event: 13128.977 Thread 0x000002437d07c4b0 Uncommon trap: reason=array_check action=maybe_recompile pc=0x0000024307d8efd4 method=java.util.concurrent.ScheduledThreadPoolExecutor$DelayedWorkQueue.siftUp(ILjava/util/concurrent/RunnableScheduledFuture;)V @ 57 c2
Event: 13128.977 Thread 0x000002437d07c4b0 DEOPT PACKING pc=0x0000024307d8efd4 sp=0x00000069371feae0
Event: 13128.991 Thread 0x000002437d07c4b0 DEOPT UNPACKING pc=0x00000243074a46a2 sp=0x00000069371fe738 mode 2
Event: 13138.005 Thread 0x000002437d07c4b0 Uncommon trap: trap_request=0xffffffd6 fr.pc=0x0000024307d8efd4 relative=0x0000000000001734
Event: 13138.005 Thread 0x000002437d07c4b0 Uncommon trap: reason=array_check action=maybe_recompile pc=0x0000024307d8efd4 method=java.util.concurrent.ScheduledThreadPoolExecutor$DelayedWorkQueue.siftUp(ILjava/util/concurrent/RunnableScheduledFuture;)V @ 57 c2
Event: 13138.005 Thread 0x000002437d07c4b0 DEOPT PACKING pc=0x0000024307d8efd4 sp=0x00000069371feae0
Event: 13138.005 Thread 0x000002437d07c4b0 DEOPT UNPACKING pc=0x00000243074a46a2 sp=0x00000069371fe738 mode 2

Classes loaded (20 events):
Event: 1.999 Loading class jdk/internal/event/ThreadSleepEvent
Event: 1.999 Loading class jdk/internal/event/ThreadSleepEvent done
Event: 2.004 Loading class sun/text/resources/cldr/FormatData_en_US
Event: 2.004 Loading class sun/text/resources/cldr/FormatData_en_US done
Event: 2.261 Loading class java/lang/invoke/BoundMethodHandle$Species_LI
Event: 2.261 Loading class java/lang/invoke/BoundMethodHandle$Species_LI done
Event: 2.902 Loading class java/math/BigDecimal$StringBuilderHelper
Event: 2.902 Loading class java/math/BigDecimal$StringBuilderHelper done
Event: 2.915 Loading class java/math/BigDecimal$UnsafeHolder
Event: 2.915 Loading class java/math/BigDecimal$UnsafeHolder done
Event: 2.916 Loading class java/io/ObjectOutputStream$PutFieldImpl
Event: 2.917 Loading class java/io/ObjectOutputStream$PutField
Event: 2.917 Loading class java/io/ObjectOutputStream$PutField done
Event: 2.917 Loading class java/io/ObjectOutputStream$PutFieldImpl done
Event: 108.074 Loading class javax/crypto/NoSuchPaddingException
Event: 108.075 Loading class javax/crypto/NoSuchPaddingException done
Event: 108.075 Loading class javax/crypto/IllegalBlockSizeException
Event: 108.076 Loading class javax/crypto/IllegalBlockSizeException done
Event: 108.076 Loading class javax/crypto/BadPaddingException
Event: 108.076 Loading class javax/crypto/BadPaddingException done

Classes unloaded (20 events):
Event: 7200.431 Thread 0x000002437bba7200 Unloading class 0x000002431108ac00 'java/lang/invoke/LambdaForm$MH+0x000002431108ac00'
Event: 7200.431 Thread 0x000002437bba7200 Unloading class 0x000002431108a400 'java/lang/invoke/LambdaForm$MH+0x000002431108a400'
Event: 7200.431 Thread 0x000002437bba7200 Unloading class 0x0000024311089c00 'java/lang/invoke/LambdaForm$MH+0x0000024311089c00'
Event: 7200.431 Thread 0x000002437bba7200 Unloading class 0x0000024311089400 'java/lang/invoke/LambdaForm$MH+0x0000024311089400'
Event: 7200.431 Thread 0x000002437bba7200 Unloading class 0x0000024311088c00 'java/lang/invoke/LambdaForm$MH+0x0000024311088c00'
Event: 7200.431 Thread 0x000002437bba7200 Unloading class 0x0000024311088400 'java/lang/invoke/LambdaForm$MH+0x0000024311088400'
Event: 7200.431 Thread 0x000002437bba7200 Unloading class 0x0000024311087c00 'java/lang/invoke/LambdaForm$MH+0x0000024311087c00'
Event: 7200.432 Thread 0x000002437bba7200 Unloading class 0x0000024311087000 'java/lang/invoke/LambdaForm$MH+0x0000024311087000'
Event: 7200.432 Thread 0x000002437bba7200 Unloading class 0x0000024311086c00 'java/lang/invoke/LambdaForm$MH+0x0000024311086c00'
Event: 7200.432 Thread 0x000002437bba7200 Unloading class 0x0000024311086400 'java/lang/invoke/LambdaForm$MH+0x0000024311086400'
Event: 7200.432 Thread 0x000002437bba7200 Unloading class 0x0000024311085400 'java/lang/invoke/LambdaForm$DMH+0x0000024311085400'
Event: 7200.432 Thread 0x000002437bba7200 Unloading class 0x0000024311084400 'java/lang/invoke/LambdaForm$MH+0x0000024311084400'
Event: 7200.432 Thread 0x000002437bba7200 Unloading class 0x0000024311084000 'java/lang/invoke/LambdaForm$MH+0x0000024311084000'
Event: 7200.432 Thread 0x000002437bba7200 Unloading class 0x0000024311080c00 'java/lang/invoke/LambdaForm$MH+0x0000024311080c00'
Event: 7200.432 Thread 0x000002437bba7200 Unloading class 0x000002431103f400 'java/lang/invoke/LambdaForm$MH+0x000002431103f400'
Event: 7200.432 Thread 0x000002437bba7200 Unloading class 0x000002431103f000 'java/lang/invoke/LambdaForm$MH+0x000002431103f000'
Event: 7200.432 Thread 0x000002437bba7200 Unloading class 0x000002431103dc00 'java/lang/invoke/LambdaForm$MH+0x000002431103dc00'
Event: 7200.432 Thread 0x000002437bba7200 Unloading class 0x000002431103d800 'java/lang/invoke/LambdaForm$MH+0x000002431103d800'
Event: 7200.432 Thread 0x000002437bba7200 Unloading class 0x000002431103c400 'java/lang/invoke/LambdaForm$MH+0x000002431103c400'
Event: 7200.433 Thread 0x000002437bba7200 Unloading class 0x0000024311004400 'java/lang/invoke/LambdaForm$MH+0x0000024311004400'

Classes redefined (0 events):
No events

Internal exceptions (20 events):
Event: 2.138 Thread 0x000002437d22a240 Exception <a 'java/lang/NoSuchMethodError'{0x0000000086cd5af0}: 'void java.lang.invoke.DirectMethodHandle$Holder.invokeSpecial(java.lang.Object, java.lang.Object, java.lang.Object, java.lang.Object, java.lang.Object)'> (0x0000000086cd5af0) 
thrown [s\src\hotspot\share\interpreter\linkResolver.cpp, line 784]
Event: 2.140 Thread 0x000002437d22a240 Exception <a 'java/lang/NoSuchMethodError'{0x0000000086ce3e00}: 'java.lang.Object java.lang.invoke.Invokers$Holder.invokeExact_MT(java.lang.Object, java.lang.Object, java.lang.Object, java.lang.Object, java.lang.Object)'> (0x0000000086ce3e00) 
thrown [s\src\hotspot\share\interpreter\linkResolver.cpp, line 784]
Event: 2.260 Thread 0x000002437d22a240 Exception <a 'java/lang/NoSuchMethodError'{0x0000000086a9c6d0}: 'int java.lang.invoke.DirectMethodHandle$Holder.invokeInterface(java.lang.Object, java.lang.Object, int)'> (0x0000000086a9c6d0) 
thrown [s\src\hotspot\share\interpreter\linkResolver.cpp, line 784]
Event: 2.260 Thread 0x000002437d22a240 Exception <a 'java/lang/NoSuchMethodError'{0x0000000086aa0780}: 'int java.lang.invoke.DirectMethodHandle$Holder.invokeSpecial(java.lang.Object, java.lang.Object, java.lang.Object, int)'> (0x0000000086aa0780) 
thrown [s\src\hotspot\share\interpreter\linkResolver.cpp, line 784]
Event: 2.262 Thread 0x000002437d22a240 Exception <a 'java/lang/NoSuchMethodError'{0x0000000086ab22b0}: 'java.lang.Object java.lang.invoke.DirectMethodHandle$Holder.invokeStatic(java.lang.Object, java.lang.Object, java.lang.Object, java.lang.Object, int)'> (0x0000000086ab22b0) 
thrown [s\src\hotspot\share\interpreter\linkResolver.cpp, line 784]
Event: 2.318 Thread 0x000002437d22a240 Exception <a 'java/lang/NoSuchMethodError'{0x0000000086ae9b78}: 'void java.lang.invoke.DirectMethodHandle$Holder.invokeInterface(java.lang.Object, java.lang.Object, int)'> (0x0000000086ae9b78) 
thrown [s\src\hotspot\share\interpreter\linkResolver.cpp, line 784]
Event: 2.319 Thread 0x000002437d22a240 Exception <a 'java/lang/NoSuchMethodError'{0x0000000086aeda00}: 'void java.lang.invoke.DelegatingMethodHandle$Holder.reinvoke_L(java.lang.Object, java.lang.Object, int)'> (0x0000000086aeda00) 
thrown [s\src\hotspot\share\interpreter\linkResolver.cpp, line 784]
Event: 2.320 Thread 0x000002437d22a240 Exception <a 'java/lang/NoSuchMethodError'{0x0000000086afb270}: 'void java.lang.invoke.DirectMethodHandle$Holder.invokeSpecial(java.lang.Object, java.lang.Object, int)'> (0x0000000086afb270) 
thrown [s\src\hotspot\share\interpreter\linkResolver.cpp, line 784]
Event: 2.662 Thread 0x000002437d22a240 Exception <a 'java/lang/NoSuchMethodError'{0x0000000086426688}: 'java.lang.Object java.lang.invoke.DirectMethodHandle$Holder.invokeInterface(java.lang.Object, java.lang.Object, int)'> (0x0000000086426688) 
thrown [s\src\hotspot\share\interpreter\linkResolver.cpp, line 784]
Event: 2.890 Thread 0x000002437d22a240 Exception <a 'java/lang/NoSuchMethodError'{0x0000000086350490}: 'int java.lang.invoke.DirectMethodHandle$Holder.invokeInterface(java.lang.Object, java.lang.Object, int, int)'> (0x0000000086350490) 
thrown [s\src\hotspot\share\interpreter\linkResolver.cpp, line 784]
Event: 2.895 Thread 0x000002437d22a240 Exception <a 'java/lang/NoSuchMethodError'{0x000000008636d5a0}: static Lcom/intellij/database/remote/jdbc/RemoteResultSet$DataRetrievingOptions;.<clinit>()V> (0x000000008636d5a0) 
thrown [s\src\hotspot\share\prims\jni.cpp, line 1144]
Event: 2.900 Thread 0x000002437d22a240 Exception <a 'java/lang/NoSuchMethodError'{0x0000000086389f70}: 'java.lang.Object java.lang.invoke.DirectMethodHandle$Holder.newInvokeSpecial(java.lang.Object, java.lang.Object, int, java.lang.Object)'> (0x0000000086389f70) 
thrown [s\src\hotspot\share\interpreter\linkResolver.cpp, line 784]
Event: 2.900 Thread 0x000002437d22a240 Exception <a 'java/lang/NoSuchMethodError'{0x000000008638e070}: 'java.lang.Object java.lang.invoke.DirectMethodHandle$Holder.invokeSpecial(java.lang.Object, java.lang.Object, java.lang.Object, int, java.lang.Object)'> (0x000000008638e070) 
thrown [s\src\hotspot\share\interpreter\linkResolver.cpp, line 784]
Event: 2.900 Thread 0x000002437d22a240 Exception <a 'java/lang/NoSuchMethodError'{0x00000000863917d8}: 'java.lang.Object java.lang.invoke.Invokers$Holder.linkToTargetMethod(java.lang.Object, int, java.lang.Object, java.lang.Object)'> (0x00000000863917d8) 
thrown [s\src\hotspot\share\interpreter\linkResolver.cpp, line 784]
Event: 2.911 Thread 0x000002437d22a240 Exception <a 'java/lang/NoSuchMethodError'{0x00000000863c2f68}: static [Ljava/lang/Object;.<clinit>()V> (0x00000000863c2f68) 
thrown [s\src\hotspot\share\prims\jni.cpp, line 1144]
Event: 10067.174 Thread 0x000002437d07c4b0 Implicit null exception at 0x0000024307baad91 to 0x0000024307baae78
Event: 10067.322 Thread 0x000002437d22a240 Implicit null exception at 0x0000024307bca816 to 0x0000024307bca9b0
Event: 10068.053 Thread 0x000002437d22a240 Exception <a 'java/lang/NoSuchMethodError'{0x00000000874b7f20}: 'void java.lang.invoke.DelegatingMethodHandle$Holder.reinvoke_L(java.lang.Object, java.lang.Object, int)'> (0x00000000874b7f20) 
thrown [s\src\hotspot\share\interpreter\linkResolver.cpp, line 784]
Event: 10068.607 Thread 0x000002437d22a240 Exception <a 'java/lang/NoSuchMethodError'{0x000000008714d558}: static Lcom/intellij/database/remote/jdbc/RemoteResultSet$DataRetrievingOptions;.<clinit>()V> (0x000000008714d558) 
thrown [s\src\hotspot\share\prims\jni.cpp, line 1144]
Event: 10068.619 Thread 0x000002437d22a240 Exception <a 'java/lang/NoSuchMethodError'{0x0000000087176560}: static [Ljava/lang/Object;.<clinit>()V> (0x0000000087176560) 
thrown [s\src\hotspot\share\prims\jni.cpp, line 1144]

ZGC Phase Switch (0 events):
No events

VM Operations (20 events):
Event: 11816.806 Executing VM operation: Cleanup done
Event: 11817.807 Executing VM operation: Cleanup
Event: 11817.807 Executing VM operation: Cleanup done
Event: 11846.455 Executing VM operation: HandshakeAllThreads (HandshakeForDeflation)
Event: 11846.455 Executing VM operation: HandshakeAllThreads (HandshakeForDeflation) done
Event: 11846.455 Executing VM operation: RendezvousGCThreads
Event: 11846.455 Executing VM operation: RendezvousGCThreads done
Event: 12001.722 Executing VM operation: Cleanup
Event: 12001.722 Executing VM operation: Cleanup done
Event: 12769.569 Executing VM operation: Cleanup
Event: 12769.569 Executing VM operation: Cleanup done
Event: 13169.122 Executing VM operation: HandshakeAllThreads (HandshakeForDeflation)
Event: 13169.122 Executing VM operation: HandshakeAllThreads (HandshakeForDeflation) done
Event: 13169.123 Executing VM operation: RendezvousGCThreads
Event: 13169.123 Executing VM operation: RendezvousGCThreads done
Event: 13859.533 Executing VM operation: Cleanup
Event: 13859.534 Executing VM operation: Cleanup done
Event: 14101.312 Executing VM operation: Cleanup
Event: 14101.312 Executing VM operation: Cleanup done
Event: 14400.722 Executing VM operation: G1CollectFull (System.gc())

Memory protections (0 events):
No events

Nmethod flushes (20 events):
Event: 10800.691 Thread 0x000002437bba7200 flushing  nmethod 0x00000243004a5810
Event: 10800.691 Thread 0x000002437bba7200 flushing  nmethod 0x00000243004b0f90
Event: 10800.691 Thread 0x000002437bba7200 flushing  nmethod 0x00000243004b1f10
Event: 10800.691 Thread 0x000002437bba7200 flushing  nmethod 0x000002430053e990
Event: 10800.691 Thread 0x000002437bba7200 flushing  nmethod 0x000002430054eb10
Event: 10800.691 Thread 0x000002437bba7200 flushing  nmethod 0x00000243005c8090
Event: 10800.692 Thread 0x000002437bba7200 flushing  nmethod 0x00000243005f7910
Event: 10800.692 Thread 0x000002437bba7200 flushing  nmethod 0x00000243005fe810
Event: 10800.692 Thread 0x000002437bba7200 flushing  nmethod 0x0000024300625d90
Event: 10800.692 Thread 0x000002437bba7200 flushing  nmethod 0x0000024300678110
Event: 10800.692 Thread 0x000002437bba7200 flushing  nmethod 0x0000024300093e10
Event: 10800.692 Thread 0x000002437bba7200 flushing  nmethod 0x000002430040d010
Event: 10800.692 Thread 0x000002437bba7200 flushing  nmethod 0x0000024300487d90
Event: 10800.692 Thread 0x000002437bba7200 flushing  nmethod 0x00000243004bdd10
Event: 10800.692 Thread 0x000002437bba7200 flushing  nmethod 0x00000243004c3d90
Event: 10800.692 Thread 0x000002437bba7200 flushing  nmethod 0x00000243004c5510
Event: 10800.692 Thread 0x000002437bba7200 flushing  nmethod 0x00000243004c6e90
Event: 10800.692 Thread 0x000002437bba7200 flushing  nmethod 0x0000024300503d10
Event: 10800.692 Thread 0x000002437bba7200 flushing  nmethod 0x0000024300504810
Event: 10800.692 Thread 0x000002437bba7200 flushing  nmethod 0x0000024300506690

Events (20 events):
Event: 11838.607 Thread 0x000002437d22a240 Thread added: 0x000002437ca85ea0
Event: 11838.607 Thread 0x000002437d22a240 Thread added: 0x000002437ca87250
Event: 11838.607 Thread 0x000002437d22a240 Thread added: 0x000002437ca89320
Event: 11838.608 Thread 0x000002437d22a240 Thread added: 0x000002437ca8b3f0
Event: 11838.608 Thread 0x000002437d22a240 Thread added: 0x000002437ca899b0
Event: 11838.608 Thread 0x000002437d22a240 Thread added: 0x000002437ca8a6d0
Event: 11838.608 Thread 0x000002437ca87250 Thread exited: 0x000002437ca87250
Event: 11838.608 Thread 0x000002437d22a240 Thread added: 0x000002437ca88600
Event: 11838.608 Thread 0x000002437ca89320 Thread exited: 0x000002437ca89320
Event: 11838.608 Thread 0x000002437ca86bc0 Thread exited: 0x000002437ca86bc0
Event: 11838.609 Thread 0x000002437ca85ea0 Thread exited: 0x000002437ca85ea0
Event: 11838.609 Thread 0x000002437ca8b3f0 Thread exited: 0x000002437ca8b3f0
Event: 11838.610 Thread 0x000002437ca899b0 Thread exited: 0x000002437ca899b0
Event: 11838.610 Thread 0x000002437ca88600 Thread exited: 0x000002437ca88600
Event: 11838.610 Thread 0x000002437ca8a6d0 Thread exited: 0x000002437ca8a6d0
Event: 11901.993 Thread 0x000002437d225eb0 Thread exited: 0x000002437d225eb0
Event: 12426.011 Thread 0x000002437ca86530 Thread exited: 0x000002437ca86530
Event: 12426.088 Thread 0x000002437ca878e0 Thread exited: 0x000002437ca878e0
Event: 13696.559 Thread 0x000002437cefebc0 Thread added: 0x000002437d225eb0
Event: 13778.189 Thread 0x000002437d22a240 Thread exited: 0x000002437d22a240


Dynamic libraries:
0x00007ff6b2fa0000 - 0x00007ff6b2faa000 	C:\Program Files\JetBrains\WebStorm 2025.2\jbr\bin\java.exe
0x00007ffabe940000 - 0x00007ffabeba3000 	C:\WINDOWS\SYSTEM32\ntdll.dll
0x00007ffabca10000 - 0x00007ffabcad8000 	C:\WINDOWS\System32\KERNEL32.DLL
0x00007ffabbcf0000 - 0x00007ffabc0a4000 	C:\WINDOWS\System32\KERNELBASE.dll
0x00007ffab8b80000 - 0x00007ffab8c1c000 	C:\WINDOWS\SYSTEM32\apphelp.dll
0x00007ffabc1a0000 - 0x00007ffabc2eb000 	C:\WINDOWS\System32\ucrtbase.dll
0x00007ffaa80b0000 - 0x00007ffaa80cb000 	C:\Program Files\JetBrains\WebStorm 2025.2\jbr\bin\VCRUNTIME140.dll
0x00007ffab5f50000 - 0x00007ffab5f68000 	C:\Program Files\JetBrains\WebStorm 2025.2\jbr\bin\jli.dll
0x00007ffabcb40000 - 0x00007ffabcd09000 	C:\WINDOWS\System32\USER32.dll
0x00007ffabc170000 - 0x00007ffabc197000 	C:\WINDOWS\System32\win32u.dll
0x00007ffaa4820000 - 0x00007ffaa4ab0000 	C:\WINDOWS\WinSxS\amd64_microsoft.windows.common-controls_6595b64144ccf1df_6.0.26100.2702_none_3e069454e335fc5e\COMCTL32.dll
0x00007ffabdae0000 - 0x00007ffabdb0a000 	C:\WINDOWS\System32\GDI32.dll
0x00007ffabd5d0000 - 0x00007ffabd679000 	C:\WINDOWS\System32\msvcrt.dll
0x00007ffabc2f0000 - 0x00007ffabc41b000 	C:\WINDOWS\System32\gdi32full.dll
0x00007ffabc420000 - 0x00007ffabc4c3000 	C:\WINDOWS\System32\msvcp_win.dll
0x00007ffabcff0000 - 0x00007ffabd01f000 	C:\WINDOWS\System32\IMM32.DLL
0x00007ffab47c0000 - 0x00007ffab47cc000 	C:\Program Files\JetBrains\WebStorm 2025.2\jbr\bin\vcruntime140_1.dll
0x00007ffa9e440000 - 0x00007ffa9e4cd000 	C:\Program Files\JetBrains\WebStorm 2025.2\jbr\bin\msvcp140.dll
0x00007ff9c7480000 - 0x00007ff9c8244000 	C:\Program Files\JetBrains\WebStorm 2025.2\jbr\bin\server\jvm.dll
0x00007ffabc780000 - 0x00007ffabc833000 	C:\WINDOWS\System32\ADVAPI32.dll
0x00007ffabe740000 - 0x00007ffabe7e6000 	C:\WINDOWS\System32\sechost.dll
0x00007ffabd3c0000 - 0x00007ffabd4d6000 	C:\WINDOWS\System32\RPCRT4.dll
0x00007ffabe880000 - 0x00007ffabe8f4000 	C:\WINDOWS\System32\WS2_32.dll
0x00007ffabbb80000 - 0x00007ffabbbce000 	C:\WINDOWS\SYSTEM32\POWRPROF.dll
0x00007ffab62d0000 - 0x00007ffab6306000 	C:\WINDOWS\SYSTEM32\WINMM.dll
0x00007ffab4480000 - 0x00007ffab448b000 	C:\WINDOWS\SYSTEM32\VERSION.dll
0x00007ffabbb60000 - 0x00007ffabbb74000 	C:\WINDOWS\SYSTEM32\UMPDC.dll
0x00007ffabada0000 - 0x00007ffabadba000 	C:\WINDOWS\SYSTEM32\kernel.appcore.dll
0x00007ffab0ad0000 - 0x00007ffab0ada000 	C:\Program Files\JetBrains\WebStorm 2025.2\jbr\bin\jimage.dll
0x00007ffab5cf0000 - 0x00007ffab5f31000 	C:\WINDOWS\SYSTEM32\DBGHELP.DLL
0x00007ffabd030000 - 0x00007ffabd3ae000 	C:\WINDOWS\System32\combase.dll
0x00007ffabd9f0000 - 0x00007ffabdac6000 	C:\WINDOWS\System32\OLEAUT32.dll
0x00007ffab6290000 - 0x00007ffab62c9000 	C:\WINDOWS\SYSTEM32\dbgcore.DLL
0x00007ffabc650000 - 0x00007ffabc6e9000 	C:\WINDOWS\System32\bcryptPrimitives.dll
0x00007ffaa4e10000 - 0x00007ffaa4e30000 	C:\Program Files\JetBrains\WebStorm 2025.2\jbr\bin\java.dll
0x00007ffabdb50000 - 0x00007ffabe254000 	C:\WINDOWS\System32\SHELL32.dll
0x00007ffab9960000 - 0x00007ffaba197000 	C:\WINDOWS\SYSTEM32\windows.storage.dll
0x00007ffabd4e0000 - 0x00007ffabd5c9000 	C:\WINDOWS\System32\SHCORE.dll
0x00007ffabd8d0000 - 0x00007ffabd92d000 	C:\WINDOWS\System32\shlwapi.dll
0x00007ffabbc00000 - 0x00007ffabbc2e000 	C:\WINDOWS\SYSTEM32\profapi.dll
0x00007ffaab9a0000 - 0x00007ffaab9b0000 	C:\Program Files\JetBrains\WebStorm 2025.2\jbr\bin\net.dll
0x00007ffab41e0000 - 0x00007ffab4306000 	C:\WINDOWS\SYSTEM32\WINHTTP.dll
0x00007ffabafd0000 - 0x00007ffabb038000 	C:\WINDOWS\system32\mswsock.dll
0x00007ffaa3ff0000 - 0x00007ffaa4006000 	C:\Program Files\JetBrains\WebStorm 2025.2\jbr\bin\nio.dll
0x00007ffaa4df0000 - 0x00007ffaa4e08000 	C:\Program Files\JetBrains\WebStorm 2025.2\jbr\bin\zip.dll
0x00007ffaba500000 - 0x00007ffaba532000 	C:\WINDOWS\SYSTEM32\IPHLPAPI.DLL
0x00007ffabd8c0000 - 0x00007ffabd8ca000 	C:\WINDOWS\System32\NSI.dll
0x00007ffabb380000 - 0x00007ffabb39c000 	C:\WINDOWS\SYSTEM32\CRYPTSP.dll
0x00007ffabaa20000 - 0x00007ffabaa58000 	C:\WINDOWS\system32\rsaenh.dll
0x00007ffabb070000 - 0x00007ffabb09b000 	C:\WINDOWS\SYSTEM32\USERENV.dll
0x00007ffabb510000 - 0x00007ffabb536000 	C:\WINDOWS\SYSTEM32\bcrypt.dll
0x00007ffabb200000 - 0x00007ffabb20c000 	C:\WINDOWS\SYSTEM32\CRYPTBASE.dll
0x00007ffaa3780000 - 0x00007ffaa3789000 	C:\Program Files\JetBrains\WebStorm 2025.2\jbr\bin\extnet.dll
0x00007ffab5f40000 - 0x00007ffab5f47000 	C:\Program Files\JetBrains\WebStorm 2025.2\jbr\bin\rmi.dll
0x00007ffaba5a0000 - 0x00007ffaba6c5000 	C:\WINDOWS\SYSTEM32\DNSAPI.dll
0x00007ffab45a0000 - 0x00007ffab45ab000 	C:\Windows\System32\rasadhlp.dll
0x00007ffab5830000 - 0x00007ffab58b5000 	C:\WINDOWS\System32\fwpuclnt.dll

dbghelp: loaded successfully - version: 4.0.5 - missing functions: none
symbol engine: initialized successfully - sym options: 0x614 - pdb path: .;C:\Program Files\JetBrains\WebStorm 2025.2\jbr\bin;C:\WINDOWS\SYSTEM32;C:\WINDOWS\WinSxS\amd64_microsoft.windows.common-controls_6595b64144ccf1df_6.0.26100.2702_none_3e069454e335fc5e;C:\Program Files\JetBrains\WebStorm 2025.2\jbr\bin\server

VM Arguments:
jvm_args: -Djava.rmi.server.hostname=127.0.0.1 -Duser.timezone=UTC -Xmx2048m -Xms128m -Djdbc.classpath=C:\Users\ISPROJ\AppData\Local\Temp\RemoteDriver11.classpath.txt --add-exports=java.desktop/sun.awt=ALL-UNNAMED --add-exports=java.desktop/java.awt.peer=ALL-UNNAMED --add-opens=java.desktop/java.awt=ALL-UNNAMED --add-opens=jdk.unsupported/sun.misc=ALL-UNNAMED --add-opens=java.base/java.nio=ALL-UNNAMED --add-opens=java.base/java.util=ALL-UNNAMED -Dfile.encoding=UTF-8 -Dsun.stdout.encoding=UTF-8 -Dsun.stderr.encoding=UTF-8 
java_command: com.intellij.database.remote.RemoteJdbcServer software.amazon.jdbc.Driver
java_class_path (initial): C:\Program Files\JetBrains\WebStorm 2025.2\lib\util_rt.jar;C:\Program Files\JetBrains\WebStorm 2025.2\lib\util-8.jar;C:\Program Files\JetBrains\WebStorm 2025.2\lib\groovy.jar;C:\Program Files\JetBrains\WebStorm 2025.2\plugins\DatabaseTools\lib\jdbc-console.jar;C:\Program Files\JetBrains\WebStorm 2025.2\lib\modules\intellij.grid.types.jar;C:\Program Files\JetBrains\WebStorm 2025.2\lib\util.jar;C:\Program Files\JetBrains\WebStorm 2025.2\lib\bouncy-castle.jar
Launcher Type: SUN_STANDARD

[Global flags]
     intx CICompilerCount                          = 12                                        {product} {ergonomic}
     uint ConcGCThreads                            = 3                                         {product} {ergonomic}
     uint G1ConcRefinementThreads                  = 13                                        {product} {ergonomic}
   size_t G1HeapRegionSize                         = 1048576                                   {product} {ergonomic}
    uintx GCDrainStackTargetSize                   = 64                                        {product} {ergonomic}
   size_t InitialHeapSize                          = 134217728                                 {product} {command line}
   size_t MarkStackSize                            = 4194304                                   {product} {ergonomic}
   size_t MaxHeapSize                              = 2147483648                                {product} {command line}
   size_t MaxNewSize                               = 1287651328                                {product} {ergonomic}
   size_t MinHeapDeltaBytes                        = 1048576                                   {product} {ergonomic}
   size_t MinHeapSize                              = 134217728                                 {product} {command line}
    uintx NonNMethodCodeHeapSize                   = 7602480                                {pd product} {ergonomic}
    uintx NonProfiledCodeHeapSize                  = 122027880                              {pd product} {ergonomic}
    uintx ProfiledCodeHeapSize                     = 122027880                              {pd product} {ergonomic}
    uintx ReservedCodeCacheSize                    = 251658240                              {pd product} {ergonomic}
     bool SegmentedCodeCache                       = true                                      {product} {ergonomic}
   size_t SoftMaxHeapSize                          = 2147483648                             {manageable} {ergonomic}
     bool UseCompressedOops                        = true                           {product lp64_product} {ergonomic}
     bool UseG1GC                                  = true                                      {product} {ergonomic}
     bool UseLargePagesIndividualAllocation        = false                                  {pd product} {ergonomic}

Logging:
Log output configuration:
 #0: stdout all=warning uptime,level,tags foldmultilines=false
 #1: stderr all=off uptime,level,tags foldmultilines=false

Environment Variables:
JAVA_HOME=C:\Program Files\Eclipse Foundation\jdk-8.0.302.8-hotspot
PATH=C:\Program Files (x86)\VMware\VMware Player\bin\;C:\Ruby32-x64\bin;C:\Program Files (x86)\Microsoft SDKs\Azure\CLI2\wbin;C:\Program Files\Common Files\Oracle\Java\javapath;C:\Program Files (x86)\Common Files\Oracle\Java\javapath;C:\Program Files\Microsoft\jdk-11.0.16.101-hotspot\bin;C:\WINDOWS\system32;C:\WINDOWS;C:\WINDOWS\System32\Wbem;C:\WINDOWS\System32\WindowsPowerShell\v1.0\;C:\WINDOWS\System32\OpenSSH\;C:\Program Files (x86)\Microsoft SQL Server\160\Tools\Binn\;C:\Program Files\Microsoft SQL Server\160\Tools\Binn\;C:\Program Files\Microsoft SQL Server\Client SDK\ODBC\170\Tools\Binn\;C:\Program Files\Microsoft SQL Server\160\DTS\Binn\;C:\Program Files (x86)\Microsoft SQL Server\160\DTS\Binn\;C:\Program Files\Azure Data Studio\bin;C:\Program Files\Microsoft SQL Server\150\Tools\Binn\;C:\Program Files\dotnet\;C:\Program Files\Microsoft SQL Server\130\Tools\Binn\;C:\Program Files\nodejs;C:\Program Files\Microsoft VS Code\bin;C:\Users\Bytex\Documents\flutter_windows_3.13.9-stable\flutter\bin;C:\ProgramData\chocolatey\bin;C:\Program Files\SDelete;C:\gradle-8.1.1-all\gradle-8.1.1\bin;C:\Users\AlphaChain\AppData\Roaming\npm;C:\Users\puyan\AppData\Local\Packages\PythonSoftwareFoundation.Python.3.11_qbz5n2kfra8p0\LocalCache\local-packages\Python311\Scripts;C:\Users\puyan\OneDrive\Documents\flutter\bin;C:\xampp\php;C:\Program Files\nodejs\;C:\Users\Bytex\.cargo\bin;C:\Users\Bytex\Downloads\aircrack-ng-1.7-win\aircrack-ng-1.7-win\bin;C:\Users\Bytex\.avm\bin;C:\Users\Bytex\AppData\Local\Pub\Cache\bin;C:\Users\Bytex\AppData\Roaming\npm;C:\xmpp\php;C:\Program Files\CMake\bin;C:\flutter\bin;C:\Users\Devcrafts\AppData\Roaming\npm;C:\Users\Devcrafts\AppData\Local\Pub\Cache\bin;C:\Program Files (x86)\Incredibuild;C:\Users\AlphaChain\AppData\Local\Programs\Python\Python312\Scripts;C:\kotlinc\bin;C:\ProgramData\ComposerSetup\bin;C:\Program Files\Go\bin;C:\Program Files\Git\cmd;C:\Users\ISPROJ\.config\herd\bin;C:\Users\ISPROJ\AppData\Local\Programs\Python\Python313\Scripts\;C:\Users\ISPROJ\AppData\Local\Programs\Python\Python313\;C:\Program Files\MySQL\MySQL Shell 8.0\bin\;C:\Users\ISPROJ\.config\herd-lite\bin;C:\Users\ISPROJ\AppData\Local\pnpm;C:\Users\ISPROJ\Documents\flutter\bin;C:\Users\ISPROJ\AppData\Local\Microsoft\WindowsApps;C:\Users\ISPROJ\.dotnet\tools;C:\Users\ISPROJ\AppData\Roaming\Composer\vendor\bin;C:\Users\ISPROJ\AppData\Roaming\Composer\vendor\bin;C:\Program Files\JetBrains\WebStorm 2025.2\bin;C:\Users\ISPROJ\go\bin;C:\Users\ISPROJ\AppData\Roaming\npm\node_modules\serverless;C:\Users\ISPROJ\AppData\Roaming\npm;C:\ffmpeg-7.1.1-essentials_build\ffmpeg-7.1.1-essentials_build\bin
USERNAME=ISPROJ
OS=Windows_NT
PROCESSOR_IDENTIFIER=AMD64 Family 25 Model 80 Stepping 0, AuthenticAMD
TMP=C:\Users\ISPROJ\AppData\Local\Temp
TEMP=C:\Users\ISPROJ\AppData\Local\Temp




Periodic native trim disabled

JNI global refs:
JNI global refs: 26, weak refs: 0

JNI global refs memory usage: 835, weak refs: 201

Process memory usage:
Resident Set Size: 28464K (0% of 16153752K total physical memory with 1835220K free physical memory)

OOME stack traces (most recent first):
Classloader memory used:
Loader com.intellij.database.remote.jdbc.impl.JdbcClassLoader$JdbcClassLoaderImpl      : 4603K
Loader bootstrap                                                                       : 4050K
Loader jdk.internal.loader.ClassLoaders$AppClassLoader                                 : 3094K
Loader jdk.internal.loader.ClassLoaders$PlatformClassLoader                            : 418K
Loader jdk.internal.reflect.DelegatingClassLoader                                      : 100096B

---------------  S Y S T E M  ---------------

OS:
 Windows 11 , 64 bit Build 26100 (10.0.26100.2702)
OS uptime: 0 days 10:13 hours
Hyper-V role detected

CPU: total 16 (initial active 16) (16 cores per cpu, 2 threads per core) family 25 model 80 stepping 0 microcode 0xa50000c, cx8, cmov, fxsr, ht, mmx, 3dnowpref, sse, sse2, sse3, ssse3, sse4a, sse4.1, sse4.2, popcnt, lzcnt, tsc, tscinvbit, avx, avx2, aes, erms, clmul, bmi1, bmi2, adx, sha, fma, vzeroupper, clflush, clflushopt, hv, rdtscp, rdpid, fsrm, f16c, cet_ss
Processor Information for the first 16 processors :
  Max Mhz: 3301, Current Mhz: 2003, Mhz Limit: 3301

Memory: 4k page, system-wide physical 15775M (1790M free)
TotalPageFile size 37104M (AvailPageFile size 0M)
current process WorkingSet (physical memory assigned to process): 35M, peak: 154M
current process commit charge ("private bytes"): 266M, peak: 300M

vm_info: OpenJDK 64-Bit Server VM (21.0.7+6-b1038.58) for windows-amd64 JRE (21.0.7+6-b1038.58), built on 2025-07-07 by "builduser" with MS VC++ 16.10 / 16.11 (VS2019)

END.
