#
# There is insufficient memory for the Java Runtime Environment to continue.
# Native memory allocation (malloc) failed to allocate 32744 bytes. Error detail: Chunk::new
# Possible reasons:
#   The system is out of physical RAM or swap space
#   This process is running with CompressedOops enabled, and the Java Heap may be blocking the growth of the native heap
# Possible solutions:
#   Reduce memory load on the system
#   Increase physical memory or swap space
#   Check if swap backing store is full
#   Decrease Java heap size (-Xmx/-Xms)
#   Decrease number of Java threads
#   Decrease Java thread stack sizes (-Xss)
#   Set larger code cache with -XX:ReservedCodeCacheSize=
#   JVM is running with Zero Based Compressed Oops mode in which the Java heap is
#     placed in the first 32GB address space. The Java Heap base address is the
#     maximum limit for the native heap growth. Please use -XX:HeapBaseMinAddress
#     to set the Java Heap base and to place the Java Heap above 32GB virtual address.
# This output file may be truncated or incomplete.
#
#  Out of Memory Error (arena.cpp:168), pid=22924, tid=23588
#
# JRE version: OpenJDK Runtime Environment JBR-21.0.7+6-1038.58-jcef (21.0.7+6) (build 21.0.7+6-b1038.58)
# Java VM: OpenJDK 64-Bit Server VM JBR-21.0.7+6-1038.58-jcef (21.0.7+6-b1038.58, mixed mode, sharing, tiered, compressed oops, compressed class ptrs, g1 gc, windows-amd64)
# No core dump will be written. Minidumps are not enabled by default on client versions of Windows
#

---------------  S U M M A R Y ------------

Command Line: git4idea.http.GitAskPassApp Username for 'https://github.com': 

Host: AMD Ryzen 9 5900HS with Radeon Graphics        , 16 cores, 15G,  Windows 11 , 64 bit Build 26100 (10.0.26100.2702)
Time: Thu Nov  6 17:03:16 2025 Malay Peninsula Standard Time elapsed time: 1.270737 seconds (0d 0h 0m 1s)

---------------  T H R E A D  ---------------

Current thread (0x000001a5a31174b0):  JavaThread "C2 CompilerThread1" daemon [_thread_in_native, id=23588, stack(0x00000089e3700000,0x00000089e3800000) (1024K)]


Current CompileTask:
C2:1271 1163       4       sun.security.util.math.intpoly.IntegerPolynomial$MutableElement::setProduct (58 bytes)

Stack: [0x00000089e3700000,0x00000089e3800000]
Native frames: (J=compiled Java code, j=interpreted, Vv=VM code, C=native code)
V  [jvm.dll+0x6e7c19]
V  [jvm.dll+0x8c5f53]
V  [jvm.dll+0x8c84ae]
V  [jvm.dll+0x8c8b93]
V  [jvm.dll+0x2899e6]
V  [jvm.dll+0xc679d]
V  [jvm.dll+0xc6cd3]
V  [jvm.dll+0x66e93d]
V  [jvm.dll+0x66eacb]
V  [jvm.dll+0x66eacb]
V  [jvm.dll+0x66eacb]
V  [jvm.dll+0x674db7]
V  [jvm.dll+0x675d32]
V  [jvm.dll+0x67411e]
V  [jvm.dll+0x25082f]
V  [jvm.dll+0x24ff81]
V  [jvm.dll+0x1cd774]
V  [jvm.dll+0x25f80c]
V  [jvm.dll+0x25dd56]
V  [jvm.dll+0x4005d6]
V  [jvm.dll+0x86dab8]
V  [jvm.dll+0x6e639d]
C  [ucrtbase.dll+0x14ea0]
C  [KERNEL32.DLL+0x2e8d7]
C  [ntdll.dll+0xdf36c]


---------------  P R O C E S S  ---------------

Threads class SMR info:
_java_thread_list=0x000001a5a30f90e0, length=19, elements={
0x000001a53e91fc80, 0x000001a55c1d8980, 0x000001a55c1df9f0, 0x000001a55c1e3180,
0x000001a55c1e5020, 0x000001a55c1e5de0, 0x000001a55c1e7560, 0x000001a55c1f1220,
0x000001a55c1f9920, 0x000001a55c472440, 0x000001a55c555d30, 0x000001a55c5573f0,
0x000001a55c5e48a0, 0x000001a5a3071250, 0x000001a5a3112760, 0x000001a5a31174b0,
0x000001a5a3192420, 0x000001a5a30fe1a0, 0x000001a5a3107020
}

Java Threads: ( => current thread )
  0x000001a53e91fc80 JavaThread "main"                              [_thread_blocked, id=20476, stack(0x00000089e2000000,0x00000089e2100000) (1024K)]
  0x000001a55c1d8980 JavaThread "Common-Cleaner"             daemon [_thread_blocked, id=23376, stack(0x00000089e2800000,0x00000089e2900000) (1024K)]
  0x000001a55c1df9f0 JavaThread "Reference Handler"          daemon [_thread_blocked, id=13912, stack(0x00000089e2900000,0x00000089e2a00000) (1024K)]
  0x000001a55c1e3180 JavaThread "Finalizer"                  daemon [_thread_blocked, id=26380, stack(0x00000089e2a00000,0x00000089e2b00000) (1024K)]
  0x000001a55c1e5020 JavaThread "Signal Dispatcher"          daemon [_thread_blocked, id=30296, stack(0x00000089e2b00000,0x00000089e2c00000) (1024K)]
  0x000001a55c1e5de0 JavaThread "Attach Listener"            daemon [_thread_blocked, id=29464, stack(0x00000089e2c00000,0x00000089e2d00000) (1024K)]
  0x000001a55c1e7560 JavaThread "Service Thread"             daemon [_thread_blocked, id=11236, stack(0x00000089e2d00000,0x00000089e2e00000) (1024K)]
  0x000001a55c1f1220 JavaThread "Monitor Deflation Thread"   daemon [_thread_blocked, id=31820, stack(0x00000089e2e00000,0x00000089e2f00000) (1024K)]
  0x000001a55c1f9920 JavaThread "C2 CompilerThread0"         daemon [_thread_in_native, id=29788, stack(0x00000089e2f00000,0x00000089e3000000) (1024K)]
  0x000001a55c472440 JavaThread "C1 CompilerThread0"         daemon [_thread_blocked, id=35284, stack(0x00000089e3000000,0x00000089e3100000) (1024K)]
  0x000001a55c555d30 JavaThread "C1 CompilerThread1"         daemon [_thread_blocked, id=32728, stack(0x00000089e3100000,0x00000089e3200000) (1024K)]
  0x000001a55c5573f0 JavaThread "C1 CompilerThread2"         daemon [_thread_blocked, id=27176, stack(0x00000089e3200000,0x00000089e3300000) (1024K)]
  0x000001a55c5e48a0 JavaThread "Notification Thread"        daemon [_thread_blocked, id=28572, stack(0x00000089e3300000,0x00000089e3400000) (1024K)]
  0x000001a5a3071250 JavaThread "HttpClient-1-SelectorManager" daemon [_thread_in_native, id=33496, stack(0x00000089e3400000,0x00000089e3500000) (1024K)]
  0x000001a5a3112760 JavaThread "HttpClient-1-Worker-0"      daemon [_thread_in_vm, id=32384, stack(0x00000089e3600000,0x00000089e3700000) (1024K)]
=>0x000001a5a31174b0 JavaThread "C2 CompilerThread1"         daemon [_thread_in_native, id=23588, stack(0x00000089e3700000,0x00000089e3800000) (1024K)]
  0x000001a5a3192420 JavaThread "HttpClient-1-Worker-1"      daemon [_thread_blocked, id=34068, stack(0x00000089e3800000,0x00000089e3900000) (1024K)]
  0x000001a5a30fe1a0 JavaThread "C2 CompilerThread2"         daemon [_thread_in_native, id=31144, stack(0x00000089e3900000,0x00000089e3a00000) (1024K)]
  0x000001a5a3107020 JavaThread "C2 CompilerThread3"         daemon [_thread_in_native, id=28452, stack(0x00000089e3a00000,0x00000089e3b00000) (1024K)]
Total: 19

Other Threads:
  0x000001a55c1bdaa0 VMThread "VM Thread"                           [id=21808, stack(0x00000089e2700000,0x00000089e2800000) (1024K)]
  0x000001a55c1ad360 WatcherThread "VM Periodic Task Thread"        [id=30136, stack(0x00000089e2600000,0x00000089e2700000) (1024K)]
  0x000001a540dd67c0 WorkerThread "GC Thread#0"                     [id=19552, stack(0x00000089e2100000,0x00000089e2200000) (1024K)]
  0x000001a540de7ba0 ConcurrentGCThread "G1 Main Marker"            [id=25120, stack(0x00000089e2200000,0x00000089e2300000) (1024K)]
  0x000001a540dead60 WorkerThread "G1 Conc#0"                       [id=25520, stack(0x00000089e2300000,0x00000089e2400000) (1024K)]
  0x000001a55c07bcd0 ConcurrentGCThread "G1 Refine#0"               [id=27404, stack(0x00000089e2400000,0x00000089e2500000) (1024K)]
  0x000001a55c07d5f0 ConcurrentGCThread "G1 Service"                [id=32276, stack(0x00000089e2500000,0x00000089e2600000) (1024K)]
Total: 7

Threads with active compile tasks:
C2 CompilerThread0  1350 1169       4       sun.security.util.math.intpoly.IntegerPolynomialP256::square (613 bytes)
C2 CompilerThread1  1350 1163       4       sun.security.util.math.intpoly.IntegerPolynomial$MutableElement::setProduct (58 bytes)
C2 CompilerThread2  1351 1152       4       sun.security.util.math.intpoly.IntegerPolynomialP256::mult (943 bytes)
C2 CompilerThread3  1351 1168       4       sun.security.util.math.intpoly.IntegerPolynomial$MutableElement::setProduct (6 bytes)
Total: 4

VM state: not at safepoint (normal execution)

VM Mutex/Monitor currently owned by a thread: None

Heap address: 0x0000000709800000, size: 3944 MB, Compressed Oops mode: Zero based, Oop shift amount: 3

CDS archive(s) mapped at: [0x000001a55d000000-0x000001a55ebf0000-0x000001a55ebf0000), size 29294592, SharedBaseAddress: 0x000001a55d000000, ArchiveRelocationMode: 1.
Compressed class space mapped at: 0x000001a55f000000-0x000001a59f000000, reserved size: 1073741824
Narrow klass base: 0x000001a55d000000, Narrow klass shift: 0, Narrow klass range: 0x100000000

GC Precious Log:
 CardTable entry size: 512
 Card Set container configuration: InlinePtr #cards 4 size 8 Array Of Cards #cards 16 size 48 Howl #buckets 8 coarsen threshold 3686 Howl Bitmap #cards 512 size 80 coarsen threshold 460 Card regions per heap region 1 cards per card region 4096
 CPUs: 16 total, 16 available
 Memory: 15775M
 Large Page Support: Disabled
 NUMA Support: Disabled
 Compressed Oops: Enabled (Zero based)
 Heap Region Size: 2M
 Heap Min Capacity: 8M
 Heap Initial Capacity: 248M
 Heap Max Capacity: 3944M
 Pre-touch: Disabled
 Parallel Workers: 13
 Concurrent Workers: 3
 Concurrent Refinement Workers: 13
 Periodic GC: Disabled

Heap:
 garbage-first heap   total 253952K, used 14336K [0x0000000709800000, 0x0000000800000000)
  region size 2048K, 8 young (16384K), 0 survivors (0K)
 Metaspace       used 3069K, committed 3264K, reserved 1114112K
  class space    used 350K, committed 448K, reserved 1048576K

Heap Regions: E=young(eden), S=young(survivor), O=old, HS=humongous(starts), HC=humongous(continues), CS=collection set, F=free, TAMS=top-at-mark-start, PB=parsable bottom
|   0|0x0000000709800000, 0x0000000709800000, 0x0000000709a00000|  0%| F|  |TAMS 0x0000000709800000| PB 0x0000000709800000| Untracked 
|   1|0x0000000709a00000, 0x0000000709a00000, 0x0000000709c00000|  0%| F|  |TAMS 0x0000000709a00000| PB 0x0000000709a00000| Untracked 
|   2|0x0000000709c00000, 0x0000000709c00000, 0x0000000709e00000|  0%| F|  |TAMS 0x0000000709c00000| PB 0x0000000709c00000| Untracked 
|   3|0x0000000709e00000, 0x0000000709e00000, 0x000000070a000000|  0%| F|  |TAMS 0x0000000709e00000| PB 0x0000000709e00000| Untracked 
|   4|0x000000070a000000, 0x000000070a000000, 0x000000070a200000|  0%| F|  |TAMS 0x000000070a000000| PB 0x000000070a000000| Untracked 
|   5|0x000000070a200000, 0x000000070a200000, 0x000000070a400000|  0%| F|  |TAMS 0x000000070a200000| PB 0x000000070a200000| Untracked 
|   6|0x000000070a400000, 0x000000070a400000, 0x000000070a600000|  0%| F|  |TAMS 0x000000070a400000| PB 0x000000070a400000| Untracked 
|   7|0x000000070a600000, 0x000000070a600000, 0x000000070a800000|  0%| F|  |TAMS 0x000000070a600000| PB 0x000000070a600000| Untracked 
|   8|0x000000070a800000, 0x000000070a800000, 0x000000070aa00000|  0%| F|  |TAMS 0x000000070a800000| PB 0x000000070a800000| Untracked 
|   9|0x000000070aa00000, 0x000000070aa00000, 0x000000070ac00000|  0%| F|  |TAMS 0x000000070aa00000| PB 0x000000070aa00000| Untracked 
|  10|0x000000070ac00000, 0x000000070ac00000, 0x000000070ae00000|  0%| F|  |TAMS 0x000000070ac00000| PB 0x000000070ac00000| Untracked 
|  11|0x000000070ae00000, 0x000000070ae00000, 0x000000070b000000|  0%| F|  |TAMS 0x000000070ae00000| PB 0x000000070ae00000| Untracked 
|  12|0x000000070b000000, 0x000000070b000000, 0x000000070b200000|  0%| F|  |TAMS 0x000000070b000000| PB 0x000000070b000000| Untracked 
|  13|0x000000070b200000, 0x000000070b200000, 0x000000070b400000|  0%| F|  |TAMS 0x000000070b200000| PB 0x000000070b200000| Untracked 
|  14|0x000000070b400000, 0x000000070b400000, 0x000000070b600000|  0%| F|  |TAMS 0x000000070b400000| PB 0x000000070b400000| Untracked 
|  15|0x000000070b600000, 0x000000070b600000, 0x000000070b800000|  0%| F|  |TAMS 0x000000070b600000| PB 0x000000070b600000| Untracked 
|  16|0x000000070b800000, 0x000000070b800000, 0x000000070ba00000|  0%| F|  |TAMS 0x000000070b800000| PB 0x000000070b800000| Untracked 
|  17|0x000000070ba00000, 0x000000070ba00000, 0x000000070bc00000|  0%| F|  |TAMS 0x000000070ba00000| PB 0x000000070ba00000| Untracked 
|  18|0x000000070bc00000, 0x000000070bc00000, 0x000000070be00000|  0%| F|  |TAMS 0x000000070bc00000| PB 0x000000070bc00000| Untracked 
|  19|0x000000070be00000, 0x000000070be00000, 0x000000070c000000|  0%| F|  |TAMS 0x000000070be00000| PB 0x000000070be00000| Untracked 
|  20|0x000000070c000000, 0x000000070c000000, 0x000000070c200000|  0%| F|  |TAMS 0x000000070c000000| PB 0x000000070c000000| Untracked 
|  21|0x000000070c200000, 0x000000070c200000, 0x000000070c400000|  0%| F|  |TAMS 0x000000070c200000| PB 0x000000070c200000| Untracked 
|  22|0x000000070c400000, 0x000000070c400000, 0x000000070c600000|  0%| F|  |TAMS 0x000000070c400000| PB 0x000000070c400000| Untracked 
|  23|0x000000070c600000, 0x000000070c600000, 0x000000070c800000|  0%| F|  |TAMS 0x000000070c600000| PB 0x000000070c600000| Untracked 
|  24|0x000000070c800000, 0x000000070c800000, 0x000000070ca00000|  0%| F|  |TAMS 0x000000070c800000| PB 0x000000070c800000| Untracked 
|  25|0x000000070ca00000, 0x000000070ca00000, 0x000000070cc00000|  0%| F|  |TAMS 0x000000070ca00000| PB 0x000000070ca00000| Untracked 
|  26|0x000000070cc00000, 0x000000070cc00000, 0x000000070ce00000|  0%| F|  |TAMS 0x000000070cc00000| PB 0x000000070cc00000| Untracked 
|  27|0x000000070ce00000, 0x000000070ce00000, 0x000000070d000000|  0%| F|  |TAMS 0x000000070ce00000| PB 0x000000070ce00000| Untracked 
|  28|0x000000070d000000, 0x000000070d000000, 0x000000070d200000|  0%| F|  |TAMS 0x000000070d000000| PB 0x000000070d000000| Untracked 
|  29|0x000000070d200000, 0x000000070d200000, 0x000000070d400000|  0%| F|  |TAMS 0x000000070d200000| PB 0x000000070d200000| Untracked 
|  30|0x000000070d400000, 0x000000070d400000, 0x000000070d600000|  0%| F|  |TAMS 0x000000070d400000| PB 0x000000070d400000| Untracked 
|  31|0x000000070d600000, 0x000000070d600000, 0x000000070d800000|  0%| F|  |TAMS 0x000000070d600000| PB 0x000000070d600000| Untracked 
|  32|0x000000070d800000, 0x000000070d800000, 0x000000070da00000|  0%| F|  |TAMS 0x000000070d800000| PB 0x000000070d800000| Untracked 
|  33|0x000000070da00000, 0x000000070da00000, 0x000000070dc00000|  0%| F|  |TAMS 0x000000070da00000| PB 0x000000070da00000| Untracked 
|  34|0x000000070dc00000, 0x000000070dc00000, 0x000000070de00000|  0%| F|  |TAMS 0x000000070dc00000| PB 0x000000070dc00000| Untracked 
|  35|0x000000070de00000, 0x000000070de00000, 0x000000070e000000|  0%| F|  |TAMS 0x000000070de00000| PB 0x000000070de00000| Untracked 
|  36|0x000000070e000000, 0x000000070e000000, 0x000000070e200000|  0%| F|  |TAMS 0x000000070e000000| PB 0x000000070e000000| Untracked 
|  37|0x000000070e200000, 0x000000070e200000, 0x000000070e400000|  0%| F|  |TAMS 0x000000070e200000| PB 0x000000070e200000| Untracked 
|  38|0x000000070e400000, 0x000000070e400000, 0x000000070e600000|  0%| F|  |TAMS 0x000000070e400000| PB 0x000000070e400000| Untracked 
|  39|0x000000070e600000, 0x000000070e600000, 0x000000070e800000|  0%| F|  |TAMS 0x000000070e600000| PB 0x000000070e600000| Untracked 
|  40|0x000000070e800000, 0x000000070e800000, 0x000000070ea00000|  0%| F|  |TAMS 0x000000070e800000| PB 0x000000070e800000| Untracked 
|  41|0x000000070ea00000, 0x000000070ea00000, 0x000000070ec00000|  0%| F|  |TAMS 0x000000070ea00000| PB 0x000000070ea00000| Untracked 
|  42|0x000000070ec00000, 0x000000070ec00000, 0x000000070ee00000|  0%| F|  |TAMS 0x000000070ec00000| PB 0x000000070ec00000| Untracked 
|  43|0x000000070ee00000, 0x000000070ee00000, 0x000000070f000000|  0%| F|  |TAMS 0x000000070ee00000| PB 0x000000070ee00000| Untracked 
|  44|0x000000070f000000, 0x000000070f000000, 0x000000070f200000|  0%| F|  |TAMS 0x000000070f000000| PB 0x000000070f000000| Untracked 
|  45|0x000000070f200000, 0x000000070f200000, 0x000000070f400000|  0%| F|  |TAMS 0x000000070f200000| PB 0x000000070f200000| Untracked 
|  46|0x000000070f400000, 0x000000070f400000, 0x000000070f600000|  0%| F|  |TAMS 0x000000070f400000| PB 0x000000070f400000| Untracked 
|  47|0x000000070f600000, 0x000000070f600000, 0x000000070f800000|  0%| F|  |TAMS 0x000000070f600000| PB 0x000000070f600000| Untracked 
|  48|0x000000070f800000, 0x000000070f800000, 0x000000070fa00000|  0%| F|  |TAMS 0x000000070f800000| PB 0x000000070f800000| Untracked 
|  49|0x000000070fa00000, 0x000000070fa00000, 0x000000070fc00000|  0%| F|  |TAMS 0x000000070fa00000| PB 0x000000070fa00000| Untracked 
|  50|0x000000070fc00000, 0x000000070fc00000, 0x000000070fe00000|  0%| F|  |TAMS 0x000000070fc00000| PB 0x000000070fc00000| Untracked 
|  51|0x000000070fe00000, 0x000000070fe00000, 0x0000000710000000|  0%| F|  |TAMS 0x000000070fe00000| PB 0x000000070fe00000| Untracked 
|  52|0x0000000710000000, 0x0000000710000000, 0x0000000710200000|  0%| F|  |TAMS 0x0000000710000000| PB 0x0000000710000000| Untracked 
|  53|0x0000000710200000, 0x0000000710200000, 0x0000000710400000|  0%| F|  |TAMS 0x0000000710200000| PB 0x0000000710200000| Untracked 
|  54|0x0000000710400000, 0x0000000710400000, 0x0000000710600000|  0%| F|  |TAMS 0x0000000710400000| PB 0x0000000710400000| Untracked 
|  55|0x0000000710600000, 0x0000000710600000, 0x0000000710800000|  0%| F|  |TAMS 0x0000000710600000| PB 0x0000000710600000| Untracked 
|  56|0x0000000710800000, 0x0000000710800000, 0x0000000710a00000|  0%| F|  |TAMS 0x0000000710800000| PB 0x0000000710800000| Untracked 
|  57|0x0000000710a00000, 0x0000000710a00000, 0x0000000710c00000|  0%| F|  |TAMS 0x0000000710a00000| PB 0x0000000710a00000| Untracked 
|  58|0x0000000710c00000, 0x0000000710c00000, 0x0000000710e00000|  0%| F|  |TAMS 0x0000000710c00000| PB 0x0000000710c00000| Untracked 
|  59|0x0000000710e00000, 0x0000000710e00000, 0x0000000711000000|  0%| F|  |TAMS 0x0000000710e00000| PB 0x0000000710e00000| Untracked 
|  60|0x0000000711000000, 0x0000000711000000, 0x0000000711200000|  0%| F|  |TAMS 0x0000000711000000| PB 0x0000000711000000| Untracked 
|  61|0x0000000711200000, 0x0000000711200000, 0x0000000711400000|  0%| F|  |TAMS 0x0000000711200000| PB 0x0000000711200000| Untracked 
|  62|0x0000000711400000, 0x0000000711400000, 0x0000000711600000|  0%| F|  |TAMS 0x0000000711400000| PB 0x0000000711400000| Untracked 
|  63|0x0000000711600000, 0x0000000711600000, 0x0000000711800000|  0%| F|  |TAMS 0x0000000711600000| PB 0x0000000711600000| Untracked 
|  64|0x0000000711800000, 0x0000000711800000, 0x0000000711a00000|  0%| F|  |TAMS 0x0000000711800000| PB 0x0000000711800000| Untracked 
|  65|0x0000000711a00000, 0x0000000711a00000, 0x0000000711c00000|  0%| F|  |TAMS 0x0000000711a00000| PB 0x0000000711a00000| Untracked 
|  66|0x0000000711c00000, 0x0000000711c00000, 0x0000000711e00000|  0%| F|  |TAMS 0x0000000711c00000| PB 0x0000000711c00000| Untracked 
|  67|0x0000000711e00000, 0x0000000711e00000, 0x0000000712000000|  0%| F|  |TAMS 0x0000000711e00000| PB 0x0000000711e00000| Untracked 
|  68|0x0000000712000000, 0x0000000712000000, 0x0000000712200000|  0%| F|  |TAMS 0x0000000712000000| PB 0x0000000712000000| Untracked 
|  69|0x0000000712200000, 0x0000000712200000, 0x0000000712400000|  0%| F|  |TAMS 0x0000000712200000| PB 0x0000000712200000| Untracked 
|  70|0x0000000712400000, 0x0000000712400000, 0x0000000712600000|  0%| F|  |TAMS 0x0000000712400000| PB 0x0000000712400000| Untracked 
|  71|0x0000000712600000, 0x0000000712600000, 0x0000000712800000|  0%| F|  |TAMS 0x0000000712600000| PB 0x0000000712600000| Untracked 
|  72|0x0000000712800000, 0x0000000712800000, 0x0000000712a00000|  0%| F|  |TAMS 0x0000000712800000| PB 0x0000000712800000| Untracked 
|  73|0x0000000712a00000, 0x0000000712a00000, 0x0000000712c00000|  0%| F|  |TAMS 0x0000000712a00000| PB 0x0000000712a00000| Untracked 
|  74|0x0000000712c00000, 0x0000000712c00000, 0x0000000712e00000|  0%| F|  |TAMS 0x0000000712c00000| PB 0x0000000712c00000| Untracked 
|  75|0x0000000712e00000, 0x0000000712e00000, 0x0000000713000000|  0%| F|  |TAMS 0x0000000712e00000| PB 0x0000000712e00000| Untracked 
|  76|0x0000000713000000, 0x0000000713000000, 0x0000000713200000|  0%| F|  |TAMS 0x0000000713000000| PB 0x0000000713000000| Untracked 
|  77|0x0000000713200000, 0x0000000713200000, 0x0000000713400000|  0%| F|  |TAMS 0x0000000713200000| PB 0x0000000713200000| Untracked 
|  78|0x0000000713400000, 0x0000000713400000, 0x0000000713600000|  0%| F|  |TAMS 0x0000000713400000| PB 0x0000000713400000| Untracked 
|  79|0x0000000713600000, 0x0000000713600000, 0x0000000713800000|  0%| F|  |TAMS 0x0000000713600000| PB 0x0000000713600000| Untracked 
|  80|0x0000000713800000, 0x0000000713800000, 0x0000000713a00000|  0%| F|  |TAMS 0x0000000713800000| PB 0x0000000713800000| Untracked 
|  81|0x0000000713a00000, 0x0000000713a00000, 0x0000000713c00000|  0%| F|  |TAMS 0x0000000713a00000| PB 0x0000000713a00000| Untracked 
|  82|0x0000000713c00000, 0x0000000713c00000, 0x0000000713e00000|  0%| F|  |TAMS 0x0000000713c00000| PB 0x0000000713c00000| Untracked 
|  83|0x0000000713e00000, 0x0000000713e00000, 0x0000000714000000|  0%| F|  |TAMS 0x0000000713e00000| PB 0x0000000713e00000| Untracked 
|  84|0x0000000714000000, 0x0000000714000000, 0x0000000714200000|  0%| F|  |TAMS 0x0000000714000000| PB 0x0000000714000000| Untracked 
|  85|0x0000000714200000, 0x0000000714200000, 0x0000000714400000|  0%| F|  |TAMS 0x0000000714200000| PB 0x0000000714200000| Untracked 
|  86|0x0000000714400000, 0x0000000714400000, 0x0000000714600000|  0%| F|  |TAMS 0x0000000714400000| PB 0x0000000714400000| Untracked 
|  87|0x0000000714600000, 0x0000000714600000, 0x0000000714800000|  0%| F|  |TAMS 0x0000000714600000| PB 0x0000000714600000| Untracked 
|  88|0x0000000714800000, 0x0000000714800000, 0x0000000714a00000|  0%| F|  |TAMS 0x0000000714800000| PB 0x0000000714800000| Untracked 
|  89|0x0000000714a00000, 0x0000000714a00000, 0x0000000714c00000|  0%| F|  |TAMS 0x0000000714a00000| PB 0x0000000714a00000| Untracked 
|  90|0x0000000714c00000, 0x0000000714c00000, 0x0000000714e00000|  0%| F|  |TAMS 0x0000000714c00000| PB 0x0000000714c00000| Untracked 
|  91|0x0000000714e00000, 0x0000000714e00000, 0x0000000715000000|  0%| F|  |TAMS 0x0000000714e00000| PB 0x0000000714e00000| Untracked 
|  92|0x0000000715000000, 0x0000000715000000, 0x0000000715200000|  0%| F|  |TAMS 0x0000000715000000| PB 0x0000000715000000| Untracked 
|  93|0x0000000715200000, 0x0000000715200000, 0x0000000715400000|  0%| F|  |TAMS 0x0000000715200000| PB 0x0000000715200000| Untracked 
|  94|0x0000000715400000, 0x0000000715400000, 0x0000000715600000|  0%| F|  |TAMS 0x0000000715400000| PB 0x0000000715400000| Untracked 
|  95|0x0000000715600000, 0x0000000715600000, 0x0000000715800000|  0%| F|  |TAMS 0x0000000715600000| PB 0x0000000715600000| Untracked 
|  96|0x0000000715800000, 0x0000000715800000, 0x0000000715a00000|  0%| F|  |TAMS 0x0000000715800000| PB 0x0000000715800000| Untracked 
|  97|0x0000000715a00000, 0x0000000715a00000, 0x0000000715c00000|  0%| F|  |TAMS 0x0000000715a00000| PB 0x0000000715a00000| Untracked 
|  98|0x0000000715c00000, 0x0000000715c00000, 0x0000000715e00000|  0%| F|  |TAMS 0x0000000715c00000| PB 0x0000000715c00000| Untracked 
|  99|0x0000000715e00000, 0x0000000715e00000, 0x0000000716000000|  0%| F|  |TAMS 0x0000000715e00000| PB 0x0000000715e00000| Untracked 
| 100|0x0000000716000000, 0x0000000716000000, 0x0000000716200000|  0%| F|  |TAMS 0x0000000716000000| PB 0x0000000716000000| Untracked 
| 101|0x0000000716200000, 0x0000000716200000, 0x0000000716400000|  0%| F|  |TAMS 0x0000000716200000| PB 0x0000000716200000| Untracked 
| 102|0x0000000716400000, 0x0000000716400000, 0x0000000716600000|  0%| F|  |TAMS 0x0000000716400000| PB 0x0000000716400000| Untracked 
| 103|0x0000000716600000, 0x0000000716600000, 0x0000000716800000|  0%| F|  |TAMS 0x0000000716600000| PB 0x0000000716600000| Untracked 
| 104|0x0000000716800000, 0x0000000716800000, 0x0000000716a00000|  0%| F|  |TAMS 0x0000000716800000| PB 0x0000000716800000| Untracked 
| 105|0x0000000716a00000, 0x0000000716a00000, 0x0000000716c00000|  0%| F|  |TAMS 0x0000000716a00000| PB 0x0000000716a00000| Untracked 
| 106|0x0000000716c00000, 0x0000000716c00000, 0x0000000716e00000|  0%| F|  |TAMS 0x0000000716c00000| PB 0x0000000716c00000| Untracked 
| 107|0x0000000716e00000, 0x0000000716e00000, 0x0000000717000000|  0%| F|  |TAMS 0x0000000716e00000| PB 0x0000000716e00000| Untracked 
| 108|0x0000000717000000, 0x0000000717000000, 0x0000000717200000|  0%| F|  |TAMS 0x0000000717000000| PB 0x0000000717000000| Untracked 
| 109|0x0000000717200000, 0x0000000717200000, 0x0000000717400000|  0%| F|  |TAMS 0x0000000717200000| PB 0x0000000717200000| Untracked 
| 110|0x0000000717400000, 0x0000000717400000, 0x0000000717600000|  0%| F|  |TAMS 0x0000000717400000| PB 0x0000000717400000| Untracked 
| 111|0x0000000717600000, 0x0000000717600000, 0x0000000717800000|  0%| F|  |TAMS 0x0000000717600000| PB 0x0000000717600000| Untracked 
| 112|0x0000000717800000, 0x0000000717800000, 0x0000000717a00000|  0%| F|  |TAMS 0x0000000717800000| PB 0x0000000717800000| Untracked 
| 113|0x0000000717a00000, 0x0000000717a00000, 0x0000000717c00000|  0%| F|  |TAMS 0x0000000717a00000| PB 0x0000000717a00000| Untracked 
| 114|0x0000000717c00000, 0x0000000717c00000, 0x0000000717e00000|  0%| F|  |TAMS 0x0000000717c00000| PB 0x0000000717c00000| Untracked 
| 115|0x0000000717e00000, 0x0000000717e00000, 0x0000000718000000|  0%| F|  |TAMS 0x0000000717e00000| PB 0x0000000717e00000| Untracked 
| 116|0x0000000718000000, 0x0000000718200000, 0x0000000718200000|100%| E|  |TAMS 0x0000000718000000| PB 0x0000000718000000| Complete 
| 117|0x0000000718200000, 0x0000000718400000, 0x0000000718400000|100%| E|CS|TAMS 0x0000000718200000| PB 0x0000000718200000| Complete 
| 118|0x0000000718400000, 0x0000000718600000, 0x0000000718600000|100%| E|CS|TAMS 0x0000000718400000| PB 0x0000000718400000| Complete 
| 119|0x0000000718600000, 0x0000000718800000, 0x0000000718800000|100%| E|CS|TAMS 0x0000000718600000| PB 0x0000000718600000| Complete 
| 120|0x0000000718800000, 0x0000000718a00000, 0x0000000718a00000|100%| E|CS|TAMS 0x0000000718800000| PB 0x0000000718800000| Complete 
| 121|0x0000000718a00000, 0x0000000718c00000, 0x0000000718c00000|100%| E|CS|TAMS 0x0000000718a00000| PB 0x0000000718a00000| Complete 
| 122|0x0000000718c00000, 0x0000000718e00000, 0x0000000718e00000|100%| E|CS|TAMS 0x0000000718c00000| PB 0x0000000718c00000| Complete 
| 123|0x0000000718e00000, 0x0000000719000000, 0x0000000719000000|100%| E|CS|TAMS 0x0000000718e00000| PB 0x0000000718e00000| Complete 

Card table byte_map: [0x000001a554de0000,0x000001a5555a0000] _byte_map_base: 0x000001a551594000

Marking Bits: (CMBitMap*) 0x000001a540dd6dc0
 Bits: [0x000001a5555a0000, 0x000001a559340000)

Polling page: 0x000001a540430000

Metaspace:

Usage:
  Non-class:      2.66 MB used.
      Class:    351.29 KB used.
       Both:      3.00 MB used.

Virtual space:
  Non-class space:       64.00 MB reserved,       2.75 MB (  4%) committed,  1 nodes.
      Class space:        1.00 GB reserved,     448.00 KB ( <1%) committed,  1 nodes.
             Both:        1.06 GB reserved,       3.19 MB ( <1%) committed. 

Chunk freelists:
   Non-Class:  10.45 MB
       Class:  15.44 MB
        Both:  25.89 MB

MaxMetaspaceSize: unlimited
CompressedClassSpaceSize: 1.00 GB
Initial GC threshold: 21.00 MB
Current GC threshold: 21.00 MB
CDS: on
 - commit_granule_bytes: 65536.
 - commit_granule_words: 8192.
 - virtual_space_node_default_size: 8388608.
 - enlarge_chunks_in_place: 1.
 - use_allocation_guard: 0.


Internal statistics:

num_allocs_failed_limit: 0.
num_arena_births: 174.
num_arena_deaths: 0.
num_vsnodes_births: 2.
num_vsnodes_deaths: 0.
num_space_committed: 51.
num_space_uncommitted: 0.
num_chunks_returned_to_freelist: 0.
num_chunks_taken_from_freelist: 312.
num_chunk_merges: 0.
num_chunk_splits: 177.
num_chunks_enlarged: 83.
num_inconsistent_stats: 0.

CodeHeap 'non-profiled nmethods': size=119168Kb used=364Kb max_used=364Kb free=118803Kb
 bounds [0x000001a54c940000, 0x000001a54cbb0000, 0x000001a553da0000]
CodeHeap 'profiled nmethods': size=119104Kb used=1950Kb max_used=1950Kb free=117154Kb
 bounds [0x000001a544da0000, 0x000001a545010000, 0x000001a54c1f0000]
CodeHeap 'non-nmethods': size=7488Kb used=2552Kb max_used=2581Kb free=4935Kb
 bounds [0x000001a54c1f0000, 0x000001a54c480000, 0x000001a54c940000]
 total_blobs=1697 nmethods=1184 adapters=416
 compilation: enabled
              stopped_count=0, restarted_count=0
 full_count=0

Compilation events (20 events):
Event: 1.254 Thread 0x000001a55c5573f0 nmethod 1174 0x000001a544f7c790 code [0x000001a544f7c940, 0x000001a544f7cbd8]
Event: 1.256 Thread 0x000001a55c1f9920 nmethod 1158 0x000001a54c998910 code [0x000001a54c998aa0, 0x000001a54c998d60]
Event: 1.256 Thread 0x000001a5a31174b0 nmethod 1159 0x000001a54c998f10 code [0x000001a54c9990c0, 0x000001a54c9993c0]
Event: 1.256 Thread 0x000001a55c1f9920 1140       4       sun.security.util.math.intpoly.IntegerPolynomialP256::carryReduce (454 bytes)
Event: 1.256 Thread 0x000001a5a31174b0 1163       4       sun.security.util.math.intpoly.IntegerPolynomial$MutableElement::setProduct (58 bytes)
Event: 1.258 Thread 0x000001a55c555d30 1176       3       sun.security.ec.point.ProjectivePoint$Immutable::<init> (8 bytes)
Event: 1.259 Thread 0x000001a5a3107020 nmethod 1160 0x000001a54c999590 code [0x000001a54c999740, 0x000001a54c999a58]
Event: 1.259 Thread 0x000001a55c555d30 nmethod 1176 0x000001a544f7cc90 code [0x000001a544f7ce40, 0x000001a544f7d130]
Event: 1.259 Thread 0x000001a5a3107020 1168       4       sun.security.util.math.intpoly.IntegerPolynomial$MutableElement::setProduct (6 bytes)
Event: 1.259 Thread 0x000001a55c1f9920 nmethod 1140 0x000001a54c999c10 code [0x000001a54c999da0, 0x000001a54c99a088]
Event: 1.259 Thread 0x000001a55c1f9920 1167       4       sun.security.util.math.intpoly.IntegerPolynomial$MutableElement::setSquare (52 bytes)
Event: 1.260 Thread 0x000001a55c555d30 1177       3       sun.security.ec.point.ProjectivePoint::fixed (35 bytes)
Event: 1.260 Thread 0x000001a55c555d30 nmethod 1177 0x000001a544f7d210 code [0x000001a544f7d400, 0x000001a544f7da78]
Event: 1.261 Thread 0x000001a55c1f9920 nmethod 1167 0x000001a54c99a190 code [0x000001a54c99a340, 0x000001a54c99a488]
Event: 1.261 Thread 0x000001a55c1f9920 1170       4       sun.security.util.math.intpoly.IntegerPolynomial$MutableElement::setSquare (5 bytes)
Event: 1.263 Thread 0x000001a55c1f9920 nmethod 1170 0x000001a54c99a590 code [0x000001a54c99a740, 0x000001a54c99a888]
Event: 1.263 Thread 0x000001a55c555d30 1178       3       sun.security.ec.ECOperations::setSum (549 bytes)
Event: 1.263 Thread 0x000001a55c1f9920 1169       4       sun.security.util.math.intpoly.IntegerPolynomialP256::square (613 bytes)
Event: 1.264 Thread 0x000001a55c5573f0 1179       1       sun.security.util.math.intpoly.IntegerPolynomial$Element::getField (5 bytes)
Event: 1.264 Thread 0x000001a55c5573f0 nmethod 1179 0x000001a54c99aa10 code [0x000001a54c99aba0, 0x000001a54c99ac70]

GC Heap History (0 events):
No events

Dll operation events (2 events):
Event: 0.028 Loaded shared library C:\Program Files\JetBrains\WebStorm 2025.2\jbr\bin\java.dll
Event: 0.331 Loaded shared library C:\Program Files\JetBrains\WebStorm 2025.2\jbr\bin\zip.dll

Deoptimization events (12 events):
Event: 0.361 Thread 0x000001a53e91fc80 Uncommon trap: trap_request=0xffffff45 fr.pc=0x000001a54c955294 relative=0x0000000000000074
Event: 0.361 Thread 0x000001a53e91fc80 Uncommon trap: reason=unstable_if action=reinterpret pc=0x000001a54c955294 method=java.lang.CharacterDataLatin1.toLowerCase(I)I @ 16 c2
Event: 0.361 Thread 0x000001a53e91fc80 DEOPT PACKING pc=0x000001a54c955294 sp=0x00000089e20fae70
Event: 0.361 Thread 0x000001a53e91fc80 DEOPT UNPACKING pc=0x000001a54c2446a2 sp=0x00000089e20fae00 mode 2
Event: 0.561 Thread 0x000001a53e91fc80 DEOPT PACKING pc=0x000001a544deb687 sp=0x00000089e20fdc30
Event: 0.561 Thread 0x000001a53e91fc80 DEOPT UNPACKING pc=0x000001a54c244e42 sp=0x00000089e20fd0c8 mode 0
Event: 0.738 Thread 0x000001a53e91fc80 Uncommon trap: trap_request=0xffffff45 fr.pc=0x000001a54c9610ac relative=0x000000000000008c
Event: 0.738 Thread 0x000001a53e91fc80 Uncommon trap: reason=unstable_if action=reinterpret pc=0x000001a54c9610ac method=jdk.internal.misc.Unsafe.convEndian(ZI)I @ 4 c2
Event: 0.738 Thread 0x000001a53e91fc80 DEOPT PACKING pc=0x000001a54c9610ac sp=0x00000089e20fdc20
Event: 0.738 Thread 0x000001a53e91fc80 DEOPT UNPACKING pc=0x000001a54c2446a2 sp=0x00000089e20fdb50 mode 2
Event: 0.814 Thread 0x000001a53e91fc80 DEOPT PACKING pc=0x000001a544dbc6cc sp=0x00000089e20fc650
Event: 0.814 Thread 0x000001a53e91fc80 DEOPT UNPACKING pc=0x000001a54c244e42 sp=0x00000089e20fba70 mode 0

Classes loaded (20 events):
Event: 0.972 Loading class jdk/net/ExtendedSocketOptions$2
Event: 0.972 Loading class jdk/net/ExtendedSocketOptions$2 done
Event: 0.972 Loading class jdk/net/WindowsSocketOptions
Event: 0.972 Loading class jdk/net/WindowsSocketOptions done
Event: 0.976 Loading class jdk/net/ExtendedSocketOptions$1
Event: 0.976 Loading class jdk/net/ExtendedSocketOptions$1 done
Event: 0.983 Loading class java/nio/BufferMismatch
Event: 0.983 Loading class java/nio/BufferMismatch done
Event: 0.983 Loading class sun/nio/ch/SourceChannelImpl
Event: 0.983 Loading class java/nio/channels/Pipe$SourceChannel
Event: 0.983 Loading class java/nio/channels/Pipe$SourceChannel done
Event: 0.983 Loading class sun/nio/ch/SourceChannelImpl done
Event: 0.983 Loading class sun/nio/ch/SinkChannelImpl
Event: 0.984 Loading class java/nio/channels/Pipe$SinkChannel
Event: 0.984 Loading class java/nio/channels/Pipe$SinkChannel done
Event: 0.984 Loading class sun/nio/ch/SinkChannelImpl done
Event: 1.015 Loading class sun/net/spi/DefaultProxySelector$NonProxyInfo
Event: 1.015 Loading class sun/net/spi/DefaultProxySelector$NonProxyInfo done
Event: 1.016 Loading class sun/net/spi/DefaultProxySelector$3
Event: 1.016 Loading class sun/net/spi/DefaultProxySelector$3 done

Classes unloaded (0 events):
No events

Classes redefined (0 events):
No events

Internal exceptions (19 events):
Event: 0.360 Thread 0x000001a53e91fc80 Exception <a 'sun/nio/fs/WindowsException'{0x0000000718ac50d8}> (0x0000000718ac50d8) 
thrown [s\src\hotspot\share\prims\jni.cpp, line 537]
Event: 0.727 Thread 0x000001a53e91fc80 Exception <a 'java/lang/NoSuchMethodError'{0x00000007188615f0}: 'java.lang.Object java.lang.invoke.DirectMethodHandle$Holder.invokeStaticInit(java.lang.Object, java.lang.Object, int, int, int, int)'> (0x00000007188615f0) 
thrown [s\src\hotspot\share\interpreter\linkResolver.cpp, line 784]
Event: 0.770 Thread 0x000001a53e91fc80 Exception <a 'java/lang/NoSuchMethodError'{0x0000000718920868}: 'java.lang.Object java.lang.invoke.DirectMethodHandle$Holder.invokeStaticInit(java.lang.Object, java.lang.Object, int)'> (0x0000000718920868) 
thrown [s\src\hotspot\share\interpreter\linkResolver.cpp, line 784]
Event: 0.773 Thread 0x000001a53e91fc80 Exception <a 'java/lang/NoSuchMethodError'{0x0000000718926770}: 'java.lang.Object java.lang.invoke.DirectMethodHandle$Holder.newInvokeSpecial(java.lang.Object, java.lang.Object, int)'> (0x0000000718926770) 
thrown [s\src\hotspot\share\interpreter\linkResolver.cpp, line 784]
Event: 0.781 Thread 0x000001a53e91fc80 Exception <a 'java/lang/NoSuchMethodError'{0x0000000718939f50}: 'int java.lang.invoke.DirectMethodHandle$Holder.invokeSpecialIFC(java.lang.Object, java.lang.Object, java.lang.Object)'> (0x0000000718939f50) 
thrown [s\src\hotspot\share\interpreter\linkResolver.cpp, line 784]
Event: 0.809 Thread 0x000001a53e91fc80 Exception <a 'java/lang/NoSuchMethodError'{0x00000007189720d8}: 'java.lang.Object java.lang.invoke.Invokers$Holder.invoke_MT(java.lang.Object, java.lang.Object, java.lang.Object, java.lang.Object, java.lang.Object, java.lang.Object, java.lang.Object, java.lang.Object, java.lang.Object, java.lang.Object)'> (0x00000007189720d8) 
thrown [s\src\hotspot\share\interpreter\linkResolver.cpp, line 784]
Event: 0.833 Thread 0x000001a53e91fc80 Exception <a 'java/lang/NoSuchMethodError'{0x00000007189b1890}: 'int java.lang.invoke.DirectMethodHandle$Holder.invokeSpecial(java.lang.Object, java.lang.Object, java.lang.Object, java.lang.Object)'> (0x00000007189b1890) 
thrown [s\src\hotspot\share\interpreter\linkResolver.cpp, line 784]
Event: 0.839 Thread 0x000001a53e91fc80 Exception <a 'java/lang/NoSuchMethodError'{0x00000007189c6bc0}: 'java.lang.Object java.lang.invoke.DirectMethodHandle$Holder.invokeSpecial(java.lang.Object, java.lang.Object, int, java.lang.Object, java.lang.Object)'> (0x00000007189c6bc0) 
thrown [s\src\hotspot\share\interpreter\linkResolver.cpp, line 784]
Event: 0.839 Thread 0x000001a53e91fc80 Exception <a 'java/lang/NoSuchMethodError'{0x00000007189ca7b0}: 'java.lang.Object java.lang.invoke.DelegatingMethodHandle$Holder.delegate(java.lang.Object, int, java.lang.Object, java.lang.Object)'> (0x00000007189ca7b0) 
thrown [s\src\hotspot\share\interpreter\linkResolver.cpp, line 784]
Event: 0.844 Thread 0x000001a53e91fc80 Exception <a 'java/lang/NoSuchMethodError'{0x00000007189da018}: 'int java.lang.invoke.Invokers$Holder.linkToTargetMethod(java.lang.Object, java.lang.Object, java.lang.Object)'> (0x00000007189da018) 
thrown [s\src\hotspot\share\interpreter\linkResolver.cpp, line 784]
Event: 0.855 Thread 0x000001a53e91fc80 Exception <a 'java/lang/NoSuchMethodError'{0x000000071860d208}: 'long java.lang.invoke.DirectMethodHandle$Holder.invokeSpecial(java.lang.Object, java.lang.Object)'> (0x000000071860d208) 
thrown [s\src\hotspot\share\interpreter\linkResolver.cpp, line 784]
Event: 0.857 Thread 0x000001a53e91fc80 Exception <a 'java/lang/NoSuchMethodError'{0x0000000718613f58}: 'java.lang.Object java.lang.invoke.Invokers$Holder.invokeExact_MT(java.lang.Object, java.lang.Object, java.lang.Object, java.lang.Object, java.lang.Object, java.lang.Object)'> (0x0000000718613f58) 
thrown [s\src\hotspot\share\interpreter\linkResolver.cpp, line 784]
Event: 1.005 Thread 0x000001a53e91fc80 Exception <a 'java/lang/NoSuchMethodError'{0x000000071842b1a8}: 'java.lang.Object java.lang.invoke.DirectMethodHandle$Holder.newInvokeSpecial(java.lang.Object, java.lang.Object, java.lang.Object, java.lang.Object, java.lang.Object)'> (0x000000071842b1a8) 
thrown [s\src\hotspot\share\interpreter\linkResolver.cpp, line 784]
Event: 1.083 Thread 0x000001a53e91fc80 Exception <a 'java/lang/NoSuchMethodError'{0x00000007185b4ed8}: 'java.lang.Object java.lang.invoke.DirectMethodHandle$Holder.invokeSpecial(java.lang.Object, java.lang.Object, java.lang.Object, java.lang.Object, int)'> (0x00000007185b4ed8) 
thrown [s\src\hotspot\share\interpreter\linkResolver.cpp, line 784]
Event: 1.084 Thread 0x000001a53e91fc80 Exception <a 'java/lang/NoSuchMethodError'{0x00000007185b8840}: 'java.lang.Object java.lang.invoke.Invokers$Holder.linkToTargetMethod(java.lang.Object, java.lang.Object, int, java.lang.Object)'> (0x00000007185b8840) 
thrown [s\src\hotspot\share\interpreter\linkResolver.cpp, line 784]
Event: 1.096 Thread 0x000001a53e91fc80 Exception <a 'java/lang/NoSuchMethodError'{0x00000007185e7610}: 'void java.lang.invoke.DirectMethodHandle$Holder.invokeSpecial(java.lang.Object, java.lang.Object, java.lang.Object)'> (0x00000007185e7610) 
thrown [s\src\hotspot\share\interpreter\linkResolver.cpp, line 784]
Event: 1.128 Thread 0x000001a5a3071250 Exception <a 'java/lang/NoSuchMethodError'{0x00000007187e7d48}: 'void java.lang.invoke.DirectMethodHandle$Holder.invokeStatic(java.lang.Object, java.lang.Object, int)'> (0x00000007187e7d48) 
thrown [s\src\hotspot\share\interpreter\linkResolver.cpp, line 784]
Event: 1.131 Thread 0x000001a53e91fc80 Exception <a 'java/lang/NoSuchMethodError'{0x00000007182772f0}: 'void java.lang.invoke.DirectMethodHandle$Holder.invokeSpecial(java.lang.Object, java.lang.Object, java.lang.Object, java.lang.Object, java.lang.Object)'> (0x00000007182772f0) 
thrown [s\src\hotspot\share\interpreter\linkResolver.cpp, line 784]
Event: 1.150 Thread 0x000001a5a3112760 Exception <a 'java/lang/NoSuchMethodError'{0x00000007183766c8}: 'void java.lang.invoke.DirectMethodHandle$Holder.invokeInterface(java.lang.Object, java.lang.Object, java.lang.Object)'> (0x00000007183766c8) 
thrown [s\src\hotspot\share\interpreter\linkResolver.cpp, line 784]

ZGC Phase Switch (0 events):
No events

VM Operations (10 events):
Event: 0.172 Executing VM operation: HandshakeAllThreads (Deoptimize)
Event: 0.172 Executing VM operation: HandshakeAllThreads (Deoptimize) done
Event: 0.184 Executing VM operation: HandshakeAllThreads (Deoptimize)
Event: 0.184 Executing VM operation: HandshakeAllThreads (Deoptimize) done
Event: 0.499 Executing VM operation: HandshakeAllThreads (Deoptimize)
Event: 0.499 Executing VM operation: HandshakeAllThreads (Deoptimize) done
Event: 1.132 Executing VM operation: HandshakeAllThreads (Deoptimize)
Event: 1.132 Executing VM operation: HandshakeAllThreads (Deoptimize) done
Event: 1.132 Executing VM operation: Cleanup
Event: 1.132 Executing VM operation: Cleanup done

Memory protections (0 events):
No events

Nmethod flushes (0 events):
No events

Events (20 events):
Event: 0.110 Thread 0x000001a53e91fc80 Thread added: 0x000001a55c1e5de0
Event: 0.110 Thread 0x000001a53e91fc80 Thread added: 0x000001a55c1e7560
Event: 0.111 Thread 0x000001a53e91fc80 Thread added: 0x000001a55c1f1220
Event: 0.111 Thread 0x000001a53e91fc80 Thread added: 0x000001a55c1f9920
Event: 0.111 Thread 0x000001a53e91fc80 Thread added: 0x000001a55c472440
Event: 0.132 Thread 0x000001a55c472440 Thread added: 0x000001a55c555d30
Event: 0.132 Thread 0x000001a55c472440 Thread added: 0x000001a55c5573f0
Event: 0.140 Thread 0x000001a53e91fc80 Thread added: 0x000001a55c5e48a0
Event: 0.151 Loaded shared library C:\Program Files\JetBrains\WebStorm 2025.2\jbr\bin\net.dll
Event: 0.157 Loaded shared library C:\Program Files\JetBrains\WebStorm 2025.2\jbr\bin\nio.dll
Event: 0.164 Loaded shared library C:\Program Files\JetBrains\WebStorm 2025.2\jbr\bin\zip.dll
Event: 0.274 Loaded shared library C:\Program Files\JetBrains\WebStorm 2025.2\jbr\bin\jimage.dll
Event: 0.292 Loaded shared library C:\Program Files\JetBrains\WebStorm 2025.2\jbr\bin\sunmscapi.dll
Event: 0.975 Loaded shared library C:\Program Files\JetBrains\WebStorm 2025.2\jbr\bin\extnet.dll
Event: 0.997 Thread 0x000001a53e91fc80 Thread added: 0x000001a5a3071250
Event: 1.142 Thread 0x000001a5a3071250 Thread added: 0x000001a5a3112760
Event: 1.159 Thread 0x000001a55c472440 Thread added: 0x000001a5a31174b0
Event: 1.183 Thread 0x000001a5a3071250 Thread added: 0x000001a5a3192420
Event: 1.233 Thread 0x000001a55c555d30 Thread added: 0x000001a5a30fe1a0
Event: 1.236 Thread 0x000001a55c5573f0 Thread added: 0x000001a5a3107020


Dynamic libraries:
0x00007ff662c80000 - 0x00007ff662c8a000 	C:\Program Files\JetBrains\WebStorm 2025.2\jbr\bin\java.exe
0x00007ffb48160000 - 0x00007ffb483c3000 	C:\WINDOWS\SYSTEM32\ntdll.dll
0x00007ffb46fc0000 - 0x00007ffb47088000 	C:\WINDOWS\System32\KERNEL32.DLL
0x00007ffb459c0000 - 0x00007ffb45d74000 	C:\WINDOWS\System32\KERNELBASE.dll
0x00007ffb3f1e0000 - 0x00007ffb3f27c000 	C:\WINDOWS\SYSTEM32\apphelp.dll
0x00007ffb457b0000 - 0x00007ffb458fb000 	C:\WINDOWS\System32\ucrtbase.dll
0x00007ffb164a0000 - 0x00007ffb164bb000 	C:\Program Files\JetBrains\WebStorm 2025.2\jbr\bin\VCRUNTIME140.dll
0x00007ffaf70a0000 - 0x00007ffaf70b8000 	C:\Program Files\JetBrains\WebStorm 2025.2\jbr\bin\jli.dll
0x00007ffb476c0000 - 0x00007ffb47889000 	C:\WINDOWS\System32\USER32.dll
0x00007ffb45510000 - 0x00007ffb45537000 	C:\WINDOWS\System32\win32u.dll
0x00007ffb30580000 - 0x00007ffb30810000 	C:\WINDOWS\WinSxS\amd64_microsoft.windows.common-controls_6595b64144ccf1df_6.0.26100.2702_none_3e069454e335fc5e\COMCTL32.dll
0x00007ffb480f0000 - 0x00007ffb4811a000 	C:\WINDOWS\System32\GDI32.dll
0x00007ffb470a0000 - 0x00007ffb47149000 	C:\WINDOWS\System32\msvcrt.dll
0x00007ffb45540000 - 0x00007ffb4566b000 	C:\WINDOWS\System32\gdi32full.dll
0x00007ffb45700000 - 0x00007ffb457a3000 	C:\WINDOWS\System32\msvcp_win.dll
0x00007ffb47480000 - 0x00007ffb474af000 	C:\WINDOWS\System32\IMM32.DLL
0x00007ffb2ee30000 - 0x00007ffb2ee3c000 	C:\Program Files\JetBrains\WebStorm 2025.2\jbr\bin\vcruntime140_1.dll
0x00007ffa9dec0000 - 0x00007ffa9df4d000 	C:\Program Files\JetBrains\WebStorm 2025.2\jbr\bin\msvcp140.dll
0x00007ffa58c70000 - 0x00007ffa59a34000 	C:\Program Files\JetBrains\WebStorm 2025.2\jbr\bin\server\jvm.dll
0x00007ffb47530000 - 0x00007ffb475e3000 	C:\WINDOWS\System32\ADVAPI32.dll
0x00007ffb46f10000 - 0x00007ffb46fb6000 	C:\WINDOWS\System32\sechost.dll
0x00007ffb47fd0000 - 0x00007ffb480e6000 	C:\WINDOWS\System32\RPCRT4.dll
0x00007ffb46d50000 - 0x00007ffb46dc4000 	C:\WINDOWS\System32\WS2_32.dll
0x00007ffb415d0000 - 0x00007ffb41606000 	C:\WINDOWS\SYSTEM32\WINMM.dll
0x00007ffb453a0000 - 0x00007ffb453ee000 	C:\WINDOWS\SYSTEM32\POWRPROF.dll
0x00007ffb3f960000 - 0x00007ffb3f96b000 	C:\WINDOWS\SYSTEM32\VERSION.dll
0x00007ffb45380000 - 0x00007ffb45394000 	C:\WINDOWS\SYSTEM32\UMPDC.dll
0x00007ffb445c0000 - 0x00007ffb445da000 	C:\WINDOWS\SYSTEM32\kernel.appcore.dll
0x00007ffb2b920000 - 0x00007ffb2b92a000 	C:\Program Files\JetBrains\WebStorm 2025.2\jbr\bin\jimage.dll
0x00007ffb40ff0000 - 0x00007ffb41231000 	C:\WINDOWS\SYSTEM32\DBGHELP.DLL
0x00007ffb463d0000 - 0x00007ffb4674e000 	C:\WINDOWS\System32\combase.dll
0x00007ffb46760000 - 0x00007ffb46836000 	C:\WINDOWS\System32\OLEAUT32.dll
0x00007ffb41540000 - 0x00007ffb41579000 	C:\WINDOWS\SYSTEM32\dbgcore.DLL
0x00007ffb45d80000 - 0x00007ffb45e19000 	C:\WINDOWS\System32\bcryptPrimitives.dll
0x00007ffaf9080000 - 0x00007ffaf90a0000 	C:\Program Files\JetBrains\WebStorm 2025.2\jbr\bin\java.dll
0x00007ffb47890000 - 0x00007ffb47f94000 	C:\WINDOWS\System32\SHELL32.dll
0x00007ffb43180000 - 0x00007ffb439b7000 	C:\WINDOWS\SYSTEM32\windows.storage.dll
0x00007ffb46dd0000 - 0x00007ffb46eb9000 	C:\WINDOWS\System32\SHCORE.dll
0x00007ffb46860000 - 0x00007ffb468bd000 	C:\WINDOWS\System32\shlwapi.dll
0x00007ffb45420000 - 0x00007ffb4544e000 	C:\WINDOWS\SYSTEM32\profapi.dll
0x00007ffb162d0000 - 0x00007ffb162e0000 	C:\Program Files\JetBrains\WebStorm 2025.2\jbr\bin\net.dll
0x00007ffb3f5e0000 - 0x00007ffb3f706000 	C:\WINDOWS\SYSTEM32\WINHTTP.dll
0x00007ffb447f0000 - 0x00007ffb44858000 	C:\WINDOWS\system32\mswsock.dll
0x00007ffacba50000 - 0x00007ffacba66000 	C:\Program Files\JetBrains\WebStorm 2025.2\jbr\bin\nio.dll
0x00007ffaf3380000 - 0x00007ffaf3398000 	C:\Program Files\JetBrains\WebStorm 2025.2\jbr\bin\zip.dll
0x00007ffb11a60000 - 0x00007ffb11a6e000 	C:\Program Files\JetBrains\WebStorm 2025.2\jbr\bin\sunmscapi.dll
0x00007ffb45e20000 - 0x00007ffb45f96000 	C:\WINDOWS\System32\CRYPT32.dll
0x00007ffb44cf0000 - 0x00007ffb44d20000 	C:\WINDOWS\SYSTEM32\ncrypt.dll
0x00007ffb44ca0000 - 0x00007ffb44cdf000 	C:\WINDOWS\SYSTEM32\NTASN1.dll
0x00007ffb44ba0000 - 0x00007ffb44bbc000 	C:\WINDOWS\SYSTEM32\CRYPTSP.dll
0x00007ffb44240000 - 0x00007ffb44278000 	C:\WINDOWS\system32\rsaenh.dll
0x00007ffb44890000 - 0x00007ffb448bb000 	C:\WINDOWS\SYSTEM32\USERENV.dll
0x00007ffb44d30000 - 0x00007ffb44d56000 	C:\WINDOWS\SYSTEM32\bcrypt.dll
0x00007ffb44a20000 - 0x00007ffb44a2c000 	C:\WINDOWS\SYSTEM32\CRYPTBASE.dll
0x00007ffb43d20000 - 0x00007ffb43d52000 	C:\WINDOWS\SYSTEM32\IPHLPAPI.DLL
0x00007ffb474c0000 - 0x00007ffb474ca000 	C:\WINDOWS\System32\NSI.dll
0x00007ffb1bb50000 - 0x00007ffb1bb58000 	C:\WINDOWS\system32\wshunix.dll
0x00007ffaf7140000 - 0x00007ffaf7149000 	C:\Program Files\JetBrains\WebStorm 2025.2\jbr\bin\extnet.dll

dbghelp: loaded successfully - version: 4.0.5 - missing functions: none
symbol engine: initialized successfully - sym options: 0x614 - pdb path: .;C:\Program Files\JetBrains\WebStorm 2025.2\jbr\bin;C:\WINDOWS\SYSTEM32;C:\WINDOWS\WinSxS\amd64_microsoft.windows.common-controls_6595b64144ccf1df_6.0.26100.2702_none_3e069454e335fc5e;C:\Program Files\JetBrains\WebStorm 2025.2\jbr\bin\server

VM Arguments:
java_command: git4idea.http.GitAskPassApp Username for 'https://github.com': 
java_class_path (initial): C:/Program Files/JetBrains/WebStorm 2025.2/plugins/vcs-git/lib/git4idea-rt.jar;C:/Program Files/JetBrains/WebStorm 2025.2/lib/externalProcess-rt.jar
Launcher Type: SUN_STANDARD

[Global flags]
     intx CICompilerCount                          = 12                                        {product} {ergonomic}
     uint ConcGCThreads                            = 3                                         {product} {ergonomic}
     uint G1ConcRefinementThreads                  = 13                                        {product} {ergonomic}
   size_t G1HeapRegionSize                         = 2097152                                   {product} {ergonomic}
    uintx GCDrainStackTargetSize                   = 64                                        {product} {ergonomic}
   size_t InitialHeapSize                          = 260046848                                 {product} {ergonomic}
   size_t MarkStackSize                            = 4194304                                   {product} {ergonomic}
   size_t MaxHeapSize                              = 4135583744                                {product} {ergonomic}
   size_t MaxNewSize                               = 2480930816                                {product} {ergonomic}
   size_t MinHeapDeltaBytes                        = 2097152                                   {product} {ergonomic}
   size_t MinHeapSize                              = 8388608                                   {product} {ergonomic}
    uintx NonNMethodCodeHeapSize                   = 7602480                                {pd product} {ergonomic}
    uintx NonProfiledCodeHeapSize                  = 122027880                              {pd product} {ergonomic}
    uintx ProfiledCodeHeapSize                     = 122027880                              {pd product} {ergonomic}
    uintx ReservedCodeCacheSize                    = 251658240                              {pd product} {ergonomic}
     bool SegmentedCodeCache                       = true                                      {product} {ergonomic}
   size_t SoftMaxHeapSize                          = 4135583744                             {manageable} {ergonomic}
     bool UseCompressedOops                        = true                           {product lp64_product} {ergonomic}
     bool UseG1GC                                  = true                                      {product} {ergonomic}
     bool UseLargePagesIndividualAllocation        = false                                  {pd product} {ergonomic}

Logging:
Log output configuration:
 #0: stdout all=warning uptime,level,tags foldmultilines=false
 #1: stderr all=off uptime,level,tags foldmultilines=false

Environment Variables:
JAVA_HOME=C:\Program Files\Eclipse Foundation\jdk-8.0.302.8-hotspot
PATH=C:/Program Files/Git/mingw64/libexec/git-core;C:/Program Files/Git/mingw64/libexec/git-core;C:\Program Files\Git\mingw64\bin;C:\Program Files\Git\usr\bin;C:\Users\ISPROJ\bin;C:\Program Files (x86)\VMware\VMware Player\bin\;C:\Ruby32-x64\bin;C:\Program Files (x86)\Microsoft SDKs\Azure\CLI2\wbin;C:\Program Files\Common Files\Oracle\Java\javapath;C:\Program Files (x86)\Common Files\Oracle\Java\javapath;C:\Program Files\Microsoft\jdk-11.0.16.101-hotspot\bin;C:\WINDOWS\system32;C:\WINDOWS;C:\WINDOWS\System32\Wbem;C:\WINDOWS\System32\WindowsPowerShell\v1.0\;C:\WINDOWS\System32\OpenSSH\;C:\Program Files (x86)\Microsoft SQL Server\160\Tools\Binn\;C:\Program Files\Microsoft SQL Server\160\Tools\Binn\;C:\Program Files\Microsoft SQL Server\Client SDK\ODBC\170\Tools\Binn\;C:\Program Files\Microsoft SQL Server\160\DTS\Binn\;C:\Program Files (x86)\Microsoft SQL Server\160\DTS\Binn\;C:\Program Files\Azure Data Studio\bin;C:\Program Files\Microsoft SQL Server\150\Tools\Binn\;C:\Program Files\dotnet\;C:\Program Files\Microsoft SQL Server\130\Tools\Binn\;C:\Program Files\nodejs;C:\Program Files\Microsoft VS Code\bin;C:\Users\Bytex\Documents\flutter_windows_3.13.9-stable\flutter\bin;C:\ProgramData\chocolatey\bin;C:\Program Files\SDelete;C:\gradle-8.1.1-all\gradle-8.1.1\bin;C:\Users\AlphaChain\AppData\Roaming\npm;C:\Users\puyan\AppData\Local\Packages\PythonSoftwareFoundation.Python.3.11_qbz5n2kfra8p0\LocalCache\local-packages\Python311\Scripts;C:\Users\puyan\OneDrive\Documents\flutter\bin;C:\xampp\php;C:\Program Files\nodejs\;C:\Users\Bytex\.cargo\bin;C:\Users\Bytex\Downloads\aircrack-ng-1.7-win\aircrack-ng-1.7-win\bin;C:\Users\Bytex\.avm\bin;C:\Users\Bytex\AppData\Local\Pub\Cache\bin;C:\Users\Bytex\AppData\Roaming\npm;C:\xmpp\php;C:\Program Files\CMake\bin;C:\flutter\bin;C:\Users\Devcrafts\AppData\Roaming\npm;C:\Users\Devcrafts\AppData\Local\Pub\Cache\bin;C:\Program Files (x86)\Incredibuild;C:\Users\AlphaChain\AppData\Local\Programs\Python\Python312\Scripts;C:\kotlinc\bin;C:\ProgramData\ComposerSetup\bin;C:\Program Files\Go\bin;C:\Program Files\Git\cmd;C:\Users\ISPROJ\.config\herd\bin;C:\Users\ISPROJ\AppData\Local\Programs\Python\Python313\Scripts\;C:\Users\ISPROJ\AppData\Local\Programs\Python\Python313\;C:\Program Files\MySQL\MySQL Shell 8.0\bin\;C:\Users\ISPROJ\.config\herd-lite\bin;C:\Users\ISPROJ\AppData\Local\pnpm;C:\Users\ISPROJ\Documents\flutter\bin;C:\Users\ISPROJ\AppData\Local\Microsoft\WindowsApps;C:\Users\ISPROJ\.dotnet\tools;C:\Users\ISPROJ\AppData\Roaming\Composer\vendor\bin;C:\Users\ISPROJ\AppData\Roaming\Composer\vendor\bin;C:\Program Files\JetBrains\WebStorm 2025.2\bin;C:\Users\ISPROJ\go\bin;C:\Users\ISPROJ\AppData\Roaming\npm\node_modules\serverless;C:\Users\ISPROJ\AppData\Roaming\npm;C:\ffmpeg-7.1.1-essentials_build\ffmpeg-7.1.1-essentials_build\bin
USERNAME=ISPROJ
DISPLAY=:0.0
LC_ALL=en_US.UTF-8
TERM=xterm-256color
TMPDIR=C:\Users\ISPROJ\AppData\Local\Temp
OS=Windows_NT
PROCESSOR_IDENTIFIER=AMD64 Family 25 Model 80 Stepping 0, AuthenticAMD
TMP=C:\Users\ISPROJ\AppData\Local\Temp
TEMP=C:\Users\ISPROJ\AppData\Local\Temp




Periodic native trim disabled

JNI global refs:
JNI global refs: 27, weak refs: 3

JNI global refs memory usage: 835, weak refs: 833

Process memory usage:
Resident Set Size: 84316K (0% of 16153752K total physical memory with 1642032K free physical memory)

OOME stack traces (most recent first):
Classloader memory used:
Loader jdk.internal.loader.ClassLoaders$PlatformClassLoader                            : 1633K
Loader bootstrap                                                                       : 1464K
Loader jdk.internal.loader.ClassLoaders$AppClassLoader                                 : 25616B

---------------  S Y S T E M  ---------------

OS:
 Windows 11 , 64 bit Build 26100 (10.0.26100.2702)
OS uptime: 0 days 4:31 hours
Hyper-V role detected

CPU: total 16 (initial active 16) (16 cores per cpu, 2 threads per core) family 25 model 80 stepping 0 microcode 0xa50000c, cx8, cmov, fxsr, ht, mmx, 3dnowpref, sse, sse2, sse3, ssse3, sse4a, sse4.1, sse4.2, popcnt, lzcnt, tsc, tscinvbit, avx, avx2, aes, erms, clmul, bmi1, bmi2, adx, sha, fma, vzeroupper, clflush, clflushopt, hv, rdtscp, rdpid, fsrm, f16c, cet_ss
Processor Information for the first 16 processors :
  Max Mhz: 3301, Current Mhz: 2003, Mhz Limit: 3301

Memory: 4k page, system-wide physical 15775M (1603M free)
TotalPageFile size 33348M (AvailPageFile size 1M)
current process WorkingSet (physical memory assigned to process): 82M, peak: 82M
current process commit charge ("private bytes"): 368M, peak: 369M

vm_info: OpenJDK 64-Bit Server VM (21.0.7+6-b1038.58) for windows-amd64 JRE (21.0.7+6-b1038.58), built on 2025-07-07 by "builduser" with MS VC++ 16.10 / 16.11 (VS2019)

END.
