#
# There is insufficient memory for the Java Runtime Environment to continue.
# Native memory allocation (malloc) failed to allocate 1351872 bytes. Error detail: Chunk::new
# Possible reasons:
#   The system is out of physical RAM or swap space
#   This process is running with CompressedOops enabled, and the Java Heap may be blocking the growth of the native heap
# Possible solutions:
#   Reduce memory load on the system
#   Increase physical memory or swap space
#   Check if swap backing store is full
#   Decrease Java heap size (-Xmx/-Xms)
#   Decrease number of Java threads
#   Decrease Java thread stack sizes (-Xss)
#   Set larger code cache with -XX:ReservedCodeCacheSize=
#   JVM is running with Zero Based Compressed Oops mode in which the Java heap is
#     placed in the first 32GB address space. The Java Heap base address is the
#     maximum limit for the native heap growth. Please use -XX:HeapBaseMinAddress
#     to set the Java Heap base and to place the Java Heap above 32GB virtual address.
# This output file may be truncated or incomplete.
#
#  Out of Memory Error (arena.cpp:168), pid=32956, tid=41752
#
# JRE version: OpenJDK Runtime Environment JBR-21.0.7+6-1038.58-jcef (21.0.7+6) (build 21.0.7+6-b1038.58)
# Java VM: OpenJDK 64-Bit Server VM JBR-21.0.7+6-1038.58-jcef (21.0.7+6-b1038.58, mixed mode, tiered, compressed oops, compressed class ptrs, g1 gc, windows-amd64)
# No core dump will be written. Minidumps are not enabled by default on client versions of Windows
#

---------------  S U M M A R Y ------------

Command Line: git4idea.http.GitAskPassApp Username for 'https://github.com': 

Host: AMD Ryzen 9 5900HS with Radeon Graphics        , 16 cores, 15G,  Windows 11 , 64 bit Build 26100 (10.0.26100.2702)
Time: Sat Nov 29 12:57:55 2025 Malay Peninsula Standard Time elapsed time: 1.319118 seconds (0d 0h 0m 1s)

---------------  T H R E A D  ---------------

Current thread (0x000001c59199b380):  JavaThread "C2 CompilerThread2" daemon [_thread_in_native, id=41752, stack(0x00000016f9400000,0x00000016f9500000) (1024K)]


Current CompileTask:
C2:1319 1181       4       sun.security.ec.ECOperations::setDouble (463 bytes)

Stack: [0x00000016f9400000,0x00000016f9500000]
Native frames: (J=compiled Java code, j=interpreted, Vv=VM code, C=native code)
V  [jvm.dll+0x6e7c19]
V  [jvm.dll+0x8c5f53]
V  [jvm.dll+0x8c84ae]
V  [jvm.dll+0x8c8b93]
V  [jvm.dll+0x2899e6]
V  [jvm.dll+0xc679d]
V  [jvm.dll+0xc6cd3]
V  [jvm.dll+0x3c526b]
V  [jvm.dll+0x390e17]
V  [jvm.dll+0x39028a]
V  [jvm.dll+0x2509b2]
V  [jvm.dll+0x24ff81]
V  [jvm.dll+0x1cd774]
V  [jvm.dll+0x25f80c]
V  [jvm.dll+0x25dd56]
V  [jvm.dll+0x4005d6]
V  [jvm.dll+0x86dab8]
V  [jvm.dll+0x6e639d]
C  [ucrtbase.dll+0x14ea0]
C  [KERNEL32.DLL+0x2e8d7]
C  [ntdll.dll+0xdf36c]


---------------  P R O C E S S  ---------------

Threads class SMR info:
_java_thread_list=0x000001c59181cee0, length=19, elements={
0x000001c5f54b1660, 0x000001c5911945c0, 0x000001c5911ca170, 0x000001c5911cabd0,
0x000001c5911cbff0, 0x000001c5911cca50, 0x000001c5911cf9b0, 0x000001c5911d0410,
0x000001c5911d5c40, 0x000001c5911f02f0, 0x000001c591333e70, 0x000001c5913a51b0,
0x000001c591648120, 0x000001c5918f5220, 0x000001c591985af0, 0x000001c591a25910,
0x000001c591995370, 0x000001c59199b380, 0x000001c5919b1000
}

Java Threads: ( => current thread )
  0x000001c5f54b1660 JavaThread "main"                              [_thread_blocked, id=27400, stack(0x00000016f7b00000,0x00000016f7c00000) (1024K)]
  0x000001c5911945c0 JavaThread "Common-Cleaner"             daemon [_thread_blocked, id=44616, stack(0x00000016f8300000,0x00000016f8400000) (1024K)]
  0x000001c5911ca170 JavaThread "Reference Handler"          daemon [_thread_blocked, id=45244, stack(0x00000016f8400000,0x00000016f8500000) (1024K)]
  0x000001c5911cabd0 JavaThread "Finalizer"                  daemon [_thread_blocked, id=38220, stack(0x00000016f8500000,0x00000016f8600000) (1024K)]
  0x000001c5911cbff0 JavaThread "Signal Dispatcher"          daemon [_thread_blocked, id=44816, stack(0x00000016f8600000,0x00000016f8700000) (1024K)]
  0x000001c5911cca50 JavaThread "Attach Listener"            daemon [_thread_blocked, id=20216, stack(0x00000016f8700000,0x00000016f8800000) (1024K)]
  0x000001c5911cf9b0 JavaThread "Service Thread"             daemon [_thread_blocked, id=43128, stack(0x00000016f8800000,0x00000016f8900000) (1024K)]
  0x000001c5911d0410 JavaThread "Monitor Deflation Thread"   daemon [_thread_blocked, id=38036, stack(0x00000016f8900000,0x00000016f8a00000) (1024K)]
  0x000001c5911d5c40 JavaThread "C2 CompilerThread0"         daemon [_thread_blocked, id=40356, stack(0x00000016f8a00000,0x00000016f8b00000) (1024K)]
  0x000001c5911f02f0 JavaThread "C1 CompilerThread0"         daemon [_thread_blocked, id=15504, stack(0x00000016f8b00000,0x00000016f8c00000) (1024K)]
  0x000001c591333e70 JavaThread "C1 CompilerThread1"         daemon [_thread_blocked, id=17320, stack(0x00000016f8c00000,0x00000016f8d00000) (1024K)]
  0x000001c5913a51b0 JavaThread "Notification Thread"        daemon [_thread_blocked, id=33680, stack(0x00000016f8d00000,0x00000016f8e00000) (1024K)]
  0x000001c591648120 JavaThread "C1 CompilerThread2"         daemon [_thread_blocked, id=39276, stack(0x00000016f8e00000,0x00000016f8f00000) (1024K)]
  0x000001c5918f5220 JavaThread "HttpClient-1-SelectorManager" daemon [_thread_in_native, id=20668, stack(0x00000016f8f00000,0x00000016f9000000) (1024K)]
  0x000001c591985af0 JavaThread "HttpClient-1-Worker-0"      daemon [_thread_blocked, id=39248, stack(0x00000016f9100000,0x00000016f9200000) (1024K)]
  0x000001c591a25910 JavaThread "HttpClient-1-Worker-1"      daemon [_thread_blocked, id=37048, stack(0x00000016f9200000,0x00000016f9300000) (1024K)]
  0x000001c591995370 JavaThread "C2 CompilerThread1"         daemon [_thread_blocked, id=38256, stack(0x00000016f9300000,0x00000016f9400000) (1024K)]
=>0x000001c59199b380 JavaThread "C2 CompilerThread2"         daemon [_thread_in_native, id=41752, stack(0x00000016f9400000,0x00000016f9500000) (1024K)]
  0x000001c5919b1000 JavaThread "C2 CompilerThread3"         daemon [_thread_blocked, id=42580, stack(0x00000016f9500000,0x00000016f9600000) (1024K)]
Total: 19

Other Threads:
  0x000001c59116ab10 VMThread "VM Thread"                           [id=38212, stack(0x00000016f8200000,0x00000016f8300000) (1024K)]
  0x000001c5ff8eb8d0 WatcherThread "VM Periodic Task Thread"        [id=41092, stack(0x00000016f8100000,0x00000016f8200000) (1024K)]
  0x000001c5f55114b0 WorkerThread "GC Thread#0"                     [id=37372, stack(0x00000016f7c00000,0x00000016f7d00000) (1024K)]
  0x000001c5f55248a0 ConcurrentGCThread "G1 Main Marker"            [id=7760, stack(0x00000016f7d00000,0x00000016f7e00000) (1024K)]
  0x000001c5f5527a60 WorkerThread "G1 Conc#0"                       [id=38168, stack(0x00000016f7e00000,0x00000016f7f00000) (1024K)]
  0x000001c5ff7b9820 ConcurrentGCThread "G1 Refine#0"               [id=38948, stack(0x00000016f7f00000,0x00000016f8000000) (1024K)]
  0x000001c5ff7ba130 ConcurrentGCThread "G1 Service"                [id=43620, stack(0x00000016f8000000,0x00000016f8100000) (1024K)]
Total: 7

Threads with active compile tasks:
C2 CompilerThread2  1396 1181       4       sun.security.ec.ECOperations::setDouble (463 bytes)
Total: 1

VM state: not at safepoint (normal execution)

VM Mutex/Monitor currently owned by a thread: None

Heap address: 0x0000000709800000, size: 3944 MB, Compressed Oops mode: Zero based, Oop shift amount: 3

CDS archive(s) not mapped
Compressed class space mapped at: 0x0000000800000000-0x0000000840000000, reserved size: 1073741824
Narrow klass base: 0x0000000800000000, Narrow klass shift: 0, Narrow klass range: 0x40000000

GC Precious Log:
 CardTable entry size: 512
 Card Set container configuration: InlinePtr #cards 4 size 8 Array Of Cards #cards 16 size 48 Howl #buckets 8 coarsen threshold 3686 Howl Bitmap #cards 512 size 80 coarsen threshold 460 Card regions per heap region 1 cards per card region 4096
 CPUs: 16 total, 16 available
 Memory: 15775M
 Large Page Support: Disabled
 NUMA Support: Disabled
 Compressed Oops: Enabled (Zero based)
 Heap Region Size: 2M
 Heap Min Capacity: 8M
 Heap Initial Capacity: 248M
 Heap Max Capacity: 3944M
 Pre-touch: Disabled
 Parallel Workers: 13
 Concurrent Workers: 3
 Concurrent Refinement Workers: 13
 Periodic GC: Disabled

Heap:
 garbage-first heap   total 253952K, used 16384K [0x0000000709800000, 0x0000000800000000)
  region size 2048K, 9 young (18432K), 0 survivors (0K)
 Metaspace       used 18344K, committed 18560K, reserved 1114112K
  class space    used 1832K, committed 1920K, reserved 1048576K

Heap Regions: E=young(eden), S=young(survivor), O=old, HS=humongous(starts), HC=humongous(continues), CS=collection set, F=free, TAMS=top-at-mark-start, PB=parsable bottom
|   0|0x0000000709800000, 0x0000000709800000, 0x0000000709a00000|  0%| F|  |TAMS 0x0000000709800000| PB 0x0000000709800000| Untracked 
|   1|0x0000000709a00000, 0x0000000709a00000, 0x0000000709c00000|  0%| F|  |TAMS 0x0000000709a00000| PB 0x0000000709a00000| Untracked 
|   2|0x0000000709c00000, 0x0000000709c00000, 0x0000000709e00000|  0%| F|  |TAMS 0x0000000709c00000| PB 0x0000000709c00000| Untracked 
|   3|0x0000000709e00000, 0x0000000709e00000, 0x000000070a000000|  0%| F|  |TAMS 0x0000000709e00000| PB 0x0000000709e00000| Untracked 
|   4|0x000000070a000000, 0x000000070a000000, 0x000000070a200000|  0%| F|  |TAMS 0x000000070a000000| PB 0x000000070a000000| Untracked 
|   5|0x000000070a200000, 0x000000070a200000, 0x000000070a400000|  0%| F|  |TAMS 0x000000070a200000| PB 0x000000070a200000| Untracked 
|   6|0x000000070a400000, 0x000000070a400000, 0x000000070a600000|  0%| F|  |TAMS 0x000000070a400000| PB 0x000000070a400000| Untracked 
|   7|0x000000070a600000, 0x000000070a600000, 0x000000070a800000|  0%| F|  |TAMS 0x000000070a600000| PB 0x000000070a600000| Untracked 
|   8|0x000000070a800000, 0x000000070a800000, 0x000000070aa00000|  0%| F|  |TAMS 0x000000070a800000| PB 0x000000070a800000| Untracked 
|   9|0x000000070aa00000, 0x000000070aa00000, 0x000000070ac00000|  0%| F|  |TAMS 0x000000070aa00000| PB 0x000000070aa00000| Untracked 
|  10|0x000000070ac00000, 0x000000070ac00000, 0x000000070ae00000|  0%| F|  |TAMS 0x000000070ac00000| PB 0x000000070ac00000| Untracked 
|  11|0x000000070ae00000, 0x000000070ae00000, 0x000000070b000000|  0%| F|  |TAMS 0x000000070ae00000| PB 0x000000070ae00000| Untracked 
|  12|0x000000070b000000, 0x000000070b000000, 0x000000070b200000|  0%| F|  |TAMS 0x000000070b000000| PB 0x000000070b000000| Untracked 
|  13|0x000000070b200000, 0x000000070b200000, 0x000000070b400000|  0%| F|  |TAMS 0x000000070b200000| PB 0x000000070b200000| Untracked 
|  14|0x000000070b400000, 0x000000070b400000, 0x000000070b600000|  0%| F|  |TAMS 0x000000070b400000| PB 0x000000070b400000| Untracked 
|  15|0x000000070b600000, 0x000000070b600000, 0x000000070b800000|  0%| F|  |TAMS 0x000000070b600000| PB 0x000000070b600000| Untracked 
|  16|0x000000070b800000, 0x000000070b800000, 0x000000070ba00000|  0%| F|  |TAMS 0x000000070b800000| PB 0x000000070b800000| Untracked 
|  17|0x000000070ba00000, 0x000000070ba00000, 0x000000070bc00000|  0%| F|  |TAMS 0x000000070ba00000| PB 0x000000070ba00000| Untracked 
|  18|0x000000070bc00000, 0x000000070bc00000, 0x000000070be00000|  0%| F|  |TAMS 0x000000070bc00000| PB 0x000000070bc00000| Untracked 
|  19|0x000000070be00000, 0x000000070be00000, 0x000000070c000000|  0%| F|  |TAMS 0x000000070be00000| PB 0x000000070be00000| Untracked 
|  20|0x000000070c000000, 0x000000070c000000, 0x000000070c200000|  0%| F|  |TAMS 0x000000070c000000| PB 0x000000070c000000| Untracked 
|  21|0x000000070c200000, 0x000000070c200000, 0x000000070c400000|  0%| F|  |TAMS 0x000000070c200000| PB 0x000000070c200000| Untracked 
|  22|0x000000070c400000, 0x000000070c400000, 0x000000070c600000|  0%| F|  |TAMS 0x000000070c400000| PB 0x000000070c400000| Untracked 
|  23|0x000000070c600000, 0x000000070c600000, 0x000000070c800000|  0%| F|  |TAMS 0x000000070c600000| PB 0x000000070c600000| Untracked 
|  24|0x000000070c800000, 0x000000070c800000, 0x000000070ca00000|  0%| F|  |TAMS 0x000000070c800000| PB 0x000000070c800000| Untracked 
|  25|0x000000070ca00000, 0x000000070ca00000, 0x000000070cc00000|  0%| F|  |TAMS 0x000000070ca00000| PB 0x000000070ca00000| Untracked 
|  26|0x000000070cc00000, 0x000000070cc00000, 0x000000070ce00000|  0%| F|  |TAMS 0x000000070cc00000| PB 0x000000070cc00000| Untracked 
|  27|0x000000070ce00000, 0x000000070ce00000, 0x000000070d000000|  0%| F|  |TAMS 0x000000070ce00000| PB 0x000000070ce00000| Untracked 
|  28|0x000000070d000000, 0x000000070d000000, 0x000000070d200000|  0%| F|  |TAMS 0x000000070d000000| PB 0x000000070d000000| Untracked 
|  29|0x000000070d200000, 0x000000070d200000, 0x000000070d400000|  0%| F|  |TAMS 0x000000070d200000| PB 0x000000070d200000| Untracked 
|  30|0x000000070d400000, 0x000000070d400000, 0x000000070d600000|  0%| F|  |TAMS 0x000000070d400000| PB 0x000000070d400000| Untracked 
|  31|0x000000070d600000, 0x000000070d600000, 0x000000070d800000|  0%| F|  |TAMS 0x000000070d600000| PB 0x000000070d600000| Untracked 
|  32|0x000000070d800000, 0x000000070d800000, 0x000000070da00000|  0%| F|  |TAMS 0x000000070d800000| PB 0x000000070d800000| Untracked 
|  33|0x000000070da00000, 0x000000070da00000, 0x000000070dc00000|  0%| F|  |TAMS 0x000000070da00000| PB 0x000000070da00000| Untracked 
|  34|0x000000070dc00000, 0x000000070dc00000, 0x000000070de00000|  0%| F|  |TAMS 0x000000070dc00000| PB 0x000000070dc00000| Untracked 
|  35|0x000000070de00000, 0x000000070de00000, 0x000000070e000000|  0%| F|  |TAMS 0x000000070de00000| PB 0x000000070de00000| Untracked 
|  36|0x000000070e000000, 0x000000070e000000, 0x000000070e200000|  0%| F|  |TAMS 0x000000070e000000| PB 0x000000070e000000| Untracked 
|  37|0x000000070e200000, 0x000000070e200000, 0x000000070e400000|  0%| F|  |TAMS 0x000000070e200000| PB 0x000000070e200000| Untracked 
|  38|0x000000070e400000, 0x000000070e400000, 0x000000070e600000|  0%| F|  |TAMS 0x000000070e400000| PB 0x000000070e400000| Untracked 
|  39|0x000000070e600000, 0x000000070e600000, 0x000000070e800000|  0%| F|  |TAMS 0x000000070e600000| PB 0x000000070e600000| Untracked 
|  40|0x000000070e800000, 0x000000070e800000, 0x000000070ea00000|  0%| F|  |TAMS 0x000000070e800000| PB 0x000000070e800000| Untracked 
|  41|0x000000070ea00000, 0x000000070ea00000, 0x000000070ec00000|  0%| F|  |TAMS 0x000000070ea00000| PB 0x000000070ea00000| Untracked 
|  42|0x000000070ec00000, 0x000000070ec00000, 0x000000070ee00000|  0%| F|  |TAMS 0x000000070ec00000| PB 0x000000070ec00000| Untracked 
|  43|0x000000070ee00000, 0x000000070ee00000, 0x000000070f000000|  0%| F|  |TAMS 0x000000070ee00000| PB 0x000000070ee00000| Untracked 
|  44|0x000000070f000000, 0x000000070f000000, 0x000000070f200000|  0%| F|  |TAMS 0x000000070f000000| PB 0x000000070f000000| Untracked 
|  45|0x000000070f200000, 0x000000070f200000, 0x000000070f400000|  0%| F|  |TAMS 0x000000070f200000| PB 0x000000070f200000| Untracked 
|  46|0x000000070f400000, 0x000000070f400000, 0x000000070f600000|  0%| F|  |TAMS 0x000000070f400000| PB 0x000000070f400000| Untracked 
|  47|0x000000070f600000, 0x000000070f600000, 0x000000070f800000|  0%| F|  |TAMS 0x000000070f600000| PB 0x000000070f600000| Untracked 
|  48|0x000000070f800000, 0x000000070f800000, 0x000000070fa00000|  0%| F|  |TAMS 0x000000070f800000| PB 0x000000070f800000| Untracked 
|  49|0x000000070fa00000, 0x000000070fa00000, 0x000000070fc00000|  0%| F|  |TAMS 0x000000070fa00000| PB 0x000000070fa00000| Untracked 
|  50|0x000000070fc00000, 0x000000070fc00000, 0x000000070fe00000|  0%| F|  |TAMS 0x000000070fc00000| PB 0x000000070fc00000| Untracked 
|  51|0x000000070fe00000, 0x000000070fe00000, 0x0000000710000000|  0%| F|  |TAMS 0x000000070fe00000| PB 0x000000070fe00000| Untracked 
|  52|0x0000000710000000, 0x0000000710000000, 0x0000000710200000|  0%| F|  |TAMS 0x0000000710000000| PB 0x0000000710000000| Untracked 
|  53|0x0000000710200000, 0x0000000710200000, 0x0000000710400000|  0%| F|  |TAMS 0x0000000710200000| PB 0x0000000710200000| Untracked 
|  54|0x0000000710400000, 0x0000000710400000, 0x0000000710600000|  0%| F|  |TAMS 0x0000000710400000| PB 0x0000000710400000| Untracked 
|  55|0x0000000710600000, 0x0000000710600000, 0x0000000710800000|  0%| F|  |TAMS 0x0000000710600000| PB 0x0000000710600000| Untracked 
|  56|0x0000000710800000, 0x0000000710800000, 0x0000000710a00000|  0%| F|  |TAMS 0x0000000710800000| PB 0x0000000710800000| Untracked 
|  57|0x0000000710a00000, 0x0000000710a00000, 0x0000000710c00000|  0%| F|  |TAMS 0x0000000710a00000| PB 0x0000000710a00000| Untracked 
|  58|0x0000000710c00000, 0x0000000710c00000, 0x0000000710e00000|  0%| F|  |TAMS 0x0000000710c00000| PB 0x0000000710c00000| Untracked 
|  59|0x0000000710e00000, 0x0000000710e00000, 0x0000000711000000|  0%| F|  |TAMS 0x0000000710e00000| PB 0x0000000710e00000| Untracked 
|  60|0x0000000711000000, 0x0000000711000000, 0x0000000711200000|  0%| F|  |TAMS 0x0000000711000000| PB 0x0000000711000000| Untracked 
|  61|0x0000000711200000, 0x0000000711200000, 0x0000000711400000|  0%| F|  |TAMS 0x0000000711200000| PB 0x0000000711200000| Untracked 
|  62|0x0000000711400000, 0x0000000711400000, 0x0000000711600000|  0%| F|  |TAMS 0x0000000711400000| PB 0x0000000711400000| Untracked 
|  63|0x0000000711600000, 0x0000000711600000, 0x0000000711800000|  0%| F|  |TAMS 0x0000000711600000| PB 0x0000000711600000| Untracked 
|  64|0x0000000711800000, 0x0000000711800000, 0x0000000711a00000|  0%| F|  |TAMS 0x0000000711800000| PB 0x0000000711800000| Untracked 
|  65|0x0000000711a00000, 0x0000000711a00000, 0x0000000711c00000|  0%| F|  |TAMS 0x0000000711a00000| PB 0x0000000711a00000| Untracked 
|  66|0x0000000711c00000, 0x0000000711c00000, 0x0000000711e00000|  0%| F|  |TAMS 0x0000000711c00000| PB 0x0000000711c00000| Untracked 
|  67|0x0000000711e00000, 0x0000000711e00000, 0x0000000712000000|  0%| F|  |TAMS 0x0000000711e00000| PB 0x0000000711e00000| Untracked 
|  68|0x0000000712000000, 0x0000000712000000, 0x0000000712200000|  0%| F|  |TAMS 0x0000000712000000| PB 0x0000000712000000| Untracked 
|  69|0x0000000712200000, 0x0000000712200000, 0x0000000712400000|  0%| F|  |TAMS 0x0000000712200000| PB 0x0000000712200000| Untracked 
|  70|0x0000000712400000, 0x0000000712400000, 0x0000000712600000|  0%| F|  |TAMS 0x0000000712400000| PB 0x0000000712400000| Untracked 
|  71|0x0000000712600000, 0x0000000712600000, 0x0000000712800000|  0%| F|  |TAMS 0x0000000712600000| PB 0x0000000712600000| Untracked 
|  72|0x0000000712800000, 0x0000000712800000, 0x0000000712a00000|  0%| F|  |TAMS 0x0000000712800000| PB 0x0000000712800000| Untracked 
|  73|0x0000000712a00000, 0x0000000712a00000, 0x0000000712c00000|  0%| F|  |TAMS 0x0000000712a00000| PB 0x0000000712a00000| Untracked 
|  74|0x0000000712c00000, 0x0000000712c00000, 0x0000000712e00000|  0%| F|  |TAMS 0x0000000712c00000| PB 0x0000000712c00000| Untracked 
|  75|0x0000000712e00000, 0x0000000712e00000, 0x0000000713000000|  0%| F|  |TAMS 0x0000000712e00000| PB 0x0000000712e00000| Untracked 
|  76|0x0000000713000000, 0x0000000713000000, 0x0000000713200000|  0%| F|  |TAMS 0x0000000713000000| PB 0x0000000713000000| Untracked 
|  77|0x0000000713200000, 0x0000000713200000, 0x0000000713400000|  0%| F|  |TAMS 0x0000000713200000| PB 0x0000000713200000| Untracked 
|  78|0x0000000713400000, 0x0000000713400000, 0x0000000713600000|  0%| F|  |TAMS 0x0000000713400000| PB 0x0000000713400000| Untracked 
|  79|0x0000000713600000, 0x0000000713600000, 0x0000000713800000|  0%| F|  |TAMS 0x0000000713600000| PB 0x0000000713600000| Untracked 
|  80|0x0000000713800000, 0x0000000713800000, 0x0000000713a00000|  0%| F|  |TAMS 0x0000000713800000| PB 0x0000000713800000| Untracked 
|  81|0x0000000713a00000, 0x0000000713a00000, 0x0000000713c00000|  0%| F|  |TAMS 0x0000000713a00000| PB 0x0000000713a00000| Untracked 
|  82|0x0000000713c00000, 0x0000000713c00000, 0x0000000713e00000|  0%| F|  |TAMS 0x0000000713c00000| PB 0x0000000713c00000| Untracked 
|  83|0x0000000713e00000, 0x0000000713e00000, 0x0000000714000000|  0%| F|  |TAMS 0x0000000713e00000| PB 0x0000000713e00000| Untracked 
|  84|0x0000000714000000, 0x0000000714000000, 0x0000000714200000|  0%| F|  |TAMS 0x0000000714000000| PB 0x0000000714000000| Untracked 
|  85|0x0000000714200000, 0x0000000714200000, 0x0000000714400000|  0%| F|  |TAMS 0x0000000714200000| PB 0x0000000714200000| Untracked 
|  86|0x0000000714400000, 0x0000000714400000, 0x0000000714600000|  0%| F|  |TAMS 0x0000000714400000| PB 0x0000000714400000| Untracked 
|  87|0x0000000714600000, 0x0000000714600000, 0x0000000714800000|  0%| F|  |TAMS 0x0000000714600000| PB 0x0000000714600000| Untracked 
|  88|0x0000000714800000, 0x0000000714800000, 0x0000000714a00000|  0%| F|  |TAMS 0x0000000714800000| PB 0x0000000714800000| Untracked 
|  89|0x0000000714a00000, 0x0000000714a00000, 0x0000000714c00000|  0%| F|  |TAMS 0x0000000714a00000| PB 0x0000000714a00000| Untracked 
|  90|0x0000000714c00000, 0x0000000714c00000, 0x0000000714e00000|  0%| F|  |TAMS 0x0000000714c00000| PB 0x0000000714c00000| Untracked 
|  91|0x0000000714e00000, 0x0000000714e00000, 0x0000000715000000|  0%| F|  |TAMS 0x0000000714e00000| PB 0x0000000714e00000| Untracked 
|  92|0x0000000715000000, 0x0000000715000000, 0x0000000715200000|  0%| F|  |TAMS 0x0000000715000000| PB 0x0000000715000000| Untracked 
|  93|0x0000000715200000, 0x0000000715200000, 0x0000000715400000|  0%| F|  |TAMS 0x0000000715200000| PB 0x0000000715200000| Untracked 
|  94|0x0000000715400000, 0x0000000715400000, 0x0000000715600000|  0%| F|  |TAMS 0x0000000715400000| PB 0x0000000715400000| Untracked 
|  95|0x0000000715600000, 0x0000000715600000, 0x0000000715800000|  0%| F|  |TAMS 0x0000000715600000| PB 0x0000000715600000| Untracked 
|  96|0x0000000715800000, 0x0000000715800000, 0x0000000715a00000|  0%| F|  |TAMS 0x0000000715800000| PB 0x0000000715800000| Untracked 
|  97|0x0000000715a00000, 0x0000000715a00000, 0x0000000715c00000|  0%| F|  |TAMS 0x0000000715a00000| PB 0x0000000715a00000| Untracked 
|  98|0x0000000715c00000, 0x0000000715c00000, 0x0000000715e00000|  0%| F|  |TAMS 0x0000000715c00000| PB 0x0000000715c00000| Untracked 
|  99|0x0000000715e00000, 0x0000000715e00000, 0x0000000716000000|  0%| F|  |TAMS 0x0000000715e00000| PB 0x0000000715e00000| Untracked 
| 100|0x0000000716000000, 0x0000000716000000, 0x0000000716200000|  0%| F|  |TAMS 0x0000000716000000| PB 0x0000000716000000| Untracked 
| 101|0x0000000716200000, 0x0000000716200000, 0x0000000716400000|  0%| F|  |TAMS 0x0000000716200000| PB 0x0000000716200000| Untracked 
| 102|0x0000000716400000, 0x0000000716400000, 0x0000000716600000|  0%| F|  |TAMS 0x0000000716400000| PB 0x0000000716400000| Untracked 
| 103|0x0000000716600000, 0x0000000716600000, 0x0000000716800000|  0%| F|  |TAMS 0x0000000716600000| PB 0x0000000716600000| Untracked 
| 104|0x0000000716800000, 0x0000000716800000, 0x0000000716a00000|  0%| F|  |TAMS 0x0000000716800000| PB 0x0000000716800000| Untracked 
| 105|0x0000000716a00000, 0x0000000716a00000, 0x0000000716c00000|  0%| F|  |TAMS 0x0000000716a00000| PB 0x0000000716a00000| Untracked 
| 106|0x0000000716c00000, 0x0000000716c00000, 0x0000000716e00000|  0%| F|  |TAMS 0x0000000716c00000| PB 0x0000000716c00000| Untracked 
| 107|0x0000000716e00000, 0x0000000716e00000, 0x0000000717000000|  0%| F|  |TAMS 0x0000000716e00000| PB 0x0000000716e00000| Untracked 
| 108|0x0000000717000000, 0x0000000717000000, 0x0000000717200000|  0%| F|  |TAMS 0x0000000717000000| PB 0x0000000717000000| Untracked 
| 109|0x0000000717200000, 0x0000000717200000, 0x0000000717400000|  0%| F|  |TAMS 0x0000000717200000| PB 0x0000000717200000| Untracked 
| 110|0x0000000717400000, 0x0000000717400000, 0x0000000717600000|  0%| F|  |TAMS 0x0000000717400000| PB 0x0000000717400000| Untracked 
| 111|0x0000000717600000, 0x0000000717600000, 0x0000000717800000|  0%| F|  |TAMS 0x0000000717600000| PB 0x0000000717600000| Untracked 
| 112|0x0000000717800000, 0x0000000717800000, 0x0000000717a00000|  0%| F|  |TAMS 0x0000000717800000| PB 0x0000000717800000| Untracked 
| 113|0x0000000717a00000, 0x0000000717a00000, 0x0000000717c00000|  0%| F|  |TAMS 0x0000000717a00000| PB 0x0000000717a00000| Untracked 
| 114|0x0000000717c00000, 0x0000000717c00000, 0x0000000717e00000|  0%| F|  |TAMS 0x0000000717c00000| PB 0x0000000717c00000| Untracked 
| 115|0x0000000717e00000, 0x0000000717ee36c8, 0x0000000718000000| 44%| E|  |TAMS 0x0000000717e00000| PB 0x0000000717e00000| Complete 
| 116|0x0000000718000000, 0x0000000718200000, 0x0000000718200000|100%| E|CS|TAMS 0x0000000718000000| PB 0x0000000718000000| Complete 
| 117|0x0000000718200000, 0x0000000718400000, 0x0000000718400000|100%| E|CS|TAMS 0x0000000718200000| PB 0x0000000718200000| Complete 
| 118|0x0000000718400000, 0x0000000718600000, 0x0000000718600000|100%| E|CS|TAMS 0x0000000718400000| PB 0x0000000718400000| Complete 
| 119|0x0000000718600000, 0x0000000718800000, 0x0000000718800000|100%| E|CS|TAMS 0x0000000718600000| PB 0x0000000718600000| Complete 
| 120|0x0000000718800000, 0x0000000718a00000, 0x0000000718a00000|100%| E|CS|TAMS 0x0000000718800000| PB 0x0000000718800000| Complete 
| 121|0x0000000718a00000, 0x0000000718c00000, 0x0000000718c00000|100%| E|CS|TAMS 0x0000000718a00000| PB 0x0000000718a00000| Complete 
| 122|0x0000000718c00000, 0x0000000718e00000, 0x0000000718e00000|100%| E|CS|TAMS 0x0000000718c00000| PB 0x0000000718c00000| Complete 
| 123|0x0000000718e00000, 0x0000000719000000, 0x0000000719000000|100%| E|CS|TAMS 0x0000000718e00000| PB 0x0000000718e00000| Complete 

Card table byte_map: [0x000001c5fa520000,0x000001c5face0000] _byte_map_base: 0x000001c5f6cd4000

Marking Bits: (CMBitMap*) 0x000001c5f5513ac0
 Bits: [0x000001c5face0000, 0x000001c5fea80000)

Polling page: 0x000001c5f31d0000

Metaspace:

Usage:
  Non-class:     16.12 MB used.
      Class:      1.79 MB used.
       Both:     17.91 MB used.

Virtual space:
  Non-class space:       64.00 MB reserved,      16.25 MB ( 25%) committed,  1 nodes.
      Class space:        1.00 GB reserved,       1.88 MB ( <1%) committed,  1 nodes.
             Both:        1.06 GB reserved,      18.12 MB (  2%) committed. 

Chunk freelists:
   Non-Class:  14.86 MB
       Class:  14.07 MB
        Both:  28.93 MB

MaxMetaspaceSize: unlimited
CompressedClassSpaceSize: 1.00 GB
Initial GC threshold: 21.00 MB
Current GC threshold: 21.00 MB
CDS: off
 - commit_granule_bytes: 65536.
 - commit_granule_words: 8192.
 - virtual_space_node_default_size: 8388608.
 - enlarge_chunks_in_place: 1.
 - use_allocation_guard: 0.


Internal statistics:

num_allocs_failed_limit: 0.
num_arena_births: 194.
num_arena_deaths: 0.
num_vsnodes_births: 2.
num_vsnodes_deaths: 0.
num_space_committed: 290.
num_space_uncommitted: 0.
num_chunks_returned_to_freelist: 0.
num_chunks_taken_from_freelist: 380.
num_chunk_merges: 0.
num_chunk_splits: 204.
num_chunks_enlarged: 99.
num_inconsistent_stats: 0.

CodeHeap 'non-profiled nmethods': size=119168Kb used=412Kb max_used=412Kb free=118755Kb
 bounds [0x000001c587ba0000, 0x000001c587e10000, 0x000001c58f000000]
CodeHeap 'profiled nmethods': size=119104Kb used=2141Kb max_used=2141Kb free=116962Kb
 bounds [0x000001c580000000, 0x000001c580270000, 0x000001c587450000]
CodeHeap 'non-nmethods': size=7488Kb used=2560Kb max_used=2578Kb free=4927Kb
 bounds [0x000001c587450000, 0x000001c5876e0000, 0x000001c587ba0000]
 total_blobs=1802 nmethods=1284 adapters=420
 compilation: enabled
              stopped_count=0, restarted_count=0
 full_count=0

Compilation events (20 events):
Event: 1.265 Thread 0x000001c591995370 1277       4       jdk.internal.util.StrongReferenceKey::hashCode (8 bytes)
Event: 1.265 Thread 0x000001c591648120 nmethod 1276 0x000001c580213a10 code [0x000001c580213c00, 0x000001c580214138]
Event: 1.265 Thread 0x000001c5911d5c40 1278       4       java.lang.StringBuilder::toString (9 bytes)
Event: 1.266 Thread 0x000001c591333e70 1280   !   3       java.lang.invoke.MethodHandleNatives::linkMethodHandleConstant (50 bytes)
Event: 1.266 Thread 0x000001c5911f02f0 1281       3       java.lang.invoke.MethodHandles$Lookup::linkMethodHandleConstant (223 bytes)
Event: 1.267 Thread 0x000001c591333e70 nmethod 1280 0x000001c580214490 code [0x000001c580214660, 0x000001c580214868]
Event: 1.269 Thread 0x000001c5911f02f0 nmethod 1281 0x000001c580214a10 code [0x000001c580214e00, 0x000001c580216608]
Event: 1.273 Thread 0x000001c591995370 nmethod 1277 0x000001c587c03a90 code [0x000001c587c03ca0, 0x000001c587c040c8]
Event: 1.273 Thread 0x000001c591995370 1279       4       java.lang.AbstractStringBuilder::<init> (39 bytes)
Event: 1.273 Thread 0x000001c5911f02f0 1282       3       java.nio.MappedByteBuffer::limit (6 bytes)
Event: 1.273 Thread 0x000001c5911f02f0 nmethod 1282 0x000001c580216d90 code [0x000001c580216f40, 0x000001c580217150]
Event: 1.273 Thread 0x000001c591333e70 1283       1       java.util.concurrent.atomic.AtomicInteger::get (5 bytes)
Event: 1.273 Thread 0x000001c5911d5c40 nmethod 1278 0x000001c587c04410 code [0x000001c587c045c0, 0x000001c587c04ba8]
Event: 1.274 Thread 0x000001c591333e70 nmethod 1283 0x000001c587c04e90 code [0x000001c587c05020, 0x000001c587c050e8]
Event: 1.275 Thread 0x000001c591995370 nmethod 1279 0x000001c587c05190 code [0x000001c587c05320, 0x000001c587c05590]
Event: 1.276 Thread 0x000001c591333e70 1284       3       java.nio.ByteBuffer::get (9 bytes)
Event: 1.277 Thread 0x000001c591333e70 nmethod 1284 0x000001c580217290 code [0x000001c580217440, 0x000001c580217620]
Event: 1.277 Thread 0x000001c5911f02f0 1285       1       sun.security.provider.DigestBase::engineGetDigestLength (5 bytes)
Event: 1.277 Thread 0x000001c5911f02f0 nmethod 1285 0x000001c587c05690 code [0x000001c587c05820, 0x000001c587c058e8]
Event: 1.279 Thread 0x000001c5919b1000 nmethod 1257 0x000001c587c05990 code [0x000001c587c05c00, 0x000001c587c06a78]

GC Heap History (0 events):
No events

Dll operation events (2 events):
Event: 0.022 Loaded shared library C:\Program Files\JetBrains\WebStorm 2025.2\jbr\bin\java.dll
Event: 0.036 Loaded shared library C:\Program Files\JetBrains\WebStorm 2025.2\jbr\bin\zip.dll

Deoptimization events (20 events):
Event: 1.171 Thread 0x000001c591985af0 Uncommon trap: trap_request=0xffffff66 fr.pc=0x000001c587bfa774 relative=0x0000000000000314
Event: 1.171 Thread 0x000001c591985af0 Uncommon trap: reason=speculate_class_check action=maybe_recompile pc=0x000001c587bfa774 method=sun.security.util.math.intpoly.IntegerPolynomial.multByInt([JJ)V @ 26 c2
Event: 1.171 Thread 0x000001c591985af0 DEOPT PACKING pc=0x000001c587bfa774 sp=0x00000016f91fe420
Event: 1.171 Thread 0x000001c591985af0 DEOPT UNPACKING pc=0x000001c5874a46a2 sp=0x00000016f91fe308 mode 2
Event: 1.171 Thread 0x000001c591985af0 Uncommon trap: trap_request=0xffffff66 fr.pc=0x000001c587bfa774 relative=0x0000000000000314
Event: 1.171 Thread 0x000001c591985af0 Uncommon trap: reason=speculate_class_check action=maybe_recompile pc=0x000001c587bfa774 method=sun.security.util.math.intpoly.IntegerPolynomial.multByInt([JJ)V @ 26 c2
Event: 1.171 Thread 0x000001c591985af0 DEOPT PACKING pc=0x000001c587bfa774 sp=0x00000016f91fe420
Event: 1.171 Thread 0x000001c591985af0 DEOPT UNPACKING pc=0x000001c5874a46a2 sp=0x00000016f91fe308 mode 2
Event: 1.171 Thread 0x000001c591985af0 Uncommon trap: trap_request=0xffffff66 fr.pc=0x000001c587bfa774 relative=0x0000000000000314
Event: 1.171 Thread 0x000001c591985af0 Uncommon trap: reason=speculate_class_check action=maybe_recompile pc=0x000001c587bfa774 method=sun.security.util.math.intpoly.IntegerPolynomial.multByInt([JJ)V @ 26 c2
Event: 1.171 Thread 0x000001c591985af0 DEOPT PACKING pc=0x000001c587bfa774 sp=0x00000016f91fe420
Event: 1.171 Thread 0x000001c591985af0 DEOPT UNPACKING pc=0x000001c5874a46a2 sp=0x00000016f91fe308 mode 2
Event: 1.171 Thread 0x000001c591985af0 Uncommon trap: trap_request=0xffffff66 fr.pc=0x000001c587bf9e74 relative=0x0000000000000314
Event: 1.171 Thread 0x000001c591985af0 Uncommon trap: reason=speculate_class_check action=maybe_recompile pc=0x000001c587bf9e74 method=sun.security.util.math.intpoly.IntegerPolynomial.multByInt([JJ)V @ 26 c2
Event: 1.171 Thread 0x000001c591985af0 DEOPT PACKING pc=0x000001c587bf9e74 sp=0x00000016f91fe3b0
Event: 1.171 Thread 0x000001c591985af0 DEOPT UNPACKING pc=0x000001c5874a46a2 sp=0x00000016f91fe300 mode 2
Event: 1.171 Thread 0x000001c591985af0 Uncommon trap: trap_request=0xffffff66 fr.pc=0x000001c587bf9e74 relative=0x0000000000000314
Event: 1.171 Thread 0x000001c591985af0 Uncommon trap: reason=speculate_class_check action=maybe_recompile pc=0x000001c587bf9e74 method=sun.security.util.math.intpoly.IntegerPolynomial.multByInt([JJ)V @ 26 c2
Event: 1.171 Thread 0x000001c591985af0 DEOPT PACKING pc=0x000001c587bf9e74 sp=0x00000016f91fe3b0
Event: 1.171 Thread 0x000001c591985af0 DEOPT UNPACKING pc=0x000001c5874a46a2 sp=0x00000016f91fe300 mode 2

Classes loaded (20 events):
Event: 1.221 Loading class jdk/internal/event/TLSHandshakeEvent
Event: 1.221 Loading class jdk/internal/event/TLSHandshakeEvent done
Event: 1.221 Loading class com/sun/crypto/provider/GaloisCounterMode$GCMEncrypt
Event: 1.222 Loading class com/sun/crypto/provider/GaloisCounterMode$GCMEncrypt done
Event: 1.222 Loading class com/sun/crypto/provider/GaloisCounterMode$EncryptOp
Event: 1.222 Loading class com/sun/crypto/provider/GaloisCounterMode$EncryptOp done
Event: 1.222 Loading class sun/security/ssl/CipherSuite$1
Event: 1.222 Loading class sun/security/ssl/CipherSuite$1 done
Event: 1.224 Loading class java/util/concurrent/CompletionException
Event: 1.224 Loading class java/util/concurrent/CompletionException done
Event: 1.259 Loading class java/util/Collections$UnmodifiableMap$UnmodifiableEntrySet
Event: 1.259 Loading class java/util/Collections$UnmodifiableMap$UnmodifiableEntrySet done
Event: 1.259 Loading class java/util/Collections$UnmodifiableMap$UnmodifiableEntrySet$1
Event: 1.259 Loading class java/util/Collections$UnmodifiableMap$UnmodifiableEntrySet$1 done
Event: 1.259 Loading class java/util/Collections$UnmodifiableMap$UnmodifiableEntrySet$UnmodifiableEntry
Event: 1.259 Loading class java/util/Collections$UnmodifiableMap$UnmodifiableEntrySet$UnmodifiableEntry done
Event: 1.276 Loading class sun/security/ssl/NewSessionTicket$T13NewSessionTicketMessage
Event: 1.276 Loading class sun/security/ssl/NewSessionTicket$NewSessionTicketMessage
Event: 1.276 Loading class sun/security/ssl/NewSessionTicket$NewSessionTicketMessage done
Event: 1.276 Loading class sun/security/ssl/NewSessionTicket$T13NewSessionTicketMessage done

Classes unloaded (0 events):
No events

Classes redefined (0 events):
No events

Internal exceptions (20 events):
Event: 0.488 Thread 0x000001c5f54b1660 Exception <a 'sun/nio/fs/WindowsException'{0x0000000718a7fc10}> (0x0000000718a7fc10) 
thrown [s\src\hotspot\share\prims\jni.cpp, line 537]
Event: 0.625 Thread 0x000001c5f54b1660 Exception <a 'java/lang/NoSuchMethodError'{0x000000071881e1b8}: 'java.lang.Object java.lang.invoke.DirectMethodHandle$Holder.invokeStaticInit(java.lang.Object, java.lang.Object, int, int, int, int)'> (0x000000071881e1b8) 
thrown [s\src\hotspot\share\interpreter\linkResolver.cpp, line 784]
Event: 0.651 Thread 0x000001c5f54b1660 Exception <a 'java/lang/NoSuchMethodError'{0x000000071894ea78}: 'java.lang.Object java.lang.invoke.DirectMethodHandle$Holder.invokeStaticInit(java.lang.Object, java.lang.Object, int)'> (0x000000071894ea78) 
thrown [s\src\hotspot\share\interpreter\linkResolver.cpp, line 784]
Event: 0.652 Thread 0x000001c5f54b1660 Exception <a 'java/lang/NoSuchMethodError'{0x0000000718954980}: 'java.lang.Object java.lang.invoke.DirectMethodHandle$Holder.newInvokeSpecial(java.lang.Object, java.lang.Object, int)'> (0x0000000718954980) 
thrown [s\src\hotspot\share\interpreter\linkResolver.cpp, line 784]
Event: 0.657 Thread 0x000001c5f54b1660 Exception <a 'java/lang/NoSuchMethodError'{0x0000000718968318}: 'int java.lang.invoke.DirectMethodHandle$Holder.invokeSpecialIFC(java.lang.Object, java.lang.Object, java.lang.Object)'> (0x0000000718968318) 
thrown [s\src\hotspot\share\interpreter\linkResolver.cpp, line 784]
Event: 0.688 Thread 0x000001c5f54b1660 Exception <a 'java/lang/NoSuchMethodError'{0x00000007189a2288}: 'java.lang.Object java.lang.invoke.Invokers$Holder.invoke_MT(java.lang.Object, java.lang.Object, java.lang.Object, java.lang.Object, java.lang.Object, java.lang.Object, java.lang.Object, java.lang.Object, java.lang.Object, java.lang.Object)'> (0x00000007189a2288) 
thrown [s\src\hotspot\share\interpreter\linkResolver.cpp, line 784]
Event: 0.711 Thread 0x000001c5f54b1660 Exception <a 'java/lang/NoSuchMethodError'{0x00000007189e3058}: 'int java.lang.invoke.DirectMethodHandle$Holder.invokeSpecial(java.lang.Object, java.lang.Object, java.lang.Object, java.lang.Object)'> (0x00000007189e3058) 
thrown [s\src\hotspot\share\interpreter\linkResolver.cpp, line 784]
Event: 0.719 Thread 0x000001c5f54b1660 Exception <a 'java/lang/NoSuchMethodError'{0x00000007189fb718}: 'java.lang.Object java.lang.invoke.DelegatingMethodHandle$Holder.delegate(java.lang.Object, int, java.lang.Object, java.lang.Object)'> (0x00000007189fb718) 
thrown [s\src\hotspot\share\interpreter\linkResolver.cpp, line 784]
Event: 0.723 Thread 0x000001c5f54b1660 Exception <a 'java/lang/NoSuchMethodError'{0x000000071860b110}: 'int java.lang.invoke.Invokers$Holder.linkToTargetMethod(java.lang.Object, java.lang.Object, java.lang.Object)'> (0x000000071860b110) 
thrown [s\src\hotspot\share\interpreter\linkResolver.cpp, line 784]
Event: 0.730 Thread 0x000001c5f54b1660 Exception <a 'java/lang/NoSuchMethodError'{0x000000071863ced0}: 'long java.lang.invoke.DirectMethodHandle$Holder.invokeSpecial(java.lang.Object, java.lang.Object)'> (0x000000071863ced0) 
thrown [s\src\hotspot\share\interpreter\linkResolver.cpp, line 784]
Event: 0.731 Thread 0x000001c5f54b1660 Exception <a 'java/lang/NoSuchMethodError'{0x0000000718643c20}: 'java.lang.Object java.lang.invoke.Invokers$Holder.invokeExact_MT(java.lang.Object, java.lang.Object, java.lang.Object, java.lang.Object, java.lang.Object, java.lang.Object)'> (0x0000000718643c20) 
thrown [s\src\hotspot\share\interpreter\linkResolver.cpp, line 784]
Event: 0.890 Thread 0x000001c5f54b1660 Exception <a 'java/lang/NoSuchMethodError'{0x00000007187ff128}: 'java.lang.Object java.lang.invoke.DirectMethodHandle$Holder.newInvokeSpecial(java.lang.Object, java.lang.Object, java.lang.Object, java.lang.Object, java.lang.Object)'> (0x00000007187ff128) 
thrown [s\src\hotspot\share\interpreter\linkResolver.cpp, line 784]
Event: 0.936 Thread 0x000001c5f54b1660 Exception <a 'java/lang/NoSuchMethodError'{0x00000007185fac40}: 'java.lang.Object java.lang.invoke.DirectMethodHandle$Holder.invokeSpecial(java.lang.Object, java.lang.Object, java.lang.Object, java.lang.Object, int)'> (0x00000007185fac40) 
thrown [s\src\hotspot\share\interpreter\linkResolver.cpp, line 784]
Event: 0.936 Thread 0x000001c5f54b1660 Exception <a 'java/lang/NoSuchMethodError'{0x00000007185fe5a8}: 'java.lang.Object java.lang.invoke.Invokers$Holder.linkToTargetMethod(java.lang.Object, java.lang.Object, int, java.lang.Object)'> (0x00000007185fe5a8) 
thrown [s\src\hotspot\share\interpreter\linkResolver.cpp, line 784]
Event: 0.946 Thread 0x000001c5f54b1660 Exception <a 'java/lang/NoSuchMethodError'{0x000000071822cd90}: 'void java.lang.invoke.DirectMethodHandle$Holder.invokeSpecial(java.lang.Object, java.lang.Object, java.lang.Object)'> (0x000000071822cd90) 
thrown [s\src\hotspot\share\interpreter\linkResolver.cpp, line 784]
Event: 0.968 Thread 0x000001c5918f5220 Exception <a 'java/lang/NoSuchMethodError'{0x0000000718421198}: 'void java.lang.invoke.DirectMethodHandle$Holder.invokeStatic(java.lang.Object, java.lang.Object, int)'> (0x0000000718421198) 
thrown [s\src\hotspot\share\interpreter\linkResolver.cpp, line 784]
Event: 0.969 Thread 0x000001c5f54b1660 Exception <a 'java/lang/NoSuchMethodError'{0x00000007182bc820}: 'void java.lang.invoke.DirectMethodHandle$Holder.invokeSpecial(java.lang.Object, java.lang.Object, java.lang.Object, java.lang.Object, java.lang.Object)'> (0x00000007182bc820) 
thrown [s\src\hotspot\share\interpreter\linkResolver.cpp, line 784]
Event: 0.983 Thread 0x000001c591985af0 Exception <a 'java/lang/NoSuchMethodError'{0x00000007183059f8}: 'void java.lang.invoke.DirectMethodHandle$Holder.invokeInterface(java.lang.Object, java.lang.Object, java.lang.Object)'> (0x00000007183059f8) 
thrown [s\src\hotspot\share\interpreter\linkResolver.cpp, line 784]
Event: 1.162 Thread 0x000001c591985af0 Exception <a 'java/lang/NoSuchMethodError'{0x000000071812edc0}: 'void java.lang.invoke.DirectMethodHandle$Holder.invokeInterface(java.lang.Object, java.lang.Object)'> (0x000000071812edc0) 
thrown [s\src\hotspot\share\interpreter\linkResolver.cpp, line 784]
Event: 1.223 Thread 0x000001c591985af0 Exception <a 'java/lang/NoSuchMethodError'{0x00000007181a64f8}: 'void java.lang.invoke.DirectMethodHandle$Holder.invokeStatic(java.lang.Object, java.lang.Object, java.lang.Object, java.lang.Object)'> (0x00000007181a64f8) 
thrown [s\src\hotspot\share\interpreter\linkResolver.cpp, line 784]

ZGC Phase Switch (0 events):
No events

VM Operations (10 events):
Event: 0.274 Executing VM operation: HandshakeAllThreads (Deoptimize)
Event: 0.274 Executing VM operation: HandshakeAllThreads (Deoptimize) done
Event: 0.296 Executing VM operation: HandshakeAllThreads (Deoptimize)
Event: 0.296 Executing VM operation: HandshakeAllThreads (Deoptimize) done
Event: 0.596 Executing VM operation: HandshakeAllThreads (Deoptimize)
Event: 0.596 Executing VM operation: HandshakeAllThreads (Deoptimize) done
Event: 0.973 Executing VM operation: HandshakeAllThreads (Deoptimize)
Event: 0.973 Executing VM operation: HandshakeAllThreads (Deoptimize) done
Event: 1.164 Executing VM operation: ICBufferFull
Event: 1.165 Executing VM operation: ICBufferFull done

Memory protections (0 events):
No events

Nmethod flushes (0 events):
No events

Events (20 events):
Event: 0.173 Thread 0x000001c5f54b1660 Thread added: 0x000001c5911d0410
Event: 0.173 Thread 0x000001c5f54b1660 Thread added: 0x000001c5911d5c40
Event: 0.173 Thread 0x000001c5f54b1660 Thread added: 0x000001c5911f02f0
Event: 0.217 Thread 0x000001c5911f02f0 Thread added: 0x000001c591333e70
Event: 0.225 Thread 0x000001c5f54b1660 Thread added: 0x000001c5913a51b0
Event: 0.247 Loaded shared library C:\Program Files\JetBrains\WebStorm 2025.2\jbr\bin\net.dll
Event: 0.252 Loaded shared library C:\Program Files\JetBrains\WebStorm 2025.2\jbr\bin\nio.dll
Event: 0.266 Loaded shared library C:\Program Files\JetBrains\WebStorm 2025.2\jbr\bin\zip.dll
Event: 0.399 Loaded shared library C:\Program Files\JetBrains\WebStorm 2025.2\jbr\bin\jimage.dll
Event: 0.615 Thread 0x000001c591333e70 Thread added: 0x000001c591648120
Event: 0.793 Loaded shared library C:\Program Files\JetBrains\WebStorm 2025.2\jbr\bin\sunmscapi.dll
Event: 0.872 Loaded shared library C:\Program Files\JetBrains\WebStorm 2025.2\jbr\bin\extnet.dll
Event: 0.882 Thread 0x000001c5f54b1660 Thread added: 0x000001c5918f5220
Event: 0.980 Thread 0x000001c5918f5220 Thread added: 0x000001c591985af0
Event: 1.004 Thread 0x000001c5918f5220 Thread added: 0x000001c591a25910
Event: 1.071 Thread 0x000001c5911f02f0 Thread added: 0x000001c591995370
Event: 1.072 Thread 0x000001c5911f02f0 Thread added: 0x000001c59199b380
Event: 1.074 Thread 0x000001c591333e70 Thread added: 0x000001c5919b1000
Event: 1.079 Thread 0x000001c59199b380 Thread added: 0x000001c591a8fb10
Event: 1.221 Thread 0x000001c591a8fb10 Thread exited: 0x000001c591a8fb10


Dynamic libraries:
0x00007ff7d8460000 - 0x00007ff7d846a000 	C:\Program Files\JetBrains\WebStorm 2025.2\jbr\bin\java.exe
0x00007ffac9b80000 - 0x00007ffac9de3000 	C:\WINDOWS\SYSTEM32\ntdll.dll
0x00007ffac8bd0000 - 0x00007ffac8c98000 	C:\WINDOWS\System32\KERNEL32.DLL
0x00007ffac7340000 - 0x00007ffac76f4000 	C:\WINDOWS\System32\KERNELBASE.dll
0x00007ffac0cb0000 - 0x00007ffac0d4c000 	C:\WINDOWS\SYSTEM32\apphelp.dll
0x00007ffac71f0000 - 0x00007ffac733b000 	C:\WINDOWS\System32\ucrtbase.dll
0x00007ffa59fa0000 - 0x00007ffa59fbb000 	C:\Program Files\JetBrains\WebStorm 2025.2\jbr\bin\VCRUNTIME140.dll
0x00007ffab0410000 - 0x00007ffab0428000 	C:\Program Files\JetBrains\WebStorm 2025.2\jbr\bin\jli.dll
0x00007ffac8d00000 - 0x00007ffac8ec9000 	C:\WINDOWS\System32\USER32.dll
0x00007ffac71c0000 - 0x00007ffac71e7000 	C:\WINDOWS\System32\win32u.dll
0x00007ffab1820000 - 0x00007ffab1ab0000 	C:\WINDOWS\WinSxS\amd64_microsoft.windows.common-controls_6595b64144ccf1df_6.0.26100.2702_none_3e069454e335fc5e\COMCTL32.dll
0x00007ffac8cd0000 - 0x00007ffac8cfa000 	C:\WINDOWS\System32\GDI32.dll
0x00007ffac9300000 - 0x00007ffac93a9000 	C:\WINDOWS\System32\msvcrt.dll
0x00007ffac7090000 - 0x00007ffac71bb000 	C:\WINDOWS\System32\gdi32full.dll
0x00007ffac7700000 - 0x00007ffac77a3000 	C:\WINDOWS\System32\msvcp_win.dll
0x00007ffac8f50000 - 0x00007ffac8f7f000 	C:\WINDOWS\System32\IMM32.DLL
0x00007ffa9fae0000 - 0x00007ffa9faec000 	C:\Program Files\JetBrains\WebStorm 2025.2\jbr\bin\vcruntime140_1.dll
0x00007ffa947c0000 - 0x00007ffa9484d000 	C:\Program Files\JetBrains\WebStorm 2025.2\jbr\bin\msvcp140.dll
0x00007ff9d3340000 - 0x00007ff9d4104000 	C:\Program Files\JetBrains\WebStorm 2025.2\jbr\bin\server\jvm.dll
0x00007ffac7b00000 - 0x00007ffac7bb3000 	C:\WINDOWS\System32\ADVAPI32.dll
0x00007ffac9840000 - 0x00007ffac98e6000 	C:\WINDOWS\System32\sechost.dll
0x00007ffac8f90000 - 0x00007ffac90a6000 	C:\WINDOWS\System32\RPCRT4.dll
0x00007ffac9280000 - 0x00007ffac92f4000 	C:\WINDOWS\System32\WS2_32.dll
0x00007ffac6dc0000 - 0x00007ffac6e0e000 	C:\WINDOWS\SYSTEM32\POWRPROF.dll
0x00007ffac3c10000 - 0x00007ffac3c46000 	C:\WINDOWS\SYSTEM32\WINMM.dll
0x00007ffac1380000 - 0x00007ffac138b000 	C:\WINDOWS\SYSTEM32\VERSION.dll
0x00007ffac6da0000 - 0x00007ffac6db4000 	C:\WINDOWS\SYSTEM32\UMPDC.dll
0x00007ffac5fe0000 - 0x00007ffac5ffa000 	C:\WINDOWS\SYSTEM32\kernel.appcore.dll
0x00007ffa9ce30000 - 0x00007ffa9ce3a000 	C:\Program Files\JetBrains\WebStorm 2025.2\jbr\bin\jimage.dll
0x00007ffac3980000 - 0x00007ffac3bc1000 	C:\WINDOWS\SYSTEM32\DBGHELP.DLL
0x00007ffac94b0000 - 0x00007ffac982e000 	C:\WINDOWS\System32\combase.dll
0x00007ffac7bc0000 - 0x00007ffac7c96000 	C:\WINDOWS\System32\OLEAUT32.dll
0x00007ffac3bd0000 - 0x00007ffac3c09000 	C:\WINDOWS\SYSTEM32\dbgcore.DLL
0x00007ffac6f30000 - 0x00007ffac6fc9000 	C:\WINDOWS\System32\bcryptPrimitives.dll
0x00007ffa320f0000 - 0x00007ffa32110000 	C:\Program Files\JetBrains\WebStorm 2025.2\jbr\bin\java.dll
0x00007ffa320d0000 - 0x00007ffa320e8000 	C:\Program Files\JetBrains\WebStorm 2025.2\jbr\bin\zip.dll
0x00007ffac83c0000 - 0x00007ffac8ac4000 	C:\WINDOWS\System32\SHELL32.dll
0x00007ffac4ba0000 - 0x00007ffac53d7000 	C:\WINDOWS\SYSTEM32\windows.storage.dll
0x00007ffac79c0000 - 0x00007ffac7aa9000 	C:\WINDOWS\System32\SHCORE.dll
0x00007ffac7ca0000 - 0x00007ffac7cfd000 	C:\WINDOWS\System32\shlwapi.dll
0x00007ffac6e40000 - 0x00007ffac6e6e000 	C:\WINDOWS\SYSTEM32\profapi.dll
0x00007ffa92c80000 - 0x00007ffa92c90000 	C:\Program Files\JetBrains\WebStorm 2025.2\jbr\bin\net.dll
0x00007ffac1100000 - 0x00007ffac1226000 	C:\WINDOWS\SYSTEM32\WINHTTP.dll
0x00007ffac6210000 - 0x00007ffac6278000 	C:\WINDOWS\system32\mswsock.dll
0x00007ffa31de0000 - 0x00007ffa31df6000 	C:\Program Files\JetBrains\WebStorm 2025.2\jbr\bin\nio.dll
0x00007ffac65c0000 - 0x00007ffac65dc000 	C:\WINDOWS\SYSTEM32\CRYPTSP.dll
0x00007ffac5c60000 - 0x00007ffac5c98000 	C:\WINDOWS\system32\rsaenh.dll
0x00007ffac62b0000 - 0x00007ffac62db000 	C:\WINDOWS\SYSTEM32\USERENV.dll
0x00007ffac6750000 - 0x00007ffac6776000 	C:\WINDOWS\SYSTEM32\bcrypt.dll
0x00007ffac6440000 - 0x00007ffac644c000 	C:\WINDOWS\SYSTEM32\CRYPTBASE.dll
0x00007ffac5740000 - 0x00007ffac5772000 	C:\WINDOWS\SYSTEM32\IPHLPAPI.DLL
0x00007ffac8300000 - 0x00007ffac830a000 	C:\WINDOWS\System32\NSI.dll
0x00007ffa78320000 - 0x00007ffa7832e000 	C:\Program Files\JetBrains\WebStorm 2025.2\jbr\bin\sunmscapi.dll
0x00007ffac7840000 - 0x00007ffac79b6000 	C:\WINDOWS\System32\CRYPT32.dll
0x00007ffac6710000 - 0x00007ffac6740000 	C:\WINDOWS\SYSTEM32\ncrypt.dll
0x00007ffac66c0000 - 0x00007ffac66ff000 	C:\WINDOWS\SYSTEM32\NTASN1.dll
0x00007ffaa42c0000 - 0x00007ffaa42c8000 	C:\WINDOWS\system32\wshunix.dll
0x00007ffa72820000 - 0x00007ffa72829000 	C:\Program Files\JetBrains\WebStorm 2025.2\jbr\bin\extnet.dll

dbghelp: loaded successfully - version: 4.0.5 - missing functions: none
symbol engine: initialized successfully - sym options: 0x614 - pdb path: .;C:\Program Files\JetBrains\WebStorm 2025.2\jbr\bin;C:\WINDOWS\SYSTEM32;C:\WINDOWS\WinSxS\amd64_microsoft.windows.common-controls_6595b64144ccf1df_6.0.26100.2702_none_3e069454e335fc5e;C:\Program Files\JetBrains\WebStorm 2025.2\jbr\bin\server

VM Arguments:
java_command: git4idea.http.GitAskPassApp Username for 'https://github.com': 
java_class_path (initial): C:/Program Files/JetBrains/WebStorm 2025.2/plugins/vcs-git/lib/git4idea-rt.jar;C:/Program Files/JetBrains/WebStorm 2025.2/lib/externalProcess-rt.jar
Launcher Type: SUN_STANDARD

[Global flags]
     intx CICompilerCount                          = 12                                        {product} {ergonomic}
     uint ConcGCThreads                            = 3                                         {product} {ergonomic}
     uint G1ConcRefinementThreads                  = 13                                        {product} {ergonomic}
   size_t G1HeapRegionSize                         = 2097152                                   {product} {ergonomic}
    uintx GCDrainStackTargetSize                   = 64                                        {product} {ergonomic}
   size_t InitialHeapSize                          = 260046848                                 {product} {ergonomic}
   size_t MarkStackSize                            = 4194304                                   {product} {ergonomic}
   size_t MaxHeapSize                              = 4135583744                                {product} {ergonomic}
   size_t MaxNewSize                               = 2480930816                                {product} {ergonomic}
   size_t MinHeapDeltaBytes                        = 2097152                                   {product} {ergonomic}
   size_t MinHeapSize                              = 8388608                                   {product} {ergonomic}
    uintx NonNMethodCodeHeapSize                   = 7602480                                {pd product} {ergonomic}
    uintx NonProfiledCodeHeapSize                  = 122027880                              {pd product} {ergonomic}
    uintx ProfiledCodeHeapSize                     = 122027880                              {pd product} {ergonomic}
    uintx ReservedCodeCacheSize                    = 251658240                              {pd product} {ergonomic}
     bool SegmentedCodeCache                       = true                                      {product} {ergonomic}
   size_t SoftMaxHeapSize                          = 4135583744                             {manageable} {ergonomic}
     bool UseCompressedOops                        = true                           {product lp64_product} {ergonomic}
     bool UseG1GC                                  = true                                      {product} {ergonomic}
     bool UseLargePagesIndividualAllocation        = false                                  {pd product} {ergonomic}

Logging:
Log output configuration:
 #0: stdout all=warning uptime,level,tags foldmultilines=false
 #1: stderr all=off uptime,level,tags foldmultilines=false

Environment Variables:
JAVA_HOME=C:\Program Files\Eclipse Foundation\jdk-8.0.302.8-hotspot
PATH=C:/Program Files/Git/mingw64/libexec/git-core;C:/Program Files/Git/mingw64/libexec/git-core;C:\Program Files\Git\mingw64\bin;C:\Program Files\Git\usr\bin;C:\Users\ISPROJ\bin;C:\Program Files (x86)\VMware\VMware Player\bin\;C:\Ruby32-x64\bin;C:\Program Files (x86)\Microsoft SDKs\Azure\CLI2\wbin;C:\Program Files\Common Files\Oracle\Java\javapath;C:\Program Files (x86)\Common Files\Oracle\Java\javapath;C:\Program Files\Microsoft\jdk-11.0.16.101-hotspot\bin;C:\WINDOWS\system32;C:\WINDOWS;C:\WINDOWS\System32\Wbem;C:\WINDOWS\System32\WindowsPowerShell\v1.0\;C:\WINDOWS\System32\OpenSSH\;C:\Program Files (x86)\Microsoft SQL Server\160\Tools\Binn\;C:\Program Files\Microsoft SQL Server\160\Tools\Binn\;C:\Program Files\Microsoft SQL Server\Client SDK\ODBC\170\Tools\Binn\;C:\Program Files\Microsoft SQL Server\160\DTS\Binn\;C:\Program Files (x86)\Microsoft SQL Server\160\DTS\Binn\;C:\Program Files\Azure Data Studio\bin;C:\Program Files\Microsoft SQL Server\150\Tools\Binn\;C:\Program Files\dotnet\;C:\Program Files\Microsoft SQL Server\130\Tools\Binn\;C:\Program Files\nodejs;C:\Program Files\Microsoft VS Code\bin;C:\Users\Bytex\Documents\flutter_windows_3.13.9-stable\flutter\bin;C:\ProgramData\chocolatey\bin;C:\Program Files\SDelete;C:\gradle-8.1.1-all\gradle-8.1.1\bin;C:\Users\AlphaChain\AppData\Roaming\npm;C:\Users\puyan\AppData\Local\Packages\PythonSoftwareFoundation.Python.3.11_qbz5n2kfra8p0\LocalCache\local-packages\Python311\Scripts;C:\Users\puyan\OneDrive\Documents\flutter\bin;C:\xampp\php;C:\Program Files\nodejs\;C:\Users\Bytex\.cargo\bin;C:\Users\Bytex\Downloads\aircrack-ng-1.7-win\aircrack-ng-1.7-win\bin;C:\Users\Bytex\.avm\bin;C:\Users\Bytex\AppData\Local\Pub\Cache\bin;C:\Users\Bytex\AppData\Roaming\npm;C:\xmpp\php;C:\Program Files\CMake\bin;C:\flutter\bin;C:\Users\Devcrafts\AppData\Roaming\npm;C:\Users\Devcrafts\AppData\Local\Pub\Cache\bin;C:\Program Files (x86)\Incredibuild;C:\Users\AlphaChain\AppData\Local\Programs\Python\Python312\Scripts;C:\kotlinc\bin;C:\ProgramData\ComposerSetup\bin;C:\Program Files\Go\bin;C:\Program Files\Git\cmd;C:\Users\ISPROJ\.config\herd\bin;C:\Users\ISPROJ\AppData\Local\Programs\Python\Python313\Scripts\;C:\Users\ISPROJ\AppData\Local\Programs\Python\Python313\;C:\Program Files\MySQL\MySQL Shell 8.0\bin\;C:\Users\ISPROJ\.config\herd-lite\bin;C:\Users\ISPROJ\AppData\Local\pnpm;C:\Users\ISPROJ\Documents\flutter\bin;C:\Users\ISPROJ\AppData\Local\Microsoft\WindowsApps;C:\Users\ISPROJ\.dotnet\tools;C:\Users\ISPROJ\AppData\Roaming\Composer\vendor\bin;C:\Users\ISPROJ\AppData\Roaming\Composer\vendor\bin;C:\Program Files\JetBrains\WebStorm 2025.2\bin;C:\Users\ISPROJ\go\bin;C:\Users\ISPROJ\AppData\Roaming\npm\node_modules\serverless;C:\Users\ISPROJ\AppData\Roaming\npm;C:\ffmpeg-7.1.1-essentials_build\ffmpeg-7.1.1-essentials_build\bin
USERNAME=ISPROJ
DISPLAY=:0.0
LC_ALL=en_US.UTF-8
TERM=xterm-256color
TMPDIR=C:\Users\ISPROJ\AppData\Local\Temp
OS=Windows_NT
PROCESSOR_IDENTIFIER=AMD64 Family 25 Model 80 Stepping 0, AuthenticAMD
TMP=C:\Users\ISPROJ\AppData\Local\Temp
TEMP=C:\Users\ISPROJ\AppData\Local\Temp




Periodic native trim disabled

JNI global refs:
JNI global refs: 28, weak refs: 0

JNI global refs memory usage: 835, weak refs: 201

Process memory usage:
Resident Set Size: 94292K (0% of 16153752K total physical memory with 2750624K free physical memory)

OOME stack traces (most recent first):
Classloader memory used:
Loader bootstrap                                                                       : 16408K
Loader jdk.internal.loader.ClassLoaders$PlatformClassLoader                            : 1910K
Loader jdk.internal.loader.ClassLoaders$AppClassLoader                                 : 25664B

---------------  S Y S T E M  ---------------

OS:
 Windows 11 , 64 bit Build 26100 (10.0.26100.2702)
OS uptime: 0 days 6:41 hours
Hyper-V role detected

CPU: total 16 (initial active 16) (16 cores per cpu, 2 threads per core) family 25 model 80 stepping 0 microcode 0xa50000c, cx8, cmov, fxsr, ht, mmx, 3dnowpref, sse, sse2, sse3, ssse3, sse4a, sse4.1, sse4.2, popcnt, lzcnt, tsc, tscinvbit, avx, avx2, aes, erms, clmul, bmi1, bmi2, adx, sha, fma, vzeroupper, clflush, clflushopt, hv, rdtscp, rdpid, fsrm, f16c, cet_ss
Processor Information for the first 16 processors :
  Max Mhz: 3301, Current Mhz: 2003, Mhz Limit: 3301

Memory: 4k page, system-wide physical 15775M (2685M free)
TotalPageFile size 32654M (AvailPageFile size 6M)
current process WorkingSet (physical memory assigned to process): 92M, peak: 92M
current process commit charge ("private bytes"): 370M, peak: 372M

vm_info: OpenJDK 64-Bit Server VM (21.0.7+6-b1038.58) for windows-amd64 JRE (21.0.7+6-b1038.58), built on 2025-07-07 by "builduser" with MS VC++ 16.10 / 16.11 (VS2019)

END.
