#
# There is insufficient memory for the Java Runtime Environment to continue.
# Native memory allocation (mmap) failed to map 65536 bytes. Error detail: Failed to commit metaspace.
# Possible reasons:
#   The system is out of physical RAM or swap space
#   This process is running with CompressedOops enabled, and the Java Heap may be blocking the growth of the native heap
# Possible solutions:
#   Reduce memory load on the system
#   Increase physical memory or swap space
#   Check if swap backing store is full
#   Decrease Java heap size (-Xmx/-Xms)
#   Decrease number of Java threads
#   Decrease Java thread stack sizes (-Xss)
#   Set larger code cache with -XX:ReservedCodeCacheSize=
#   JVM is running with Zero Based Compressed Oops mode in which the Java heap is
#     placed in the first 32GB address space. The Java Heap base address is the
#     maximum limit for the native heap growth. Please use -XX:HeapBaseMinAddress
#     to set the Java Heap base and to place the Java Heap above 32GB virtual address.
# This output file may be truncated or incomplete.
#
#  Out of Memory Error (virtualSpaceNode.cpp:113), pid=35856, tid=36404
#
# JRE version: OpenJDK Runtime Environment JBR-21.0.5+8-631.28-jcef (21.0.5+8) (build 21.0.5+8-b631.28)
# Java VM: OpenJDK 64-Bit Server VM JBR-21.0.5+8-631.28-jcef (21.0.5+8-b631.28, mixed mode, sharing, tiered, compressed oops, compressed class ptrs, g1 gc, windows-amd64)
# No core dump will be written. Minidumps are not enabled by default on client versions of Windows
#

---------------  S U M M A R Y ------------

Command Line: git4idea.http.GitAskPassApp Username for 'https://github.com': 

Host: AMD Ryzen 9 5900HS with Radeon Graphics        , 16 cores, 15G,  Windows 11 , 64 bit Build 26100 (10.0.26100.2702)
Time: Thu Feb  6 10:38:17 2025 Malay Peninsula Standard Time elapsed time: 0.701417 seconds (0d 0h 0m 0s)

---------------  T H R E A D  ---------------

Current thread (0x00000238db5557c0):  JavaThread "main"             [_thread_in_vm, id=36404, stack(0x000000495ee00000,0x000000495ef00000) (1024K)]

Stack: [0x000000495ee00000,0x000000495ef00000]
Native frames: (J=compiled Java code, j=interpreted, Vv=VM code, C=native code)
V  [jvm.dll+0x6e52b9]
V  [jvm.dll+0x8c3633]
V  [jvm.dll+0x8c5b8e]
V  [jvm.dll+0x8c6273]
V  [jvm.dll+0x288f46]
V  [jvm.dll+0x8be47e]
V  [jvm.dll+0x686805]
V  [jvm.dll+0x1eac91]
V  [jvm.dll+0x1eaa5e]
V  [jvm.dll+0x689118]
V  [jvm.dll+0x688f52]
V  [jvm.dll+0x6871be]
V  [jvm.dll+0x6c4ed1]
V  [jvm.dll+0x3cd275]
V  [jvm.dll+0x6c4d86]
V  [jvm.dll+0x3cd275]
V  [jvm.dll+0x3cd198]
V  [jvm.dll+0x3e3da7]
C  0x00000238e69cab9c

The last pc belongs to anewarray (printed below).
Java frames: (J=compiled Java code, j=interpreted, Vv=VM code)
j  sun.security.ssl.SSLHandshake.$values()[Lsun/security/ssl/SSLHandshake;+2 java.base@21.0.5
j  sun.security.ssl.SSLHandshake.<clinit>()V+1316 java.base@21.0.5
v  ~StubRoutines::call_stub 0x00000238e69b100d
j  sun.security.ssl.OutputRecord.<clinit>()V+130 java.base@21.0.5
v  ~StubRoutines::call_stub 0x00000238e69b100d
j  sun.security.ssl.SSLSocketImpl.<init>(Lsun/security/ssl/SSLContextImpl;)V+78 java.base@21.0.5
j  sun.security.ssl.SSLSocketFactoryImpl.createSocket()Ljava/net/Socket;+8 java.base@21.0.5
j  javax.net.ssl.SSLContextSpi.getDefaultSocket()Ljavax/net/ssl/SSLSocket;+6 java.base@21.0.5
j  javax.net.ssl.SSLContextSpi.engineGetDefaultSSLParameters()Ljavax/net/ssl/SSLParameters;+1 java.base@21.0.5
j  javax.net.ssl.SSLContext.getDefaultSSLParameters()Ljavax/net/ssl/SSLParameters;+4 java.base@21.0.5
j  jdk.internal.net.http.HttpClientImpl.getDefaultParams(Ljavax/net/ssl/SSLContext;)Ljavax/net/ssl/SSLParameters;+1 java.net.http@21.0.5
j  jdk.internal.net.http.HttpClientImpl.<init>(Ljdk/internal/net/http/HttpClientBuilderImpl;Ljdk/internal/net/http/HttpClientImpl$SingleFacadeFactory;)V+587 java.net.http@21.0.5
j  jdk.internal.net.http.HttpClientImpl.create(Ljdk/internal/net/http/HttpClientBuilderImpl;)Ljdk/internal/net/http/HttpClientFacade;+14 java.net.http@21.0.5
j  jdk.internal.net.http.HttpClientBuilderImpl.build()Ljava/net/http/HttpClient;+1 java.net.http@21.0.5
j  externalApp.ExternalAppUtil.sendIdeRequest(Ljava/lang/String;ILjava/lang/String;Ljava/lang/String;)LexternalApp/ExternalAppUtil$Result;+77
j  git4idea.http.GitAskPassApp.main([Ljava/lang/String;)V+37
v  ~StubRoutines::call_stub 0x00000238e69b100d
anewarray  189 anewarray  [0x00000238e69cab20, 0x00000238e69cac10]  240 bytes
[MachCode]
  0x00000238e69cab20: 8b04 2448 | 83c4 0845 | 0fb7 4501 | 410f c841 | c1e8 1048 | 8b55 e848 | 8b52 0848 | 8b52 08e8 
  0x00000238e69cab40: 0500 0000 | e9ab 0000 | 004c 8bc8 | 488d 4424 | 084c 896d | c049 8bcf | c5f8 7749 | 89af a803 
  0x00000238e69cab60: 0000 4989 | 8798 0300 | 0048 83ec | 2040 f6c4 | 0f0f 8419 | 0000 0048 | 83ec 0848 | b830 3d2f 
  0x00000238e69cab80: e4fd 7f00 | 00ff d048 | 83c4 08e9 | 0c00 0000 | 48b8 303d | 2fe4 fd7f | 0000 ffd0 | 4883 c420 
  0x00000238e69caba0: 49c7 8798 | 0300 0000 | 0000 0049 | c787 a803 | 0000 0000 | 0000 49c7 | 87a0 0300 | 0000 0000 
  0x00000238e69cabc0: 00c5 f877 | 4983 7f08 | 000f 8405 | 0000 00e9 | 2c63 feff | 498b 87f0 | 0300 0049 | c787 f003 
  0x00000238e69cabe0: 0000 0000 | 0000 4c8b | 6dc0 4c8b | 75c8 4e8d | 74f5 00c3 | 410f b65d | 0349 83c5 | 0349 bac0 
  0x00000238e69cac00: 28bf e4fd | 7f00 0041 | ff24 da0f | 1f44 0000 
[/MachCode]

---------------  P R O C E S S  ---------------

Threads class SMR info:
_java_thread_list=0x00000238f7653760, length=13, elements={
0x00000238db5557c0, 0x00000238f72a7580, 0x00000238f72a8750, 0x00000238f72ac2d0,
0x00000238f72ac930, 0x00000238f72b1b10, 0x00000238f72b8450, 0x00000238f72c24d0,
0x00000238f72c2ca0, 0x00000238f72ce560, 0x00000238f7276210, 0x00000238f7687800,
0x00000238f768ac80
}

Java Threads: ( => current thread )
=>0x00000238db5557c0 JavaThread "main"                              [_thread_in_vm, id=36404, stack(0x000000495ee00000,0x000000495ef00000) (1024K)]
  0x00000238f72a7580 JavaThread "Reference Handler"          daemon [_thread_blocked, id=37732, stack(0x000000495f600000,0x000000495f700000) (1024K)]
  0x00000238f72a8750 JavaThread "Finalizer"                  daemon [_thread_blocked, id=31760, stack(0x000000495f700000,0x000000495f800000) (1024K)]
  0x00000238f72ac2d0 JavaThread "Signal Dispatcher"          daemon [_thread_blocked, id=35936, stack(0x000000495f800000,0x000000495f900000) (1024K)]
  0x00000238f72ac930 JavaThread "Attach Listener"            daemon [_thread_blocked, id=34348, stack(0x000000495f900000,0x000000495fa00000) (1024K)]
  0x00000238f72b1b10 JavaThread "Service Thread"             daemon [_thread_blocked, id=34956, stack(0x000000495fa00000,0x000000495fb00000) (1024K)]
  0x00000238f72b8450 JavaThread "Monitor Deflation Thread"   daemon [_thread_blocked, id=31848, stack(0x000000495fb00000,0x000000495fc00000) (1024K)]
  0x00000238f72c24d0 JavaThread "C2 CompilerThread0"         daemon [_thread_blocked, id=6492, stack(0x000000495fc00000,0x000000495fd00000) (1024K)]
  0x00000238f72c2ca0 JavaThread "C1 CompilerThread0"         daemon [_thread_blocked, id=33448, stack(0x000000495fd00000,0x000000495fe00000) (1024K)]
  0x00000238f72ce560 JavaThread "C1 CompilerThread1"         daemon [_thread_blocked, id=6128, stack(0x000000495fe00000,0x000000495ff00000) (1024K)]
  0x00000238f7276210 JavaThread "C1 CompilerThread2"         daemon [_thread_blocked, id=32540, stack(0x000000495ff00000,0x0000004960000000) (1024K)]
  0x00000238f7687800 JavaThread "Notification Thread"        daemon [_thread_blocked, id=18468, stack(0x0000004960000000,0x0000004960100000) (1024K)]
  0x00000238f768ac80 JavaThread "Common-Cleaner"             daemon [_thread_blocked, id=27952, stack(0x0000004960100000,0x0000004960200000) (1024K)]
Total: 13

Other Threads:
  0x00000238f7289090 VMThread "VM Thread"                           [id=24180, stack(0x000000495f500000,0x000000495f600000) (1024K)]
  0x00000238f7275c80 WatcherThread "VM Periodic Task Thread"        [id=31940, stack(0x000000495f400000,0x000000495f500000) (1024K)]
  0x00000238db5b7e50 WorkerThread "GC Thread#0"                     [id=25452, stack(0x000000495ef00000,0x000000495f000000) (1024K)]
  0x00000238db5c8610 ConcurrentGCThread "G1 Main Marker"            [id=34908, stack(0x000000495f000000,0x000000495f100000) (1024K)]
  0x00000238db5ce0e0 WorkerThread "G1 Conc#0"                       [id=15128, stack(0x000000495f100000,0x000000495f200000) (1024K)]
  0x00000238f7144210 ConcurrentGCThread "G1 Refine#0"               [id=35876, stack(0x000000495f200000,0x000000495f300000) (1024K)]
  0x00000238f7146740 ConcurrentGCThread "G1 Service"                [id=7388, stack(0x000000495f300000,0x000000495f400000) (1024K)]
Total: 7

Threads with active compile tasks:
Total: 0

VM state: not at safepoint (normal execution)

VM Mutex/Monitor currently owned by a thread:  ([mutex/lock_event])
[0x00007ffde4bdc830] Metaspace_lock - owner thread: 0x00000238db5557c0
[0x00007ffde4bdd630] MultiArray_lock - owner thread: 0x00000238db5557c0

Heap address: 0x0000000709800000, size: 3944 MB, Compressed Oops mode: Zero based, Oop shift amount: 3

CDS archive(s) mapped at: [0x0000023880000000-0x0000023880d00000-0x0000023880d00000), size 13631488, SharedBaseAddress: 0x0000023880000000, ArchiveRelocationMode: 1.
Compressed class space mapped at: 0x0000023881000000-0x00000238c1000000, reserved size: 1073741824
Narrow klass base: 0x0000023880000000, Narrow klass shift: 0, Narrow klass range: 0x100000000

GC Precious Log:
 CardTable entry size: 512
 Card Set container configuration: InlinePtr #cards 4 size 8 Array Of Cards #cards 16 size 48 Howl #buckets 8 coarsen threshold 3686 Howl Bitmap #cards 512 size 80 coarsen threshold 460 Card regions per heap region 1 cards per card region 4096
 CPUs: 16 total, 16 available
 Memory: 15775M
 Large Page Support: Disabled
 NUMA Support: Disabled
 Compressed Oops: Enabled (Zero based)
 Heap Region Size: 2M
 Heap Min Capacity: 8M
 Heap Initial Capacity: 248M
 Heap Max Capacity: 3944M
 Pre-touch: Disabled
 Parallel Workers: 13
 Concurrent Workers: 3
 Concurrent Refinement Workers: 13
 Periodic GC: Disabled

Heap:
 garbage-first heap   total 253952K, used 8192K [0x0000000709800000, 0x0000000800000000)
  region size 2048K, 5 young (10240K), 0 survivors (0K)
 Metaspace       used 4481K, committed 4608K, reserved 1114112K
  class space    used 478K, committed 512K, reserved 1048576K

Heap Regions: E=young(eden), S=young(survivor), O=old, HS=humongous(starts), HC=humongous(continues), CS=collection set, F=free, TAMS=top-at-mark-start, PB=parsable bottom
|   0|0x0000000709800000, 0x0000000709800000, 0x0000000709a00000|  0%| F|  |TAMS 0x0000000709800000| PB 0x0000000709800000| Untracked 
|   1|0x0000000709a00000, 0x0000000709a00000, 0x0000000709c00000|  0%| F|  |TAMS 0x0000000709a00000| PB 0x0000000709a00000| Untracked 
|   2|0x0000000709c00000, 0x0000000709c00000, 0x0000000709e00000|  0%| F|  |TAMS 0x0000000709c00000| PB 0x0000000709c00000| Untracked 
|   3|0x0000000709e00000, 0x0000000709e00000, 0x000000070a000000|  0%| F|  |TAMS 0x0000000709e00000| PB 0x0000000709e00000| Untracked 
|   4|0x000000070a000000, 0x000000070a000000, 0x000000070a200000|  0%| F|  |TAMS 0x000000070a000000| PB 0x000000070a000000| Untracked 
|   5|0x000000070a200000, 0x000000070a200000, 0x000000070a400000|  0%| F|  |TAMS 0x000000070a200000| PB 0x000000070a200000| Untracked 
|   6|0x000000070a400000, 0x000000070a400000, 0x000000070a600000|  0%| F|  |TAMS 0x000000070a400000| PB 0x000000070a400000| Untracked 
|   7|0x000000070a600000, 0x000000070a600000, 0x000000070a800000|  0%| F|  |TAMS 0x000000070a600000| PB 0x000000070a600000| Untracked 
|   8|0x000000070a800000, 0x000000070a800000, 0x000000070aa00000|  0%| F|  |TAMS 0x000000070a800000| PB 0x000000070a800000| Untracked 
|   9|0x000000070aa00000, 0x000000070aa00000, 0x000000070ac00000|  0%| F|  |TAMS 0x000000070aa00000| PB 0x000000070aa00000| Untracked 
|  10|0x000000070ac00000, 0x000000070ac00000, 0x000000070ae00000|  0%| F|  |TAMS 0x000000070ac00000| PB 0x000000070ac00000| Untracked 
|  11|0x000000070ae00000, 0x000000070ae00000, 0x000000070b000000|  0%| F|  |TAMS 0x000000070ae00000| PB 0x000000070ae00000| Untracked 
|  12|0x000000070b000000, 0x000000070b000000, 0x000000070b200000|  0%| F|  |TAMS 0x000000070b000000| PB 0x000000070b000000| Untracked 
|  13|0x000000070b200000, 0x000000070b200000, 0x000000070b400000|  0%| F|  |TAMS 0x000000070b200000| PB 0x000000070b200000| Untracked 
|  14|0x000000070b400000, 0x000000070b400000, 0x000000070b600000|  0%| F|  |TAMS 0x000000070b400000| PB 0x000000070b400000| Untracked 
|  15|0x000000070b600000, 0x000000070b600000, 0x000000070b800000|  0%| F|  |TAMS 0x000000070b600000| PB 0x000000070b600000| Untracked 
|  16|0x000000070b800000, 0x000000070b800000, 0x000000070ba00000|  0%| F|  |TAMS 0x000000070b800000| PB 0x000000070b800000| Untracked 
|  17|0x000000070ba00000, 0x000000070ba00000, 0x000000070bc00000|  0%| F|  |TAMS 0x000000070ba00000| PB 0x000000070ba00000| Untracked 
|  18|0x000000070bc00000, 0x000000070bc00000, 0x000000070be00000|  0%| F|  |TAMS 0x000000070bc00000| PB 0x000000070bc00000| Untracked 
|  19|0x000000070be00000, 0x000000070be00000, 0x000000070c000000|  0%| F|  |TAMS 0x000000070be00000| PB 0x000000070be00000| Untracked 
|  20|0x000000070c000000, 0x000000070c000000, 0x000000070c200000|  0%| F|  |TAMS 0x000000070c000000| PB 0x000000070c000000| Untracked 
|  21|0x000000070c200000, 0x000000070c200000, 0x000000070c400000|  0%| F|  |TAMS 0x000000070c200000| PB 0x000000070c200000| Untracked 
|  22|0x000000070c400000, 0x000000070c400000, 0x000000070c600000|  0%| F|  |TAMS 0x000000070c400000| PB 0x000000070c400000| Untracked 
|  23|0x000000070c600000, 0x000000070c600000, 0x000000070c800000|  0%| F|  |TAMS 0x000000070c600000| PB 0x000000070c600000| Untracked 
|  24|0x000000070c800000, 0x000000070c800000, 0x000000070ca00000|  0%| F|  |TAMS 0x000000070c800000| PB 0x000000070c800000| Untracked 
|  25|0x000000070ca00000, 0x000000070ca00000, 0x000000070cc00000|  0%| F|  |TAMS 0x000000070ca00000| PB 0x000000070ca00000| Untracked 
|  26|0x000000070cc00000, 0x000000070cc00000, 0x000000070ce00000|  0%| F|  |TAMS 0x000000070cc00000| PB 0x000000070cc00000| Untracked 
|  27|0x000000070ce00000, 0x000000070ce00000, 0x000000070d000000|  0%| F|  |TAMS 0x000000070ce00000| PB 0x000000070ce00000| Untracked 
|  28|0x000000070d000000, 0x000000070d000000, 0x000000070d200000|  0%| F|  |TAMS 0x000000070d000000| PB 0x000000070d000000| Untracked 
|  29|0x000000070d200000, 0x000000070d200000, 0x000000070d400000|  0%| F|  |TAMS 0x000000070d200000| PB 0x000000070d200000| Untracked 
|  30|0x000000070d400000, 0x000000070d400000, 0x000000070d600000|  0%| F|  |TAMS 0x000000070d400000| PB 0x000000070d400000| Untracked 
|  31|0x000000070d600000, 0x000000070d600000, 0x000000070d800000|  0%| F|  |TAMS 0x000000070d600000| PB 0x000000070d600000| Untracked 
|  32|0x000000070d800000, 0x000000070d800000, 0x000000070da00000|  0%| F|  |TAMS 0x000000070d800000| PB 0x000000070d800000| Untracked 
|  33|0x000000070da00000, 0x000000070da00000, 0x000000070dc00000|  0%| F|  |TAMS 0x000000070da00000| PB 0x000000070da00000| Untracked 
|  34|0x000000070dc00000, 0x000000070dc00000, 0x000000070de00000|  0%| F|  |TAMS 0x000000070dc00000| PB 0x000000070dc00000| Untracked 
|  35|0x000000070de00000, 0x000000070de00000, 0x000000070e000000|  0%| F|  |TAMS 0x000000070de00000| PB 0x000000070de00000| Untracked 
|  36|0x000000070e000000, 0x000000070e000000, 0x000000070e200000|  0%| F|  |TAMS 0x000000070e000000| PB 0x000000070e000000| Untracked 
|  37|0x000000070e200000, 0x000000070e200000, 0x000000070e400000|  0%| F|  |TAMS 0x000000070e200000| PB 0x000000070e200000| Untracked 
|  38|0x000000070e400000, 0x000000070e400000, 0x000000070e600000|  0%| F|  |TAMS 0x000000070e400000| PB 0x000000070e400000| Untracked 
|  39|0x000000070e600000, 0x000000070e600000, 0x000000070e800000|  0%| F|  |TAMS 0x000000070e600000| PB 0x000000070e600000| Untracked 
|  40|0x000000070e800000, 0x000000070e800000, 0x000000070ea00000|  0%| F|  |TAMS 0x000000070e800000| PB 0x000000070e800000| Untracked 
|  41|0x000000070ea00000, 0x000000070ea00000, 0x000000070ec00000|  0%| F|  |TAMS 0x000000070ea00000| PB 0x000000070ea00000| Untracked 
|  42|0x000000070ec00000, 0x000000070ec00000, 0x000000070ee00000|  0%| F|  |TAMS 0x000000070ec00000| PB 0x000000070ec00000| Untracked 
|  43|0x000000070ee00000, 0x000000070ee00000, 0x000000070f000000|  0%| F|  |TAMS 0x000000070ee00000| PB 0x000000070ee00000| Untracked 
|  44|0x000000070f000000, 0x000000070f000000, 0x000000070f200000|  0%| F|  |TAMS 0x000000070f000000| PB 0x000000070f000000| Untracked 
|  45|0x000000070f200000, 0x000000070f200000, 0x000000070f400000|  0%| F|  |TAMS 0x000000070f200000| PB 0x000000070f200000| Untracked 
|  46|0x000000070f400000, 0x000000070f400000, 0x000000070f600000|  0%| F|  |TAMS 0x000000070f400000| PB 0x000000070f400000| Untracked 
|  47|0x000000070f600000, 0x000000070f600000, 0x000000070f800000|  0%| F|  |TAMS 0x000000070f600000| PB 0x000000070f600000| Untracked 
|  48|0x000000070f800000, 0x000000070f800000, 0x000000070fa00000|  0%| F|  |TAMS 0x000000070f800000| PB 0x000000070f800000| Untracked 
|  49|0x000000070fa00000, 0x000000070fa00000, 0x000000070fc00000|  0%| F|  |TAMS 0x000000070fa00000| PB 0x000000070fa00000| Untracked 
|  50|0x000000070fc00000, 0x000000070fc00000, 0x000000070fe00000|  0%| F|  |TAMS 0x000000070fc00000| PB 0x000000070fc00000| Untracked 
|  51|0x000000070fe00000, 0x000000070fe00000, 0x0000000710000000|  0%| F|  |TAMS 0x000000070fe00000| PB 0x000000070fe00000| Untracked 
|  52|0x0000000710000000, 0x0000000710000000, 0x0000000710200000|  0%| F|  |TAMS 0x0000000710000000| PB 0x0000000710000000| Untracked 
|  53|0x0000000710200000, 0x0000000710200000, 0x0000000710400000|  0%| F|  |TAMS 0x0000000710200000| PB 0x0000000710200000| Untracked 
|  54|0x0000000710400000, 0x0000000710400000, 0x0000000710600000|  0%| F|  |TAMS 0x0000000710400000| PB 0x0000000710400000| Untracked 
|  55|0x0000000710600000, 0x0000000710600000, 0x0000000710800000|  0%| F|  |TAMS 0x0000000710600000| PB 0x0000000710600000| Untracked 
|  56|0x0000000710800000, 0x0000000710800000, 0x0000000710a00000|  0%| F|  |TAMS 0x0000000710800000| PB 0x0000000710800000| Untracked 
|  57|0x0000000710a00000, 0x0000000710a00000, 0x0000000710c00000|  0%| F|  |TAMS 0x0000000710a00000| PB 0x0000000710a00000| Untracked 
|  58|0x0000000710c00000, 0x0000000710c00000, 0x0000000710e00000|  0%| F|  |TAMS 0x0000000710c00000| PB 0x0000000710c00000| Untracked 
|  59|0x0000000710e00000, 0x0000000710e00000, 0x0000000711000000|  0%| F|  |TAMS 0x0000000710e00000| PB 0x0000000710e00000| Untracked 
|  60|0x0000000711000000, 0x0000000711000000, 0x0000000711200000|  0%| F|  |TAMS 0x0000000711000000| PB 0x0000000711000000| Untracked 
|  61|0x0000000711200000, 0x0000000711200000, 0x0000000711400000|  0%| F|  |TAMS 0x0000000711200000| PB 0x0000000711200000| Untracked 
|  62|0x0000000711400000, 0x0000000711400000, 0x0000000711600000|  0%| F|  |TAMS 0x0000000711400000| PB 0x0000000711400000| Untracked 
|  63|0x0000000711600000, 0x0000000711600000, 0x0000000711800000|  0%| F|  |TAMS 0x0000000711600000| PB 0x0000000711600000| Untracked 
|  64|0x0000000711800000, 0x0000000711800000, 0x0000000711a00000|  0%| F|  |TAMS 0x0000000711800000| PB 0x0000000711800000| Untracked 
|  65|0x0000000711a00000, 0x0000000711a00000, 0x0000000711c00000|  0%| F|  |TAMS 0x0000000711a00000| PB 0x0000000711a00000| Untracked 
|  66|0x0000000711c00000, 0x0000000711c00000, 0x0000000711e00000|  0%| F|  |TAMS 0x0000000711c00000| PB 0x0000000711c00000| Untracked 
|  67|0x0000000711e00000, 0x0000000711e00000, 0x0000000712000000|  0%| F|  |TAMS 0x0000000711e00000| PB 0x0000000711e00000| Untracked 
|  68|0x0000000712000000, 0x0000000712000000, 0x0000000712200000|  0%| F|  |TAMS 0x0000000712000000| PB 0x0000000712000000| Untracked 
|  69|0x0000000712200000, 0x0000000712200000, 0x0000000712400000|  0%| F|  |TAMS 0x0000000712200000| PB 0x0000000712200000| Untracked 
|  70|0x0000000712400000, 0x0000000712400000, 0x0000000712600000|  0%| F|  |TAMS 0x0000000712400000| PB 0x0000000712400000| Untracked 
|  71|0x0000000712600000, 0x0000000712600000, 0x0000000712800000|  0%| F|  |TAMS 0x0000000712600000| PB 0x0000000712600000| Untracked 
|  72|0x0000000712800000, 0x0000000712800000, 0x0000000712a00000|  0%| F|  |TAMS 0x0000000712800000| PB 0x0000000712800000| Untracked 
|  73|0x0000000712a00000, 0x0000000712a00000, 0x0000000712c00000|  0%| F|  |TAMS 0x0000000712a00000| PB 0x0000000712a00000| Untracked 
|  74|0x0000000712c00000, 0x0000000712c00000, 0x0000000712e00000|  0%| F|  |TAMS 0x0000000712c00000| PB 0x0000000712c00000| Untracked 
|  75|0x0000000712e00000, 0x0000000712e00000, 0x0000000713000000|  0%| F|  |TAMS 0x0000000712e00000| PB 0x0000000712e00000| Untracked 
|  76|0x0000000713000000, 0x0000000713000000, 0x0000000713200000|  0%| F|  |TAMS 0x0000000713000000| PB 0x0000000713000000| Untracked 
|  77|0x0000000713200000, 0x0000000713200000, 0x0000000713400000|  0%| F|  |TAMS 0x0000000713200000| PB 0x0000000713200000| Untracked 
|  78|0x0000000713400000, 0x0000000713400000, 0x0000000713600000|  0%| F|  |TAMS 0x0000000713400000| PB 0x0000000713400000| Untracked 
|  79|0x0000000713600000, 0x0000000713600000, 0x0000000713800000|  0%| F|  |TAMS 0x0000000713600000| PB 0x0000000713600000| Untracked 
|  80|0x0000000713800000, 0x0000000713800000, 0x0000000713a00000|  0%| F|  |TAMS 0x0000000713800000| PB 0x0000000713800000| Untracked 
|  81|0x0000000713a00000, 0x0000000713a00000, 0x0000000713c00000|  0%| F|  |TAMS 0x0000000713a00000| PB 0x0000000713a00000| Untracked 
|  82|0x0000000713c00000, 0x0000000713c00000, 0x0000000713e00000|  0%| F|  |TAMS 0x0000000713c00000| PB 0x0000000713c00000| Untracked 
|  83|0x0000000713e00000, 0x0000000713e00000, 0x0000000714000000|  0%| F|  |TAMS 0x0000000713e00000| PB 0x0000000713e00000| Untracked 
|  84|0x0000000714000000, 0x0000000714000000, 0x0000000714200000|  0%| F|  |TAMS 0x0000000714000000| PB 0x0000000714000000| Untracked 
|  85|0x0000000714200000, 0x0000000714200000, 0x0000000714400000|  0%| F|  |TAMS 0x0000000714200000| PB 0x0000000714200000| Untracked 
|  86|0x0000000714400000, 0x0000000714400000, 0x0000000714600000|  0%| F|  |TAMS 0x0000000714400000| PB 0x0000000714400000| Untracked 
|  87|0x0000000714600000, 0x0000000714600000, 0x0000000714800000|  0%| F|  |TAMS 0x0000000714600000| PB 0x0000000714600000| Untracked 
|  88|0x0000000714800000, 0x0000000714800000, 0x0000000714a00000|  0%| F|  |TAMS 0x0000000714800000| PB 0x0000000714800000| Untracked 
|  89|0x0000000714a00000, 0x0000000714a00000, 0x0000000714c00000|  0%| F|  |TAMS 0x0000000714a00000| PB 0x0000000714a00000| Untracked 
|  90|0x0000000714c00000, 0x0000000714c00000, 0x0000000714e00000|  0%| F|  |TAMS 0x0000000714c00000| PB 0x0000000714c00000| Untracked 
|  91|0x0000000714e00000, 0x0000000714e00000, 0x0000000715000000|  0%| F|  |TAMS 0x0000000714e00000| PB 0x0000000714e00000| Untracked 
|  92|0x0000000715000000, 0x0000000715000000, 0x0000000715200000|  0%| F|  |TAMS 0x0000000715000000| PB 0x0000000715000000| Untracked 
|  93|0x0000000715200000, 0x0000000715200000, 0x0000000715400000|  0%| F|  |TAMS 0x0000000715200000| PB 0x0000000715200000| Untracked 
|  94|0x0000000715400000, 0x0000000715400000, 0x0000000715600000|  0%| F|  |TAMS 0x0000000715400000| PB 0x0000000715400000| Untracked 
|  95|0x0000000715600000, 0x0000000715600000, 0x0000000715800000|  0%| F|  |TAMS 0x0000000715600000| PB 0x0000000715600000| Untracked 
|  96|0x0000000715800000, 0x0000000715800000, 0x0000000715a00000|  0%| F|  |TAMS 0x0000000715800000| PB 0x0000000715800000| Untracked 
|  97|0x0000000715a00000, 0x0000000715a00000, 0x0000000715c00000|  0%| F|  |TAMS 0x0000000715a00000| PB 0x0000000715a00000| Untracked 
|  98|0x0000000715c00000, 0x0000000715c00000, 0x0000000715e00000|  0%| F|  |TAMS 0x0000000715c00000| PB 0x0000000715c00000| Untracked 
|  99|0x0000000715e00000, 0x0000000715e00000, 0x0000000716000000|  0%| F|  |TAMS 0x0000000715e00000| PB 0x0000000715e00000| Untracked 
| 100|0x0000000716000000, 0x0000000716000000, 0x0000000716200000|  0%| F|  |TAMS 0x0000000716000000| PB 0x0000000716000000| Untracked 
| 101|0x0000000716200000, 0x0000000716200000, 0x0000000716400000|  0%| F|  |TAMS 0x0000000716200000| PB 0x0000000716200000| Untracked 
| 102|0x0000000716400000, 0x0000000716400000, 0x0000000716600000|  0%| F|  |TAMS 0x0000000716400000| PB 0x0000000716400000| Untracked 
| 103|0x0000000716600000, 0x0000000716600000, 0x0000000716800000|  0%| F|  |TAMS 0x0000000716600000| PB 0x0000000716600000| Untracked 
| 104|0x0000000716800000, 0x0000000716800000, 0x0000000716a00000|  0%| F|  |TAMS 0x0000000716800000| PB 0x0000000716800000| Untracked 
| 105|0x0000000716a00000, 0x0000000716a00000, 0x0000000716c00000|  0%| F|  |TAMS 0x0000000716a00000| PB 0x0000000716a00000| Untracked 
| 106|0x0000000716c00000, 0x0000000716c00000, 0x0000000716e00000|  0%| F|  |TAMS 0x0000000716c00000| PB 0x0000000716c00000| Untracked 
| 107|0x0000000716e00000, 0x0000000716e00000, 0x0000000717000000|  0%| F|  |TAMS 0x0000000716e00000| PB 0x0000000716e00000| Untracked 
| 108|0x0000000717000000, 0x0000000717000000, 0x0000000717200000|  0%| F|  |TAMS 0x0000000717000000| PB 0x0000000717000000| Untracked 
| 109|0x0000000717200000, 0x0000000717200000, 0x0000000717400000|  0%| F|  |TAMS 0x0000000717200000| PB 0x0000000717200000| Untracked 
| 110|0x0000000717400000, 0x0000000717400000, 0x0000000717600000|  0%| F|  |TAMS 0x0000000717400000| PB 0x0000000717400000| Untracked 
| 111|0x0000000717600000, 0x0000000717600000, 0x0000000717800000|  0%| F|  |TAMS 0x0000000717600000| PB 0x0000000717600000| Untracked 
| 112|0x0000000717800000, 0x0000000717800000, 0x0000000717a00000|  0%| F|  |TAMS 0x0000000717800000| PB 0x0000000717800000| Untracked 
| 113|0x0000000717a00000, 0x0000000717a00000, 0x0000000717c00000|  0%| F|  |TAMS 0x0000000717a00000| PB 0x0000000717a00000| Untracked 
| 114|0x0000000717c00000, 0x0000000717c00000, 0x0000000717e00000|  0%| F|  |TAMS 0x0000000717c00000| PB 0x0000000717c00000| Untracked 
| 115|0x0000000717e00000, 0x0000000717e00000, 0x0000000718000000|  0%| F|  |TAMS 0x0000000717e00000| PB 0x0000000717e00000| Untracked 
| 116|0x0000000718000000, 0x0000000718000000, 0x0000000718200000|  0%| F|  |TAMS 0x0000000718000000| PB 0x0000000718000000| Untracked 
| 117|0x0000000718200000, 0x0000000718200000, 0x0000000718400000|  0%| F|  |TAMS 0x0000000718200000| PB 0x0000000718200000| Untracked 
| 118|0x0000000718400000, 0x0000000718400000, 0x0000000718600000|  0%| F|  |TAMS 0x0000000718400000| PB 0x0000000718400000| Untracked 
| 119|0x0000000718600000, 0x00000007186e14e0, 0x0000000718800000| 44%| E|  |TAMS 0x0000000718600000| PB 0x0000000718600000| Complete 
| 120|0x0000000718800000, 0x0000000718a00000, 0x0000000718a00000|100%| E|CS|TAMS 0x0000000718800000| PB 0x0000000718800000| Complete 
| 121|0x0000000718a00000, 0x0000000718c00000, 0x0000000718c00000|100%| E|CS|TAMS 0x0000000718a00000| PB 0x0000000718a00000| Complete 
| 122|0x0000000718c00000, 0x0000000718e00000, 0x0000000718e00000|100%| E|CS|TAMS 0x0000000718c00000| PB 0x0000000718c00000| Complete 
| 123|0x0000000718e00000, 0x0000000719000000, 0x0000000719000000|100%| E|CS|TAMS 0x0000000718e00000| PB 0x0000000718e00000| Complete 

Card table byte_map: [0x00000238efcd0000,0x00000238f0490000] _byte_map_base: 0x00000238ec484000

Marking Bits: (CMBitMap*) 0x00000238db5b8550
 Bits: [0x00000238f0490000, 0x00000238f4230000)

Polling page: 0x00000238d9c90000

Metaspace:

Usage:
  Non-class:      3.91 MB used.
      Class:    478.90 KB used.
       Both:      4.38 MB used.

Virtual space:
  Non-class space:       64.00 MB reserved,       4.00 MB (  6%) committed,  1 nodes.
      Class space:        1.00 GB reserved,     512.00 KB ( <1%) committed,  1 nodes.
             Both:        1.06 GB reserved,       4.50 MB ( <1%) committed. 

Chunk freelists:
   Non-Class:  11.50 MB
       Class:  15.25 MB
        Both:  26.75 MB

MaxMetaspaceSize: unlimited
CompressedClassSpaceSize: 1.00 GB
Initial GC threshold: 21.00 MB
Current GC threshold: 21.00 MB
CDS: on
 - commit_granule_bytes: 65536.
 - commit_granule_words: 8192.
 - virtual_space_node_default_size: 8388608.
 - enlarge_chunks_in_place: 1.
 - use_allocation_guard: 0.


Internal statistics:

num_allocs_failed_limit: 0.
num_arena_births: 134.
num_arena_deaths: 0.
num_vsnodes_births: 2.
num_vsnodes_deaths: 0.
num_space_committed: 72.
num_space_uncommitted: 0.
num_chunks_returned_to_freelist: 0.
num_chunks_taken_from_freelist: 183.
num_chunk_merges: 0.
num_chunk_splits: 117.
num_chunks_enlarged: 62.
num_inconsistent_stats: 0.

CodeHeap 'non-profiled nmethods': size=119168Kb used=231Kb max_used=231Kb free=118936Kb
 bounds [0x00000238e7100000, 0x00000238e7370000, 0x00000238ee560000]
CodeHeap 'profiled nmethods': size=119104Kb used=1195Kb max_used=1195Kb free=117908Kb
 bounds [0x00000238df560000, 0x00000238df7d0000, 0x00000238e69b0000]
CodeHeap 'non-nmethods': size=7488Kb used=2489Kb max_used=2498Kb free=4998Kb
 bounds [0x00000238e69b0000, 0x00000238e6c30000, 0x00000238e7100000]
 total_blobs=1245 nmethods=777 adapters=371
 compilation: enabled
              stopped_count=0, restarted_count=0
 full_count=0

Compilation events (20 events):
Event: 0.656 Thread 0x00000238f72c2ca0  764       3       jdk.internal.org.objectweb.asm.MethodWriter::visitInsn (115 bytes)
Event: 0.656 Thread 0x00000238f72ce560 nmethod 763 0x00000238df686d10 code [0x00000238df686ec0, 0x00000238df687080]
Event: 0.656 Thread 0x00000238f7276210 nmethod 760 0x00000238df687110 code [0x00000238df6873c0, 0x00000238df687eb8]
Event: 0.657 Thread 0x00000238f72c2ca0 nmethod 764 0x00000238df688210 code [0x00000238df688400, 0x00000238df6887f8]
Event: 0.657 Thread 0x00000238f7276210  767       3       java.lang.invoke.MethodHandleStatics::dumper (4 bytes)
Event: 0.657 Thread 0x00000238f7276210 nmethod 767 0x00000238df688990 code [0x00000238df688b20, 0x00000238df688c18]
Event: 0.659 Thread 0x00000238f72c24d0  768       4       java.lang.invoke.MethodType::parameterCount (6 bytes)
Event: 0.659 Thread 0x00000238f72c24d0 nmethod 768 0x00000238e7138b90 code [0x00000238e7138d20, 0x00000238e7138dc0]
Event: 0.663 Thread 0x00000238f7276210  769       3       java.lang.invoke.MethodHandles$Lookup::checkSymbolicClass (25 bytes)
Event: 0.663 Thread 0x00000238f7276210 nmethod 769 0x00000238df688c90 code [0x00000238df688e60, 0x00000238df6890e0]
Event: 0.665 Thread 0x00000238f7276210  772       3       jdk.internal.org.objectweb.asm.MethodVisitor::<init> (78 bytes)
Event: 0.665 Thread 0x00000238f7276210 nmethod 772 0x00000238df689210 code [0x00000238df689440, 0x00000238df689be0]
Event: 0.666 Thread 0x00000238f7276210  774       3       jdk.internal.jimage.ImageStringsReader::match (11 bytes)
Event: 0.666 Thread 0x00000238f72ce560  775       3       jdk.internal.jimage.BasicImageReader::match (37 bytes)
Event: 0.666 Thread 0x00000238f7276210 nmethod 774 0x00000238df689e90 code [0x00000238df68a040, 0x00000238df68a210]
Event: 0.666 Thread 0x00000238f72ce560 nmethod 775 0x00000238df68a310 code [0x00000238df68a4e0, 0x00000238df68a728]
Event: 0.667 Thread 0x00000238f72c24d0  776   !   4       java.nio.DirectByteBuffer::get (34 bytes)
Event: 0.669 Thread 0x00000238f72c24d0 nmethod 776 0x00000238e7139b10 code [0x00000238e7139cc0, 0x00000238e7139e20]
Event: 0.670 Thread 0x00000238f7276210  777       3       java.lang.invoke.MemberName::isCallerSensitive (8 bytes)
Event: 0.670 Thread 0x00000238f7276210 nmethod 777 0x00000238df68a890 code [0x00000238df68aa40, 0x00000238df68ac08]

GC Heap History (0 events):
No events

Dll operation events (2 events):
Event: 0.019 Loaded shared library C:\Program Files\JetBrains\WebStorm 2024.3.1.1\jbr\bin\java.dll
Event: 0.151 Loaded shared library C:\Program Files\JetBrains\WebStorm 2024.3.1.1\jbr\bin\zip.dll

Deoptimization events (12 events):
Event: 0.287 Thread 0x00000238db5557c0 Uncommon trap: trap_request=0xffffff45 fr.pc=0x00000238e7113494 relative=0x0000000000000074
Event: 0.287 Thread 0x00000238db5557c0 Uncommon trap: reason=unstable_if action=reinterpret pc=0x00000238e7113494 method=java.lang.CharacterDataLatin1.toLowerCase(I)I @ 16 c2
Event: 0.287 Thread 0x00000238db5557c0 DEOPT PACKING pc=0x00000238e7113494 sp=0x000000495eefb160
Event: 0.287 Thread 0x00000238db5557c0 DEOPT UNPACKING pc=0x00000238e6a046a2 sp=0x000000495eefb0f0 mode 2
Event: 0.399 Thread 0x00000238db5557c0 DEOPT PACKING pc=0x00000238df5ac887 sp=0x000000495eefdf20
Event: 0.399 Thread 0x00000238db5557c0 DEOPT UNPACKING pc=0x00000238e6a04e42 sp=0x000000495eefd3b8 mode 0
Event: 0.538 Thread 0x00000238db5557c0 Uncommon trap: trap_request=0xffffff45 fr.pc=0x00000238e711fdac relative=0x000000000000008c
Event: 0.538 Thread 0x00000238db5557c0 Uncommon trap: reason=unstable_if action=reinterpret pc=0x00000238e711fdac method=jdk.internal.misc.Unsafe.convEndian(ZI)I @ 4 c2
Event: 0.538 Thread 0x00000238db5557c0 DEOPT PACKING pc=0x00000238e711fdac sp=0x000000495eefdf20
Event: 0.538 Thread 0x00000238db5557c0 DEOPT UNPACKING pc=0x00000238e6a046a2 sp=0x000000495eefde50 mode 2
Event: 0.607 Thread 0x00000238db5557c0 DEOPT PACKING pc=0x00000238df57c2cc sp=0x000000495eefbef0
Event: 0.607 Thread 0x00000238db5557c0 DEOPT UNPACKING pc=0x00000238e6a04e42 sp=0x000000495eefb310 mode 0

Classes loaded (20 events):
Event: 0.697 Loading class sun/security/ssl/Finished$T13FinishedProducer
Event: 0.698 Loading class sun/security/ssl/Finished$T13FinishedProducer done
Event: 0.698 Loading class sun/security/ssl/CertificateStatus
Event: 0.698 Loading class sun/security/ssl/CertificateStatus done
Event: 0.698 Loading class sun/security/ssl/CertificateStatus$CertificateStatusConsumer
Event: 0.698 Loading class sun/security/ssl/CertificateStatus$CertificateStatusConsumer done
Event: 0.698 Loading class sun/security/ssl/CertificateStatus$CertificateStatusProducer
Event: 0.698 Loading class sun/security/ssl/CertificateStatus$CertificateStatusProducer done
Event: 0.698 Loading class sun/security/ssl/CertificateStatus$CertificateStatusAbsence
Event: 0.698 Loading class sun/security/ssl/HandshakeAbsence
Event: 0.698 Loading class sun/security/ssl/HandshakeAbsence done
Event: 0.698 Loading class sun/security/ssl/CertificateStatus$CertificateStatusAbsence done
Event: 0.698 Loading class sun/security/ssl/KeyUpdate
Event: 0.698 Loading class sun/security/ssl/KeyUpdate done
Event: 0.698 Loading class sun/security/ssl/KeyUpdate$KeyUpdateKickstartProducer
Event: 0.698 Loading class sun/security/ssl/KeyUpdate$KeyUpdateKickstartProducer done
Event: 0.698 Loading class sun/security/ssl/KeyUpdate$KeyUpdateConsumer
Event: 0.698 Loading class sun/security/ssl/KeyUpdate$KeyUpdateConsumer done
Event: 0.698 Loading class sun/security/ssl/KeyUpdate$KeyUpdateProducer
Event: 0.698 Loading class sun/security/ssl/KeyUpdate$KeyUpdateProducer done

Classes unloaded (0 events):
No events

Classes redefined (0 events):
No events

Internal exceptions (20 events):
Event: 0.570 Thread 0x00000238db5557c0 Exception <a 'java/lang/NoSuchMethodError'{0x000000071891bc38}: 'int java.lang.invoke.DirectMethodHandle$Holder.invokeStaticInit(java.lang.Object, java.lang.Object, java.lang.Object)'> (0x000000071891bc38) 
thrown [s\src\hotspot\share\interpreter\linkResolver.cpp, line 784]
Event: 0.573 Thread 0x00000238db5557c0 Exception <a 'java/lang/NoSuchMethodError'{0x000000071892a740}: 'int java.lang.invoke.DirectMethodHandle$Holder.invokeSpecial(java.lang.Object, java.lang.Object, java.lang.Object)'> (0x000000071892a740) 
thrown [s\src\hotspot\share\interpreter\linkResolver.cpp, line 784]
Event: 0.574 Thread 0x00000238db5557c0 Exception <a 'java/lang/NoSuchMethodError'{0x0000000718930198}: 'int java.lang.invoke.DirectMethodHandle$Holder.invokeStaticInit(java.lang.Object, java.lang.Object)'> (0x0000000718930198) 
thrown [s\src\hotspot\share\interpreter\linkResolver.cpp, line 784]
Event: 0.575 Thread 0x00000238db5557c0 Exception <a 'java/lang/NoSuchMethodError'{0x0000000718935b30}: 'int java.lang.invoke.DirectMethodHandle$Holder.invokeSpecialIFC(java.lang.Object, java.lang.Object, java.lang.Object)'> (0x0000000718935b30) 
thrown [s\src\hotspot\share\interpreter\linkResolver.cpp, line 784]
Event: 0.597 Thread 0x00000238db5557c0 Exception <a 'java/lang/NoSuchMethodError'{0x0000000718967c90}: 'java.lang.Object java.lang.invoke.DirectMethodHandle$Holder.invokeStaticInit(java.lang.Object, java.lang.Object, java.lang.Object, java.lang.Object, java.lang.Object, java.lang.Object, java.lang.Object)'> (0x0000000718967c90) 
thrown [s\src\hotspot\share\interpreter\linkResolver.cpp, line 784]
Event: 0.599 Thread 0x00000238db5557c0 Exception <a 'java/lang/NoSuchMethodError'{0x00000007189711d8}: 'java.lang.Object java.lang.invoke.Invokers$Holder.invoke_MT(java.lang.Object, java.lang.Object, java.lang.Object, java.lang.Object, java.lang.Object, java.lang.Object, java.lang.Object, java.lang.Object, java.lang.Object, java.lang.Object)'> (0x00000007189711d8) 
thrown [s\src\hotspot\share\interpreter\linkResolver.cpp, line 784]
Event: 0.607 Thread 0x00000238db5557c0 Exception <a 'java/lang/NoSuchMethodError'{0x00000007189869d0}: 'void java.lang.invoke.DelegatingMethodHandle$Holder.delegate(java.lang.Object, java.lang.Object, int, java.lang.Object)'> (0x00000007189869d0) 
thrown [s\src\hotspot\share\interpreter\linkResolver.cpp, line 784]
Event: 0.617 Thread 0x00000238db5557c0 Exception <a 'java/lang/NoSuchMethodError'{0x00000007189a8c40}: 'int java.lang.invoke.DirectMethodHandle$Holder.invokeVirtual(java.lang.Object, java.lang.Object, java.lang.Object)'> (0x00000007189a8c40) 
thrown [s\src\hotspot\share\interpreter\linkResolver.cpp, line 784]
Event: 0.618 Thread 0x00000238db5557c0 Exception <a 'java/lang/NoSuchMethodError'{0x00000007189ac330}: 'int java.lang.invoke.DirectMethodHandle$Holder.invokeVirtual(java.lang.Object, java.lang.Object)'> (0x00000007189ac330) 
thrown [s\src\hotspot\share\interpreter\linkResolver.cpp, line 784]
Event: 0.619 Thread 0x00000238db5557c0 Exception <a 'java/lang/NoSuchMethodError'{0x00000007189b06d8}: 'int java.lang.invoke.DirectMethodHandle$Holder.invokeStaticInit(java.lang.Object, int, int)'> (0x00000007189b06d8) 
thrown [s\src\hotspot\share\interpreter\linkResolver.cpp, line 784]
Event: 0.620 Thread 0x00000238db5557c0 Exception <a 'java/lang/NoSuchMethodError'{0x00000007189b7ce8}: 'int java.lang.invoke.DirectMethodHandle$Holder.invokeStaticInit(java.lang.Object, long, long)'> (0x00000007189b7ce8) 
thrown [s\src\hotspot\share\interpreter\linkResolver.cpp, line 784]
Event: 0.622 Thread 0x00000238db5557c0 Exception <a 'java/lang/NoSuchMethodError'{0x00000007189be780}: 'int java.lang.invoke.DirectMethodHandle$Holder.invokeStaticInit(java.lang.Object, float, float)'> (0x00000007189be780) 
thrown [s\src\hotspot\share\interpreter\linkResolver.cpp, line 784]
Event: 0.623 Thread 0x00000238db5557c0 Exception <a 'java/lang/NoSuchMethodError'{0x00000007189c5210}: 'int java.lang.invoke.DirectMethodHandle$Holder.invokeStaticInit(java.lang.Object, double, double)'> (0x00000007189c5210) 
thrown [s\src\hotspot\share\interpreter\linkResolver.cpp, line 784]
Event: 0.624 Thread 0x00000238db5557c0 Exception <a 'java/lang/NoSuchMethodError'{0x00000007189c9898}: 'int java.lang.invoke.DirectMethodHandle$Holder.invokeStatic(java.lang.Object, long)'> (0x00000007189c9898) 
thrown [s\src\hotspot\share\interpreter\linkResolver.cpp, line 784]
Event: 0.632 Thread 0x00000238db5557c0 Exception <a 'java/lang/NoSuchMethodError'{0x00000007189f3650}: 'java.lang.Object java.lang.invoke.DirectMethodHandle$Holder.invokeSpecial(java.lang.Object, java.lang.Object, int, java.lang.Object, java.lang.Object)'> (0x00000007189f3650) 
thrown [s\src\hotspot\share\interpreter\linkResolver.cpp, line 784]
Event: 0.632 Thread 0x00000238db5557c0 Exception <a 'java/lang/NoSuchMethodError'{0x00000007189f6fe0}: 'java.lang.Object java.lang.invoke.DelegatingMethodHandle$Holder.delegate(java.lang.Object, int, java.lang.Object, java.lang.Object)'> (0x00000007189f6fe0) 
thrown [s\src\hotspot\share\interpreter\linkResolver.cpp, line 784]
Event: 0.636 Thread 0x00000238db5557c0 Exception <a 'java/lang/NoSuchMethodError'{0x0000000718606570}: 'int java.lang.invoke.Invokers$Holder.linkToTargetMethod(java.lang.Object, java.lang.Object, java.lang.Object)'> (0x0000000718606570) 
thrown [s\src\hotspot\share\interpreter\linkResolver.cpp, line 784]
Event: 0.641 Thread 0x00000238db5557c0 Exception <a 'java/lang/NoSuchMethodError'{0x0000000718638218}: 'long java.lang.invoke.DirectMethodHandle$Holder.invokeSpecial(java.lang.Object, java.lang.Object)'> (0x0000000718638218) 
thrown [s\src\hotspot\share\interpreter\linkResolver.cpp, line 784]
Event: 0.642 Thread 0x00000238db5557c0 Exception <a 'java/lang/NoSuchMethodError'{0x000000071863eae8}: 'int java.lang.invoke.DirectMethodHandle$Holder.invokeStatic(java.lang.Object, java.lang.Object, java.lang.Object, java.lang.Object)'> (0x000000071863eae8) 
thrown [s\src\hotspot\share\interpreter\linkResolver.cpp, line 784]
Event: 0.643 Thread 0x00000238db5557c0 Exception <a 'java/lang/NoSuchMethodError'{0x0000000718641f08}: 'java.lang.Object java.lang.invoke.Invokers$Holder.invokeExact_MT(java.lang.Object, java.lang.Object, java.lang.Object, java.lang.Object, java.lang.Object, java.lang.Object)'> (0x0000000718641f08) 
thrown [s\src\hotspot\share\interpreter\linkResolver.cpp, line 784]

ZGC Phase Switch (0 events):
No events

VM Operations (6 events):
Event: 0.171 Executing VM operation: HandshakeAllThreads (Deoptimize)
Event: 0.171 Executing VM operation: HandshakeAllThreads (Deoptimize) done
Event: 0.178 Executing VM operation: HandshakeAllThreads (Deoptimize)
Event: 0.178 Executing VM operation: HandshakeAllThreads (Deoptimize) done
Event: 0.375 Executing VM operation: HandshakeAllThreads (Deoptimize)
Event: 0.375 Executing VM operation: HandshakeAllThreads (Deoptimize) done

Memory protections (0 events):
No events

Nmethod flushes (0 events):
No events

Events (17 events):
Event: 0.068 Thread 0x00000238db5557c0 Thread added: 0x00000238db5557c0
Event: 0.091 Thread 0x00000238db5557c0 Thread added: 0x00000238f72a7580
Event: 0.101 Thread 0x00000238db5557c0 Thread added: 0x00000238f72a8750
Event: 0.102 Thread 0x00000238db5557c0 Thread added: 0x00000238f72ac2d0
Event: 0.102 Thread 0x00000238db5557c0 Thread added: 0x00000238f72ac930
Event: 0.102 Thread 0x00000238db5557c0 Thread added: 0x00000238f72b1b10
Event: 0.103 Thread 0x00000238db5557c0 Thread added: 0x00000238f72b8450
Event: 0.103 Thread 0x00000238db5557c0 Thread added: 0x00000238f72c24d0
Event: 0.103 Thread 0x00000238db5557c0 Thread added: 0x00000238f72c2ca0
Event: 0.139 Thread 0x00000238f72c2ca0 Thread added: 0x00000238f72ce560
Event: 0.140 Thread 0x00000238f72c2ca0 Thread added: 0x00000238f7276210
Event: 0.148 Thread 0x00000238db5557c0 Thread added: 0x00000238f7687800
Event: 0.154 Thread 0x00000238db5557c0 Thread added: 0x00000238f768ac80
Event: 0.159 Loaded shared library C:\Program Files\JetBrains\WebStorm 2024.3.1.1\jbr\bin\net.dll
Event: 0.163 Loaded shared library C:\Program Files\JetBrains\WebStorm 2024.3.1.1\jbr\bin\nio.dll
Event: 0.167 Loaded shared library C:\Program Files\JetBrains\WebStorm 2024.3.1.1\jbr\bin\zip.dll
Event: 0.233 Loaded shared library C:\Program Files\JetBrains\WebStorm 2024.3.1.1\jbr\bin\jimage.dll


Dynamic libraries:
0x00007ff63cdd0000 - 0x00007ff63cdda000 	C:\Program Files\JetBrains\WebStorm 2024.3.1.1\jbr\bin\java.exe
0x00007fff22580000 - 0x00007fff227e3000 	C:\WINDOWS\SYSTEM32\ntdll.dll
0x00007ffecb3c0000 - 0x00007ffecb3da000 	C:\Program Files\Avast Software\Avast\aswhook.dll
0x00007fff20dd0000 - 0x00007fff20e98000 	C:\WINDOWS\System32\KERNEL32.DLL
0x00007fff1fda0000 - 0x00007fff20154000 	C:\WINDOWS\System32\KERNELBASE.dll
0x00007fff1fc50000 - 0x00007fff1fd9b000 	C:\WINDOWS\System32\ucrtbase.dll
0x00007fff06790000 - 0x00007fff067a8000 	C:\Program Files\JetBrains\WebStorm 2024.3.1.1\jbr\bin\jli.dll
0x00007ffeead30000 - 0x00007ffeead4b000 	C:\Program Files\JetBrains\WebStorm 2024.3.1.1\jbr\bin\VCRUNTIME140.dll
0x00007fff21c10000 - 0x00007fff21dd9000 	C:\WINDOWS\System32\USER32.dll
0x00007fff1fc20000 - 0x00007fff1fc47000 	C:\WINDOWS\System32\win32u.dll
0x00007fff0d430000 - 0x00007fff0d6c0000 	C:\WINDOWS\WinSxS\amd64_microsoft.windows.common-controls_6595b64144ccf1df_6.0.26100.2702_none_3e069454e335fc5e\COMCTL32.dll
0x00007fff208b0000 - 0x00007fff208da000 	C:\WINDOWS\System32\GDI32.dll
0x00007fff21b60000 - 0x00007fff21c09000 	C:\WINDOWS\System32\msvcrt.dll
0x00007fff20290000 - 0x00007fff203bb000 	C:\WINDOWS\System32\gdi32full.dll
0x00007fff1fab0000 - 0x00007fff1fb53000 	C:\WINDOWS\System32\msvcp_win.dll
0x00007fff22440000 - 0x00007fff2246f000 	C:\WINDOWS\System32\IMM32.DLL
0x00007fff03e20000 - 0x00007fff03e2c000 	C:\Program Files\JetBrains\WebStorm 2024.3.1.1\jbr\bin\vcruntime140_1.dll
0x00007fff02a10000 - 0x00007fff02a9d000 	C:\Program Files\JetBrains\WebStorm 2024.3.1.1\jbr\bin\msvcp140.dll
0x00007ffde3f10000 - 0x00007ffde4cd1000 	C:\Program Files\JetBrains\WebStorm 2024.3.1.1\jbr\bin\server\jvm.dll
0x00007fff22480000 - 0x00007fff22533000 	C:\WINDOWS\System32\ADVAPI32.dll
0x00007fff212f0000 - 0x00007fff21396000 	C:\WINDOWS\System32\sechost.dll
0x00007fff211d0000 - 0x00007fff212e6000 	C:\WINDOWS\System32\RPCRT4.dll
0x00007fff20f00000 - 0x00007fff20f74000 	C:\WINDOWS\System32\WS2_32.dll
0x00007fff1f7c0000 - 0x00007fff1f80e000 	C:\WINDOWS\SYSTEM32\POWRPROF.dll
0x00007fff19760000 - 0x00007fff1976b000 	C:\WINDOWS\SYSTEM32\VERSION.dll
0x00007fff1ccd0000 - 0x00007fff1cd06000 	C:\WINDOWS\SYSTEM32\WINMM.dll
0x00007fff1f7a0000 - 0x00007fff1f7b4000 	C:\WINDOWS\SYSTEM32\UMPDC.dll
0x00007fff1e700000 - 0x00007fff1e71a000 	C:\WINDOWS\SYSTEM32\kernel.appcore.dll
0x00007fff00390000 - 0x00007fff0039a000 	C:\Program Files\JetBrains\WebStorm 2024.3.1.1\jbr\bin\jimage.dll
0x00007fff1ca40000 - 0x00007fff1cc81000 	C:\WINDOWS\SYSTEM32\DBGHELP.DLL
0x00007fff22050000 - 0x00007fff223ce000 	C:\WINDOWS\System32\combase.dll
0x00007fff203c0000 - 0x00007fff20496000 	C:\WINDOWS\System32\OLEAUT32.dll
0x00007fff1cc90000 - 0x00007fff1ccc9000 	C:\WINDOWS\SYSTEM32\dbgcore.DLL
0x00007fff20160000 - 0x00007fff201f9000 	C:\WINDOWS\System32\bcryptPrimitives.dll
0x00007ffeea1f0000 - 0x00007ffeea210000 	C:\Program Files\JetBrains\WebStorm 2024.3.1.1\jbr\bin\java.dll
0x00007fff21450000 - 0x00007fff21b54000 	C:\WINDOWS\System32\SHELL32.dll
0x00007fff1d5a0000 - 0x00007fff1ddd7000 	C:\WINDOWS\SYSTEM32\windows.storage.dll
0x00007fff21de0000 - 0x00007fff21ec9000 	C:\WINDOWS\System32\SHCORE.dll
0x00007fff223e0000 - 0x00007fff2243d000 	C:\WINDOWS\System32\shlwapi.dll
0x00007fff1f840000 - 0x00007fff1f86e000 	C:\WINDOWS\SYSTEM32\profapi.dll
0x00007ffee2a70000 - 0x00007ffee2a88000 	C:\Program Files\JetBrains\WebStorm 2024.3.1.1\jbr\bin\zip.dll
0x00007ffef72d0000 - 0x00007ffef72e0000 	C:\Program Files\JetBrains\WebStorm 2024.3.1.1\jbr\bin\net.dll
0x00007fff19230000 - 0x00007fff19356000 	C:\WINDOWS\SYSTEM32\WINHTTP.dll
0x00007fff1ebe0000 - 0x00007fff1ec48000 	C:\WINDOWS\system32\mswsock.dll
0x00007ffed0420000 - 0x00007ffed0436000 	C:\Program Files\JetBrains\WebStorm 2024.3.1.1\jbr\bin\nio.dll
0x00007fff1ef90000 - 0x00007fff1efac000 	C:\WINDOWS\SYSTEM32\CRYPTSP.dll
0x00007fff1e660000 - 0x00007fff1e698000 	C:\WINDOWS\system32\rsaenh.dll
0x00007fff1ec80000 - 0x00007fff1ecab000 	C:\WINDOWS\SYSTEM32\USERENV.dll
0x00007fff1f150000 - 0x00007fff1f176000 	C:\WINDOWS\SYSTEM32\bcrypt.dll
0x00007fff1ee10000 - 0x00007fff1ee1c000 	C:\WINDOWS\SYSTEM32\CRYPTBASE.dll
0x00007fff1e090000 - 0x00007fff1e0c2000 	C:\WINDOWS\SYSTEM32\IPHLPAPI.DLL
0x00007fff208f0000 - 0x00007fff208fa000 	C:\WINDOWS\System32\NSI.dll

dbghelp: loaded successfully - version: 4.0.5 - missing functions: none
symbol engine: initialized successfully - sym options: 0x614 - pdb path: .;C:\Program Files\JetBrains\WebStorm 2024.3.1.1\jbr\bin;C:\WINDOWS\SYSTEM32;C:\Program Files\Avast Software\Avast;C:\WINDOWS\WinSxS\amd64_microsoft.windows.common-controls_6595b64144ccf1df_6.0.26100.2702_none_3e069454e335fc5e;C:\Program Files\JetBrains\WebStorm 2024.3.1.1\jbr\bin\server

VM Arguments:
java_command: git4idea.http.GitAskPassApp Username for 'https://github.com': 
java_class_path (initial): C:/Program Files/JetBrains/WebStorm 2024.3.1.1/plugins/vcs-git/lib/git4idea-rt.jar;C:/Program Files/JetBrains/WebStorm 2024.3.1.1/lib/externalProcess-rt.jar
Launcher Type: SUN_STANDARD

[Global flags]
     intx CICompilerCount                          = 12                                        {product} {ergonomic}
     uint ConcGCThreads                            = 3                                         {product} {ergonomic}
     uint G1ConcRefinementThreads                  = 13                                        {product} {ergonomic}
   size_t G1HeapRegionSize                         = 2097152                                   {product} {ergonomic}
    uintx GCDrainStackTargetSize                   = 64                                        {product} {ergonomic}
   size_t InitialHeapSize                          = 260046848                                 {product} {ergonomic}
   size_t MarkStackSize                            = 4194304                                   {product} {ergonomic}
   size_t MaxHeapSize                              = 4135583744                                {product} {ergonomic}
   size_t MaxNewSize                               = 2480930816                                {product} {ergonomic}
   size_t MinHeapDeltaBytes                        = 2097152                                   {product} {ergonomic}
   size_t MinHeapSize                              = 8388608                                   {product} {ergonomic}
    uintx NonNMethodCodeHeapSize                   = 7602480                                {pd product} {ergonomic}
    uintx NonProfiledCodeHeapSize                  = 122027880                              {pd product} {ergonomic}
    uintx ProfiledCodeHeapSize                     = 122027880                              {pd product} {ergonomic}
    uintx ReservedCodeCacheSize                    = 251658240                              {pd product} {ergonomic}
     bool SegmentedCodeCache                       = true                                      {product} {ergonomic}
   size_t SoftMaxHeapSize                          = 4135583744                             {manageable} {ergonomic}
     bool UseCompressedOops                        = true                           {product lp64_product} {ergonomic}
     bool UseG1GC                                  = true                                      {product} {ergonomic}
     bool UseLargePagesIndividualAllocation        = false                                  {pd product} {ergonomic}

Logging:
Log output configuration:
 #0: stdout all=warning uptime,level,tags foldmultilines=false
 #1: stderr all=off uptime,level,tags foldmultilines=false

Environment Variables:
JAVA_HOME=C:\Program Files\Eclipse Foundation\jdk-8.0.302.8-hotspot
PATH=C:\Program Files\Git\mingw64\libexec\git-core;C:\Program Files\Git\mingw64\libexec\git-core;C:\Program Files\Git\mingw64\bin;C:\Program Files\Git\usr\bin;C:\Users\ISPROJ\bin;C:\Program Files (x86)\VMware\VMware Player\bin;C:\Ruby32-x64\bin;C:\Program Files (x86)\Microsoft SDKs\Azure\CLI2\wbin;C:\Program Files\Common Files\Oracle\Java\javapath;C:\Program Files (x86)\Common Files\Oracle\Java\javapath;C:\Program Files\Microsoft\jdk-11.0.16.101-hotspot\bin;C:\Program Files\Eclipse Foundation\jdk-8.0.302.8-hotspot\bin;C:\WINDOWS\system32;C:\WINDOWS;C:\WINDOWS\System32\Wbem;C:\WINDOWS\System32\WindowsPowerShell\v1.0;C:\WINDOWS\System32\OpenSSH;C:\Program Files (x86)\Microsoft SQL Server\160\Tools\Binn;C:\Program Files\Microsoft SQL Server\160\Tools\Binn;C:\Program Files\Microsoft SQL Server\Client SDK\ODBC\170\Tools\Binn;C:\Program Files\Microsoft SQL Server\160\DTS\Binn;C:\Program Files (x86)\Microsoft SQL Server\160\DTS\Binn;C:\Program Files\Azure Data Studio\bin;C:\Program Files\Microsoft SQL Server\150\Tools\Binn;C:\Program Files\dotnet;C:\Program Files\Microsoft SQL Server\130\Tools\Binn;C:\Program Files\nodejs;C:\Program Files\Microsoft VS Code\bin;C:\Users\Bytex\Documents\flutter_windows_3.13.9-stable\flutter\bin;C:\ProgramData\chocolatey\bin;C:\Program Files\SDelete;C:\Program Files\Git\cmd;C:\gradle-8.1.1-all\gradle-8.1.1\bin;C:\Users\AlphaChain\AppData\Roaming\npm;C:\Program Files\Docker\Docker\resources\bin;C:\Users\puyan\AppData\Local\Packages\PythonSoftwareFoundation.Python.3.11_qbz5n2kfra8p0\LocalCache\local-packages\Python311\Scripts;C:\Users\puyan\OneDrive\Documents\flutter\bin;C:\xampp\php;C:\Program Files\nodejs;C:\Users\Bytex\.cargo\bin;C:\Users\Bytex\Downloads\aircrack-ng-1.7-win\aircrack-ng-1.7-win\bin;C:\Users\Bytex\.avm\bin;C:\Users\Bytex\AppData\Local\Pub\Cache\bin;C:\Users\Bytex\AppData\Roaming\npm;C:\xmpp\php;C:\Program Files\CMake\bin;C:\flutter\bin;C:\Users\Devcrafts\AppData\Roaming\npm;C:\Users\Devcrafts\AppData\Local\Pub\Cache\bin;C:\Program Files (x86)\Incredibuild;C:\Program Files\Go\bin;C:\Users\AlphaChain\AppData\Local\Programs\Python\Python312\Scripts;C:\kotlinc\bin;C:\ProgramData\ComposerSetup\bin;C:\Program Files\MySQL\MySQL Shell 8.0\bin;C:\Users\ISPROJ\.config\herd-lite\bin;C:\Users\ISPROJ\AppData\Local\pnpm;C:\Users\ISPROJ\Documents\flutter\bin;C:\Users\ISPROJ\AppData\Local\Microsoft\WindowsApps;C:\Users\ISPROJ\.dotnet\tools;C:\Users\ISPROJ\AppData\Roaming\Composer\vendor\bin;C:\Users\ISPROJ\AppData\Roaming\Composer\vendor\bin;C:\Program Files\JetBrains\WebStorm 2024.3.1.1\bin
USERNAME=ISPROJ
DISPLAY=:0.0
LC_ALL=en_US.UTF-8
TERM=xterm-256color
TMPDIR=C:\Users\ISPROJ\AppData\Local\Temp
OS=Windows_NT
PROCESSOR_IDENTIFIER=AMD64 Family 25 Model 80 Stepping 0, AuthenticAMD
TMP=C:\Users\ISPROJ\AppData\Local\Temp
TEMP=C:\Users\ISPROJ\AppData\Local\Temp




Periodic native trim disabled

JNI global refs:
JNI global refs: 26, weak refs: 0

JNI global refs memory usage: 835, weak refs: 201

Process memory usage:
Resident Set Size: 60120K (0% of 16153756K total physical memory with 1308220K free physical memory)

OOME stack traces (most recent first):
Classloader memory used:
Loader bootstrap                                                                       : 4055K
Loader jdk.internal.loader.ClassLoaders$PlatformClassLoader                            : 410K
Loader jdk.internal.loader.ClassLoaders$AppClassLoader                                 : 16400B

---------------  S Y S T E M  ---------------

OS:
 Windows 11 , 64 bit Build 26100 (10.0.26100.2702)
OS uptime: 0 days 2:34 hours
Hyper-V role detected

CPU: total 16 (initial active 16) (16 cores per cpu, 2 threads per core) family 25 model 80 stepping 0 microcode 0xa50000c, cx8, cmov, fxsr, ht, mmx, 3dnowpref, sse, sse2, sse3, ssse3, sse4a, sse4.1, sse4.2, popcnt, lzcnt, tsc, tscinvbit, avx, avx2, aes, erms, clmul, bmi1, bmi2, adx, sha, fma, vzeroupper, clflush, clflushopt, hv, rdtscp, rdpid, fsrm, f16c, cet_ss
Processor Information for all 16 processors :
  Max Mhz: 3301, Current Mhz: 3301, Mhz Limit: 3301

Memory: 4k page, system-wide physical 15775M (1277M free)
TotalPageFile size 39950M (AvailPageFile size 2M)
current process WorkingSet (physical memory assigned to process): 58M, peak: 58M
current process commit charge ("private bytes"): 351M, peak: 352M

vm_info: OpenJDK 64-Bit Server VM (21.0.5+8-b631.28) for windows-amd64 JRE (21.0.5+8-b631.28), built on 2024-11-23 by "builduser" with MS VC++ 16.10 / 16.11 (VS2019)

END.
