#
# There is insufficient memory for the Java Runtime Environment to continue.
# Native memory allocation (malloc) failed to allocate 1228976 bytes. Error detail: Chunk::new
# Possible reasons:
#   The system is out of physical RAM or swap space
#   This process is running with CompressedOops enabled, and the Java Heap may be blocking the growth of the native heap
# Possible solutions:
#   Reduce memory load on the system
#   Increase physical memory or swap space
#   Check if swap backing store is full
#   Decrease Java heap size (-Xmx/-Xms)
#   Decrease number of Java threads
#   Decrease Java thread stack sizes (-Xss)
#   Set larger code cache with -XX:ReservedCodeCacheSize=
#   JVM is running with Zero Based Compressed Oops mode in which the Java heap is
#     placed in the first 32GB address space. The Java Heap base address is the
#     maximum limit for the native heap growth. Please use -XX:HeapBaseMinAddress
#     to set the Java Heap base and to place the Java Heap above 32GB virtual address.
# This output file may be truncated or incomplete.
#
#  Out of Memory Error (arena.cpp:168), pid=21944, tid=28532
#
# JRE version: OpenJDK Runtime Environment JBR-21.0.7+6-1038.58-jcef (21.0.7+6) (build 21.0.7+6-b1038.58)
# Java VM: OpenJDK 64-Bit Server VM JBR-21.0.7+6-1038.58-jcef (21.0.7+6-b1038.58, mixed mode, sharing, tiered, compressed oops, compressed class ptrs, g1 gc, windows-amd64)
# No core dump will be written. Minidumps are not enabled by default on client versions of Windows
#

---------------  S U M M A R Y ------------

Command Line: git4idea.http.GitAskPassApp Username for 'https://github.com': 

Host: AMD Ryzen 9 5900HS with Radeon Graphics        , 16 cores, 15G,  Windows 11 , 64 bit Build 26100 (10.0.26100.2702)
Time: Fri Oct 17 08:38:01 2025 Malay Peninsula Standard Time elapsed time: 0.946406 seconds (0d 0h 0m 0s)

---------------  T H R E A D  ---------------

Current thread (0x000002065357a260):  JavaThread "C2 CompilerThread3" daemon [_thread_in_native, id=28532, stack(0x000000a13ce00000,0x000000a13cf00000) (1024K)]


Current CompileTask:
C2:946 1184       4       sun.security.ec.ECOperations::setDouble (463 bytes)

Stack: [0x000000a13ce00000,0x000000a13cf00000]
Native frames: (J=compiled Java code, j=interpreted, Vv=VM code, C=native code)
V  [jvm.dll+0x6e7c19]
V  [jvm.dll+0x8c5f53]
V  [jvm.dll+0x8c84ae]
V  [jvm.dll+0x8c8b93]
V  [jvm.dll+0x2899e6]
V  [jvm.dll+0xc679d]
V  [jvm.dll+0xc6cd3]
V  [jvm.dll+0x3c5231]
V  [jvm.dll+0x390e17]
V  [jvm.dll+0x39028a]
V  [jvm.dll+0x2509b2]
V  [jvm.dll+0x24ff81]
V  [jvm.dll+0x1cd774]
V  [jvm.dll+0x25f80c]
V  [jvm.dll+0x25dd56]
V  [jvm.dll+0x4005d6]
V  [jvm.dll+0x86dab8]
V  [jvm.dll+0x6e639d]
C  [ucrtbase.dll+0x14ea0]
C  [KERNEL32.DLL+0x2e8d7]
C  [ntdll.dll+0xdf36c]


---------------  P R O C E S S  ---------------

Threads class SMR info:
_java_thread_list=0x000002069a02fe50, length=19, elements={
0x0000020637ce1080, 0x000002065311b890, 0x0000020653122f10, 0x00000206531266a0,
0x00000206531301c0, 0x0000020653130fb0, 0x00000206531338e0, 0x0000020653138850,
0x000002065313a300, 0x0000020653498090, 0x000002065357a930, 0x00000206535ec830,
0x000002065357b6d0, 0x000002069a08fa00, 0x000002069a091ad0, 0x000002069a092e80,
0x000002065357b000, 0x0000020653579b90, 0x000002065357a260
}

Java Threads: ( => current thread )
  0x0000020637ce1080 JavaThread "main"                              [_thread_blocked, id=30024, stack(0x000000a13b400000,0x000000a13b500000) (1024K)]
  0x000002065311b890 JavaThread "Common-Cleaner"             daemon [_thread_blocked, id=31656, stack(0x000000a13bc00000,0x000000a13bd00000) (1024K)]
  0x0000020653122f10 JavaThread "Reference Handler"          daemon [_thread_blocked, id=31908, stack(0x000000a13bd00000,0x000000a13be00000) (1024K)]
  0x00000206531266a0 JavaThread "Finalizer"                  daemon [_thread_blocked, id=948, stack(0x000000a13be00000,0x000000a13bf00000) (1024K)]
  0x00000206531301c0 JavaThread "Signal Dispatcher"          daemon [_thread_blocked, id=22860, stack(0x000000a13bf00000,0x000000a13c000000) (1024K)]
  0x0000020653130fb0 JavaThread "Attach Listener"            daemon [_thread_blocked, id=10760, stack(0x000000a13c000000,0x000000a13c100000) (1024K)]
  0x00000206531338e0 JavaThread "Service Thread"             daemon [_thread_blocked, id=33772, stack(0x000000a13c100000,0x000000a13c200000) (1024K)]
  0x0000020653138850 JavaThread "Monitor Deflation Thread"   daemon [_thread_blocked, id=31208, stack(0x000000a13c200000,0x000000a13c300000) (1024K)]
  0x000002065313a300 JavaThread "C2 CompilerThread0"         daemon [_thread_blocked, id=33392, stack(0x000000a13c300000,0x000000a13c400000) (1024K)]
  0x0000020653498090 JavaThread "C1 CompilerThread0"         daemon [_thread_blocked, id=33344, stack(0x000000a13c400000,0x000000a13c500000) (1024K)]
  0x000002065357a930 JavaThread "C1 CompilerThread1"         daemon [_thread_blocked, id=29324, stack(0x000000a13c500000,0x000000a13c600000) (1024K)]
  0x00000206535ec830 JavaThread "Notification Thread"        daemon [_thread_blocked, id=32864, stack(0x000000a13c600000,0x000000a13c700000) (1024K)]
  0x000002065357b6d0 JavaThread "C1 CompilerThread2"         daemon [_thread_blocked, id=34572, stack(0x000000a13c700000,0x000000a13c800000) (1024K)]
  0x000002069a08fa00 JavaThread "HttpClient-1-SelectorManager" daemon [_thread_in_native, id=33368, stack(0x000000a13c900000,0x000000a13ca00000) (1024K)]
  0x000002069a091ad0 JavaThread "HttpClient-1-Worker-0"      daemon [_thread_blocked, id=34480, stack(0x000000a13ca00000,0x000000a13cb00000) (1024K)]
  0x000002069a092e80 JavaThread "HttpClient-1-Worker-1"      daemon [_thread_blocked, id=33208, stack(0x000000a13cb00000,0x000000a13cc00000) (1024K)]
  0x000002065357b000 JavaThread "C2 CompilerThread1"         daemon [_thread_blocked, id=30284, stack(0x000000a13cc00000,0x000000a13cd00000) (1024K)]
  0x0000020653579b90 JavaThread "C2 CompilerThread2"         daemon [_thread_blocked, id=31836, stack(0x000000a13cd00000,0x000000a13ce00000) (1024K)]
=>0x000002065357a260 JavaThread "C2 CompilerThread3"         daemon [_thread_in_native, id=28532, stack(0x000000a13ce00000,0x000000a13cf00000) (1024K)]
Total: 19

Other Threads:
  0x00000206530faf90 VMThread "VM Thread"                           [id=32868, stack(0x000000a13bb00000,0x000000a13bc00000) (1024K)]
  0x00000206530ea460 WatcherThread "VM Periodic Task Thread"        [id=22380, stack(0x000000a13ba00000,0x000000a13bb00000) (1024K)]
  0x0000020637d445c0 WorkerThread "GC Thread#0"                     [id=33372, stack(0x000000a13b500000,0x000000a13b600000) (1024K)]
  0x0000020637d559a0 ConcurrentGCThread "G1 Main Marker"            [id=34308, stack(0x000000a13b600000,0x000000a13b700000) (1024K)]
  0x0000020637d599e0 WorkerThread "G1 Conc#0"                       [id=31704, stack(0x000000a13b700000,0x000000a13b800000) (1024K)]
  0x0000020652fbce60 ConcurrentGCThread "G1 Refine#0"               [id=34008, stack(0x000000a13b800000,0x000000a13b900000) (1024K)]
  0x0000020652fbd7e0 ConcurrentGCThread "G1 Service"                [id=33156, stack(0x000000a13b900000,0x000000a13ba00000) (1024K)]
Total: 7

Threads with active compile tasks:
C2 CompilerThread3  1032 1184       4       sun.security.ec.ECOperations::setDouble (463 bytes)
Total: 1

VM state: not at safepoint (normal execution)

VM Mutex/Monitor currently owned by a thread: None

Heap address: 0x0000000709800000, size: 3944 MB, Compressed Oops mode: Zero based, Oop shift amount: 3

CDS archive(s) mapped at: [0x0000020654000000-0x0000020655bf0000-0x0000020655bf0000), size 29294592, SharedBaseAddress: 0x0000020654000000, ArchiveRelocationMode: 1.
Compressed class space mapped at: 0x0000020656000000-0x0000020696000000, reserved size: 1073741824
Narrow klass base: 0x0000020654000000, Narrow klass shift: 0, Narrow klass range: 0x100000000

GC Precious Log:
 CardTable entry size: 512
 Card Set container configuration: InlinePtr #cards 4 size 8 Array Of Cards #cards 16 size 48 Howl #buckets 8 coarsen threshold 3686 Howl Bitmap #cards 512 size 80 coarsen threshold 460 Card regions per heap region 1 cards per card region 4096
 CPUs: 16 total, 16 available
 Memory: 15775M
 Large Page Support: Disabled
 NUMA Support: Disabled
 Compressed Oops: Enabled (Zero based)
 Heap Region Size: 2M
 Heap Min Capacity: 8M
 Heap Initial Capacity: 248M
 Heap Max Capacity: 3944M
 Pre-touch: Disabled
 Parallel Workers: 13
 Concurrent Workers: 3
 Concurrent Refinement Workers: 13
 Periodic GC: Disabled

Heap:
 garbage-first heap   total 253952K, used 16384K [0x0000000709800000, 0x0000000800000000)
  region size 2048K, 9 young (18432K), 0 survivors (0K)
 Metaspace       used 3512K, committed 3776K, reserved 1114112K
  class space    used 412K, committed 512K, reserved 1048576K

Heap Regions: E=young(eden), S=young(survivor), O=old, HS=humongous(starts), HC=humongous(continues), CS=collection set, F=free, TAMS=top-at-mark-start, PB=parsable bottom
|   0|0x0000000709800000, 0x0000000709800000, 0x0000000709a00000|  0%| F|  |TAMS 0x0000000709800000| PB 0x0000000709800000| Untracked 
|   1|0x0000000709a00000, 0x0000000709a00000, 0x0000000709c00000|  0%| F|  |TAMS 0x0000000709a00000| PB 0x0000000709a00000| Untracked 
|   2|0x0000000709c00000, 0x0000000709c00000, 0x0000000709e00000|  0%| F|  |TAMS 0x0000000709c00000| PB 0x0000000709c00000| Untracked 
|   3|0x0000000709e00000, 0x0000000709e00000, 0x000000070a000000|  0%| F|  |TAMS 0x0000000709e00000| PB 0x0000000709e00000| Untracked 
|   4|0x000000070a000000, 0x000000070a000000, 0x000000070a200000|  0%| F|  |TAMS 0x000000070a000000| PB 0x000000070a000000| Untracked 
|   5|0x000000070a200000, 0x000000070a200000, 0x000000070a400000|  0%| F|  |TAMS 0x000000070a200000| PB 0x000000070a200000| Untracked 
|   6|0x000000070a400000, 0x000000070a400000, 0x000000070a600000|  0%| F|  |TAMS 0x000000070a400000| PB 0x000000070a400000| Untracked 
|   7|0x000000070a600000, 0x000000070a600000, 0x000000070a800000|  0%| F|  |TAMS 0x000000070a600000| PB 0x000000070a600000| Untracked 
|   8|0x000000070a800000, 0x000000070a800000, 0x000000070aa00000|  0%| F|  |TAMS 0x000000070a800000| PB 0x000000070a800000| Untracked 
|   9|0x000000070aa00000, 0x000000070aa00000, 0x000000070ac00000|  0%| F|  |TAMS 0x000000070aa00000| PB 0x000000070aa00000| Untracked 
|  10|0x000000070ac00000, 0x000000070ac00000, 0x000000070ae00000|  0%| F|  |TAMS 0x000000070ac00000| PB 0x000000070ac00000| Untracked 
|  11|0x000000070ae00000, 0x000000070ae00000, 0x000000070b000000|  0%| F|  |TAMS 0x000000070ae00000| PB 0x000000070ae00000| Untracked 
|  12|0x000000070b000000, 0x000000070b000000, 0x000000070b200000|  0%| F|  |TAMS 0x000000070b000000| PB 0x000000070b000000| Untracked 
|  13|0x000000070b200000, 0x000000070b200000, 0x000000070b400000|  0%| F|  |TAMS 0x000000070b200000| PB 0x000000070b200000| Untracked 
|  14|0x000000070b400000, 0x000000070b400000, 0x000000070b600000|  0%| F|  |TAMS 0x000000070b400000| PB 0x000000070b400000| Untracked 
|  15|0x000000070b600000, 0x000000070b600000, 0x000000070b800000|  0%| F|  |TAMS 0x000000070b600000| PB 0x000000070b600000| Untracked 
|  16|0x000000070b800000, 0x000000070b800000, 0x000000070ba00000|  0%| F|  |TAMS 0x000000070b800000| PB 0x000000070b800000| Untracked 
|  17|0x000000070ba00000, 0x000000070ba00000, 0x000000070bc00000|  0%| F|  |TAMS 0x000000070ba00000| PB 0x000000070ba00000| Untracked 
|  18|0x000000070bc00000, 0x000000070bc00000, 0x000000070be00000|  0%| F|  |TAMS 0x000000070bc00000| PB 0x000000070bc00000| Untracked 
|  19|0x000000070be00000, 0x000000070be00000, 0x000000070c000000|  0%| F|  |TAMS 0x000000070be00000| PB 0x000000070be00000| Untracked 
|  20|0x000000070c000000, 0x000000070c000000, 0x000000070c200000|  0%| F|  |TAMS 0x000000070c000000| PB 0x000000070c000000| Untracked 
|  21|0x000000070c200000, 0x000000070c200000, 0x000000070c400000|  0%| F|  |TAMS 0x000000070c200000| PB 0x000000070c200000| Untracked 
|  22|0x000000070c400000, 0x000000070c400000, 0x000000070c600000|  0%| F|  |TAMS 0x000000070c400000| PB 0x000000070c400000| Untracked 
|  23|0x000000070c600000, 0x000000070c600000, 0x000000070c800000|  0%| F|  |TAMS 0x000000070c600000| PB 0x000000070c600000| Untracked 
|  24|0x000000070c800000, 0x000000070c800000, 0x000000070ca00000|  0%| F|  |TAMS 0x000000070c800000| PB 0x000000070c800000| Untracked 
|  25|0x000000070ca00000, 0x000000070ca00000, 0x000000070cc00000|  0%| F|  |TAMS 0x000000070ca00000| PB 0x000000070ca00000| Untracked 
|  26|0x000000070cc00000, 0x000000070cc00000, 0x000000070ce00000|  0%| F|  |TAMS 0x000000070cc00000| PB 0x000000070cc00000| Untracked 
|  27|0x000000070ce00000, 0x000000070ce00000, 0x000000070d000000|  0%| F|  |TAMS 0x000000070ce00000| PB 0x000000070ce00000| Untracked 
|  28|0x000000070d000000, 0x000000070d000000, 0x000000070d200000|  0%| F|  |TAMS 0x000000070d000000| PB 0x000000070d000000| Untracked 
|  29|0x000000070d200000, 0x000000070d200000, 0x000000070d400000|  0%| F|  |TAMS 0x000000070d200000| PB 0x000000070d200000| Untracked 
|  30|0x000000070d400000, 0x000000070d400000, 0x000000070d600000|  0%| F|  |TAMS 0x000000070d400000| PB 0x000000070d400000| Untracked 
|  31|0x000000070d600000, 0x000000070d600000, 0x000000070d800000|  0%| F|  |TAMS 0x000000070d600000| PB 0x000000070d600000| Untracked 
|  32|0x000000070d800000, 0x000000070d800000, 0x000000070da00000|  0%| F|  |TAMS 0x000000070d800000| PB 0x000000070d800000| Untracked 
|  33|0x000000070da00000, 0x000000070da00000, 0x000000070dc00000|  0%| F|  |TAMS 0x000000070da00000| PB 0x000000070da00000| Untracked 
|  34|0x000000070dc00000, 0x000000070dc00000, 0x000000070de00000|  0%| F|  |TAMS 0x000000070dc00000| PB 0x000000070dc00000| Untracked 
|  35|0x000000070de00000, 0x000000070de00000, 0x000000070e000000|  0%| F|  |TAMS 0x000000070de00000| PB 0x000000070de00000| Untracked 
|  36|0x000000070e000000, 0x000000070e000000, 0x000000070e200000|  0%| F|  |TAMS 0x000000070e000000| PB 0x000000070e000000| Untracked 
|  37|0x000000070e200000, 0x000000070e200000, 0x000000070e400000|  0%| F|  |TAMS 0x000000070e200000| PB 0x000000070e200000| Untracked 
|  38|0x000000070e400000, 0x000000070e400000, 0x000000070e600000|  0%| F|  |TAMS 0x000000070e400000| PB 0x000000070e400000| Untracked 
|  39|0x000000070e600000, 0x000000070e600000, 0x000000070e800000|  0%| F|  |TAMS 0x000000070e600000| PB 0x000000070e600000| Untracked 
|  40|0x000000070e800000, 0x000000070e800000, 0x000000070ea00000|  0%| F|  |TAMS 0x000000070e800000| PB 0x000000070e800000| Untracked 
|  41|0x000000070ea00000, 0x000000070ea00000, 0x000000070ec00000|  0%| F|  |TAMS 0x000000070ea00000| PB 0x000000070ea00000| Untracked 
|  42|0x000000070ec00000, 0x000000070ec00000, 0x000000070ee00000|  0%| F|  |TAMS 0x000000070ec00000| PB 0x000000070ec00000| Untracked 
|  43|0x000000070ee00000, 0x000000070ee00000, 0x000000070f000000|  0%| F|  |TAMS 0x000000070ee00000| PB 0x000000070ee00000| Untracked 
|  44|0x000000070f000000, 0x000000070f000000, 0x000000070f200000|  0%| F|  |TAMS 0x000000070f000000| PB 0x000000070f000000| Untracked 
|  45|0x000000070f200000, 0x000000070f200000, 0x000000070f400000|  0%| F|  |TAMS 0x000000070f200000| PB 0x000000070f200000| Untracked 
|  46|0x000000070f400000, 0x000000070f400000, 0x000000070f600000|  0%| F|  |TAMS 0x000000070f400000| PB 0x000000070f400000| Untracked 
|  47|0x000000070f600000, 0x000000070f600000, 0x000000070f800000|  0%| F|  |TAMS 0x000000070f600000| PB 0x000000070f600000| Untracked 
|  48|0x000000070f800000, 0x000000070f800000, 0x000000070fa00000|  0%| F|  |TAMS 0x000000070f800000| PB 0x000000070f800000| Untracked 
|  49|0x000000070fa00000, 0x000000070fa00000, 0x000000070fc00000|  0%| F|  |TAMS 0x000000070fa00000| PB 0x000000070fa00000| Untracked 
|  50|0x000000070fc00000, 0x000000070fc00000, 0x000000070fe00000|  0%| F|  |TAMS 0x000000070fc00000| PB 0x000000070fc00000| Untracked 
|  51|0x000000070fe00000, 0x000000070fe00000, 0x0000000710000000|  0%| F|  |TAMS 0x000000070fe00000| PB 0x000000070fe00000| Untracked 
|  52|0x0000000710000000, 0x0000000710000000, 0x0000000710200000|  0%| F|  |TAMS 0x0000000710000000| PB 0x0000000710000000| Untracked 
|  53|0x0000000710200000, 0x0000000710200000, 0x0000000710400000|  0%| F|  |TAMS 0x0000000710200000| PB 0x0000000710200000| Untracked 
|  54|0x0000000710400000, 0x0000000710400000, 0x0000000710600000|  0%| F|  |TAMS 0x0000000710400000| PB 0x0000000710400000| Untracked 
|  55|0x0000000710600000, 0x0000000710600000, 0x0000000710800000|  0%| F|  |TAMS 0x0000000710600000| PB 0x0000000710600000| Untracked 
|  56|0x0000000710800000, 0x0000000710800000, 0x0000000710a00000|  0%| F|  |TAMS 0x0000000710800000| PB 0x0000000710800000| Untracked 
|  57|0x0000000710a00000, 0x0000000710a00000, 0x0000000710c00000|  0%| F|  |TAMS 0x0000000710a00000| PB 0x0000000710a00000| Untracked 
|  58|0x0000000710c00000, 0x0000000710c00000, 0x0000000710e00000|  0%| F|  |TAMS 0x0000000710c00000| PB 0x0000000710c00000| Untracked 
|  59|0x0000000710e00000, 0x0000000710e00000, 0x0000000711000000|  0%| F|  |TAMS 0x0000000710e00000| PB 0x0000000710e00000| Untracked 
|  60|0x0000000711000000, 0x0000000711000000, 0x0000000711200000|  0%| F|  |TAMS 0x0000000711000000| PB 0x0000000711000000| Untracked 
|  61|0x0000000711200000, 0x0000000711200000, 0x0000000711400000|  0%| F|  |TAMS 0x0000000711200000| PB 0x0000000711200000| Untracked 
|  62|0x0000000711400000, 0x0000000711400000, 0x0000000711600000|  0%| F|  |TAMS 0x0000000711400000| PB 0x0000000711400000| Untracked 
|  63|0x0000000711600000, 0x0000000711600000, 0x0000000711800000|  0%| F|  |TAMS 0x0000000711600000| PB 0x0000000711600000| Untracked 
|  64|0x0000000711800000, 0x0000000711800000, 0x0000000711a00000|  0%| F|  |TAMS 0x0000000711800000| PB 0x0000000711800000| Untracked 
|  65|0x0000000711a00000, 0x0000000711a00000, 0x0000000711c00000|  0%| F|  |TAMS 0x0000000711a00000| PB 0x0000000711a00000| Untracked 
|  66|0x0000000711c00000, 0x0000000711c00000, 0x0000000711e00000|  0%| F|  |TAMS 0x0000000711c00000| PB 0x0000000711c00000| Untracked 
|  67|0x0000000711e00000, 0x0000000711e00000, 0x0000000712000000|  0%| F|  |TAMS 0x0000000711e00000| PB 0x0000000711e00000| Untracked 
|  68|0x0000000712000000, 0x0000000712000000, 0x0000000712200000|  0%| F|  |TAMS 0x0000000712000000| PB 0x0000000712000000| Untracked 
|  69|0x0000000712200000, 0x0000000712200000, 0x0000000712400000|  0%| F|  |TAMS 0x0000000712200000| PB 0x0000000712200000| Untracked 
|  70|0x0000000712400000, 0x0000000712400000, 0x0000000712600000|  0%| F|  |TAMS 0x0000000712400000| PB 0x0000000712400000| Untracked 
|  71|0x0000000712600000, 0x0000000712600000, 0x0000000712800000|  0%| F|  |TAMS 0x0000000712600000| PB 0x0000000712600000| Untracked 
|  72|0x0000000712800000, 0x0000000712800000, 0x0000000712a00000|  0%| F|  |TAMS 0x0000000712800000| PB 0x0000000712800000| Untracked 
|  73|0x0000000712a00000, 0x0000000712a00000, 0x0000000712c00000|  0%| F|  |TAMS 0x0000000712a00000| PB 0x0000000712a00000| Untracked 
|  74|0x0000000712c00000, 0x0000000712c00000, 0x0000000712e00000|  0%| F|  |TAMS 0x0000000712c00000| PB 0x0000000712c00000| Untracked 
|  75|0x0000000712e00000, 0x0000000712e00000, 0x0000000713000000|  0%| F|  |TAMS 0x0000000712e00000| PB 0x0000000712e00000| Untracked 
|  76|0x0000000713000000, 0x0000000713000000, 0x0000000713200000|  0%| F|  |TAMS 0x0000000713000000| PB 0x0000000713000000| Untracked 
|  77|0x0000000713200000, 0x0000000713200000, 0x0000000713400000|  0%| F|  |TAMS 0x0000000713200000| PB 0x0000000713200000| Untracked 
|  78|0x0000000713400000, 0x0000000713400000, 0x0000000713600000|  0%| F|  |TAMS 0x0000000713400000| PB 0x0000000713400000| Untracked 
|  79|0x0000000713600000, 0x0000000713600000, 0x0000000713800000|  0%| F|  |TAMS 0x0000000713600000| PB 0x0000000713600000| Untracked 
|  80|0x0000000713800000, 0x0000000713800000, 0x0000000713a00000|  0%| F|  |TAMS 0x0000000713800000| PB 0x0000000713800000| Untracked 
|  81|0x0000000713a00000, 0x0000000713a00000, 0x0000000713c00000|  0%| F|  |TAMS 0x0000000713a00000| PB 0x0000000713a00000| Untracked 
|  82|0x0000000713c00000, 0x0000000713c00000, 0x0000000713e00000|  0%| F|  |TAMS 0x0000000713c00000| PB 0x0000000713c00000| Untracked 
|  83|0x0000000713e00000, 0x0000000713e00000, 0x0000000714000000|  0%| F|  |TAMS 0x0000000713e00000| PB 0x0000000713e00000| Untracked 
|  84|0x0000000714000000, 0x0000000714000000, 0x0000000714200000|  0%| F|  |TAMS 0x0000000714000000| PB 0x0000000714000000| Untracked 
|  85|0x0000000714200000, 0x0000000714200000, 0x0000000714400000|  0%| F|  |TAMS 0x0000000714200000| PB 0x0000000714200000| Untracked 
|  86|0x0000000714400000, 0x0000000714400000, 0x0000000714600000|  0%| F|  |TAMS 0x0000000714400000| PB 0x0000000714400000| Untracked 
|  87|0x0000000714600000, 0x0000000714600000, 0x0000000714800000|  0%| F|  |TAMS 0x0000000714600000| PB 0x0000000714600000| Untracked 
|  88|0x0000000714800000, 0x0000000714800000, 0x0000000714a00000|  0%| F|  |TAMS 0x0000000714800000| PB 0x0000000714800000| Untracked 
|  89|0x0000000714a00000, 0x0000000714a00000, 0x0000000714c00000|  0%| F|  |TAMS 0x0000000714a00000| PB 0x0000000714a00000| Untracked 
|  90|0x0000000714c00000, 0x0000000714c00000, 0x0000000714e00000|  0%| F|  |TAMS 0x0000000714c00000| PB 0x0000000714c00000| Untracked 
|  91|0x0000000714e00000, 0x0000000714e00000, 0x0000000715000000|  0%| F|  |TAMS 0x0000000714e00000| PB 0x0000000714e00000| Untracked 
|  92|0x0000000715000000, 0x0000000715000000, 0x0000000715200000|  0%| F|  |TAMS 0x0000000715000000| PB 0x0000000715000000| Untracked 
|  93|0x0000000715200000, 0x0000000715200000, 0x0000000715400000|  0%| F|  |TAMS 0x0000000715200000| PB 0x0000000715200000| Untracked 
|  94|0x0000000715400000, 0x0000000715400000, 0x0000000715600000|  0%| F|  |TAMS 0x0000000715400000| PB 0x0000000715400000| Untracked 
|  95|0x0000000715600000, 0x0000000715600000, 0x0000000715800000|  0%| F|  |TAMS 0x0000000715600000| PB 0x0000000715600000| Untracked 
|  96|0x0000000715800000, 0x0000000715800000, 0x0000000715a00000|  0%| F|  |TAMS 0x0000000715800000| PB 0x0000000715800000| Untracked 
|  97|0x0000000715a00000, 0x0000000715a00000, 0x0000000715c00000|  0%| F|  |TAMS 0x0000000715a00000| PB 0x0000000715a00000| Untracked 
|  98|0x0000000715c00000, 0x0000000715c00000, 0x0000000715e00000|  0%| F|  |TAMS 0x0000000715c00000| PB 0x0000000715c00000| Untracked 
|  99|0x0000000715e00000, 0x0000000715e00000, 0x0000000716000000|  0%| F|  |TAMS 0x0000000715e00000| PB 0x0000000715e00000| Untracked 
| 100|0x0000000716000000, 0x0000000716000000, 0x0000000716200000|  0%| F|  |TAMS 0x0000000716000000| PB 0x0000000716000000| Untracked 
| 101|0x0000000716200000, 0x0000000716200000, 0x0000000716400000|  0%| F|  |TAMS 0x0000000716200000| PB 0x0000000716200000| Untracked 
| 102|0x0000000716400000, 0x0000000716400000, 0x0000000716600000|  0%| F|  |TAMS 0x0000000716400000| PB 0x0000000716400000| Untracked 
| 103|0x0000000716600000, 0x0000000716600000, 0x0000000716800000|  0%| F|  |TAMS 0x0000000716600000| PB 0x0000000716600000| Untracked 
| 104|0x0000000716800000, 0x0000000716800000, 0x0000000716a00000|  0%| F|  |TAMS 0x0000000716800000| PB 0x0000000716800000| Untracked 
| 105|0x0000000716a00000, 0x0000000716a00000, 0x0000000716c00000|  0%| F|  |TAMS 0x0000000716a00000| PB 0x0000000716a00000| Untracked 
| 106|0x0000000716c00000, 0x0000000716c00000, 0x0000000716e00000|  0%| F|  |TAMS 0x0000000716c00000| PB 0x0000000716c00000| Untracked 
| 107|0x0000000716e00000, 0x0000000716e00000, 0x0000000717000000|  0%| F|  |TAMS 0x0000000716e00000| PB 0x0000000716e00000| Untracked 
| 108|0x0000000717000000, 0x0000000717000000, 0x0000000717200000|  0%| F|  |TAMS 0x0000000717000000| PB 0x0000000717000000| Untracked 
| 109|0x0000000717200000, 0x0000000717200000, 0x0000000717400000|  0%| F|  |TAMS 0x0000000717200000| PB 0x0000000717200000| Untracked 
| 110|0x0000000717400000, 0x0000000717400000, 0x0000000717600000|  0%| F|  |TAMS 0x0000000717400000| PB 0x0000000717400000| Untracked 
| 111|0x0000000717600000, 0x0000000717600000, 0x0000000717800000|  0%| F|  |TAMS 0x0000000717600000| PB 0x0000000717600000| Untracked 
| 112|0x0000000717800000, 0x0000000717800000, 0x0000000717a00000|  0%| F|  |TAMS 0x0000000717800000| PB 0x0000000717800000| Untracked 
| 113|0x0000000717a00000, 0x0000000717a00000, 0x0000000717c00000|  0%| F|  |TAMS 0x0000000717a00000| PB 0x0000000717a00000| Untracked 
| 114|0x0000000717c00000, 0x0000000717c00000, 0x0000000717e00000|  0%| F|  |TAMS 0x0000000717c00000| PB 0x0000000717c00000| Untracked 
| 115|0x0000000717e00000, 0x0000000717fca3a8, 0x0000000718000000| 89%| E|  |TAMS 0x0000000717e00000| PB 0x0000000717e00000| Complete 
| 116|0x0000000718000000, 0x0000000718200000, 0x0000000718200000|100%| E|CS|TAMS 0x0000000718000000| PB 0x0000000718000000| Complete 
| 117|0x0000000718200000, 0x0000000718400000, 0x0000000718400000|100%| E|CS|TAMS 0x0000000718200000| PB 0x0000000718200000| Complete 
| 118|0x0000000718400000, 0x0000000718600000, 0x0000000718600000|100%| E|CS|TAMS 0x0000000718400000| PB 0x0000000718400000| Complete 
| 119|0x0000000718600000, 0x0000000718800000, 0x0000000718800000|100%| E|CS|TAMS 0x0000000718600000| PB 0x0000000718600000| Complete 
| 120|0x0000000718800000, 0x0000000718a00000, 0x0000000718a00000|100%| E|CS|TAMS 0x0000000718800000| PB 0x0000000718800000| Complete 
| 121|0x0000000718a00000, 0x0000000718c00000, 0x0000000718c00000|100%| E|CS|TAMS 0x0000000718a00000| PB 0x0000000718a00000| Complete 
| 122|0x0000000718c00000, 0x0000000718e00000, 0x0000000718e00000|100%| E|CS|TAMS 0x0000000718c00000| PB 0x0000000718c00000| Complete 
| 123|0x0000000718e00000, 0x0000000719000000, 0x0000000719000000|100%| E|CS|TAMS 0x0000000718e00000| PB 0x0000000718e00000| Complete 

Card table byte_map: [0x000002064bd50000,0x000002064c510000] _byte_map_base: 0x0000020648504000

Marking Bits: (CMBitMap*) 0x0000020637d44bc0
 Bits: [0x000002064c510000, 0x00000206502b0000)

Polling page: 0x0000020635b40000

Metaspace:

Usage:
  Non-class:      3.03 MB used.
      Class:    412.16 KB used.
       Both:      3.43 MB used.

Virtual space:
  Non-class space:       64.00 MB reserved,       3.19 MB (  5%) committed,  1 nodes.
      Class space:        1.00 GB reserved,     512.00 KB ( <1%) committed,  1 nodes.
             Both:        1.06 GB reserved,       3.69 MB ( <1%) committed. 

Chunk freelists:
   Non-Class:  10.17 MB
       Class:  15.39 MB
        Both:  25.56 MB

MaxMetaspaceSize: unlimited
CompressedClassSpaceSize: 1.00 GB
Initial GC threshold: 21.00 MB
Current GC threshold: 21.00 MB
CDS: on
 - commit_granule_bytes: 65536.
 - commit_granule_words: 8192.
 - virtual_space_node_default_size: 8388608.
 - enlarge_chunks_in_place: 1.
 - use_allocation_guard: 0.


Internal statistics:

num_allocs_failed_limit: 0.
num_arena_births: 194.
num_arena_deaths: 0.
num_vsnodes_births: 2.
num_vsnodes_deaths: 0.
num_space_committed: 59.
num_space_uncommitted: 0.
num_chunks_returned_to_freelist: 0.
num_chunks_taken_from_freelist: 349.
num_chunk_merges: 0.
num_chunk_splits: 200.
num_chunks_enlarged: 96.
num_inconsistent_stats: 0.

CodeHeap 'non-profiled nmethods': size=119168Kb used=423Kb max_used=423Kb free=118744Kb
 bounds [0x00000206438b0000, 0x0000020643b20000, 0x000002064ad10000]
CodeHeap 'profiled nmethods': size=119104Kb used=2096Kb max_used=2096Kb free=117007Kb
 bounds [0x000002063bd10000, 0x000002063bf80000, 0x0000020643160000]
CodeHeap 'non-nmethods': size=7488Kb used=2556Kb max_used=2586Kb free=4931Kb
 bounds [0x0000020643160000, 0x00000206433f0000, 0x00000206438b0000]
 total_blobs=1800 nmethods=1283 adapters=420
 compilation: enabled
              stopped_count=0, restarted_count=0
 full_count=0

Compilation events (20 events):
Event: 0.841 Thread 0x000002065357b6d0 nmethod 1275 0x000002063bf18290 code [0x000002063bf18460, 0x000002063bf18700]
Event: 0.841 Thread 0x000002065357a930 nmethod 1276 0x000002063bf18810 code [0x000002063bf189e0, 0x000002063bf18be8]
Event: 0.841 Thread 0x0000020653579b90 1278       4       java.lang.StringBuilder::toString (9 bytes)
Event: 0.841 Thread 0x000002065313a300 1279       4       java.lang.String::<init> (99 bytes)
Event: 0.843 Thread 0x0000020653498090 nmethod 1277 0x000002063bf18d90 code [0x000002063bf19180, 0x000002063bf1a970]
Event: 0.845 Thread 0x000002065357b6d0 1281       3       java.util.concurrent.locks.AbstractQueuedSynchronizer::signalNext (34 bytes)
Event: 0.846 Thread 0x000002065357b6d0 nmethod 1281 0x000002063bf1b110 code [0x000002063bf1b300, 0x000002063bf1b790]
Event: 0.847 Thread 0x000002065357b6d0 1282       3       java.nio.MappedByteBuffer::limit (6 bytes)
Event: 0.847 Thread 0x000002065357b6d0 nmethod 1282 0x000002063bf1b910 code [0x000002063bf1bac0, 0x000002063bf1bcd0]
Event: 0.847 Thread 0x000002065357b6d0 1283       1       java.util.concurrent.atomic.AtomicInteger::get (5 bytes)
Event: 0.847 Thread 0x000002065357b6d0 nmethod 1283 0x0000020643917590 code [0x0000020643917720, 0x00000206439177e8]
Event: 0.847 Thread 0x000002065357b000 nmethod 1274 0x0000020643917890 code [0x0000020643917aa0, 0x0000020643917ec8]
Event: 0.847 Thread 0x000002065357b000 1280       4       java.lang.AbstractStringBuilder::<init> (39 bytes)
Event: 0.849 Thread 0x000002065313a300 nmethod 1279 0x0000020643918210 code [0x00000206439183e0, 0x0000020643918998]
Event: 0.849 Thread 0x0000020653579b90 nmethod 1278 0x0000020643918c10 code [0x0000020643918dc0, 0x0000020643919398]
Event: 0.850 Thread 0x000002065357b000 nmethod 1280 0x0000020643919690 code [0x0000020643919820, 0x0000020643919a90]
Event: 0.850 Thread 0x000002065357b6d0 1284       3       java.nio.ByteBuffer::get (9 bytes)
Event: 0.850 Thread 0x000002065357b6d0 nmethod 1284 0x000002063bf1be10 code [0x000002063bf1bfc0, 0x000002063bf1c1a0]
Event: 0.850 Thread 0x000002065357a930 1285       1       sun.security.provider.DigestBase::engineGetDigestLength (5 bytes)
Event: 0.850 Thread 0x000002065357a930 nmethod 1285 0x0000020643919b90 code [0x0000020643919d20, 0x0000020643919de8]

GC Heap History (0 events):
No events

Dll operation events (2 events):
Event: 0.017 Loaded shared library C:\Program Files\JetBrains\WebStorm 2025.2\jbr\bin\java.dll
Event: 0.245 Loaded shared library C:\Program Files\JetBrains\WebStorm 2025.2\jbr\bin\zip.dll

Deoptimization events (20 events):
Event: 0.753 Thread 0x000002069a091ad0 Uncommon trap: trap_request=0xffffff66 fr.pc=0x000002064390bef4 relative=0x0000000000000314
Event: 0.753 Thread 0x000002069a091ad0 Uncommon trap: reason=speculate_class_check action=maybe_recompile pc=0x000002064390bef4 method=sun.security.util.math.intpoly.IntegerPolynomial.multByInt([JJ)V @ 26 c2
Event: 0.753 Thread 0x000002069a091ad0 DEOPT PACKING pc=0x000002064390bef4 sp=0x000000a13cafe700
Event: 0.753 Thread 0x000002069a091ad0 DEOPT UNPACKING pc=0x00000206431b46a2 sp=0x000000a13cafe5e8 mode 2
Event: 0.754 Thread 0x000002069a091ad0 Uncommon trap: trap_request=0xffffff66 fr.pc=0x000002064390bef4 relative=0x0000000000000314
Event: 0.754 Thread 0x000002069a091ad0 Uncommon trap: reason=speculate_class_check action=maybe_recompile pc=0x000002064390bef4 method=sun.security.util.math.intpoly.IntegerPolynomial.multByInt([JJ)V @ 26 c2
Event: 0.754 Thread 0x000002069a091ad0 DEOPT PACKING pc=0x000002064390bef4 sp=0x000000a13cafe700
Event: 0.754 Thread 0x000002069a091ad0 DEOPT UNPACKING pc=0x00000206431b46a2 sp=0x000000a13cafe5e8 mode 2
Event: 0.754 Thread 0x000002069a091ad0 Uncommon trap: trap_request=0xffffff66 fr.pc=0x000002064390bef4 relative=0x0000000000000314
Event: 0.754 Thread 0x000002069a091ad0 Uncommon trap: reason=speculate_class_check action=maybe_recompile pc=0x000002064390bef4 method=sun.security.util.math.intpoly.IntegerPolynomial.multByInt([JJ)V @ 26 c2
Event: 0.754 Thread 0x000002069a091ad0 DEOPT PACKING pc=0x000002064390bef4 sp=0x000000a13cafe700
Event: 0.754 Thread 0x000002069a091ad0 DEOPT UNPACKING pc=0x00000206431b46a2 sp=0x000000a13cafe5e8 mode 2
Event: 0.754 Thread 0x000002069a091ad0 Uncommon trap: trap_request=0xffffff66 fr.pc=0x000002064390b1f4 relative=0x0000000000000314
Event: 0.754 Thread 0x000002069a091ad0 Uncommon trap: reason=speculate_class_check action=maybe_recompile pc=0x000002064390b1f4 method=sun.security.util.math.intpoly.IntegerPolynomial.multByInt([JJ)V @ 26 c2
Event: 0.754 Thread 0x000002069a091ad0 DEOPT PACKING pc=0x000002064390b1f4 sp=0x000000a13cafe690
Event: 0.754 Thread 0x000002069a091ad0 DEOPT UNPACKING pc=0x00000206431b46a2 sp=0x000000a13cafe5e0 mode 2
Event: 0.754 Thread 0x000002069a091ad0 Uncommon trap: trap_request=0xffffff66 fr.pc=0x000002064390b1f4 relative=0x0000000000000314
Event: 0.754 Thread 0x000002069a091ad0 Uncommon trap: reason=speculate_class_check action=maybe_recompile pc=0x000002064390b1f4 method=sun.security.util.math.intpoly.IntegerPolynomial.multByInt([JJ)V @ 26 c2
Event: 0.754 Thread 0x000002069a091ad0 DEOPT PACKING pc=0x000002064390b1f4 sp=0x000000a13cafe690
Event: 0.754 Thread 0x000002069a091ad0 DEOPT UNPACKING pc=0x00000206431b46a2 sp=0x000000a13cafe5e0 mode 2

Classes loaded (20 events):
Event: 0.497 Loading class jdk/net/ExtendedSocketOptions$1
Event: 0.497 Loading class jdk/net/ExtendedSocketOptions$1 done
Event: 0.501 Loading class java/nio/BufferMismatch
Event: 0.501 Loading class java/nio/BufferMismatch done
Event: 0.502 Loading class sun/nio/ch/SourceChannelImpl
Event: 0.502 Loading class java/nio/channels/Pipe$SourceChannel
Event: 0.502 Loading class java/nio/channels/Pipe$SourceChannel done
Event: 0.502 Loading class sun/nio/ch/SourceChannelImpl done
Event: 0.502 Loading class sun/nio/ch/SinkChannelImpl
Event: 0.502 Loading class java/nio/channels/Pipe$SinkChannel
Event: 0.502 Loading class java/nio/channels/Pipe$SinkChannel done
Event: 0.502 Loading class sun/nio/ch/SinkChannelImpl done
Event: 0.520 Loading class sun/net/spi/DefaultProxySelector$NonProxyInfo
Event: 0.520 Loading class sun/net/spi/DefaultProxySelector$NonProxyInfo done
Event: 0.520 Loading class sun/net/spi/DefaultProxySelector$3
Event: 0.520 Loading class sun/net/spi/DefaultProxySelector$3 done
Event: 0.776 Loading class jdk/internal/event/X509CertificateEvent
Event: 0.776 Loading class jdk/internal/event/X509CertificateEvent done
Event: 0.792 Loading class jdk/internal/event/TLSHandshakeEvent
Event: 0.792 Loading class jdk/internal/event/TLSHandshakeEvent done

Classes unloaded (0 events):
No events

Classes redefined (0 events):
No events

Internal exceptions (20 events):
Event: 0.351 Thread 0x0000020637ce1080 Exception <a 'java/lang/NoSuchMethodError'{0x0000000718845080}: 'java.lang.Object java.lang.invoke.DirectMethodHandle$Holder.invokeStaticInit(java.lang.Object, java.lang.Object, int, int, int, int)'> (0x0000000718845080) 
thrown [s\src\hotspot\share\interpreter\linkResolver.cpp, line 784]
Event: 0.378 Thread 0x0000020637ce1080 Exception <a 'java/lang/NoSuchMethodError'{0x00000007189745f0}: 'java.lang.Object java.lang.invoke.DirectMethodHandle$Holder.invokeStaticInit(java.lang.Object, java.lang.Object, int)'> (0x00000007189745f0) 
thrown [s\src\hotspot\share\interpreter\linkResolver.cpp, line 784]
Event: 0.379 Thread 0x0000020637ce1080 Exception <a 'java/lang/NoSuchMethodError'{0x000000071897a4f8}: 'java.lang.Object java.lang.invoke.DirectMethodHandle$Holder.newInvokeSpecial(java.lang.Object, java.lang.Object, int)'> (0x000000071897a4f8) 
thrown [s\src\hotspot\share\interpreter\linkResolver.cpp, line 784]
Event: 0.384 Thread 0x0000020637ce1080 Exception <a 'java/lang/NoSuchMethodError'{0x000000071898dc30}: 'int java.lang.invoke.DirectMethodHandle$Holder.invokeSpecialIFC(java.lang.Object, java.lang.Object, java.lang.Object)'> (0x000000071898dc30) 
thrown [s\src\hotspot\share\interpreter\linkResolver.cpp, line 784]
Event: 0.401 Thread 0x0000020637ce1080 Exception <a 'java/lang/NoSuchMethodError'{0x00000007189c5a68}: 'java.lang.Object java.lang.invoke.Invokers$Holder.invoke_MT(java.lang.Object, java.lang.Object, java.lang.Object, java.lang.Object, java.lang.Object, java.lang.Object, java.lang.Object, java.lang.Object, java.lang.Object, java.lang.Object)'> (0x00000007189c5a68) 
thrown [s\src\hotspot\share\interpreter\linkResolver.cpp, line 784]
Event: 0.416 Thread 0x0000020637ce1080 Exception <a 'java/lang/NoSuchMethodError'{0x0000000718605d20}: 'int java.lang.invoke.DirectMethodHandle$Holder.invokeSpecial(java.lang.Object, java.lang.Object, java.lang.Object, java.lang.Object)'> (0x0000000718605d20) 
thrown [s\src\hotspot\share\interpreter\linkResolver.cpp, line 784]
Event: 0.421 Thread 0x0000020637ce1080 Exception <a 'java/lang/NoSuchMethodError'{0x000000071861b050}: 'java.lang.Object java.lang.invoke.DirectMethodHandle$Holder.invokeSpecial(java.lang.Object, java.lang.Object, int, java.lang.Object, java.lang.Object)'> (0x000000071861b050) 
thrown [s\src\hotspot\share\interpreter\linkResolver.cpp, line 784]
Event: 0.421 Thread 0x0000020637ce1080 Exception <a 'java/lang/NoSuchMethodError'{0x000000071861e9e0}: 'java.lang.Object java.lang.invoke.DelegatingMethodHandle$Holder.delegate(java.lang.Object, int, java.lang.Object, java.lang.Object)'> (0x000000071861e9e0) 
thrown [s\src\hotspot\share\interpreter\linkResolver.cpp, line 784]
Event: 0.425 Thread 0x0000020637ce1080 Exception <a 'java/lang/NoSuchMethodError'{0x000000071862e248}: 'int java.lang.invoke.Invokers$Holder.linkToTargetMethod(java.lang.Object, java.lang.Object, java.lang.Object)'> (0x000000071862e248) 
thrown [s\src\hotspot\share\interpreter\linkResolver.cpp, line 784]
Event: 0.432 Thread 0x0000020637ce1080 Exception <a 'java/lang/NoSuchMethodError'{0x0000000718660038}: 'long java.lang.invoke.DirectMethodHandle$Holder.invokeSpecial(java.lang.Object, java.lang.Object)'> (0x0000000718660038) 
thrown [s\src\hotspot\share\interpreter\linkResolver.cpp, line 784]
Event: 0.434 Thread 0x0000020637ce1080 Exception <a 'java/lang/NoSuchMethodError'{0x0000000718666d88}: 'java.lang.Object java.lang.invoke.Invokers$Holder.invokeExact_MT(java.lang.Object, java.lang.Object, java.lang.Object, java.lang.Object, java.lang.Object, java.lang.Object)'> (0x0000000718666d88) 
thrown [s\src\hotspot\share\interpreter\linkResolver.cpp, line 784]
Event: 0.514 Thread 0x0000020637ce1080 Exception <a 'java/lang/NoSuchMethodError'{0x0000000718431038}: 'java.lang.Object java.lang.invoke.DirectMethodHandle$Holder.newInvokeSpecial(java.lang.Object, java.lang.Object, java.lang.Object, java.lang.Object, java.lang.Object)'> (0x0000000718431038) 
thrown [s\src\hotspot\share\interpreter\linkResolver.cpp, line 784]
Event: 0.557 Thread 0x0000020637ce1080 Exception <a 'java/lang/NoSuchMethodError'{0x00000007185ba6a0}: 'java.lang.Object java.lang.invoke.DirectMethodHandle$Holder.invokeSpecial(java.lang.Object, java.lang.Object, java.lang.Object, java.lang.Object, int)'> (0x00000007185ba6a0) 
thrown [s\src\hotspot\share\interpreter\linkResolver.cpp, line 784]
Event: 0.558 Thread 0x0000020637ce1080 Exception <a 'java/lang/NoSuchMethodError'{0x00000007185be008}: 'java.lang.Object java.lang.invoke.Invokers$Holder.linkToTargetMethod(java.lang.Object, java.lang.Object, int, java.lang.Object)'> (0x00000007185be008) 
thrown [s\src\hotspot\share\interpreter\linkResolver.cpp, line 784]
Event: 0.565 Thread 0x0000020637ce1080 Exception <a 'java/lang/NoSuchMethodError'{0x00000007185ec8a8}: 'void java.lang.invoke.DirectMethodHandle$Holder.invokeSpecial(java.lang.Object, java.lang.Object, java.lang.Object)'> (0x00000007185ec8a8) 
thrown [s\src\hotspot\share\interpreter\linkResolver.cpp, line 784]
Event: 0.585 Thread 0x000002069a08fa00 Exception <a 'java/lang/NoSuchMethodError'{0x00000007187e5a90}: 'void java.lang.invoke.DirectMethodHandle$Holder.invokeStatic(java.lang.Object, java.lang.Object, int)'> (0x00000007187e5a90) 
thrown [s\src\hotspot\share\interpreter\linkResolver.cpp, line 784]
Event: 0.587 Thread 0x0000020637ce1080 Exception <a 'java/lang/NoSuchMethodError'{0x000000071827c748}: 'void java.lang.invoke.DirectMethodHandle$Holder.invokeSpecial(java.lang.Object, java.lang.Object, java.lang.Object, java.lang.Object, java.lang.Object)'> (0x000000071827c748) 
thrown [s\src\hotspot\share\interpreter\linkResolver.cpp, line 784]
Event: 0.598 Thread 0x000002069a091ad0 Exception <a 'java/lang/NoSuchMethodError'{0x000000071837c328}: 'void java.lang.invoke.DirectMethodHandle$Holder.invokeInterface(java.lang.Object, java.lang.Object, java.lang.Object)'> (0x000000071837c328) 
thrown [s\src\hotspot\share\interpreter\linkResolver.cpp, line 784]
Event: 0.741 Thread 0x000002069a091ad0 Exception <a 'java/lang/NoSuchMethodError'{0x00000007181d84a8}: 'void java.lang.invoke.DirectMethodHandle$Holder.invokeInterface(java.lang.Object, java.lang.Object)'> (0x00000007181d84a8) 
thrown [s\src\hotspot\share\interpreter\linkResolver.cpp, line 784]
Event: 0.794 Thread 0x000002069a091ad0 Exception <a 'java/lang/NoSuchMethodError'{0x0000000717e4cf68}: 'void java.lang.invoke.DirectMethodHandle$Holder.invokeStatic(java.lang.Object, java.lang.Object, java.lang.Object, java.lang.Object)'> (0x0000000717e4cf68) 
thrown [s\src\hotspot\share\interpreter\linkResolver.cpp, line 784]

ZGC Phase Switch (0 events):
No events

VM Operations (8 events):
Event: 0.129 Executing VM operation: HandshakeAllThreads (Deoptimize)
Event: 0.129 Executing VM operation: HandshakeAllThreads (Deoptimize) done
Event: 0.327 Executing VM operation: HandshakeAllThreads (Deoptimize)
Event: 0.327 Executing VM operation: HandshakeAllThreads (Deoptimize) done
Event: 0.588 Executing VM operation: HandshakeAllThreads (Deoptimize)
Event: 0.588 Executing VM operation: HandshakeAllThreads (Deoptimize) done
Event: 0.781 Executing VM operation: ICBufferFull
Event: 0.782 Executing VM operation: ICBufferFull done

Memory protections (0 events):
No events

Nmethod flushes (0 events):
No events

Events (20 events):
Event: 0.077 Thread 0x0000020637ce1080 Thread added: 0x0000020653138850
Event: 0.077 Thread 0x0000020637ce1080 Thread added: 0x000002065313a300
Event: 0.077 Thread 0x0000020637ce1080 Thread added: 0x0000020653498090
Event: 0.096 Thread 0x0000020653498090 Thread added: 0x000002065357a930
Event: 0.104 Thread 0x0000020637ce1080 Thread added: 0x00000206535ec830
Event: 0.113 Loaded shared library C:\Program Files\JetBrains\WebStorm 2025.2\jbr\bin\net.dll
Event: 0.118 Loaded shared library C:\Program Files\JetBrains\WebStorm 2025.2\jbr\bin\nio.dll
Event: 0.125 Loaded shared library C:\Program Files\JetBrains\WebStorm 2025.2\jbr\bin\zip.dll
Event: 0.197 Loaded shared library C:\Program Files\JetBrains\WebStorm 2025.2\jbr\bin\jimage.dll
Event: 0.219 Loaded shared library C:\Program Files\JetBrains\WebStorm 2025.2\jbr\bin\sunmscapi.dll
Event: 0.342 Thread 0x000002065357a930 Thread added: 0x000002065357b6d0
Event: 0.348 Thread 0x000002065313a300 Thread added: 0x000002065357bda0
Event: 0.496 Loaded shared library C:\Program Files\JetBrains\WebStorm 2025.2\jbr\bin\extnet.dll
Event: 0.507 Thread 0x0000020637ce1080 Thread added: 0x000002069a08fa00
Event: 0.540 Thread 0x000002065357bda0 Thread exited: 0x000002065357bda0
Event: 0.595 Thread 0x000002069a08fa00 Thread added: 0x000002069a091ad0
Event: 0.617 Thread 0x000002069a08fa00 Thread added: 0x000002069a092e80
Event: 0.652 Thread 0x000002065313a300 Thread added: 0x000002065357b000
Event: 0.654 Thread 0x0000020653498090 Thread added: 0x0000020653579b90
Event: 0.656 Thread 0x000002065357a930 Thread added: 0x000002065357a260


Dynamic libraries:
0x00007ff62b300000 - 0x00007ff62b30a000 	C:\Program Files\JetBrains\WebStorm 2025.2\jbr\bin\java.exe
0x00007ffef43e0000 - 0x00007ffef4643000 	C:\WINDOWS\SYSTEM32\ntdll.dll
0x00007ffef3940000 - 0x00007ffef3a08000 	C:\WINDOWS\System32\KERNEL32.DLL
0x00007ffef1bb0000 - 0x00007ffef1f64000 	C:\WINDOWS\System32\KERNELBASE.dll
0x00007ffeeac40000 - 0x00007ffeeacdc000 	C:\WINDOWS\SYSTEM32\apphelp.dll
0x00007ffef20d0000 - 0x00007ffef221b000 	C:\WINDOWS\System32\ucrtbase.dll
0x00007ffedd620000 - 0x00007ffedd638000 	C:\Program Files\JetBrains\WebStorm 2025.2\jbr\bin\jli.dll
0x00007ffeea400000 - 0x00007ffeea41b000 	C:\Program Files\JetBrains\WebStorm 2025.2\jbr\bin\VCRUNTIME140.dll
0x00007ffef3ea0000 - 0x00007ffef4069000 	C:\WINDOWS\System32\USER32.dll
0x00007ffef2000000 - 0x00007ffef2027000 	C:\WINDOWS\System32\win32u.dll
0x00007ffedfd10000 - 0x00007ffedffa0000 	C:\WINDOWS\WinSxS\amd64_microsoft.windows.common-controls_6595b64144ccf1df_6.0.26100.2702_none_3e069454e335fc5e\COMCTL32.dll
0x00007ffef3aa0000 - 0x00007ffef3aca000 	C:\WINDOWS\System32\GDI32.dll
0x00007ffef1840000 - 0x00007ffef196b000 	C:\WINDOWS\System32\gdi32full.dll
0x00007ffef3090000 - 0x00007ffef3139000 	C:\WINDOWS\System32\msvcrt.dll
0x00007ffef1790000 - 0x00007ffef1833000 	C:\WINDOWS\System32\msvcp_win.dll
0x00007ffef40f0000 - 0x00007ffef411f000 	C:\WINDOWS\System32\IMM32.DLL
0x00007ffeea3f0000 - 0x00007ffeea3fc000 	C:\Program Files\JetBrains\WebStorm 2025.2\jbr\bin\vcruntime140_1.dll
0x00007ffeabc50000 - 0x00007ffeabcdd000 	C:\Program Files\JetBrains\WebStorm 2025.2\jbr\bin\msvcp140.dll
0x00007ffe19010000 - 0x00007ffe19dd4000 	C:\Program Files\JetBrains\WebStorm 2025.2\jbr\bin\server\jvm.dll
0x00007ffef2d70000 - 0x00007ffef2e23000 	C:\WINDOWS\System32\ADVAPI32.dll
0x00007ffef2e80000 - 0x00007ffef2f26000 	C:\WINDOWS\System32\sechost.dll
0x00007ffef3d50000 - 0x00007ffef3e66000 	C:\WINDOWS\System32\RPCRT4.dll
0x00007ffef2fb0000 - 0x00007ffef3024000 	C:\WINDOWS\System32\WS2_32.dll
0x00007ffef1620000 - 0x00007ffef166e000 	C:\WINDOWS\SYSTEM32\POWRPROF.dll
0x00007ffeef000000 - 0x00007ffeef036000 	C:\WINDOWS\SYSTEM32\WINMM.dll
0x00007ffeeb6a0000 - 0x00007ffeeb6ab000 	C:\WINDOWS\SYSTEM32\VERSION.dll
0x00007ffef1600000 - 0x00007ffef1614000 	C:\WINDOWS\SYSTEM32\UMPDC.dll
0x00007ffef0560000 - 0x00007ffef057a000 	C:\WINDOWS\SYSTEM32\kernel.appcore.dll
0x00007ffee7830000 - 0x00007ffee783a000 	C:\Program Files\JetBrains\WebStorm 2025.2\jbr\bin\jimage.dll
0x00007ffeeed70000 - 0x00007ffeeefb1000 	C:\WINDOWS\SYSTEM32\DBGHELP.DLL
0x00007ffef2930000 - 0x00007ffef2cae000 	C:\WINDOWS\System32\combase.dll
0x00007ffef36c0000 - 0x00007ffef3796000 	C:\WINDOWS\System32\OLEAUT32.dll
0x00007ffeeefc0000 - 0x00007ffeeeff9000 	C:\WINDOWS\SYSTEM32\dbgcore.DLL
0x00007ffef2030000 - 0x00007ffef20c9000 	C:\WINDOWS\System32\bcryptPrimitives.dll
0x00007ffede1e0000 - 0x00007ffede200000 	C:\Program Files\JetBrains\WebStorm 2025.2\jbr\bin\java.dll
0x00007ffef2220000 - 0x00007ffef2924000 	C:\WINDOWS\System32\SHELL32.dll
0x00007ffeef400000 - 0x00007ffeefc37000 	C:\WINDOWS\SYSTEM32\windows.storage.dll
0x00007ffef35d0000 - 0x00007ffef36b9000 	C:\WINDOWS\System32\SHCORE.dll
0x00007ffef3030000 - 0x00007ffef308d000 	C:\WINDOWS\System32\shlwapi.dll
0x00007ffef16a0000 - 0x00007ffef16ce000 	C:\WINDOWS\SYSTEM32\profapi.dll
0x00007ffedffb0000 - 0x00007ffedffc0000 	C:\Program Files\JetBrains\WebStorm 2025.2\jbr\bin\net.dll
0x00007ffeeb940000 - 0x00007ffeeba66000 	C:\WINDOWS\SYSTEM32\WINHTTP.dll
0x00007ffef0a70000 - 0x00007ffef0ad8000 	C:\WINDOWS\system32\mswsock.dll
0x00007ffed9240000 - 0x00007ffed9256000 	C:\Program Files\JetBrains\WebStorm 2025.2\jbr\bin\nio.dll
0x00007ffedda60000 - 0x00007ffedda78000 	C:\Program Files\JetBrains\WebStorm 2025.2\jbr\bin\zip.dll
0x00007ffed8fe0000 - 0x00007ffed8fee000 	C:\Program Files\JetBrains\WebStorm 2025.2\jbr\bin\sunmscapi.dll
0x00007ffef1a30000 - 0x00007ffef1ba6000 	C:\WINDOWS\System32\CRYPT32.dll
0x00007ffef0f70000 - 0x00007ffef0fa0000 	C:\WINDOWS\SYSTEM32\ncrypt.dll
0x00007ffef0f20000 - 0x00007ffef0f5f000 	C:\WINDOWS\SYSTEM32\NTASN1.dll
0x00007ffef0e20000 - 0x00007ffef0e3c000 	C:\WINDOWS\SYSTEM32\CRYPTSP.dll
0x00007ffef04c0000 - 0x00007ffef04f8000 	C:\WINDOWS\system32\rsaenh.dll
0x00007ffef0b10000 - 0x00007ffef0b3b000 	C:\WINDOWS\SYSTEM32\USERENV.dll
0x00007ffef0fb0000 - 0x00007ffef0fd6000 	C:\WINDOWS\SYSTEM32\bcrypt.dll
0x00007ffef0ca0000 - 0x00007ffef0cac000 	C:\WINDOWS\SYSTEM32\CRYPTBASE.dll
0x00007ffeeffa0000 - 0x00007ffeeffd2000 	C:\WINDOWS\SYSTEM32\IPHLPAPI.DLL
0x00007ffef4150000 - 0x00007ffef415a000 	C:\WINDOWS\System32\NSI.dll
0x00007ffec9ae0000 - 0x00007ffec9ae8000 	C:\WINDOWS\system32\wshunix.dll
0x00007ffed8fd0000 - 0x00007ffed8fd9000 	C:\Program Files\JetBrains\WebStorm 2025.2\jbr\bin\extnet.dll

dbghelp: loaded successfully - version: 4.0.5 - missing functions: none
symbol engine: initialized successfully - sym options: 0x614 - pdb path: .;C:\Program Files\JetBrains\WebStorm 2025.2\jbr\bin;C:\WINDOWS\SYSTEM32;C:\WINDOWS\WinSxS\amd64_microsoft.windows.common-controls_6595b64144ccf1df_6.0.26100.2702_none_3e069454e335fc5e;C:\Program Files\JetBrains\WebStorm 2025.2\jbr\bin\server

VM Arguments:
java_command: git4idea.http.GitAskPassApp Username for 'https://github.com': 
java_class_path (initial): C:/Program Files/JetBrains/WebStorm 2025.2/plugins/vcs-git/lib/git4idea-rt.jar;C:/Program Files/JetBrains/WebStorm 2025.2/lib/externalProcess-rt.jar
Launcher Type: SUN_STANDARD

[Global flags]
     intx CICompilerCount                          = 12                                        {product} {ergonomic}
     uint ConcGCThreads                            = 3                                         {product} {ergonomic}
     uint G1ConcRefinementThreads                  = 13                                        {product} {ergonomic}
   size_t G1HeapRegionSize                         = 2097152                                   {product} {ergonomic}
    uintx GCDrainStackTargetSize                   = 64                                        {product} {ergonomic}
   size_t InitialHeapSize                          = 260046848                                 {product} {ergonomic}
   size_t MarkStackSize                            = 4194304                                   {product} {ergonomic}
   size_t MaxHeapSize                              = 4135583744                                {product} {ergonomic}
   size_t MaxNewSize                               = 2480930816                                {product} {ergonomic}
   size_t MinHeapDeltaBytes                        = 2097152                                   {product} {ergonomic}
   size_t MinHeapSize                              = 8388608                                   {product} {ergonomic}
    uintx NonNMethodCodeHeapSize                   = 7602480                                {pd product} {ergonomic}
    uintx NonProfiledCodeHeapSize                  = 122027880                              {pd product} {ergonomic}
    uintx ProfiledCodeHeapSize                     = 122027880                              {pd product} {ergonomic}
    uintx ReservedCodeCacheSize                    = 251658240                              {pd product} {ergonomic}
     bool SegmentedCodeCache                       = true                                      {product} {ergonomic}
   size_t SoftMaxHeapSize                          = 4135583744                             {manageable} {ergonomic}
     bool UseCompressedOops                        = true                           {product lp64_product} {ergonomic}
     bool UseG1GC                                  = true                                      {product} {ergonomic}
     bool UseLargePagesIndividualAllocation        = false                                  {pd product} {ergonomic}

Logging:
Log output configuration:
 #0: stdout all=warning uptime,level,tags foldmultilines=false
 #1: stderr all=off uptime,level,tags foldmultilines=false

Environment Variables:
JAVA_HOME=C:\Program Files\Eclipse Foundation\jdk-8.0.302.8-hotspot
PATH=C:/Program Files/Git/mingw64/libexec/git-core;C:/Program Files/Git/mingw64/libexec/git-core;C:\Program Files\Git\mingw64\bin;C:\Program Files\Git\usr\bin;C:\Users\ISPROJ\bin;C:\Program Files (x86)\VMware\VMware Player\bin\;C:\Ruby32-x64\bin;C:\Program Files (x86)\Microsoft SDKs\Azure\CLI2\wbin;C:\Program Files\Common Files\Oracle\Java\javapath;C:\Program Files (x86)\Common Files\Oracle\Java\javapath;C:\Program Files\Microsoft\jdk-11.0.16.101-hotspot\bin;C:\WINDOWS\system32;C:\WINDOWS;C:\WINDOWS\System32\Wbem;C:\WINDOWS\System32\WindowsPowerShell\v1.0\;C:\WINDOWS\System32\OpenSSH\;C:\Program Files (x86)\Microsoft SQL Server\160\Tools\Binn\;C:\Program Files\Microsoft SQL Server\160\Tools\Binn\;C:\Program Files\Microsoft SQL Server\Client SDK\ODBC\170\Tools\Binn\;C:\Program Files\Microsoft SQL Server\160\DTS\Binn\;C:\Program Files (x86)\Microsoft SQL Server\160\DTS\Binn\;C:\Program Files\Azure Data Studio\bin;C:\Program Files\Microsoft SQL Server\150\Tools\Binn\;C:\Program Files\dotnet\;C:\Program Files\Microsoft SQL Server\130\Tools\Binn\;C:\Program Files\nodejs;C:\Program Files\Microsoft VS Code\bin;C:\Users\Bytex\Documents\flutter_windows_3.13.9-stable\flutter\bin;C:\ProgramData\chocolatey\bin;C:\Program Files\SDelete;C:\gradle-8.1.1-all\gradle-8.1.1\bin;C:\Users\AlphaChain\AppData\Roaming\npm;C:\Users\puyan\AppData\Local\Packages\PythonSoftwareFoundation.Python.3.11_qbz5n2kfra8p0\LocalCache\local-packages\Python311\Scripts;C:\Users\puyan\OneDrive\Documents\flutter\bin;C:\xampp\php;C:\Program Files\nodejs\;C:\Users\Bytex\.cargo\bin;C:\Users\Bytex\Downloads\aircrack-ng-1.7-win\aircrack-ng-1.7-win\bin;C:\Users\Bytex\.avm\bin;C:\Users\Bytex\AppData\Local\Pub\Cache\bin;C:\Users\Bytex\AppData\Roaming\npm;C:\xmpp\php;C:\Program Files\CMake\bin;C:\flutter\bin;C:\Users\Devcrafts\AppData\Roaming\npm;C:\Users\Devcrafts\AppData\Local\Pub\Cache\bin;C:\Program Files (x86)\Incredibuild;C:\Users\AlphaChain\AppData\Local\Programs\Python\Python312\Scripts;C:\kotlinc\bin;C:\ProgramData\ComposerSetup\bin;C:\Program Files\Go\bin;C:\Program Files\Git\cmd;C:\Users\ISPROJ\.config\herd\bin;C:\Users\ISPROJ\AppData\Local\Programs\Python\Python313\Scripts\;C:\Users\ISPROJ\AppData\Local\Programs\Python\Python313\;C:\Program Files\MySQL\MySQL Shell 8.0\bin\;C:\Users\ISPROJ\.config\herd-lite\bin;C:\Users\ISPROJ\AppData\Local\pnpm;C:\Users\ISPROJ\Documents\flutter\bin;C:\Users\ISPROJ\AppData\Local\Microsoft\WindowsApps;C:\Users\ISPROJ\.dotnet\tools;C:\Users\ISPROJ\AppData\Roaming\Composer\vendor\bin;C:\Users\ISPROJ\AppData\Roaming\Composer\vendor\bin;C:\Program Files\JetBrains\WebStorm 2025.2\bin;C:\Users\ISPROJ\go\bin;C:\Users\ISPROJ\AppData\Roaming\npm\node_modules\serverless;C:\Users\ISPROJ\AppData\Roaming\npm;C:\ffmpeg-7.1.1-essentials_build\ffmpeg-7.1.1-essentials_build\bin
USERNAME=ISPROJ
DISPLAY=:0.0
LC_ALL=en_US.UTF-8
TERM=xterm-256color
TMPDIR=C:\Users\ISPROJ\AppData\Local\Temp
OS=Windows_NT
PROCESSOR_IDENTIFIER=AMD64 Family 25 Model 80 Stepping 0, AuthenticAMD
TMP=C:\Users\ISPROJ\AppData\Local\Temp
TEMP=C:\Users\ISPROJ\AppData\Local\Temp




Periodic native trim disabled

JNI global refs:
JNI global refs: 28, weak refs: 0

JNI global refs memory usage: 835, weak refs: 833

Process memory usage:
Resident Set Size: 96076K (0% of 16153752K total physical memory with 1623292K free physical memory)

OOME stack traces (most recent first):
Classloader memory used:
Loader jdk.internal.loader.ClassLoaders$PlatformClassLoader                            : 1910K
Loader bootstrap                                                                       : 1576K
Loader jdk.internal.loader.ClassLoaders$AppClassLoader                                 : 25664B

---------------  S Y S T E M  ---------------

OS:
 Windows 11 , 64 bit Build 26100 (10.0.26100.2702)
OS uptime: 0 days 2:39 hours
Hyper-V role detected

CPU: total 16 (initial active 16) (16 cores per cpu, 2 threads per core) family 25 model 80 stepping 0 microcode 0xa50000c, cx8, cmov, fxsr, ht, mmx, 3dnowpref, sse, sse2, sse3, ssse3, sse4a, sse4.1, sse4.2, popcnt, lzcnt, tsc, tscinvbit, avx, avx2, aes, erms, clmul, bmi1, bmi2, adx, sha, fma, vzeroupper, clflush, clflushopt, hv, rdtscp, rdpid, fsrm, f16c, cet_ss
Processor Information for the first 16 processors :
  Max Mhz: 3301, Current Mhz: 2003, Mhz Limit: 3301

Memory: 4k page, system-wide physical 15775M (1585M free)
TotalPageFile size 39184M (AvailPageFile size 20M)
current process WorkingSet (physical memory assigned to process): 93M, peak: 95M
current process commit charge ("private bytes"): 378M, peak: 380M

vm_info: OpenJDK 64-Bit Server VM (21.0.7+6-b1038.58) for windows-amd64 JRE (21.0.7+6-b1038.58), built on 2025-07-07 by "builduser" with MS VC++ 16.10 / 16.11 (VS2019)

END.
