#
# There is insufficient memory for the Java Runtime Environment to continue.
# Native memory allocation (malloc) failed to allocate 242816 bytes. Error detail: Chunk::new
# Possible reasons:
#   The system is out of physical RAM or swap space
#   This process is running with CompressedOops enabled, and the Java Heap may be blocking the growth of the native heap
# Possible solutions:
#   Reduce memory load on the system
#   Increase physical memory or swap space
#   Check if swap backing store is full
#   Decrease Java heap size (-Xmx/-Xms)
#   Decrease number of Java threads
#   Decrease Java thread stack sizes (-Xss)
#   Set larger code cache with -XX:ReservedCodeCacheSize=
#   JVM is running with Zero Based Compressed Oops mode in which the Java heap is
#     placed in the first 32GB address space. The Java Heap base address is the
#     maximum limit for the native heap growth. Please use -XX:HeapBaseMinAddress
#     to set the Java Heap base and to place the Java Heap above 32GB virtual address.
# This output file may be truncated or incomplete.
#
#  Out of Memory Error (arena.cpp:168), pid=32568, tid=10036
#
# JRE version: OpenJDK Runtime Environment JBR-21.0.7+6-1038.58-jcef (21.0.7+6) (build 21.0.7+6-b1038.58)
# Java VM: OpenJDK 64-Bit Server VM JBR-21.0.7+6-1038.58-jcef (21.0.7+6-b1038.58, mixed mode, sharing, tiered, compressed oops, compressed class ptrs, g1 gc, windows-amd64)
# No core dump will be written. Minidumps are not enabled by default on client versions of Windows
#

---------------  S U M M A R Y ------------

Command Line: git4idea.http.GitAskPassApp Username for 'https://github.com': 

Host: AMD Ryzen 9 5900HS with Radeon Graphics        , 16 cores, 15G,  Windows 11 , 64 bit Build 26100 (10.0.26100.2702)
Time: Sat Nov 29 13:42:14 2025 Malay Peninsula Standard Time elapsed time: 0.327559 seconds (0d 0h 0m 0s)

---------------  T H R E A D  ---------------

Current thread (0x0000017a2b3a83a0):  JavaThread "C2 CompilerThread1" daemon [_thread_in_native, id=10036, stack(0x0000001d85a00000,0x0000001d85b00000) (1024K)]


Current CompileTask:
C2:327  523 %     4       sun.security.provider.SHA::implCompress0 @ 27 (478 bytes)

Stack: [0x0000001d85a00000,0x0000001d85b00000]
Native frames: (J=compiled Java code, j=interpreted, Vv=VM code, C=native code)
V  [jvm.dll+0x6e7c19]
V  [jvm.dll+0x8c5f53]
V  [jvm.dll+0x8c84ae]
V  [jvm.dll+0x8c8b93]
V  [jvm.dll+0x2899e6]
V  [jvm.dll+0xc679d]
V  [jvm.dll+0xc6cd3]
V  [jvm.dll+0x2ff5f0]
V  [jvm.dll+0x60e709]
V  [jvm.dll+0x259ac2]
V  [jvm.dll+0x259e7f]
V  [jvm.dll+0x252625]
V  [jvm.dll+0x24fe7e]
V  [jvm.dll+0x1cd774]
V  [jvm.dll+0x25f80c]
V  [jvm.dll+0x25dd56]
V  [jvm.dll+0x4005d6]
V  [jvm.dll+0x86dab8]
V  [jvm.dll+0x6e639d]
C  [ucrtbase.dll+0x14ea0]
C  [KERNEL32.DLL+0x2e8d7]
C  [ntdll.dll+0xdf36c]


---------------  P R O C E S S  ---------------

Threads class SMR info:
_java_thread_list=0x0000017a2b5eb070, length=14, elements={
0x0000017a0fc9ced0, 0x0000017a2adfda00, 0x0000017a2b37c110, 0x0000017a2b37c930,
0x0000017a2b37db50, 0x0000017a2b37e980, 0x0000017a2b3841c0, 0x0000017a2b38d190,
0x0000017a2b3a7ca0, 0x0000017a2b3a9140, 0x0000017a2b3ab350, 0x0000017a2b3aba20,
0x0000017a2b4f7530, 0x0000017a2b3a83a0
}

Java Threads: ( => current thread )
  0x0000017a0fc9ced0 JavaThread "main"                              [_thread_in_Java, id=22916, stack(0x0000001d84600000,0x0000001d84700000) (1024K)]
  0x0000017a2adfda00 JavaThread "Common-Cleaner"             daemon [_thread_blocked, id=15204, stack(0x0000001d84e00000,0x0000001d84f00000) (1024K)]
  0x0000017a2b37c110 JavaThread "Reference Handler"          daemon [_thread_blocked, id=36884, stack(0x0000001d84f00000,0x0000001d85000000) (1024K)]
  0x0000017a2b37c930 JavaThread "Finalizer"                  daemon [_thread_blocked, id=40204, stack(0x0000001d85000000,0x0000001d85100000) (1024K)]
  0x0000017a2b37db50 JavaThread "Signal Dispatcher"          daemon [_thread_blocked, id=40008, stack(0x0000001d85100000,0x0000001d85200000) (1024K)]
  0x0000017a2b37e980 JavaThread "Attach Listener"            daemon [_thread_blocked, id=28748, stack(0x0000001d85200000,0x0000001d85300000) (1024K)]
  0x0000017a2b3841c0 JavaThread "Service Thread"             daemon [_thread_blocked, id=7712, stack(0x0000001d85300000,0x0000001d85400000) (1024K)]
  0x0000017a2b38d190 JavaThread "Monitor Deflation Thread"   daemon [_thread_blocked, id=24168, stack(0x0000001d85400000,0x0000001d85500000) (1024K)]
  0x0000017a2b3a7ca0 JavaThread "C2 CompilerThread0"         daemon [_thread_blocked, id=24044, stack(0x0000001d85500000,0x0000001d85600000) (1024K)]
  0x0000017a2b3a9140 JavaThread "C1 CompilerThread0"         daemon [_thread_in_native, id=35816, stack(0x0000001d85600000,0x0000001d85700000) (1024K)]
  0x0000017a2b3ab350 JavaThread "C1 CompilerThread1"         daemon [_thread_in_native, id=11284, stack(0x0000001d85700000,0x0000001d85800000) (1024K)]
  0x0000017a2b3aba20 JavaThread "C1 CompilerThread2"         daemon [_thread_in_native, id=15540, stack(0x0000001d85800000,0x0000001d85900000) (1024K)]
  0x0000017a2b4f7530 JavaThread "Notification Thread"        daemon [_thread_blocked, id=32572, stack(0x0000001d85900000,0x0000001d85a00000) (1024K)]
=>0x0000017a2b3a83a0 JavaThread "C2 CompilerThread1"         daemon [_thread_in_native, id=10036, stack(0x0000001d85a00000,0x0000001d85b00000) (1024K)]
Total: 14

Other Threads:
  0x0000017a0fcf4130 VMThread "VM Thread"                           [id=43836, stack(0x0000001d84d00000,0x0000001d84e00000) (1024K)]
  0x0000017a2adb7ce0 WatcherThread "VM Periodic Task Thread"        [id=39904, stack(0x0000001d84c00000,0x0000001d84d00000) (1024K)]
  0x0000017a0fcf3d90 WorkerThread "GC Thread#0"                     [id=10236, stack(0x0000001d84700000,0x0000001d84800000) (1024K)]
  0x0000017a0fd08660 ConcurrentGCThread "G1 Main Marker"            [id=40132, stack(0x0000001d84800000,0x0000001d84900000) (1024K)]
  0x0000017a0fcf39f0 WorkerThread "G1 Conc#0"                       [id=27668, stack(0x0000001d84900000,0x0000001d84a00000) (1024K)]
  0x0000017a2ac85ea0 ConcurrentGCThread "G1 Refine#0"               [id=42944, stack(0x0000001d84a00000,0x0000001d84b00000) (1024K)]
  0x0000017a2ac883d0 ConcurrentGCThread "G1 Service"                [id=37736, stack(0x0000001d84b00000,0x0000001d84c00000) (1024K)]
Total: 7

Threads with active compile tasks:
C2 CompilerThread1  388  523 %     4       sun.security.provider.SHA::implCompress0 @ 27 (478 bytes)
Total: 1

VM state: not at safepoint (normal execution)

VM Mutex/Monitor currently owned by a thread:  ([mutex/lock_event])
[0x00007ffa5e15fd48] AdapterHandlerLibrary_lock - owner thread: 0x0000000000000000
[0x00007ffa5e160548] MethodCompileQueue_lock - owner thread: 0x0000017a2b3a9140

Heap address: 0x0000000709800000, size: 3944 MB, Compressed Oops mode: Zero based, Oop shift amount: 3

CDS archive(s) mapped at: [0x0000017a2c000000-0x0000017a2dbf0000-0x0000017a2dbf0000), size 29294592, SharedBaseAddress: 0x0000017a2c000000, ArchiveRelocationMode: 1.
Compressed class space mapped at: 0x0000017a2e000000-0x0000017a6e000000, reserved size: 1073741824
Narrow klass base: 0x0000017a2c000000, Narrow klass shift: 0, Narrow klass range: 0x100000000

GC Precious Log:
 CardTable entry size: 512
 Card Set container configuration: InlinePtr #cards 4 size 8 Array Of Cards #cards 16 size 48 Howl #buckets 8 coarsen threshold 3686 Howl Bitmap #cards 512 size 80 coarsen threshold 460 Card regions per heap region 1 cards per card region 4096
 CPUs: 16 total, 16 available
 Memory: 15775M
 Large Page Support: Disabled
 NUMA Support: Disabled
 Compressed Oops: Enabled (Zero based)
 Heap Region Size: 2M
 Heap Min Capacity: 8M
 Heap Initial Capacity: 248M
 Heap Max Capacity: 3944M
 Pre-touch: Disabled
 Parallel Workers: 13
 Concurrent Workers: 3
 Concurrent Refinement Workers: 13
 Periodic GC: Disabled

Heap:
 garbage-first heap   total 253952K, used 8192K [0x0000000709800000, 0x0000000800000000)
  region size 2048K, 5 young (10240K), 0 survivors (0K)
 Metaspace       used 1404K, committed 1600K, reserved 1114112K
  class space    used 140K, committed 192K, reserved 1048576K

Heap Regions: E=young(eden), S=young(survivor), O=old, HS=humongous(starts), HC=humongous(continues), CS=collection set, F=free, TAMS=top-at-mark-start, PB=parsable bottom
|   0|0x0000000709800000, 0x0000000709800000, 0x0000000709a00000|  0%| F|  |TAMS 0x0000000709800000| PB 0x0000000709800000| Untracked 
|   1|0x0000000709a00000, 0x0000000709a00000, 0x0000000709c00000|  0%| F|  |TAMS 0x0000000709a00000| PB 0x0000000709a00000| Untracked 
|   2|0x0000000709c00000, 0x0000000709c00000, 0x0000000709e00000|  0%| F|  |TAMS 0x0000000709c00000| PB 0x0000000709c00000| Untracked 
|   3|0x0000000709e00000, 0x0000000709e00000, 0x000000070a000000|  0%| F|  |TAMS 0x0000000709e00000| PB 0x0000000709e00000| Untracked 
|   4|0x000000070a000000, 0x000000070a000000, 0x000000070a200000|  0%| F|  |TAMS 0x000000070a000000| PB 0x000000070a000000| Untracked 
|   5|0x000000070a200000, 0x000000070a200000, 0x000000070a400000|  0%| F|  |TAMS 0x000000070a200000| PB 0x000000070a200000| Untracked 
|   6|0x000000070a400000, 0x000000070a400000, 0x000000070a600000|  0%| F|  |TAMS 0x000000070a400000| PB 0x000000070a400000| Untracked 
|   7|0x000000070a600000, 0x000000070a600000, 0x000000070a800000|  0%| F|  |TAMS 0x000000070a600000| PB 0x000000070a600000| Untracked 
|   8|0x000000070a800000, 0x000000070a800000, 0x000000070aa00000|  0%| F|  |TAMS 0x000000070a800000| PB 0x000000070a800000| Untracked 
|   9|0x000000070aa00000, 0x000000070aa00000, 0x000000070ac00000|  0%| F|  |TAMS 0x000000070aa00000| PB 0x000000070aa00000| Untracked 
|  10|0x000000070ac00000, 0x000000070ac00000, 0x000000070ae00000|  0%| F|  |TAMS 0x000000070ac00000| PB 0x000000070ac00000| Untracked 
|  11|0x000000070ae00000, 0x000000070ae00000, 0x000000070b000000|  0%| F|  |TAMS 0x000000070ae00000| PB 0x000000070ae00000| Untracked 
|  12|0x000000070b000000, 0x000000070b000000, 0x000000070b200000|  0%| F|  |TAMS 0x000000070b000000| PB 0x000000070b000000| Untracked 
|  13|0x000000070b200000, 0x000000070b200000, 0x000000070b400000|  0%| F|  |TAMS 0x000000070b200000| PB 0x000000070b200000| Untracked 
|  14|0x000000070b400000, 0x000000070b400000, 0x000000070b600000|  0%| F|  |TAMS 0x000000070b400000| PB 0x000000070b400000| Untracked 
|  15|0x000000070b600000, 0x000000070b600000, 0x000000070b800000|  0%| F|  |TAMS 0x000000070b600000| PB 0x000000070b600000| Untracked 
|  16|0x000000070b800000, 0x000000070b800000, 0x000000070ba00000|  0%| F|  |TAMS 0x000000070b800000| PB 0x000000070b800000| Untracked 
|  17|0x000000070ba00000, 0x000000070ba00000, 0x000000070bc00000|  0%| F|  |TAMS 0x000000070ba00000| PB 0x000000070ba00000| Untracked 
|  18|0x000000070bc00000, 0x000000070bc00000, 0x000000070be00000|  0%| F|  |TAMS 0x000000070bc00000| PB 0x000000070bc00000| Untracked 
|  19|0x000000070be00000, 0x000000070be00000, 0x000000070c000000|  0%| F|  |TAMS 0x000000070be00000| PB 0x000000070be00000| Untracked 
|  20|0x000000070c000000, 0x000000070c000000, 0x000000070c200000|  0%| F|  |TAMS 0x000000070c000000| PB 0x000000070c000000| Untracked 
|  21|0x000000070c200000, 0x000000070c200000, 0x000000070c400000|  0%| F|  |TAMS 0x000000070c200000| PB 0x000000070c200000| Untracked 
|  22|0x000000070c400000, 0x000000070c400000, 0x000000070c600000|  0%| F|  |TAMS 0x000000070c400000| PB 0x000000070c400000| Untracked 
|  23|0x000000070c600000, 0x000000070c600000, 0x000000070c800000|  0%| F|  |TAMS 0x000000070c600000| PB 0x000000070c600000| Untracked 
|  24|0x000000070c800000, 0x000000070c800000, 0x000000070ca00000|  0%| F|  |TAMS 0x000000070c800000| PB 0x000000070c800000| Untracked 
|  25|0x000000070ca00000, 0x000000070ca00000, 0x000000070cc00000|  0%| F|  |TAMS 0x000000070ca00000| PB 0x000000070ca00000| Untracked 
|  26|0x000000070cc00000, 0x000000070cc00000, 0x000000070ce00000|  0%| F|  |TAMS 0x000000070cc00000| PB 0x000000070cc00000| Untracked 
|  27|0x000000070ce00000, 0x000000070ce00000, 0x000000070d000000|  0%| F|  |TAMS 0x000000070ce00000| PB 0x000000070ce00000| Untracked 
|  28|0x000000070d000000, 0x000000070d000000, 0x000000070d200000|  0%| F|  |TAMS 0x000000070d000000| PB 0x000000070d000000| Untracked 
|  29|0x000000070d200000, 0x000000070d200000, 0x000000070d400000|  0%| F|  |TAMS 0x000000070d200000| PB 0x000000070d200000| Untracked 
|  30|0x000000070d400000, 0x000000070d400000, 0x000000070d600000|  0%| F|  |TAMS 0x000000070d400000| PB 0x000000070d400000| Untracked 
|  31|0x000000070d600000, 0x000000070d600000, 0x000000070d800000|  0%| F|  |TAMS 0x000000070d600000| PB 0x000000070d600000| Untracked 
|  32|0x000000070d800000, 0x000000070d800000, 0x000000070da00000|  0%| F|  |TAMS 0x000000070d800000| PB 0x000000070d800000| Untracked 
|  33|0x000000070da00000, 0x000000070da00000, 0x000000070dc00000|  0%| F|  |TAMS 0x000000070da00000| PB 0x000000070da00000| Untracked 
|  34|0x000000070dc00000, 0x000000070dc00000, 0x000000070de00000|  0%| F|  |TAMS 0x000000070dc00000| PB 0x000000070dc00000| Untracked 
|  35|0x000000070de00000, 0x000000070de00000, 0x000000070e000000|  0%| F|  |TAMS 0x000000070de00000| PB 0x000000070de00000| Untracked 
|  36|0x000000070e000000, 0x000000070e000000, 0x000000070e200000|  0%| F|  |TAMS 0x000000070e000000| PB 0x000000070e000000| Untracked 
|  37|0x000000070e200000, 0x000000070e200000, 0x000000070e400000|  0%| F|  |TAMS 0x000000070e200000| PB 0x000000070e200000| Untracked 
|  38|0x000000070e400000, 0x000000070e400000, 0x000000070e600000|  0%| F|  |TAMS 0x000000070e400000| PB 0x000000070e400000| Untracked 
|  39|0x000000070e600000, 0x000000070e600000, 0x000000070e800000|  0%| F|  |TAMS 0x000000070e600000| PB 0x000000070e600000| Untracked 
|  40|0x000000070e800000, 0x000000070e800000, 0x000000070ea00000|  0%| F|  |TAMS 0x000000070e800000| PB 0x000000070e800000| Untracked 
|  41|0x000000070ea00000, 0x000000070ea00000, 0x000000070ec00000|  0%| F|  |TAMS 0x000000070ea00000| PB 0x000000070ea00000| Untracked 
|  42|0x000000070ec00000, 0x000000070ec00000, 0x000000070ee00000|  0%| F|  |TAMS 0x000000070ec00000| PB 0x000000070ec00000| Untracked 
|  43|0x000000070ee00000, 0x000000070ee00000, 0x000000070f000000|  0%| F|  |TAMS 0x000000070ee00000| PB 0x000000070ee00000| Untracked 
|  44|0x000000070f000000, 0x000000070f000000, 0x000000070f200000|  0%| F|  |TAMS 0x000000070f000000| PB 0x000000070f000000| Untracked 
|  45|0x000000070f200000, 0x000000070f200000, 0x000000070f400000|  0%| F|  |TAMS 0x000000070f200000| PB 0x000000070f200000| Untracked 
|  46|0x000000070f400000, 0x000000070f400000, 0x000000070f600000|  0%| F|  |TAMS 0x000000070f400000| PB 0x000000070f400000| Untracked 
|  47|0x000000070f600000, 0x000000070f600000, 0x000000070f800000|  0%| F|  |TAMS 0x000000070f600000| PB 0x000000070f600000| Untracked 
|  48|0x000000070f800000, 0x000000070f800000, 0x000000070fa00000|  0%| F|  |TAMS 0x000000070f800000| PB 0x000000070f800000| Untracked 
|  49|0x000000070fa00000, 0x000000070fa00000, 0x000000070fc00000|  0%| F|  |TAMS 0x000000070fa00000| PB 0x000000070fa00000| Untracked 
|  50|0x000000070fc00000, 0x000000070fc00000, 0x000000070fe00000|  0%| F|  |TAMS 0x000000070fc00000| PB 0x000000070fc00000| Untracked 
|  51|0x000000070fe00000, 0x000000070fe00000, 0x0000000710000000|  0%| F|  |TAMS 0x000000070fe00000| PB 0x000000070fe00000| Untracked 
|  52|0x0000000710000000, 0x0000000710000000, 0x0000000710200000|  0%| F|  |TAMS 0x0000000710000000| PB 0x0000000710000000| Untracked 
|  53|0x0000000710200000, 0x0000000710200000, 0x0000000710400000|  0%| F|  |TAMS 0x0000000710200000| PB 0x0000000710200000| Untracked 
|  54|0x0000000710400000, 0x0000000710400000, 0x0000000710600000|  0%| F|  |TAMS 0x0000000710400000| PB 0x0000000710400000| Untracked 
|  55|0x0000000710600000, 0x0000000710600000, 0x0000000710800000|  0%| F|  |TAMS 0x0000000710600000| PB 0x0000000710600000| Untracked 
|  56|0x0000000710800000, 0x0000000710800000, 0x0000000710a00000|  0%| F|  |TAMS 0x0000000710800000| PB 0x0000000710800000| Untracked 
|  57|0x0000000710a00000, 0x0000000710a00000, 0x0000000710c00000|  0%| F|  |TAMS 0x0000000710a00000| PB 0x0000000710a00000| Untracked 
|  58|0x0000000710c00000, 0x0000000710c00000, 0x0000000710e00000|  0%| F|  |TAMS 0x0000000710c00000| PB 0x0000000710c00000| Untracked 
|  59|0x0000000710e00000, 0x0000000710e00000, 0x0000000711000000|  0%| F|  |TAMS 0x0000000710e00000| PB 0x0000000710e00000| Untracked 
|  60|0x0000000711000000, 0x0000000711000000, 0x0000000711200000|  0%| F|  |TAMS 0x0000000711000000| PB 0x0000000711000000| Untracked 
|  61|0x0000000711200000, 0x0000000711200000, 0x0000000711400000|  0%| F|  |TAMS 0x0000000711200000| PB 0x0000000711200000| Untracked 
|  62|0x0000000711400000, 0x0000000711400000, 0x0000000711600000|  0%| F|  |TAMS 0x0000000711400000| PB 0x0000000711400000| Untracked 
|  63|0x0000000711600000, 0x0000000711600000, 0x0000000711800000|  0%| F|  |TAMS 0x0000000711600000| PB 0x0000000711600000| Untracked 
|  64|0x0000000711800000, 0x0000000711800000, 0x0000000711a00000|  0%| F|  |TAMS 0x0000000711800000| PB 0x0000000711800000| Untracked 
|  65|0x0000000711a00000, 0x0000000711a00000, 0x0000000711c00000|  0%| F|  |TAMS 0x0000000711a00000| PB 0x0000000711a00000| Untracked 
|  66|0x0000000711c00000, 0x0000000711c00000, 0x0000000711e00000|  0%| F|  |TAMS 0x0000000711c00000| PB 0x0000000711c00000| Untracked 
|  67|0x0000000711e00000, 0x0000000711e00000, 0x0000000712000000|  0%| F|  |TAMS 0x0000000711e00000| PB 0x0000000711e00000| Untracked 
|  68|0x0000000712000000, 0x0000000712000000, 0x0000000712200000|  0%| F|  |TAMS 0x0000000712000000| PB 0x0000000712000000| Untracked 
|  69|0x0000000712200000, 0x0000000712200000, 0x0000000712400000|  0%| F|  |TAMS 0x0000000712200000| PB 0x0000000712200000| Untracked 
|  70|0x0000000712400000, 0x0000000712400000, 0x0000000712600000|  0%| F|  |TAMS 0x0000000712400000| PB 0x0000000712400000| Untracked 
|  71|0x0000000712600000, 0x0000000712600000, 0x0000000712800000|  0%| F|  |TAMS 0x0000000712600000| PB 0x0000000712600000| Untracked 
|  72|0x0000000712800000, 0x0000000712800000, 0x0000000712a00000|  0%| F|  |TAMS 0x0000000712800000| PB 0x0000000712800000| Untracked 
|  73|0x0000000712a00000, 0x0000000712a00000, 0x0000000712c00000|  0%| F|  |TAMS 0x0000000712a00000| PB 0x0000000712a00000| Untracked 
|  74|0x0000000712c00000, 0x0000000712c00000, 0x0000000712e00000|  0%| F|  |TAMS 0x0000000712c00000| PB 0x0000000712c00000| Untracked 
|  75|0x0000000712e00000, 0x0000000712e00000, 0x0000000713000000|  0%| F|  |TAMS 0x0000000712e00000| PB 0x0000000712e00000| Untracked 
|  76|0x0000000713000000, 0x0000000713000000, 0x0000000713200000|  0%| F|  |TAMS 0x0000000713000000| PB 0x0000000713000000| Untracked 
|  77|0x0000000713200000, 0x0000000713200000, 0x0000000713400000|  0%| F|  |TAMS 0x0000000713200000| PB 0x0000000713200000| Untracked 
|  78|0x0000000713400000, 0x0000000713400000, 0x0000000713600000|  0%| F|  |TAMS 0x0000000713400000| PB 0x0000000713400000| Untracked 
|  79|0x0000000713600000, 0x0000000713600000, 0x0000000713800000|  0%| F|  |TAMS 0x0000000713600000| PB 0x0000000713600000| Untracked 
|  80|0x0000000713800000, 0x0000000713800000, 0x0000000713a00000|  0%| F|  |TAMS 0x0000000713800000| PB 0x0000000713800000| Untracked 
|  81|0x0000000713a00000, 0x0000000713a00000, 0x0000000713c00000|  0%| F|  |TAMS 0x0000000713a00000| PB 0x0000000713a00000| Untracked 
|  82|0x0000000713c00000, 0x0000000713c00000, 0x0000000713e00000|  0%| F|  |TAMS 0x0000000713c00000| PB 0x0000000713c00000| Untracked 
|  83|0x0000000713e00000, 0x0000000713e00000, 0x0000000714000000|  0%| F|  |TAMS 0x0000000713e00000| PB 0x0000000713e00000| Untracked 
|  84|0x0000000714000000, 0x0000000714000000, 0x0000000714200000|  0%| F|  |TAMS 0x0000000714000000| PB 0x0000000714000000| Untracked 
|  85|0x0000000714200000, 0x0000000714200000, 0x0000000714400000|  0%| F|  |TAMS 0x0000000714200000| PB 0x0000000714200000| Untracked 
|  86|0x0000000714400000, 0x0000000714400000, 0x0000000714600000|  0%| F|  |TAMS 0x0000000714400000| PB 0x0000000714400000| Untracked 
|  87|0x0000000714600000, 0x0000000714600000, 0x0000000714800000|  0%| F|  |TAMS 0x0000000714600000| PB 0x0000000714600000| Untracked 
|  88|0x0000000714800000, 0x0000000714800000, 0x0000000714a00000|  0%| F|  |TAMS 0x0000000714800000| PB 0x0000000714800000| Untracked 
|  89|0x0000000714a00000, 0x0000000714a00000, 0x0000000714c00000|  0%| F|  |TAMS 0x0000000714a00000| PB 0x0000000714a00000| Untracked 
|  90|0x0000000714c00000, 0x0000000714c00000, 0x0000000714e00000|  0%| F|  |TAMS 0x0000000714c00000| PB 0x0000000714c00000| Untracked 
|  91|0x0000000714e00000, 0x0000000714e00000, 0x0000000715000000|  0%| F|  |TAMS 0x0000000714e00000| PB 0x0000000714e00000| Untracked 
|  92|0x0000000715000000, 0x0000000715000000, 0x0000000715200000|  0%| F|  |TAMS 0x0000000715000000| PB 0x0000000715000000| Untracked 
|  93|0x0000000715200000, 0x0000000715200000, 0x0000000715400000|  0%| F|  |TAMS 0x0000000715200000| PB 0x0000000715200000| Untracked 
|  94|0x0000000715400000, 0x0000000715400000, 0x0000000715600000|  0%| F|  |TAMS 0x0000000715400000| PB 0x0000000715400000| Untracked 
|  95|0x0000000715600000, 0x0000000715600000, 0x0000000715800000|  0%| F|  |TAMS 0x0000000715600000| PB 0x0000000715600000| Untracked 
|  96|0x0000000715800000, 0x0000000715800000, 0x0000000715a00000|  0%| F|  |TAMS 0x0000000715800000| PB 0x0000000715800000| Untracked 
|  97|0x0000000715a00000, 0x0000000715a00000, 0x0000000715c00000|  0%| F|  |TAMS 0x0000000715a00000| PB 0x0000000715a00000| Untracked 
|  98|0x0000000715c00000, 0x0000000715c00000, 0x0000000715e00000|  0%| F|  |TAMS 0x0000000715c00000| PB 0x0000000715c00000| Untracked 
|  99|0x0000000715e00000, 0x0000000715e00000, 0x0000000716000000|  0%| F|  |TAMS 0x0000000715e00000| PB 0x0000000715e00000| Untracked 
| 100|0x0000000716000000, 0x0000000716000000, 0x0000000716200000|  0%| F|  |TAMS 0x0000000716000000| PB 0x0000000716000000| Untracked 
| 101|0x0000000716200000, 0x0000000716200000, 0x0000000716400000|  0%| F|  |TAMS 0x0000000716200000| PB 0x0000000716200000| Untracked 
| 102|0x0000000716400000, 0x0000000716400000, 0x0000000716600000|  0%| F|  |TAMS 0x0000000716400000| PB 0x0000000716400000| Untracked 
| 103|0x0000000716600000, 0x0000000716600000, 0x0000000716800000|  0%| F|  |TAMS 0x0000000716600000| PB 0x0000000716600000| Untracked 
| 104|0x0000000716800000, 0x0000000716800000, 0x0000000716a00000|  0%| F|  |TAMS 0x0000000716800000| PB 0x0000000716800000| Untracked 
| 105|0x0000000716a00000, 0x0000000716a00000, 0x0000000716c00000|  0%| F|  |TAMS 0x0000000716a00000| PB 0x0000000716a00000| Untracked 
| 106|0x0000000716c00000, 0x0000000716c00000, 0x0000000716e00000|  0%| F|  |TAMS 0x0000000716c00000| PB 0x0000000716c00000| Untracked 
| 107|0x0000000716e00000, 0x0000000716e00000, 0x0000000717000000|  0%| F|  |TAMS 0x0000000716e00000| PB 0x0000000716e00000| Untracked 
| 108|0x0000000717000000, 0x0000000717000000, 0x0000000717200000|  0%| F|  |TAMS 0x0000000717000000| PB 0x0000000717000000| Untracked 
| 109|0x0000000717200000, 0x0000000717200000, 0x0000000717400000|  0%| F|  |TAMS 0x0000000717200000| PB 0x0000000717200000| Untracked 
| 110|0x0000000717400000, 0x0000000717400000, 0x0000000717600000|  0%| F|  |TAMS 0x0000000717400000| PB 0x0000000717400000| Untracked 
| 111|0x0000000717600000, 0x0000000717600000, 0x0000000717800000|  0%| F|  |TAMS 0x0000000717600000| PB 0x0000000717600000| Untracked 
| 112|0x0000000717800000, 0x0000000717800000, 0x0000000717a00000|  0%| F|  |TAMS 0x0000000717800000| PB 0x0000000717800000| Untracked 
| 113|0x0000000717a00000, 0x0000000717a00000, 0x0000000717c00000|  0%| F|  |TAMS 0x0000000717a00000| PB 0x0000000717a00000| Untracked 
| 114|0x0000000717c00000, 0x0000000717c00000, 0x0000000717e00000|  0%| F|  |TAMS 0x0000000717c00000| PB 0x0000000717c00000| Untracked 
| 115|0x0000000717e00000, 0x0000000717e00000, 0x0000000718000000|  0%| F|  |TAMS 0x0000000717e00000| PB 0x0000000717e00000| Untracked 
| 116|0x0000000718000000, 0x0000000718000000, 0x0000000718200000|  0%| F|  |TAMS 0x0000000718000000| PB 0x0000000718000000| Untracked 
| 117|0x0000000718200000, 0x0000000718200000, 0x0000000718400000|  0%| F|  |TAMS 0x0000000718200000| PB 0x0000000718200000| Untracked 
| 118|0x0000000718400000, 0x0000000718400000, 0x0000000718600000|  0%| F|  |TAMS 0x0000000718400000| PB 0x0000000718400000| Untracked 
| 119|0x0000000718600000, 0x00000007186e37b0, 0x0000000718800000| 44%| E|  |TAMS 0x0000000718600000| PB 0x0000000718600000| Complete 
| 120|0x0000000718800000, 0x0000000718a00000, 0x0000000718a00000|100%| E|CS|TAMS 0x0000000718800000| PB 0x0000000718800000| Complete 
| 121|0x0000000718a00000, 0x0000000718c00000, 0x0000000718c00000|100%| E|CS|TAMS 0x0000000718a00000| PB 0x0000000718a00000| Complete 
| 122|0x0000000718c00000, 0x0000000718e00000, 0x0000000718e00000|100%| E|CS|TAMS 0x0000000718c00000| PB 0x0000000718c00000| Complete 
| 123|0x0000000718e00000, 0x0000000719000000, 0x0000000719000000|100%| E|CS|TAMS 0x0000000718e00000| PB 0x0000000718e00000| Complete 

Card table byte_map: [0x0000017a23d00000,0x0000017a244c0000] _byte_map_base: 0x0000017a204b4000

Marking Bits: (CMBitMap*) 0x0000017a0fcf7880
 Bits: [0x0000017a244c0000, 0x0000017a28260000)

Polling page: 0x0000017a0d7e0000

Metaspace:

Usage:
  Non-class:      1.29 MB used.
      Class:    151.91 KB used.
       Both:      1.44 MB used.

Virtual space:
  Non-class space:       64.00 MB reserved,       1.38 MB (  2%) committed,  1 nodes.
      Class space:        1.00 GB reserved,     192.00 KB ( <1%) committed,  1 nodes.
             Both:        1.06 GB reserved,       1.56 MB ( <1%) committed. 

Chunk freelists:
   Non-Class:  11.44 MB
       Class:  15.62 MB
        Both:  27.06 MB

MaxMetaspaceSize: unlimited
CompressedClassSpaceSize: 1.00 GB
Initial GC threshold: 21.00 MB
Current GC threshold: 21.00 MB
CDS: on
 - commit_granule_bytes: 65536.
 - commit_granule_words: 8192.
 - virtual_space_node_default_size: 8388608.
 - enlarge_chunks_in_place: 1.
 - use_allocation_guard: 0.


Internal statistics:

num_allocs_failed_limit: 0.
num_arena_births: 88.
num_arena_deaths: 0.
num_vsnodes_births: 2.
num_vsnodes_deaths: 0.
num_space_committed: 25.
num_space_uncommitted: 0.
num_chunks_returned_to_freelist: 0.
num_chunks_taken_from_freelist: 138.
num_chunk_merges: 0.
num_chunk_splits: 84.
num_chunks_enlarged: 44.
num_inconsistent_stats: 0.

CodeHeap 'non-profiled nmethods': size=119168Kb used=239Kb max_used=239Kb free=118928Kb
 bounds [0x0000017a1b860000, 0x0000017a1bad0000, 0x0000017a22cc0000]
CodeHeap 'profiled nmethods': size=119104Kb used=1213Kb max_used=1213Kb free=117890Kb
 bounds [0x0000017a13cc0000, 0x0000017a13f30000, 0x0000017a1b110000]
CodeHeap 'non-nmethods': size=7488Kb used=2489Kb max_used=2501Kb free=4998Kb
 bounds [0x0000017a1b110000, 0x0000017a1b390000, 0x0000017a1b860000]
 total_blobs=1262 nmethods=794 adapters=371
 compilation: enabled
              stopped_count=0, restarted_count=0
 full_count=0

Compilation events (20 events):
Event: 0.318 Thread 0x0000017a2b3aba20 nmethod 549 0x0000017a13d96110 code [0x0000017a13d962c0, 0x0000017a13d965d0]
Event: 0.318 Thread 0x0000017a2b3ab350 nmethod 553 0x0000017a1b885d90 code [0x0000017a1b885f20, 0x0000017a1b885ff0]
Event: 0.318 Thread 0x0000017a2b3a9140  552       1       jdk.internal.jimage.decompressor.CompressedResourceHeader::getSize (3 bytes)
Event: 0.318 Thread 0x0000017a2b3ab350  554       3       java.nio.ByteBuffer::limit (8 bytes)
Event: 0.318 Thread 0x0000017a2b3a9140 nmethod 552 0x0000017a1b886090 code [0x0000017a1b886220, 0x0000017a1b8862c8]
Event: 0.318 Thread 0x0000017a2b3aba20  555       3       jdk.internal.misc.Unsafe::getLongUnaligned (173 bytes)
Event: 0.318 Thread 0x0000017a2b3ab350 nmethod 554 0x0000017a13d96710 code [0x0000017a13d968c0, 0x0000017a13d96a10]
Event: 0.318 Thread 0x0000017a2b3aba20 nmethod 555 0x0000017a13d96a90 code [0x0000017a13d96c80, 0x0000017a13d97060]
Event: 0.319 Thread 0x0000017a2b3aba20  557       3       java.lang.ThreadLocal::getMap (5 bytes)
Event: 0.319 Thread 0x0000017a2b3aba20 nmethod 557 0x0000017a13d97190 code [0x0000017a13d97320, 0x0000017a13d97438]
Event: 0.319 Thread 0x0000017a2b3aba20  558       3       jdk.internal.misc.Unsafe::allocateUninitializedArray0 (90 bytes)
Event: 0.319 Thread 0x0000017a2b3aba20 nmethod 558 0x0000017a13d97510 code [0x0000017a13d97740, 0x0000017a13d98018]
Event: 0.320 Thread 0x0000017a2b3aba20  559       3       java.util.zip.Inflater::inflate (9 bytes)
Event: 0.320 Thread 0x0000017a2b3ab350  560   !   3       java.util.zip.Inflater::inflate (456 bytes)
Event: 0.320 Thread 0x0000017a2b3a9140  561       3       java.util.zip.Inflater::ensureOpen (47 bytes)
Event: 0.320 Thread 0x0000017a2b3aba20 nmethod 559 0x0000017a13d98190 code [0x0000017a13d98340, 0x0000017a13d98490]
Event: 0.320 Thread 0x0000017a2b3a9140 nmethod 561 0x0000017a13d98590 code [0x0000017a13d98740, 0x0000017a13d98998]
Event: 0.321 Thread 0x0000017a2b3a9140  562       1       java.net.URL::getProtocol (5 bytes)
Event: 0.321 Thread 0x0000017a2b3a9140 nmethod 562 0x0000017a1b886990 code [0x0000017a1b886b20, 0x0000017a1b886bf0]
Event: 0.322 Thread 0x0000017a2b3ab350 nmethod 560 0x0000017a13d98a90 code [0x0000017a13d98e80, 0x0000017a13d9ab78]

GC Heap History (0 events):
No events

Dll operation events (2 events):
Event: 0.019 Loaded shared library C:\Program Files\JetBrains\WebStorm 2025.2\jbr\bin\java.dll
Event: 0.206 Loaded shared library C:\Program Files\JetBrains\WebStorm 2025.2\jbr\bin\zip.dll

Deoptimization events (8 events):
Event: 0.222 Thread 0x0000017a0fc9ced0 Uncommon trap: trap_request=0xffffff45 fr.pc=0x0000017a1b875694 relative=0x0000000000000074
Event: 0.222 Thread 0x0000017a0fc9ced0 Uncommon trap: reason=unstable_if action=reinterpret pc=0x0000017a1b875694 method=java.lang.CharacterDataLatin1.toLowerCase(I)I @ 16 c2
Event: 0.222 Thread 0x0000017a0fc9ced0 DEOPT PACKING pc=0x0000017a1b875694 sp=0x0000001d846fad50
Event: 0.222 Thread 0x0000017a0fc9ced0 DEOPT UNPACKING pc=0x0000017a1b1646a2 sp=0x0000001d846face0 mode 2
Event: 0.309 Thread 0x0000017a0fc9ced0 Uncommon trap: trap_request=0xffffff45 fr.pc=0x0000017a1b88172c relative=0x000000000000008c
Event: 0.309 Thread 0x0000017a0fc9ced0 Uncommon trap: reason=unstable_if action=reinterpret pc=0x0000017a1b88172c method=jdk.internal.misc.Unsafe.convEndian(ZI)I @ 4 c2
Event: 0.309 Thread 0x0000017a0fc9ced0 DEOPT PACKING pc=0x0000017a1b88172c sp=0x0000001d846fdb00
Event: 0.309 Thread 0x0000017a0fc9ced0 DEOPT UNPACKING pc=0x0000017a1b1646a2 sp=0x0000001d846fda30 mode 2

Classes loaded (18 events):
Event: 0.088 Loading class jdk/internal/vm/PostVMInitHook
Event: 0.088 Loading class jdk/internal/vm/PostVMInitHook done
Event: 0.206 Loading class jdk/internal/event/SecurityProviderServiceEvent
Event: 0.207 Loading class jdk/internal/event/Event
Event: 0.207 Loading class jdk/internal/event/Event done
Event: 0.207 Loading class jdk/internal/event/SecurityProviderServiceEvent done
Event: 0.266 Loading class java/security/DrbgParameters$NextBytes
Event: 0.266 Loading class java/security/DrbgParameters$NextBytes done
Event: 0.266 Loading class sun/security/provider/AbstractDrbg$SeederHolder
Event: 0.266 Loading class sun/security/provider/AbstractDrbg$SeederHolder done
Event: 0.266 Loading class sun/security/provider/SeedGenerator
Event: 0.266 Loading class sun/security/provider/SeedGenerator done
Event: 0.266 Loading class sun/security/provider/NativeSeedGenerator
Event: 0.266 Loading class sun/security/provider/NativeSeedGenerator done
Event: 0.275 Loading class sun/security/provider/SeedGenerator$1
Event: 0.275 Loading class sun/security/provider/SeedGenerator$1 done
Event: 0.307 Loading class sun/security/provider/AbstractDrbg$NonceProvider
Event: 0.307 Loading class sun/security/provider/AbstractDrbg$NonceProvider done

Classes unloaded (0 events):
No events

Classes redefined (0 events):
No events

Internal exceptions (2 events):
Event: 0.221 Thread 0x0000017a0fc9ced0 Exception <a 'sun/nio/fs/WindowsException'{0x0000000718b143a8}> (0x0000000718b143a8) 
thrown [s\src\hotspot\share\prims\jni.cpp, line 537]
Event: 0.303 Thread 0x0000017a0fc9ced0 Exception <a 'java/lang/NoSuchMethodError'{0x00000007188ae5d8}: 'java.lang.Object java.lang.invoke.DirectMethodHandle$Holder.invokeStaticInit(java.lang.Object, java.lang.Object, int, int, int, int)'> (0x00000007188ae5d8) 
thrown [s\src\hotspot\share\interpreter\linkResolver.cpp, line 784]

ZGC Phase Switch (0 events):
No events

VM Operations (4 events):
Event: 0.109 Executing VM operation: HandshakeAllThreads (Deoptimize)
Event: 0.110 Executing VM operation: HandshakeAllThreads (Deoptimize) done
Event: 0.281 Executing VM operation: HandshakeAllThreads (Deoptimize)
Event: 0.281 Executing VM operation: HandshakeAllThreads (Deoptimize) done

Memory protections (0 events):
No events

Nmethod flushes (0 events):
No events

Events (19 events):
Event: 0.046 Thread 0x0000017a0fc9ced0 Thread added: 0x0000017a0fc9ced0
Event: 0.065 Thread 0x0000017a0fc9ced0 Thread added: 0x0000017a2adfda00
Event: 0.067 Thread 0x0000017a0fc9ced0 Thread added: 0x0000017a2b37c110
Event: 0.067 Thread 0x0000017a0fc9ced0 Thread added: 0x0000017a2b37c930
Event: 0.068 Thread 0x0000017a0fc9ced0 Thread added: 0x0000017a2b37db50
Event: 0.068 Thread 0x0000017a0fc9ced0 Thread added: 0x0000017a2b37e980
Event: 0.068 Thread 0x0000017a0fc9ced0 Thread added: 0x0000017a2b3841c0
Event: 0.068 Thread 0x0000017a0fc9ced0 Thread added: 0x0000017a2b38d190
Event: 0.068 Thread 0x0000017a0fc9ced0 Thread added: 0x0000017a2b3a7ca0
Event: 0.068 Thread 0x0000017a0fc9ced0 Thread added: 0x0000017a2b3a9140
Event: 0.085 Thread 0x0000017a2b3a9140 Thread added: 0x0000017a2b3ab350
Event: 0.086 Thread 0x0000017a2b3ab350 Thread added: 0x0000017a2b3aba20
Event: 0.088 Thread 0x0000017a0fc9ced0 Thread added: 0x0000017a2b4f7530
Event: 0.096 Loaded shared library C:\Program Files\JetBrains\WebStorm 2025.2\jbr\bin\net.dll
Event: 0.100 Loaded shared library C:\Program Files\JetBrains\WebStorm 2025.2\jbr\bin\nio.dll
Event: 0.105 Loaded shared library C:\Program Files\JetBrains\WebStorm 2025.2\jbr\bin\zip.dll
Event: 0.167 Loaded shared library C:\Program Files\JetBrains\WebStorm 2025.2\jbr\bin\jimage.dll
Event: 0.185 Loaded shared library C:\Program Files\JetBrains\WebStorm 2025.2\jbr\bin\sunmscapi.dll
Event: 0.209 Thread 0x0000017a2b3a7ca0 Thread added: 0x0000017a2b3a83a0


Dynamic libraries:
0x00007ff79a120000 - 0x00007ff79a12a000 	C:\Program Files\JetBrains\WebStorm 2025.2\jbr\bin\java.exe
0x00007ffac9b80000 - 0x00007ffac9de3000 	C:\WINDOWS\SYSTEM32\ntdll.dll
0x00007ffac8bd0000 - 0x00007ffac8c98000 	C:\WINDOWS\System32\KERNEL32.DLL
0x00007ffac7340000 - 0x00007ffac76f4000 	C:\WINDOWS\System32\KERNELBASE.dll
0x00007ffac0cb0000 - 0x00007ffac0d4c000 	C:\WINDOWS\SYSTEM32\apphelp.dll
0x00007ffac71f0000 - 0x00007ffac733b000 	C:\WINDOWS\System32\ucrtbase.dll
0x00007ffaba2c0000 - 0x00007ffaba2db000 	C:\Program Files\JetBrains\WebStorm 2025.2\jbr\bin\VCRUNTIME140.dll
0x00007ffaa3160000 - 0x00007ffaa3178000 	C:\Program Files\JetBrains\WebStorm 2025.2\jbr\bin\jli.dll
0x00007ffac8d00000 - 0x00007ffac8ec9000 	C:\WINDOWS\System32\USER32.dll
0x00007ffac71c0000 - 0x00007ffac71e7000 	C:\WINDOWS\System32\win32u.dll
0x00007ffab1820000 - 0x00007ffab1ab0000 	C:\WINDOWS\WinSxS\amd64_microsoft.windows.common-controls_6595b64144ccf1df_6.0.26100.2702_none_3e069454e335fc5e\COMCTL32.dll
0x00007ffac8cd0000 - 0x00007ffac8cfa000 	C:\WINDOWS\System32\GDI32.dll
0x00007ffac9300000 - 0x00007ffac93a9000 	C:\WINDOWS\System32\msvcrt.dll
0x00007ffac7090000 - 0x00007ffac71bb000 	C:\WINDOWS\System32\gdi32full.dll
0x00007ffac7700000 - 0x00007ffac77a3000 	C:\WINDOWS\System32\msvcp_win.dll
0x00007ffac8f50000 - 0x00007ffac8f7f000 	C:\WINDOWS\System32\IMM32.DLL
0x00007ffac0f10000 - 0x00007ffac0f1c000 	C:\Program Files\JetBrains\WebStorm 2025.2\jbr\bin\vcruntime140_1.dll
0x00007ffa917b0000 - 0x00007ffa9183d000 	C:\Program Files\JetBrains\WebStorm 2025.2\jbr\bin\msvcp140.dll
0x00007ffa5d490000 - 0x00007ffa5e254000 	C:\Program Files\JetBrains\WebStorm 2025.2\jbr\bin\server\jvm.dll
0x00007ffac7b00000 - 0x00007ffac7bb3000 	C:\WINDOWS\System32\ADVAPI32.dll
0x00007ffac9840000 - 0x00007ffac98e6000 	C:\WINDOWS\System32\sechost.dll
0x00007ffac8f90000 - 0x00007ffac90a6000 	C:\WINDOWS\System32\RPCRT4.dll
0x00007ffac9280000 - 0x00007ffac92f4000 	C:\WINDOWS\System32\WS2_32.dll
0x00007ffac6dc0000 - 0x00007ffac6e0e000 	C:\WINDOWS\SYSTEM32\POWRPROF.dll
0x00007ffac3c10000 - 0x00007ffac3c46000 	C:\WINDOWS\SYSTEM32\WINMM.dll
0x00007ffac1380000 - 0x00007ffac138b000 	C:\WINDOWS\SYSTEM32\VERSION.dll
0x00007ffac6da0000 - 0x00007ffac6db4000 	C:\WINDOWS\SYSTEM32\UMPDC.dll
0x00007ffac5fe0000 - 0x00007ffac5ffa000 	C:\WINDOWS\SYSTEM32\kernel.appcore.dll
0x00007ffaba2b0000 - 0x00007ffaba2ba000 	C:\Program Files\JetBrains\WebStorm 2025.2\jbr\bin\jimage.dll
0x00007ffac3980000 - 0x00007ffac3bc1000 	C:\WINDOWS\SYSTEM32\DBGHELP.DLL
0x00007ffac94b0000 - 0x00007ffac982e000 	C:\WINDOWS\System32\combase.dll
0x00007ffac7bc0000 - 0x00007ffac7c96000 	C:\WINDOWS\System32\OLEAUT32.dll
0x00007ffac3bd0000 - 0x00007ffac3c09000 	C:\WINDOWS\SYSTEM32\dbgcore.DLL
0x00007ffac6f30000 - 0x00007ffac6fc9000 	C:\WINDOWS\System32\bcryptPrimitives.dll
0x00007ffab6590000 - 0x00007ffab65b0000 	C:\Program Files\JetBrains\WebStorm 2025.2\jbr\bin\java.dll
0x00007ffac83c0000 - 0x00007ffac8ac4000 	C:\WINDOWS\System32\SHELL32.dll
0x00007ffac4ba0000 - 0x00007ffac53d7000 	C:\WINDOWS\SYSTEM32\windows.storage.dll
0x00007ffac79c0000 - 0x00007ffac7aa9000 	C:\WINDOWS\System32\SHCORE.dll
0x00007ffac7ca0000 - 0x00007ffac7cfd000 	C:\WINDOWS\System32\shlwapi.dll
0x00007ffac6e40000 - 0x00007ffac6e6e000 	C:\WINDOWS\SYSTEM32\profapi.dll
0x00007ffab0430000 - 0x00007ffab0440000 	C:\Program Files\JetBrains\WebStorm 2025.2\jbr\bin\net.dll
0x00007ffac1100000 - 0x00007ffac1226000 	C:\WINDOWS\SYSTEM32\WINHTTP.dll
0x00007ffac6210000 - 0x00007ffac6278000 	C:\WINDOWS\system32\mswsock.dll
0x00007ffab0330000 - 0x00007ffab0346000 	C:\Program Files\JetBrains\WebStorm 2025.2\jbr\bin\nio.dll
0x00007ffab03a0000 - 0x00007ffab03b8000 	C:\Program Files\JetBrains\WebStorm 2025.2\jbr\bin\zip.dll
0x00007ffaaee90000 - 0x00007ffaaee9e000 	C:\Program Files\JetBrains\WebStorm 2025.2\jbr\bin\sunmscapi.dll
0x00007ffac7840000 - 0x00007ffac79b6000 	C:\WINDOWS\System32\CRYPT32.dll
0x00007ffac6710000 - 0x00007ffac6740000 	C:\WINDOWS\SYSTEM32\ncrypt.dll
0x00007ffac66c0000 - 0x00007ffac66ff000 	C:\WINDOWS\SYSTEM32\NTASN1.dll
0x00007ffac65c0000 - 0x00007ffac65dc000 	C:\WINDOWS\SYSTEM32\CRYPTSP.dll
0x00007ffac5c60000 - 0x00007ffac5c98000 	C:\WINDOWS\system32\rsaenh.dll
0x00007ffac62b0000 - 0x00007ffac62db000 	C:\WINDOWS\SYSTEM32\USERENV.dll
0x00007ffac6750000 - 0x00007ffac6776000 	C:\WINDOWS\SYSTEM32\bcrypt.dll
0x00007ffac6440000 - 0x00007ffac644c000 	C:\WINDOWS\SYSTEM32\CRYPTBASE.dll
0x00007ffac5740000 - 0x00007ffac5772000 	C:\WINDOWS\SYSTEM32\IPHLPAPI.DLL
0x00007ffac8300000 - 0x00007ffac830a000 	C:\WINDOWS\System32\NSI.dll

dbghelp: loaded successfully - version: 4.0.5 - missing functions: none
symbol engine: initialized successfully - sym options: 0x614 - pdb path: .;C:\Program Files\JetBrains\WebStorm 2025.2\jbr\bin;C:\WINDOWS\SYSTEM32;C:\WINDOWS\WinSxS\amd64_microsoft.windows.common-controls_6595b64144ccf1df_6.0.26100.2702_none_3e069454e335fc5e;C:\Program Files\JetBrains\WebStorm 2025.2\jbr\bin\server

VM Arguments:
java_command: git4idea.http.GitAskPassApp Username for 'https://github.com': 
java_class_path (initial): C:/Program Files/JetBrains/WebStorm 2025.2/plugins/vcs-git/lib/git4idea-rt.jar;C:/Program Files/JetBrains/WebStorm 2025.2/lib/externalProcess-rt.jar
Launcher Type: SUN_STANDARD

[Global flags]
     intx CICompilerCount                          = 12                                        {product} {ergonomic}
     uint ConcGCThreads                            = 3                                         {product} {ergonomic}
     uint G1ConcRefinementThreads                  = 13                                        {product} {ergonomic}
   size_t G1HeapRegionSize                         = 2097152                                   {product} {ergonomic}
    uintx GCDrainStackTargetSize                   = 64                                        {product} {ergonomic}
   size_t InitialHeapSize                          = 260046848                                 {product} {ergonomic}
   size_t MarkStackSize                            = 4194304                                   {product} {ergonomic}
   size_t MaxHeapSize                              = 4135583744                                {product} {ergonomic}
   size_t MaxNewSize                               = 2480930816                                {product} {ergonomic}
   size_t MinHeapDeltaBytes                        = 2097152                                   {product} {ergonomic}
   size_t MinHeapSize                              = 8388608                                   {product} {ergonomic}
    uintx NonNMethodCodeHeapSize                   = 7602480                                {pd product} {ergonomic}
    uintx NonProfiledCodeHeapSize                  = 122027880                              {pd product} {ergonomic}
    uintx ProfiledCodeHeapSize                     = 122027880                              {pd product} {ergonomic}
    uintx ReservedCodeCacheSize                    = 251658240                              {pd product} {ergonomic}
     bool SegmentedCodeCache                       = true                                      {product} {ergonomic}
   size_t SoftMaxHeapSize                          = 4135583744                             {manageable} {ergonomic}
     bool UseCompressedOops                        = true                           {product lp64_product} {ergonomic}
     bool UseG1GC                                  = true                                      {product} {ergonomic}
     bool UseLargePagesIndividualAllocation        = false                                  {pd product} {ergonomic}

Logging:
Log output configuration:
 #0: stdout all=warning uptime,level,tags foldmultilines=false
 #1: stderr all=off uptime,level,tags foldmultilines=false

Environment Variables:
JAVA_HOME=C:\Program Files\Eclipse Foundation\jdk-8.0.302.8-hotspot
PATH=C:/Program Files/Git/mingw64/libexec/git-core;C:/Program Files/Git/mingw64/libexec/git-core;C:\Program Files\Git\mingw64\bin;C:\Program Files\Git\usr\bin;C:\Users\ISPROJ\bin;C:\Program Files (x86)\VMware\VMware Player\bin\;C:\Ruby32-x64\bin;C:\Program Files (x86)\Microsoft SDKs\Azure\CLI2\wbin;C:\Program Files\Common Files\Oracle\Java\javapath;C:\Program Files (x86)\Common Files\Oracle\Java\javapath;C:\Program Files\Microsoft\jdk-11.0.16.101-hotspot\bin;C:\WINDOWS\system32;C:\WINDOWS;C:\WINDOWS\System32\Wbem;C:\WINDOWS\System32\WindowsPowerShell\v1.0\;C:\WINDOWS\System32\OpenSSH\;C:\Program Files (x86)\Microsoft SQL Server\160\Tools\Binn\;C:\Program Files\Microsoft SQL Server\160\Tools\Binn\;C:\Program Files\Microsoft SQL Server\Client SDK\ODBC\170\Tools\Binn\;C:\Program Files\Microsoft SQL Server\160\DTS\Binn\;C:\Program Files (x86)\Microsoft SQL Server\160\DTS\Binn\;C:\Program Files\Azure Data Studio\bin;C:\Program Files\Microsoft SQL Server\150\Tools\Binn\;C:\Program Files\dotnet\;C:\Program Files\Microsoft SQL Server\130\Tools\Binn\;C:\Program Files\nodejs;C:\Program Files\Microsoft VS Code\bin;C:\Users\Bytex\Documents\flutter_windows_3.13.9-stable\flutter\bin;C:\ProgramData\chocolatey\bin;C:\Program Files\SDelete;C:\gradle-8.1.1-all\gradle-8.1.1\bin;C:\Users\AlphaChain\AppData\Roaming\npm;C:\Users\puyan\AppData\Local\Packages\PythonSoftwareFoundation.Python.3.11_qbz5n2kfra8p0\LocalCache\local-packages\Python311\Scripts;C:\Users\puyan\OneDrive\Documents\flutter\bin;C:\xampp\php;C:\Program Files\nodejs\;C:\Users\Bytex\.cargo\bin;C:\Users\Bytex\Downloads\aircrack-ng-1.7-win\aircrack-ng-1.7-win\bin;C:\Users\Bytex\.avm\bin;C:\Users\Bytex\AppData\Local\Pub\Cache\bin;C:\Users\Bytex\AppData\Roaming\npm;C:\xmpp\php;C:\Program Files\CMake\bin;C:\flutter\bin;C:\Users\Devcrafts\AppData\Roaming\npm;C:\Users\Devcrafts\AppData\Local\Pub\Cache\bin;C:\Program Files (x86)\Incredibuild;C:\Users\AlphaChain\AppData\Local\Programs\Python\Python312\Scripts;C:\kotlinc\bin;C:\ProgramData\ComposerSetup\bin;C:\Program Files\Go\bin;C:\Program Files\Git\cmd;C:\Users\ISPROJ\.config\herd\bin;C:\Users\ISPROJ\AppData\Local\Programs\Python\Python313\Scripts\;C:\Users\ISPROJ\AppData\Local\Programs\Python\Python313\;C:\Program Files\MySQL\MySQL Shell 8.0\bin\;C:\Users\ISPROJ\.config\herd-lite\bin;C:\Users\ISPROJ\AppData\Local\pnpm;C:\Users\ISPROJ\Documents\flutter\bin;C:\Users\ISPROJ\AppData\Local\Microsoft\WindowsApps;C:\Users\ISPROJ\.dotnet\tools;C:\Users\ISPROJ\AppData\Roaming\Composer\vendor\bin;C:\Users\ISPROJ\AppData\Roaming\Composer\vendor\bin;C:\Program Files\JetBrains\WebStorm 2025.2\bin;C:\Users\ISPROJ\go\bin;C:\Users\ISPROJ\AppData\Roaming\npm\node_modules\serverless;C:\Users\ISPROJ\AppData\Roaming\npm;C:\ffmpeg-7.1.1-essentials_build\ffmpeg-7.1.1-essentials_build\bin
USERNAME=ISPROJ
DISPLAY=:0.0
LC_ALL=en_US.UTF-8
TERM=xterm-256color
TMPDIR=C:\Users\ISPROJ\AppData\Local\Temp
OS=Windows_NT
PROCESSOR_IDENTIFIER=AMD64 Family 25 Model 80 Stepping 0, AuthenticAMD
TMP=C:\Users\ISPROJ\AppData\Local\Temp
TEMP=C:\Users\ISPROJ\AppData\Local\Temp




Periodic native trim disabled

JNI global refs:
JNI global refs: 26, weak refs: 0

JNI global refs memory usage: 835, weak refs: 833

Process memory usage:
Resident Set Size: 72360K (0% of 16153752K total physical memory with 2451612K free physical memory)

OOME stack traces (most recent first):
Classloader memory used:
Loader bootstrap                                                                       : 972K
Loader jdk.internal.loader.ClassLoaders$PlatformClassLoader                            : 612K
Loader jdk.internal.loader.ClassLoaders$AppClassLoader                                 : 25616B

---------------  S Y S T E M  ---------------

OS:
 Windows 11 , 64 bit Build 26100 (10.0.26100.2702)
OS uptime: 0 days 7:25 hours
Hyper-V role detected

CPU: total 16 (initial active 16) (16 cores per cpu, 2 threads per core) family 25 model 80 stepping 0 microcode 0xa50000c, cx8, cmov, fxsr, ht, mmx, 3dnowpref, sse, sse2, sse3, ssse3, sse4a, sse4.1, sse4.2, popcnt, lzcnt, tsc, tscinvbit, avx, avx2, aes, erms, clmul, bmi1, bmi2, adx, sha, fma, vzeroupper, clflush, clflushopt, hv, rdtscp, rdpid, fsrm, f16c, cet_ss
Processor Information for the first 16 processors :
  Max Mhz: 3301, Current Mhz: 2003, Mhz Limit: 3301

Memory: 4k page, system-wide physical 15775M (2393M free)
TotalPageFile size 32442M (AvailPageFile size 9M)
current process WorkingSet (physical memory assigned to process): 70M, peak: 70M
current process commit charge ("private bytes"): 363M, peak: 364M

vm_info: OpenJDK 64-Bit Server VM (21.0.7+6-b1038.58) for windows-amd64 JRE (21.0.7+6-b1038.58), built on 2025-07-07 by "builduser" with MS VC++ 16.10 / 16.11 (VS2019)

END.
