#
# There is insufficient memory for the Java Runtime Environment to continue.
# Native memory allocation (malloc) failed to allocate 1228976 bytes. Error detail: Chunk::new
# Possible reasons:
#   The system is out of physical RAM or swap space
#   This process is running with CompressedOops enabled, and the Java Heap may be blocking the growth of the native heap
# Possible solutions:
#   Reduce memory load on the system
#   Increase physical memory or swap space
#   Check if swap backing store is full
#   Decrease Java heap size (-Xmx/-Xms)
#   Decrease number of Java threads
#   Decrease Java thread stack sizes (-Xss)
#   Set larger code cache with -XX:ReservedCodeCacheSize=
#   JVM is running with Zero Based Compressed Oops mode in which the Java heap is
#     placed in the first 32GB address space. The Java Heap base address is the
#     maximum limit for the native heap growth. Please use -XX:HeapBaseMinAddress
#     to set the Java Heap base and to place the Java Heap above 32GB virtual address.
# This output file may be truncated or incomplete.
#
#  Out of Memory Error (arena.cpp:168), pid=35724, tid=35756
#
# JRE version: OpenJDK Runtime Environment JBR-21.0.5+8-631.28-jcef (21.0.5+8) (build 21.0.5+8-b631.28)
# Java VM: OpenJDK 64-Bit Server VM JBR-21.0.5+8-631.28-jcef (21.0.5+8-b631.28, mixed mode, sharing, tiered, compressed oops, compressed class ptrs, g1 gc, windows-amd64)
# No core dump will be written. Minidumps are not enabled by default on client versions of Windows
#

---------------  S U M M A R Y ------------

Command Line: git4idea.http.GitAskPassApp Username for 'https://github.com': 

Host: AMD Ryzen 9 5900HS with Radeon Graphics        , 16 cores, 15G,  Windows 11 , 64 bit Build 26100 (10.0.26100.2702)
Time: Thu Feb  6 10:53:19 2025 Malay Peninsula Standard Time elapsed time: 0.738812 seconds (0d 0h 0m 0s)

---------------  T H R E A D  ---------------

Current thread (0x000002af75288400):  JavaThread "C2 CompilerThread4" daemon [_thread_in_native, id=35756, stack(0x000000f8bc500000,0x000000f8bc600000) (1024K)]


Current CompileTask:
C2:738 1179       4       sun.security.ec.ECOperations::setDouble (463 bytes)

Stack: [0x000000f8bc500000,0x000000f8bc600000]
Native frames: (J=compiled Java code, j=interpreted, Vv=VM code, C=native code)
V  [jvm.dll+0x6e52b9]
V  [jvm.dll+0x8c3633]
V  [jvm.dll+0x8c5b8e]
V  [jvm.dll+0x8c6273]
V  [jvm.dll+0x288f46]
V  [jvm.dll+0xc66dd]
V  [jvm.dll+0xc6c13]
V  [jvm.dll+0x3c4531]
V  [jvm.dll+0x3901c7]
V  [jvm.dll+0x38f63a]
V  [jvm.dll+0x2507a2]
V  [jvm.dll+0x24fd71]
V  [jvm.dll+0x1cd6a4]
V  [jvm.dll+0x25f5dc]
V  [jvm.dll+0x25db26]
V  [jvm.dll+0x3ff5e6]
V  [jvm.dll+0x86b248]
V  [jvm.dll+0x6e3abd]
C  [ucrtbase.dll+0x14ea0]
C  [KERNEL32.DLL+0x2e8d7]
C  [ntdll.dll+0xdf36c]


---------------  P R O C E S S  ---------------

Threads class SMR info:
_java_thread_list=0x000002af75144df0, length=19, elements={
0x000002af13d95640, 0x000002af2e6d6750, 0x000002af2e6d9360, 0x000002af2e6df130,
0x000002af2e6dfe00, 0x000002af2e6e11a0, 0x000002af2e6e2540, 0x000002af2e6e72c0,
0x000002af2e6e86a0, 0x000002af2f5fcc90, 0x000002af2f64c1a0, 0x000002af2f64edf0,
0x000002af750e2580, 0x000002af7519f320, 0x000002af751d25d0, 0x000002af7517bd20,
0x000002af7517a1b0, 0x000002af7517a850, 0x000002af75288400
}

Java Threads: ( => current thread )
  0x000002af13d95640 JavaThread "main"                              [_thread_blocked, id=35548, stack(0x000000f8bab00000,0x000000f8bac00000) (1024K)]
  0x000002af2e6d6750 JavaThread "Reference Handler"          daemon [_thread_blocked, id=3724, stack(0x000000f8bb300000,0x000000f8bb400000) (1024K)]
  0x000002af2e6d9360 JavaThread "Finalizer"                  daemon [_thread_blocked, id=2720, stack(0x000000f8bb400000,0x000000f8bb500000) (1024K)]
  0x000002af2e6df130 JavaThread "Signal Dispatcher"          daemon [_thread_blocked, id=29744, stack(0x000000f8bb500000,0x000000f8bb600000) (1024K)]
  0x000002af2e6dfe00 JavaThread "Attach Listener"            daemon [_thread_blocked, id=11516, stack(0x000000f8bb600000,0x000000f8bb700000) (1024K)]
  0x000002af2e6e11a0 JavaThread "Service Thread"             daemon [_thread_blocked, id=34396, stack(0x000000f8bb700000,0x000000f8bb800000) (1024K)]
  0x000002af2e6e2540 JavaThread "Monitor Deflation Thread"   daemon [_thread_blocked, id=9420, stack(0x000000f8bb800000,0x000000f8bb900000) (1024K)]
  0x000002af2e6e72c0 JavaThread "C2 CompilerThread0"         daemon [_thread_blocked, id=8944, stack(0x000000f8bb900000,0x000000f8bba00000) (1024K)]
  0x000002af2e6e86a0 JavaThread "C1 CompilerThread0"         daemon [_thread_blocked, id=21368, stack(0x000000f8bba00000,0x000000f8bbb00000) (1024K)]
  0x000002af2f5fcc90 JavaThread "C1 CompilerThread1"         daemon [_thread_blocked, id=8660, stack(0x000000f8bbb00000,0x000000f8bbc00000) (1024K)]
  0x000002af2f64c1a0 JavaThread "Notification Thread"        daemon [_thread_blocked, id=36852, stack(0x000000f8bbc00000,0x000000f8bbd00000) (1024K)]
  0x000002af2f64edf0 JavaThread "Common-Cleaner"             daemon [_thread_blocked, id=35976, stack(0x000000f8bbd00000,0x000000f8bbe00000) (1024K)]
  0x000002af750e2580 JavaThread "HttpClient-1-SelectorManager" daemon [_thread_in_native, id=19288, stack(0x000000f8bbe00000,0x000000f8bbf00000) (1024K)]
  0x000002af7519f320 JavaThread "HttpClient-1-Worker-0"      daemon [_thread_blocked, id=26656, stack(0x000000f8bc000000,0x000000f8bc100000) (1024K)]
  0x000002af751d25d0 JavaThread "HttpClient-1-Worker-1"      daemon [_thread_blocked, id=32968, stack(0x000000f8bc100000,0x000000f8bc200000) (1024K)]
  0x000002af7517bd20 JavaThread "C2 CompilerThread1"         daemon [_thread_blocked, id=10896, stack(0x000000f8bc200000,0x000000f8bc300000) (1024K)]
  0x000002af7517a1b0 JavaThread "C2 CompilerThread2"         daemon [_thread_blocked, id=18368, stack(0x000000f8bc300000,0x000000f8bc400000) (1024K)]
  0x000002af7517a850 JavaThread "C2 CompilerThread3"         daemon [_thread_blocked, id=35544, stack(0x000000f8bc400000,0x000000f8bc500000) (1024K)]
=>0x000002af75288400 JavaThread "C2 CompilerThread4"         daemon [_thread_in_native, id=35756, stack(0x000000f8bc500000,0x000000f8bc600000) (1024K)]
Total: 19

Other Threads:
  0x000002af2e6baa30 VMThread "VM Thread"                           [id=6136, stack(0x000000f8bb200000,0x000000f8bb300000) (1024K)]
  0x000002af2e6a9930 WatcherThread "VM Periodic Task Thread"        [id=30972, stack(0x000000f8bb100000,0x000000f8bb200000) (1024K)]
  0x000002af13df7800 WorkerThread "GC Thread#0"                     [id=13616, stack(0x000000f8bac00000,0x000000f8bad00000) (1024K)]
  0x000002af13e08db0 ConcurrentGCThread "G1 Main Marker"            [id=21980, stack(0x000000f8bad00000,0x000000f8bae00000) (1024K)]
  0x000002af13e0d370 WorkerThread "G1 Conc#0"                       [id=28388, stack(0x000000f8bae00000,0x000000f8baf00000) (1024K)]
  0x000002af13e4e9e0 ConcurrentGCThread "G1 Refine#0"               [id=28588, stack(0x000000f8baf00000,0x000000f8bb000000) (1024K)]
  0x000002af2e575430 ConcurrentGCThread "G1 Service"                [id=23660, stack(0x000000f8bb000000,0x000000f8bb100000) (1024K)]
Total: 7

Threads with active compile tasks:
C2 CompilerThread4  782 1179       4       sun.security.ec.ECOperations::setDouble (463 bytes)
Total: 1

VM state: not at safepoint (normal execution)

VM Mutex/Monitor currently owned by a thread: None

Heap address: 0x0000000709800000, size: 3944 MB, Compressed Oops mode: Zero based, Oop shift amount: 3

CDS archive(s) mapped at: [0x000002af30000000-0x000002af30d00000-0x000002af30d00000), size 13631488, SharedBaseAddress: 0x000002af30000000, ArchiveRelocationMode: 1.
Compressed class space mapped at: 0x000002af31000000-0x000002af71000000, reserved size: 1073741824
Narrow klass base: 0x000002af30000000, Narrow klass shift: 0, Narrow klass range: 0x100000000

GC Precious Log:
 CardTable entry size: 512
 Card Set container configuration: InlinePtr #cards 4 size 8 Array Of Cards #cards 16 size 48 Howl #buckets 8 coarsen threshold 3686 Howl Bitmap #cards 512 size 80 coarsen threshold 460 Card regions per heap region 1 cards per card region 4096
 CPUs: 16 total, 16 available
 Memory: 15775M
 Large Page Support: Disabled
 NUMA Support: Disabled
 Compressed Oops: Enabled (Zero based)
 Heap Region Size: 2M
 Heap Min Capacity: 8M
 Heap Initial Capacity: 248M
 Heap Max Capacity: 3944M
 Pre-touch: Disabled
 Parallel Workers: 13
 Concurrent Workers: 3
 Concurrent Refinement Workers: 13
 Periodic GC: Disabled

Heap:
 garbage-first heap   total 253952K, used 16384K [0x0000000709800000, 0x0000000800000000)
  region size 2048K, 9 young (18432K), 0 survivors (0K)
 Metaspace       used 9257K, committed 9472K, reserved 1114112K
  class space    used 1060K, committed 1152K, reserved 1048576K

Heap Regions: E=young(eden), S=young(survivor), O=old, HS=humongous(starts), HC=humongous(continues), CS=collection set, F=free, TAMS=top-at-mark-start, PB=parsable bottom
|   0|0x0000000709800000, 0x0000000709800000, 0x0000000709a00000|  0%| F|  |TAMS 0x0000000709800000| PB 0x0000000709800000| Untracked 
|   1|0x0000000709a00000, 0x0000000709a00000, 0x0000000709c00000|  0%| F|  |TAMS 0x0000000709a00000| PB 0x0000000709a00000| Untracked 
|   2|0x0000000709c00000, 0x0000000709c00000, 0x0000000709e00000|  0%| F|  |TAMS 0x0000000709c00000| PB 0x0000000709c00000| Untracked 
|   3|0x0000000709e00000, 0x0000000709e00000, 0x000000070a000000|  0%| F|  |TAMS 0x0000000709e00000| PB 0x0000000709e00000| Untracked 
|   4|0x000000070a000000, 0x000000070a000000, 0x000000070a200000|  0%| F|  |TAMS 0x000000070a000000| PB 0x000000070a000000| Untracked 
|   5|0x000000070a200000, 0x000000070a200000, 0x000000070a400000|  0%| F|  |TAMS 0x000000070a200000| PB 0x000000070a200000| Untracked 
|   6|0x000000070a400000, 0x000000070a400000, 0x000000070a600000|  0%| F|  |TAMS 0x000000070a400000| PB 0x000000070a400000| Untracked 
|   7|0x000000070a600000, 0x000000070a600000, 0x000000070a800000|  0%| F|  |TAMS 0x000000070a600000| PB 0x000000070a600000| Untracked 
|   8|0x000000070a800000, 0x000000070a800000, 0x000000070aa00000|  0%| F|  |TAMS 0x000000070a800000| PB 0x000000070a800000| Untracked 
|   9|0x000000070aa00000, 0x000000070aa00000, 0x000000070ac00000|  0%| F|  |TAMS 0x000000070aa00000| PB 0x000000070aa00000| Untracked 
|  10|0x000000070ac00000, 0x000000070ac00000, 0x000000070ae00000|  0%| F|  |TAMS 0x000000070ac00000| PB 0x000000070ac00000| Untracked 
|  11|0x000000070ae00000, 0x000000070ae00000, 0x000000070b000000|  0%| F|  |TAMS 0x000000070ae00000| PB 0x000000070ae00000| Untracked 
|  12|0x000000070b000000, 0x000000070b000000, 0x000000070b200000|  0%| F|  |TAMS 0x000000070b000000| PB 0x000000070b000000| Untracked 
|  13|0x000000070b200000, 0x000000070b200000, 0x000000070b400000|  0%| F|  |TAMS 0x000000070b200000| PB 0x000000070b200000| Untracked 
|  14|0x000000070b400000, 0x000000070b400000, 0x000000070b600000|  0%| F|  |TAMS 0x000000070b400000| PB 0x000000070b400000| Untracked 
|  15|0x000000070b600000, 0x000000070b600000, 0x000000070b800000|  0%| F|  |TAMS 0x000000070b600000| PB 0x000000070b600000| Untracked 
|  16|0x000000070b800000, 0x000000070b800000, 0x000000070ba00000|  0%| F|  |TAMS 0x000000070b800000| PB 0x000000070b800000| Untracked 
|  17|0x000000070ba00000, 0x000000070ba00000, 0x000000070bc00000|  0%| F|  |TAMS 0x000000070ba00000| PB 0x000000070ba00000| Untracked 
|  18|0x000000070bc00000, 0x000000070bc00000, 0x000000070be00000|  0%| F|  |TAMS 0x000000070bc00000| PB 0x000000070bc00000| Untracked 
|  19|0x000000070be00000, 0x000000070be00000, 0x000000070c000000|  0%| F|  |TAMS 0x000000070be00000| PB 0x000000070be00000| Untracked 
|  20|0x000000070c000000, 0x000000070c000000, 0x000000070c200000|  0%| F|  |TAMS 0x000000070c000000| PB 0x000000070c000000| Untracked 
|  21|0x000000070c200000, 0x000000070c200000, 0x000000070c400000|  0%| F|  |TAMS 0x000000070c200000| PB 0x000000070c200000| Untracked 
|  22|0x000000070c400000, 0x000000070c400000, 0x000000070c600000|  0%| F|  |TAMS 0x000000070c400000| PB 0x000000070c400000| Untracked 
|  23|0x000000070c600000, 0x000000070c600000, 0x000000070c800000|  0%| F|  |TAMS 0x000000070c600000| PB 0x000000070c600000| Untracked 
|  24|0x000000070c800000, 0x000000070c800000, 0x000000070ca00000|  0%| F|  |TAMS 0x000000070c800000| PB 0x000000070c800000| Untracked 
|  25|0x000000070ca00000, 0x000000070ca00000, 0x000000070cc00000|  0%| F|  |TAMS 0x000000070ca00000| PB 0x000000070ca00000| Untracked 
|  26|0x000000070cc00000, 0x000000070cc00000, 0x000000070ce00000|  0%| F|  |TAMS 0x000000070cc00000| PB 0x000000070cc00000| Untracked 
|  27|0x000000070ce00000, 0x000000070ce00000, 0x000000070d000000|  0%| F|  |TAMS 0x000000070ce00000| PB 0x000000070ce00000| Untracked 
|  28|0x000000070d000000, 0x000000070d000000, 0x000000070d200000|  0%| F|  |TAMS 0x000000070d000000| PB 0x000000070d000000| Untracked 
|  29|0x000000070d200000, 0x000000070d200000, 0x000000070d400000|  0%| F|  |TAMS 0x000000070d200000| PB 0x000000070d200000| Untracked 
|  30|0x000000070d400000, 0x000000070d400000, 0x000000070d600000|  0%| F|  |TAMS 0x000000070d400000| PB 0x000000070d400000| Untracked 
|  31|0x000000070d600000, 0x000000070d600000, 0x000000070d800000|  0%| F|  |TAMS 0x000000070d600000| PB 0x000000070d600000| Untracked 
|  32|0x000000070d800000, 0x000000070d800000, 0x000000070da00000|  0%| F|  |TAMS 0x000000070d800000| PB 0x000000070d800000| Untracked 
|  33|0x000000070da00000, 0x000000070da00000, 0x000000070dc00000|  0%| F|  |TAMS 0x000000070da00000| PB 0x000000070da00000| Untracked 
|  34|0x000000070dc00000, 0x000000070dc00000, 0x000000070de00000|  0%| F|  |TAMS 0x000000070dc00000| PB 0x000000070dc00000| Untracked 
|  35|0x000000070de00000, 0x000000070de00000, 0x000000070e000000|  0%| F|  |TAMS 0x000000070de00000| PB 0x000000070de00000| Untracked 
|  36|0x000000070e000000, 0x000000070e000000, 0x000000070e200000|  0%| F|  |TAMS 0x000000070e000000| PB 0x000000070e000000| Untracked 
|  37|0x000000070e200000, 0x000000070e200000, 0x000000070e400000|  0%| F|  |TAMS 0x000000070e200000| PB 0x000000070e200000| Untracked 
|  38|0x000000070e400000, 0x000000070e400000, 0x000000070e600000|  0%| F|  |TAMS 0x000000070e400000| PB 0x000000070e400000| Untracked 
|  39|0x000000070e600000, 0x000000070e600000, 0x000000070e800000|  0%| F|  |TAMS 0x000000070e600000| PB 0x000000070e600000| Untracked 
|  40|0x000000070e800000, 0x000000070e800000, 0x000000070ea00000|  0%| F|  |TAMS 0x000000070e800000| PB 0x000000070e800000| Untracked 
|  41|0x000000070ea00000, 0x000000070ea00000, 0x000000070ec00000|  0%| F|  |TAMS 0x000000070ea00000| PB 0x000000070ea00000| Untracked 
|  42|0x000000070ec00000, 0x000000070ec00000, 0x000000070ee00000|  0%| F|  |TAMS 0x000000070ec00000| PB 0x000000070ec00000| Untracked 
|  43|0x000000070ee00000, 0x000000070ee00000, 0x000000070f000000|  0%| F|  |TAMS 0x000000070ee00000| PB 0x000000070ee00000| Untracked 
|  44|0x000000070f000000, 0x000000070f000000, 0x000000070f200000|  0%| F|  |TAMS 0x000000070f000000| PB 0x000000070f000000| Untracked 
|  45|0x000000070f200000, 0x000000070f200000, 0x000000070f400000|  0%| F|  |TAMS 0x000000070f200000| PB 0x000000070f200000| Untracked 
|  46|0x000000070f400000, 0x000000070f400000, 0x000000070f600000|  0%| F|  |TAMS 0x000000070f400000| PB 0x000000070f400000| Untracked 
|  47|0x000000070f600000, 0x000000070f600000, 0x000000070f800000|  0%| F|  |TAMS 0x000000070f600000| PB 0x000000070f600000| Untracked 
|  48|0x000000070f800000, 0x000000070f800000, 0x000000070fa00000|  0%| F|  |TAMS 0x000000070f800000| PB 0x000000070f800000| Untracked 
|  49|0x000000070fa00000, 0x000000070fa00000, 0x000000070fc00000|  0%| F|  |TAMS 0x000000070fa00000| PB 0x000000070fa00000| Untracked 
|  50|0x000000070fc00000, 0x000000070fc00000, 0x000000070fe00000|  0%| F|  |TAMS 0x000000070fc00000| PB 0x000000070fc00000| Untracked 
|  51|0x000000070fe00000, 0x000000070fe00000, 0x0000000710000000|  0%| F|  |TAMS 0x000000070fe00000| PB 0x000000070fe00000| Untracked 
|  52|0x0000000710000000, 0x0000000710000000, 0x0000000710200000|  0%| F|  |TAMS 0x0000000710000000| PB 0x0000000710000000| Untracked 
|  53|0x0000000710200000, 0x0000000710200000, 0x0000000710400000|  0%| F|  |TAMS 0x0000000710200000| PB 0x0000000710200000| Untracked 
|  54|0x0000000710400000, 0x0000000710400000, 0x0000000710600000|  0%| F|  |TAMS 0x0000000710400000| PB 0x0000000710400000| Untracked 
|  55|0x0000000710600000, 0x0000000710600000, 0x0000000710800000|  0%| F|  |TAMS 0x0000000710600000| PB 0x0000000710600000| Untracked 
|  56|0x0000000710800000, 0x0000000710800000, 0x0000000710a00000|  0%| F|  |TAMS 0x0000000710800000| PB 0x0000000710800000| Untracked 
|  57|0x0000000710a00000, 0x0000000710a00000, 0x0000000710c00000|  0%| F|  |TAMS 0x0000000710a00000| PB 0x0000000710a00000| Untracked 
|  58|0x0000000710c00000, 0x0000000710c00000, 0x0000000710e00000|  0%| F|  |TAMS 0x0000000710c00000| PB 0x0000000710c00000| Untracked 
|  59|0x0000000710e00000, 0x0000000710e00000, 0x0000000711000000|  0%| F|  |TAMS 0x0000000710e00000| PB 0x0000000710e00000| Untracked 
|  60|0x0000000711000000, 0x0000000711000000, 0x0000000711200000|  0%| F|  |TAMS 0x0000000711000000| PB 0x0000000711000000| Untracked 
|  61|0x0000000711200000, 0x0000000711200000, 0x0000000711400000|  0%| F|  |TAMS 0x0000000711200000| PB 0x0000000711200000| Untracked 
|  62|0x0000000711400000, 0x0000000711400000, 0x0000000711600000|  0%| F|  |TAMS 0x0000000711400000| PB 0x0000000711400000| Untracked 
|  63|0x0000000711600000, 0x0000000711600000, 0x0000000711800000|  0%| F|  |TAMS 0x0000000711600000| PB 0x0000000711600000| Untracked 
|  64|0x0000000711800000, 0x0000000711800000, 0x0000000711a00000|  0%| F|  |TAMS 0x0000000711800000| PB 0x0000000711800000| Untracked 
|  65|0x0000000711a00000, 0x0000000711a00000, 0x0000000711c00000|  0%| F|  |TAMS 0x0000000711a00000| PB 0x0000000711a00000| Untracked 
|  66|0x0000000711c00000, 0x0000000711c00000, 0x0000000711e00000|  0%| F|  |TAMS 0x0000000711c00000| PB 0x0000000711c00000| Untracked 
|  67|0x0000000711e00000, 0x0000000711e00000, 0x0000000712000000|  0%| F|  |TAMS 0x0000000711e00000| PB 0x0000000711e00000| Untracked 
|  68|0x0000000712000000, 0x0000000712000000, 0x0000000712200000|  0%| F|  |TAMS 0x0000000712000000| PB 0x0000000712000000| Untracked 
|  69|0x0000000712200000, 0x0000000712200000, 0x0000000712400000|  0%| F|  |TAMS 0x0000000712200000| PB 0x0000000712200000| Untracked 
|  70|0x0000000712400000, 0x0000000712400000, 0x0000000712600000|  0%| F|  |TAMS 0x0000000712400000| PB 0x0000000712400000| Untracked 
|  71|0x0000000712600000, 0x0000000712600000, 0x0000000712800000|  0%| F|  |TAMS 0x0000000712600000| PB 0x0000000712600000| Untracked 
|  72|0x0000000712800000, 0x0000000712800000, 0x0000000712a00000|  0%| F|  |TAMS 0x0000000712800000| PB 0x0000000712800000| Untracked 
|  73|0x0000000712a00000, 0x0000000712a00000, 0x0000000712c00000|  0%| F|  |TAMS 0x0000000712a00000| PB 0x0000000712a00000| Untracked 
|  74|0x0000000712c00000, 0x0000000712c00000, 0x0000000712e00000|  0%| F|  |TAMS 0x0000000712c00000| PB 0x0000000712c00000| Untracked 
|  75|0x0000000712e00000, 0x0000000712e00000, 0x0000000713000000|  0%| F|  |TAMS 0x0000000712e00000| PB 0x0000000712e00000| Untracked 
|  76|0x0000000713000000, 0x0000000713000000, 0x0000000713200000|  0%| F|  |TAMS 0x0000000713000000| PB 0x0000000713000000| Untracked 
|  77|0x0000000713200000, 0x0000000713200000, 0x0000000713400000|  0%| F|  |TAMS 0x0000000713200000| PB 0x0000000713200000| Untracked 
|  78|0x0000000713400000, 0x0000000713400000, 0x0000000713600000|  0%| F|  |TAMS 0x0000000713400000| PB 0x0000000713400000| Untracked 
|  79|0x0000000713600000, 0x0000000713600000, 0x0000000713800000|  0%| F|  |TAMS 0x0000000713600000| PB 0x0000000713600000| Untracked 
|  80|0x0000000713800000, 0x0000000713800000, 0x0000000713a00000|  0%| F|  |TAMS 0x0000000713800000| PB 0x0000000713800000| Untracked 
|  81|0x0000000713a00000, 0x0000000713a00000, 0x0000000713c00000|  0%| F|  |TAMS 0x0000000713a00000| PB 0x0000000713a00000| Untracked 
|  82|0x0000000713c00000, 0x0000000713c00000, 0x0000000713e00000|  0%| F|  |TAMS 0x0000000713c00000| PB 0x0000000713c00000| Untracked 
|  83|0x0000000713e00000, 0x0000000713e00000, 0x0000000714000000|  0%| F|  |TAMS 0x0000000713e00000| PB 0x0000000713e00000| Untracked 
|  84|0x0000000714000000, 0x0000000714000000, 0x0000000714200000|  0%| F|  |TAMS 0x0000000714000000| PB 0x0000000714000000| Untracked 
|  85|0x0000000714200000, 0x0000000714200000, 0x0000000714400000|  0%| F|  |TAMS 0x0000000714200000| PB 0x0000000714200000| Untracked 
|  86|0x0000000714400000, 0x0000000714400000, 0x0000000714600000|  0%| F|  |TAMS 0x0000000714400000| PB 0x0000000714400000| Untracked 
|  87|0x0000000714600000, 0x0000000714600000, 0x0000000714800000|  0%| F|  |TAMS 0x0000000714600000| PB 0x0000000714600000| Untracked 
|  88|0x0000000714800000, 0x0000000714800000, 0x0000000714a00000|  0%| F|  |TAMS 0x0000000714800000| PB 0x0000000714800000| Untracked 
|  89|0x0000000714a00000, 0x0000000714a00000, 0x0000000714c00000|  0%| F|  |TAMS 0x0000000714a00000| PB 0x0000000714a00000| Untracked 
|  90|0x0000000714c00000, 0x0000000714c00000, 0x0000000714e00000|  0%| F|  |TAMS 0x0000000714c00000| PB 0x0000000714c00000| Untracked 
|  91|0x0000000714e00000, 0x0000000714e00000, 0x0000000715000000|  0%| F|  |TAMS 0x0000000714e00000| PB 0x0000000714e00000| Untracked 
|  92|0x0000000715000000, 0x0000000715000000, 0x0000000715200000|  0%| F|  |TAMS 0x0000000715000000| PB 0x0000000715000000| Untracked 
|  93|0x0000000715200000, 0x0000000715200000, 0x0000000715400000|  0%| F|  |TAMS 0x0000000715200000| PB 0x0000000715200000| Untracked 
|  94|0x0000000715400000, 0x0000000715400000, 0x0000000715600000|  0%| F|  |TAMS 0x0000000715400000| PB 0x0000000715400000| Untracked 
|  95|0x0000000715600000, 0x0000000715600000, 0x0000000715800000|  0%| F|  |TAMS 0x0000000715600000| PB 0x0000000715600000| Untracked 
|  96|0x0000000715800000, 0x0000000715800000, 0x0000000715a00000|  0%| F|  |TAMS 0x0000000715800000| PB 0x0000000715800000| Untracked 
|  97|0x0000000715a00000, 0x0000000715a00000, 0x0000000715c00000|  0%| F|  |TAMS 0x0000000715a00000| PB 0x0000000715a00000| Untracked 
|  98|0x0000000715c00000, 0x0000000715c00000, 0x0000000715e00000|  0%| F|  |TAMS 0x0000000715c00000| PB 0x0000000715c00000| Untracked 
|  99|0x0000000715e00000, 0x0000000715e00000, 0x0000000716000000|  0%| F|  |TAMS 0x0000000715e00000| PB 0x0000000715e00000| Untracked 
| 100|0x0000000716000000, 0x0000000716000000, 0x0000000716200000|  0%| F|  |TAMS 0x0000000716000000| PB 0x0000000716000000| Untracked 
| 101|0x0000000716200000, 0x0000000716200000, 0x0000000716400000|  0%| F|  |TAMS 0x0000000716200000| PB 0x0000000716200000| Untracked 
| 102|0x0000000716400000, 0x0000000716400000, 0x0000000716600000|  0%| F|  |TAMS 0x0000000716400000| PB 0x0000000716400000| Untracked 
| 103|0x0000000716600000, 0x0000000716600000, 0x0000000716800000|  0%| F|  |TAMS 0x0000000716600000| PB 0x0000000716600000| Untracked 
| 104|0x0000000716800000, 0x0000000716800000, 0x0000000716a00000|  0%| F|  |TAMS 0x0000000716800000| PB 0x0000000716800000| Untracked 
| 105|0x0000000716a00000, 0x0000000716a00000, 0x0000000716c00000|  0%| F|  |TAMS 0x0000000716a00000| PB 0x0000000716a00000| Untracked 
| 106|0x0000000716c00000, 0x0000000716c00000, 0x0000000716e00000|  0%| F|  |TAMS 0x0000000716c00000| PB 0x0000000716c00000| Untracked 
| 107|0x0000000716e00000, 0x0000000716e00000, 0x0000000717000000|  0%| F|  |TAMS 0x0000000716e00000| PB 0x0000000716e00000| Untracked 
| 108|0x0000000717000000, 0x0000000717000000, 0x0000000717200000|  0%| F|  |TAMS 0x0000000717000000| PB 0x0000000717000000| Untracked 
| 109|0x0000000717200000, 0x0000000717200000, 0x0000000717400000|  0%| F|  |TAMS 0x0000000717200000| PB 0x0000000717200000| Untracked 
| 110|0x0000000717400000, 0x0000000717400000, 0x0000000717600000|  0%| F|  |TAMS 0x0000000717400000| PB 0x0000000717400000| Untracked 
| 111|0x0000000717600000, 0x0000000717600000, 0x0000000717800000|  0%| F|  |TAMS 0x0000000717600000| PB 0x0000000717600000| Untracked 
| 112|0x0000000717800000, 0x0000000717800000, 0x0000000717a00000|  0%| F|  |TAMS 0x0000000717800000| PB 0x0000000717800000| Untracked 
| 113|0x0000000717a00000, 0x0000000717a00000, 0x0000000717c00000|  0%| F|  |TAMS 0x0000000717a00000| PB 0x0000000717a00000| Untracked 
| 114|0x0000000717c00000, 0x0000000717c00000, 0x0000000717e00000|  0%| F|  |TAMS 0x0000000717c00000| PB 0x0000000717c00000| Untracked 
| 115|0x0000000717e00000, 0x0000000717ee6eb0, 0x0000000718000000| 45%| E|  |TAMS 0x0000000717e00000| PB 0x0000000717e00000| Complete 
| 116|0x0000000718000000, 0x0000000718200000, 0x0000000718200000|100%| E|CS|TAMS 0x0000000718000000| PB 0x0000000718000000| Complete 
| 117|0x0000000718200000, 0x0000000718400000, 0x0000000718400000|100%| E|CS|TAMS 0x0000000718200000| PB 0x0000000718200000| Complete 
| 118|0x0000000718400000, 0x0000000718600000, 0x0000000718600000|100%| E|CS|TAMS 0x0000000718400000| PB 0x0000000718400000| Complete 
| 119|0x0000000718600000, 0x0000000718800000, 0x0000000718800000|100%| E|CS|TAMS 0x0000000718600000| PB 0x0000000718600000| Complete 
| 120|0x0000000718800000, 0x0000000718a00000, 0x0000000718a00000|100%| E|CS|TAMS 0x0000000718800000| PB 0x0000000718800000| Complete 
| 121|0x0000000718a00000, 0x0000000718c00000, 0x0000000718c00000|100%| E|CS|TAMS 0x0000000718a00000| PB 0x0000000718a00000| Complete 
| 122|0x0000000718c00000, 0x0000000718e00000, 0x0000000718e00000|100%| E|CS|TAMS 0x0000000718c00000| PB 0x0000000718c00000| Complete 
| 123|0x0000000718e00000, 0x0000000719000000, 0x0000000719000000|100%| E|CS|TAMS 0x0000000718e00000| PB 0x0000000718e00000| Complete 

Card table byte_map: [0x000002af27d70000,0x000002af28530000] _byte_map_base: 0x000002af24524000

Marking Bits: (CMBitMap*) 0x000002af13df7f00
 Bits: [0x000002af28530000, 0x000002af2c2d0000)

Polling page: 0x000002af11ca0000

Metaspace:

Usage:
  Non-class:      8.00 MB used.
      Class:      1.04 MB used.
       Both:      9.04 MB used.

Virtual space:
  Non-class space:       64.00 MB reserved,       8.12 MB ( 13%) committed,  1 nodes.
      Class space:        1.00 GB reserved,       1.12 MB ( <1%) committed,  1 nodes.
             Both:        1.06 GB reserved,       9.25 MB ( <1%) committed. 

Chunk freelists:
   Non-Class:  7.89 MB
       Class:  14.69 MB
        Both:  22.58 MB

MaxMetaspaceSize: unlimited
CompressedClassSpaceSize: 1.00 GB
Initial GC threshold: 21.00 MB
Current GC threshold: 21.00 MB
CDS: on
 - commit_granule_bytes: 65536.
 - commit_granule_words: 8192.
 - virtual_space_node_default_size: 8388608.
 - enlarge_chunks_in_place: 1.
 - use_allocation_guard: 0.


Internal statistics:

num_allocs_failed_limit: 0.
num_arena_births: 244.
num_arena_deaths: 0.
num_vsnodes_births: 2.
num_vsnodes_deaths: 0.
num_space_committed: 148.
num_space_uncommitted: 0.
num_chunks_returned_to_freelist: 0.
num_chunks_taken_from_freelist: 415.
num_chunk_merges: 0.
num_chunk_splits: 241.
num_chunks_enlarged: 113.
num_inconsistent_stats: 0.

CodeHeap 'non-profiled nmethods': size=119168Kb used=418Kb max_used=418Kb free=118749Kb
 bounds [0x000002af1f8c0000, 0x000002af1fb30000, 0x000002af26d20000]
CodeHeap 'profiled nmethods': size=119104Kb used=2150Kb max_used=2150Kb free=116953Kb
 bounds [0x000002af17d20000, 0x000002af17f90000, 0x000002af1f170000]
CodeHeap 'non-nmethods': size=7488Kb used=1993Kb max_used=2037Kb free=5494Kb
 bounds [0x000002af1f170000, 0x000002af1f3e0000, 0x000002af1f8c0000]
 total_blobs=1803 nmethods=1287 adapters=420
 compilation: enabled
              stopped_count=0, restarted_count=0
 full_count=0

Compilation events (20 events):
Event: 0.709 Thread 0x000002af2f5fcc90 nmethod 1279 0x000002af17f34e90 code [0x000002af17f35040, 0x000002af17f35188]
Event: 0.709 Thread 0x000002af2e6e86a0 1280       3       jdk.internal.org.objectweb.asm.FieldVisitor::<init> (78 bytes)
Event: 0.709 Thread 0x000002af2f5fcc90 1281       3       jdk.internal.org.objectweb.asm.FieldWriter::visitEnd (1 bytes)
Event: 0.709 Thread 0x000002af2f5fcc90 nmethod 1281 0x000002af17f35210 code [0x000002af17f353a0, 0x000002af17f354a8]
Event: 0.709 Thread 0x000002af2f5fcc90 1282   !   3       java.lang.invoke.MethodHandleNatives::linkMethodHandleConstant (50 bytes)
Event: 0.709 Thread 0x000002af2f5fcc90 nmethod 1282 0x000002af17f35510 code [0x000002af17f356e0, 0x000002af17f358e8]
Event: 0.709 Thread 0x000002af2f5fcc90 1283       3       java.lang.invoke.MethodHandles$Lookup::linkMethodHandleConstant (223 bytes)
Event: 0.709 Thread 0x000002af2e6e86a0 nmethod 1280 0x000002af17f35a90 code [0x000002af17f35cc0, 0x000002af17f36460]
Event: 0.709 Thread 0x000002af2e6e86a0 1284       3       java.lang.invoke.MemberName$Factory::resolveOrNull (54 bytes)
Event: 0.709 Thread 0x000002af2e6e86a0 nmethod 1284 0x000002af17f36710 code [0x000002af17f368e0, 0x000002af17f36b80]
Event: 0.710 Thread 0x000002af2f5fcc90 nmethod 1283 0x000002af17f36c90 code [0x000002af17f37080, 0x000002af17f38870]
Event: 0.710 Thread 0x000002af7517a850 nmethod 1271 0x000002af1f927a90 code [0x000002af1f927ca0, 0x000002af1f9280c8]
Event: 0.711 Thread 0x000002af2e6e86a0 1285       3       java.nio.MappedByteBuffer::limit (6 bytes)
Event: 0.712 Thread 0x000002af2e6e86a0 nmethod 1285 0x000002af17f39010 code [0x000002af17f391c0, 0x000002af17f393d0]
Event: 0.712 Thread 0x000002af2f5fcc90 1286       1       java.util.concurrent.atomic.AtomicInteger::get (5 bytes)
Event: 0.712 Thread 0x000002af2f5fcc90 nmethod 1286 0x000002af1f928410 code [0x000002af1f9285a0, 0x000002af1f928668]
Event: 0.713 Thread 0x000002af2e6e86a0 1287       3       java.nio.ByteBuffer::get (9 bytes)
Event: 0.713 Thread 0x000002af2e6e86a0 nmethod 1287 0x000002af17f39510 code [0x000002af17f396c0, 0x000002af17f398a0]
Event: 0.714 Thread 0x000002af2f5fcc90 1288       1       sun.security.provider.DigestBase::engineGetDigestLength (5 bytes)
Event: 0.714 Thread 0x000002af2f5fcc90 nmethod 1288 0x000002af1f928710 code [0x000002af1f9288a0, 0x000002af1f928968]

GC Heap History (0 events):
No events

Dll operation events (2 events):
Event: 0.011 Loaded shared library C:\Program Files\JetBrains\WebStorm 2024.3.1.1\jbr\bin\java.dll
Event: 0.054 Loaded shared library C:\Program Files\JetBrains\WebStorm 2024.3.1.1\jbr\bin\zip.dll

Deoptimization events (20 events):
Event: 0.661 Thread 0x000002af7519f320 Uncommon trap: trap_request=0xffffff66 fr.pc=0x000002af1f91aef4 relative=0x0000000000000314
Event: 0.661 Thread 0x000002af7519f320 Uncommon trap: reason=speculate_class_check action=maybe_recompile pc=0x000002af1f91aef4 method=sun.security.util.math.intpoly.IntegerPolynomial.multByInt([JJ)V @ 26 c2
Event: 0.661 Thread 0x000002af7519f320 DEOPT PACKING pc=0x000002af1f91aef4 sp=0x000000f8bc0fe740
Event: 0.661 Thread 0x000002af7519f320 DEOPT UNPACKING pc=0x000002af1f1c46a2 sp=0x000000f8bc0fe628 mode 2
Event: 0.661 Thread 0x000002af7519f320 Uncommon trap: trap_request=0xffffff66 fr.pc=0x000002af1f91aef4 relative=0x0000000000000314
Event: 0.661 Thread 0x000002af7519f320 Uncommon trap: reason=speculate_class_check action=maybe_recompile pc=0x000002af1f91aef4 method=sun.security.util.math.intpoly.IntegerPolynomial.multByInt([JJ)V @ 26 c2
Event: 0.661 Thread 0x000002af7519f320 DEOPT PACKING pc=0x000002af1f91aef4 sp=0x000000f8bc0fe740
Event: 0.661 Thread 0x000002af7519f320 DEOPT UNPACKING pc=0x000002af1f1c46a2 sp=0x000000f8bc0fe628 mode 2
Event: 0.661 Thread 0x000002af7519f320 Uncommon trap: trap_request=0xffffff66 fr.pc=0x000002af1f91aef4 relative=0x0000000000000314
Event: 0.661 Thread 0x000002af7519f320 Uncommon trap: reason=speculate_class_check action=maybe_recompile pc=0x000002af1f91aef4 method=sun.security.util.math.intpoly.IntegerPolynomial.multByInt([JJ)V @ 26 c2
Event: 0.661 Thread 0x000002af7519f320 DEOPT PACKING pc=0x000002af1f91aef4 sp=0x000000f8bc0fe740
Event: 0.661 Thread 0x000002af7519f320 DEOPT UNPACKING pc=0x000002af1f1c46a2 sp=0x000000f8bc0fe628 mode 2
Event: 0.661 Thread 0x000002af7519f320 Uncommon trap: trap_request=0xffffff66 fr.pc=0x000002af1f91a5f4 relative=0x0000000000000314
Event: 0.661 Thread 0x000002af7519f320 Uncommon trap: reason=speculate_class_check action=maybe_recompile pc=0x000002af1f91a5f4 method=sun.security.util.math.intpoly.IntegerPolynomial.multByInt([JJ)V @ 26 c2
Event: 0.661 Thread 0x000002af7519f320 DEOPT PACKING pc=0x000002af1f91a5f4 sp=0x000000f8bc0fe6d0
Event: 0.661 Thread 0x000002af7519f320 DEOPT UNPACKING pc=0x000002af1f1c46a2 sp=0x000000f8bc0fe620 mode 2
Event: 0.661 Thread 0x000002af7519f320 Uncommon trap: trap_request=0xffffff66 fr.pc=0x000002af1f91a5f4 relative=0x0000000000000314
Event: 0.661 Thread 0x000002af7519f320 Uncommon trap: reason=speculate_class_check action=maybe_recompile pc=0x000002af1f91a5f4 method=sun.security.util.math.intpoly.IntegerPolynomial.multByInt([JJ)V @ 26 c2
Event: 0.661 Thread 0x000002af7519f320 DEOPT PACKING pc=0x000002af1f91a5f4 sp=0x000000f8bc0fe6d0
Event: 0.661 Thread 0x000002af7519f320 DEOPT UNPACKING pc=0x000002af1f1c46a2 sp=0x000000f8bc0fe620 mode 2

Classes loaded (20 events):
Event: 0.685 Loading class jdk/internal/event/TLSHandshakeEvent
Event: 0.685 Loading class jdk/internal/event/TLSHandshakeEvent done
Event: 0.686 Loading class com/sun/crypto/provider/GaloisCounterMode$GCMEncrypt
Event: 0.686 Loading class com/sun/crypto/provider/GaloisCounterMode$GCMEncrypt done
Event: 0.686 Loading class com/sun/crypto/provider/GaloisCounterMode$EncryptOp
Event: 0.686 Loading class com/sun/crypto/provider/GaloisCounterMode$EncryptOp done
Event: 0.686 Loading class sun/security/ssl/CipherSuite$1
Event: 0.686 Loading class sun/security/ssl/CipherSuite$1 done
Event: 0.688 Loading class java/util/concurrent/CompletionException
Event: 0.688 Loading class java/util/concurrent/CompletionException done
Event: 0.705 Loading class java/util/Collections$UnmodifiableMap$UnmodifiableEntrySet
Event: 0.705 Loading class java/util/Collections$UnmodifiableMap$UnmodifiableEntrySet done
Event: 0.705 Loading class java/util/Collections$UnmodifiableMap$UnmodifiableEntrySet$1
Event: 0.705 Loading class java/util/Collections$UnmodifiableMap$UnmodifiableEntrySet$1 done
Event: 0.705 Loading class java/util/Collections$UnmodifiableMap$UnmodifiableEntrySet$UnmodifiableEntry
Event: 0.705 Loading class java/util/Collections$UnmodifiableMap$UnmodifiableEntrySet$UnmodifiableEntry done
Event: 0.713 Loading class sun/security/ssl/NewSessionTicket$T13NewSessionTicketMessage
Event: 0.713 Loading class sun/security/ssl/NewSessionTicket$NewSessionTicketMessage
Event: 0.713 Loading class sun/security/ssl/NewSessionTicket$NewSessionTicketMessage done
Event: 0.713 Loading class sun/security/ssl/NewSessionTicket$T13NewSessionTicketMessage done

Classes unloaded (0 events):
No events

Classes redefined (0 events):
No events

Internal exceptions (20 events):
Event: 0.372 Thread 0x000002af13d95640 Exception <a 'java/lang/NoSuchMethodError'{0x00000007189cff90}: 'int java.lang.invoke.DirectMethodHandle$Holder.invokeStaticInit(java.lang.Object, float, float)'> (0x00000007189cff90) 
thrown [s\src\hotspot\share\interpreter\linkResolver.cpp, line 784]
Event: 0.372 Thread 0x000002af13d95640 Exception <a 'java/lang/NoSuchMethodError'{0x00000007189d6a20}: 'int java.lang.invoke.DirectMethodHandle$Holder.invokeStaticInit(java.lang.Object, double, double)'> (0x00000007189d6a20) 
thrown [s\src\hotspot\share\interpreter\linkResolver.cpp, line 784]
Event: 0.373 Thread 0x000002af13d95640 Exception <a 'java/lang/NoSuchMethodError'{0x00000007189db0a8}: 'int java.lang.invoke.DirectMethodHandle$Holder.invokeStatic(java.lang.Object, long)'> (0x00000007189db0a8) 
thrown [s\src\hotspot\share\interpreter\linkResolver.cpp, line 784]
Event: 0.379 Thread 0x000002af13d95640 Exception <a 'java/lang/NoSuchMethodError'{0x0000000718604e88}: 'java.lang.Object java.lang.invoke.DirectMethodHandle$Holder.invokeSpecial(java.lang.Object, java.lang.Object, int, java.lang.Object, java.lang.Object)'> (0x0000000718604e88) 
thrown [s\src\hotspot\share\interpreter\linkResolver.cpp, line 784]
Event: 0.379 Thread 0x000002af13d95640 Exception <a 'java/lang/NoSuchMethodError'{0x0000000718608818}: 'java.lang.Object java.lang.invoke.DelegatingMethodHandle$Holder.delegate(java.lang.Object, int, java.lang.Object, java.lang.Object)'> (0x0000000718608818) 
thrown [s\src\hotspot\share\interpreter\linkResolver.cpp, line 784]
Event: 0.381 Thread 0x000002af13d95640 Exception <a 'java/lang/NoSuchMethodError'{0x0000000718617b38}: 'int java.lang.invoke.Invokers$Holder.linkToTargetMethod(java.lang.Object, java.lang.Object, java.lang.Object)'> (0x0000000718617b38) 
thrown [s\src\hotspot\share\interpreter\linkResolver.cpp, line 784]
Event: 0.385 Thread 0x000002af13d95640 Exception <a 'java/lang/NoSuchMethodError'{0x0000000718649d00}: 'long java.lang.invoke.DirectMethodHandle$Holder.invokeSpecial(java.lang.Object, java.lang.Object)'> (0x0000000718649d00) 
thrown [s\src\hotspot\share\interpreter\linkResolver.cpp, line 784]
Event: 0.386 Thread 0x000002af13d95640 Exception <a 'java/lang/NoSuchMethodError'{0x00000007186505d0}: 'int java.lang.invoke.DirectMethodHandle$Holder.invokeStatic(java.lang.Object, java.lang.Object, java.lang.Object, java.lang.Object)'> (0x00000007186505d0) 
thrown [s\src\hotspot\share\interpreter\linkResolver.cpp, line 784]
Event: 0.386 Thread 0x000002af13d95640 Exception <a 'java/lang/NoSuchMethodError'{0x00000007186539f0}: 'java.lang.Object java.lang.invoke.Invokers$Holder.invokeExact_MT(java.lang.Object, java.lang.Object, java.lang.Object, java.lang.Object, java.lang.Object, java.lang.Object)'> (0x00000007186539f0) 
thrown [s\src\hotspot\share\interpreter\linkResolver.cpp, line 784]
Event: 0.469 Thread 0x000002af13d95640 Exception <a 'java/lang/NoSuchMethodError'{0x00000007187fa850}: 'java.lang.Object java.lang.invoke.DirectMethodHandle$Holder.newInvokeSpecial(java.lang.Object, java.lang.Object, java.lang.Object, java.lang.Object, java.lang.Object)'> (0x00000007187fa850) 
thrown [s\src\hotspot\share\interpreter\linkResolver.cpp, line 784]
Event: 0.507 Thread 0x000002af13d95640 Exception <a 'java/lang/NoSuchMethodError'{0x00000007185f45a0}: 'java.lang.Object java.lang.invoke.DirectMethodHandle$Holder.invokeSpecial(java.lang.Object, java.lang.Object, java.lang.Object, java.lang.Object, int)'> (0x00000007185f45a0) 
thrown [s\src\hotspot\share\interpreter\linkResolver.cpp, line 784]
Event: 0.508 Thread 0x000002af13d95640 Exception <a 'java/lang/NoSuchMethodError'{0x00000007185f7f08}: 'java.lang.Object java.lang.invoke.Invokers$Holder.linkToTargetMethod(java.lang.Object, java.lang.Object, int, java.lang.Object)'> (0x00000007185f7f08) 
thrown [s\src\hotspot\share\interpreter\linkResolver.cpp, line 784]
Event: 0.515 Thread 0x000002af13d95640 Exception <a 'java/lang/NoSuchMethodError'{0x0000000718226298}: 'void java.lang.invoke.DirectMethodHandle$Holder.invokeSpecial(java.lang.Object, java.lang.Object, java.lang.Object)'> (0x0000000718226298) 
thrown [s\src\hotspot\share\interpreter\linkResolver.cpp, line 784]
Event: 0.532 Thread 0x000002af750e2580 Exception <a 'java/lang/NoSuchMethodError'{0x0000000718421180}: 'void java.lang.invoke.DirectMethodHandle$Holder.invokeStatic(java.lang.Object, java.lang.Object, int)'> (0x0000000718421180) 
thrown [s\src\hotspot\share\interpreter\linkResolver.cpp, line 784]
Event: 0.533 Thread 0x000002af13d95640 Exception <a 'java/lang/NoSuchMethodError'{0x00000007182b5b18}: 'void java.lang.invoke.DirectMethodHandle$Holder.invokeSpecial(java.lang.Object, java.lang.Object, java.lang.Object, java.lang.Object, java.lang.Object)'> (0x00000007182b5b18) 
thrown [s\src\hotspot\share\interpreter\linkResolver.cpp, line 784]
Event: 0.540 Thread 0x000002af750e2580 Exception <a 'java/lang/NoSuchMethodError'{0x000000071845b238}: 'void java.lang.invoke.DirectMethodHandle$Holder.invokeStatic(java.lang.Object, java.lang.Object)'> (0x000000071845b238) 
thrown [s\src\hotspot\share\interpreter\linkResolver.cpp, line 784]
Event: 0.541 Thread 0x000002af7519f320 Exception <a 'java/lang/NoSuchMethodError'{0x00000007183057e0}: 'void java.lang.invoke.DirectMethodHandle$Holder.invokeInterface(java.lang.Object, java.lang.Object, java.lang.Object)'> (0x00000007183057e0) 
thrown [s\src\hotspot\share\interpreter\linkResolver.cpp, line 784]
Event: 0.550 Thread 0x000002af7519f320 Exception <a 'java/lang/NoSuchMethodError'{0x0000000718357bd0}: 'void java.lang.invoke.DirectMethodHandle$Holder.invokeVirtual(java.lang.Object, java.lang.Object)'> (0x0000000718357bd0) 
thrown [s\src\hotspot\share\interpreter\linkResolver.cpp, line 784]
Event: 0.655 Thread 0x000002af7519f320 Exception <a 'java/lang/NoSuchMethodError'{0x00000007181309d8}: 'void java.lang.invoke.DirectMethodHandle$Holder.invokeInterface(java.lang.Object, java.lang.Object)'> (0x00000007181309d8) 
thrown [s\src\hotspot\share\interpreter\linkResolver.cpp, line 784]
Event: 0.687 Thread 0x000002af7519f320 Exception <a 'java/lang/NoSuchMethodError'{0x00000007181a7f70}: 'void java.lang.invoke.DirectMethodHandle$Holder.invokeStatic(java.lang.Object, java.lang.Object, java.lang.Object, java.lang.Object)'> (0x00000007181a7f70) 
thrown [s\src\hotspot\share\interpreter\linkResolver.cpp, line 784]

ZGC Phase Switch (0 events):
No events

VM Operations (10 events):
Event: 0.068 Executing VM operation: HandshakeAllThreads (Deoptimize)
Event: 0.068 Executing VM operation: HandshakeAllThreads (Deoptimize) done
Event: 0.073 Executing VM operation: HandshakeAllThreads (Deoptimize)
Event: 0.073 Executing VM operation: HandshakeAllThreads (Deoptimize) done
Event: 0.206 Executing VM operation: HandshakeAllThreads (Deoptimize)
Event: 0.206 Executing VM operation: HandshakeAllThreads (Deoptimize) done
Event: 0.535 Executing VM operation: HandshakeAllThreads (Deoptimize)
Event: 0.535 Executing VM operation: HandshakeAllThreads (Deoptimize) done
Event: 0.658 Executing VM operation: ICBufferFull
Event: 0.658 Executing VM operation: ICBufferFull done

Memory protections (0 events):
No events

Nmethod flushes (0 events):
No events

Events (20 events):
Event: 0.038 Thread 0x000002af13d95640 Thread added: 0x000002af2e6e11a0
Event: 0.038 Thread 0x000002af13d95640 Thread added: 0x000002af2e6e2540
Event: 0.038 Thread 0x000002af13d95640 Thread added: 0x000002af2e6e72c0
Event: 0.038 Thread 0x000002af13d95640 Thread added: 0x000002af2e6e86a0
Event: 0.050 Thread 0x000002af2e6e86a0 Thread added: 0x000002af2f5fcc90
Event: 0.053 Thread 0x000002af13d95640 Thread added: 0x000002af2f64c1a0
Event: 0.056 Thread 0x000002af13d95640 Thread added: 0x000002af2f64edf0
Event: 0.059 Loaded shared library C:\Program Files\JetBrains\WebStorm 2024.3.1.1\jbr\bin\net.dll
Event: 0.062 Loaded shared library C:\Program Files\JetBrains\WebStorm 2024.3.1.1\jbr\bin\nio.dll
Event: 0.065 Loaded shared library C:\Program Files\JetBrains\WebStorm 2024.3.1.1\jbr\bin\zip.dll
Event: 0.109 Loaded shared library C:\Program Files\JetBrains\WebStorm 2024.3.1.1\jbr\bin\jimage.dll
Event: 0.123 Loaded shared library C:\Program Files\JetBrains\WebStorm 2024.3.1.1\jbr\bin\sunmscapi.dll
Event: 0.457 Loaded shared library C:\Program Files\JetBrains\WebStorm 2024.3.1.1\jbr\bin\extnet.dll
Event: 0.465 Thread 0x000002af13d95640 Thread added: 0x000002af750e2580
Event: 0.539 Thread 0x000002af750e2580 Thread added: 0x000002af7519f320
Event: 0.557 Thread 0x000002af750e2580 Thread added: 0x000002af751d25d0
Event: 0.594 Thread 0x000002af2e6e86a0 Thread added: 0x000002af7517bd20
Event: 0.595 Thread 0x000002af2e6e86a0 Thread added: 0x000002af7517a1b0
Event: 0.597 Thread 0x000002af2e6e86a0 Thread added: 0x000002af7517a850
Event: 0.600 Thread 0x000002af2e6e72c0 Thread added: 0x000002af75288400


Dynamic libraries:
0x00007ff63cdd0000 - 0x00007ff63cdda000 	C:\Program Files\JetBrains\WebStorm 2024.3.1.1\jbr\bin\java.exe
0x00007fff22580000 - 0x00007fff227e3000 	C:\WINDOWS\SYSTEM32\ntdll.dll
0x00007ffecb3c0000 - 0x00007ffecb3da000 	C:\Program Files\Avast Software\Avast\aswhook.dll
0x00007fff20dd0000 - 0x00007fff20e98000 	C:\WINDOWS\System32\KERNEL32.DLL
0x00007fff1fda0000 - 0x00007fff20154000 	C:\WINDOWS\System32\KERNELBASE.dll
0x00007fff1fc50000 - 0x00007fff1fd9b000 	C:\WINDOWS\System32\ucrtbase.dll
0x00007ffeead30000 - 0x00007ffeead4b000 	C:\Program Files\JetBrains\WebStorm 2024.3.1.1\jbr\bin\VCRUNTIME140.dll
0x00007fff06790000 - 0x00007fff067a8000 	C:\Program Files\JetBrains\WebStorm 2024.3.1.1\jbr\bin\jli.dll
0x00007fff21c10000 - 0x00007fff21dd9000 	C:\WINDOWS\System32\USER32.dll
0x00007fff1fc20000 - 0x00007fff1fc47000 	C:\WINDOWS\System32\win32u.dll
0x00007fff0d430000 - 0x00007fff0d6c0000 	C:\WINDOWS\WinSxS\amd64_microsoft.windows.common-controls_6595b64144ccf1df_6.0.26100.2702_none_3e069454e335fc5e\COMCTL32.dll
0x00007fff208b0000 - 0x00007fff208da000 	C:\WINDOWS\System32\GDI32.dll
0x00007fff21b60000 - 0x00007fff21c09000 	C:\WINDOWS\System32\msvcrt.dll
0x00007fff20290000 - 0x00007fff203bb000 	C:\WINDOWS\System32\gdi32full.dll
0x00007fff1fab0000 - 0x00007fff1fb53000 	C:\WINDOWS\System32\msvcp_win.dll
0x00007fff22440000 - 0x00007fff2246f000 	C:\WINDOWS\System32\IMM32.DLL
0x00007fff03e20000 - 0x00007fff03e2c000 	C:\Program Files\JetBrains\WebStorm 2024.3.1.1\jbr\bin\vcruntime140_1.dll
0x00007fff02a10000 - 0x00007fff02a9d000 	C:\Program Files\JetBrains\WebStorm 2024.3.1.1\jbr\bin\msvcp140.dll
0x00007ffde3f10000 - 0x00007ffde4cd1000 	C:\Program Files\JetBrains\WebStorm 2024.3.1.1\jbr\bin\server\jvm.dll
0x00007fff22480000 - 0x00007fff22533000 	C:\WINDOWS\System32\ADVAPI32.dll
0x00007fff212f0000 - 0x00007fff21396000 	C:\WINDOWS\System32\sechost.dll
0x00007fff211d0000 - 0x00007fff212e6000 	C:\WINDOWS\System32\RPCRT4.dll
0x00007fff20f00000 - 0x00007fff20f74000 	C:\WINDOWS\System32\WS2_32.dll
0x00007fff1f7c0000 - 0x00007fff1f80e000 	C:\WINDOWS\SYSTEM32\POWRPROF.dll
0x00007fff19760000 - 0x00007fff1976b000 	C:\WINDOWS\SYSTEM32\VERSION.dll
0x00007fff1ccd0000 - 0x00007fff1cd06000 	C:\WINDOWS\SYSTEM32\WINMM.dll
0x00007fff1f7a0000 - 0x00007fff1f7b4000 	C:\WINDOWS\SYSTEM32\UMPDC.dll
0x00007fff1e700000 - 0x00007fff1e71a000 	C:\WINDOWS\SYSTEM32\kernel.appcore.dll
0x00007fff00390000 - 0x00007fff0039a000 	C:\Program Files\JetBrains\WebStorm 2024.3.1.1\jbr\bin\jimage.dll
0x00007fff1ca40000 - 0x00007fff1cc81000 	C:\WINDOWS\SYSTEM32\DBGHELP.DLL
0x00007fff22050000 - 0x00007fff223ce000 	C:\WINDOWS\System32\combase.dll
0x00007fff203c0000 - 0x00007fff20496000 	C:\WINDOWS\System32\OLEAUT32.dll
0x00007fff1cc90000 - 0x00007fff1ccc9000 	C:\WINDOWS\SYSTEM32\dbgcore.DLL
0x00007fff20160000 - 0x00007fff201f9000 	C:\WINDOWS\System32\bcryptPrimitives.dll
0x00007ffeea1f0000 - 0x00007ffeea210000 	C:\Program Files\JetBrains\WebStorm 2024.3.1.1\jbr\bin\java.dll
0x00007fff21450000 - 0x00007fff21b54000 	C:\WINDOWS\System32\SHELL32.dll
0x00007fff1d5a0000 - 0x00007fff1ddd7000 	C:\WINDOWS\SYSTEM32\windows.storage.dll
0x00007fff21de0000 - 0x00007fff21ec9000 	C:\WINDOWS\System32\SHCORE.dll
0x00007fff223e0000 - 0x00007fff2243d000 	C:\WINDOWS\System32\shlwapi.dll
0x00007fff1f840000 - 0x00007fff1f86e000 	C:\WINDOWS\SYSTEM32\profapi.dll
0x00007ffee2a70000 - 0x00007ffee2a88000 	C:\Program Files\JetBrains\WebStorm 2024.3.1.1\jbr\bin\zip.dll
0x00007ffef72d0000 - 0x00007ffef72e0000 	C:\Program Files\JetBrains\WebStorm 2024.3.1.1\jbr\bin\net.dll
0x00007fff19230000 - 0x00007fff19356000 	C:\WINDOWS\SYSTEM32\WINHTTP.dll
0x00007fff1ebe0000 - 0x00007fff1ec48000 	C:\WINDOWS\system32\mswsock.dll
0x00007ffed0420000 - 0x00007ffed0436000 	C:\Program Files\JetBrains\WebStorm 2024.3.1.1\jbr\bin\nio.dll
0x00007ffeea250000 - 0x00007ffeea25e000 	C:\Program Files\JetBrains\WebStorm 2024.3.1.1\jbr\bin\sunmscapi.dll
0x00007fff1f930000 - 0x00007fff1faa6000 	C:\WINDOWS\System32\CRYPT32.dll
0x00007fff1f0b0000 - 0x00007fff1f0e0000 	C:\WINDOWS\SYSTEM32\ncrypt.dll
0x00007fff1f060000 - 0x00007fff1f09f000 	C:\WINDOWS\SYSTEM32\NTASN1.dll
0x00007fff1ef90000 - 0x00007fff1efac000 	C:\WINDOWS\SYSTEM32\CRYPTSP.dll
0x00007fff1e660000 - 0x00007fff1e698000 	C:\WINDOWS\system32\rsaenh.dll
0x00007fff1ec80000 - 0x00007fff1ecab000 	C:\WINDOWS\SYSTEM32\USERENV.dll
0x00007fff1f150000 - 0x00007fff1f176000 	C:\WINDOWS\SYSTEM32\bcrypt.dll
0x00007fff1ee10000 - 0x00007fff1ee1c000 	C:\WINDOWS\SYSTEM32\CRYPTBASE.dll
0x00007fff1e090000 - 0x00007fff1e0c2000 	C:\WINDOWS\SYSTEM32\IPHLPAPI.DLL
0x00007fff208f0000 - 0x00007fff208fa000 	C:\WINDOWS\System32\NSI.dll
0x00007fff0a560000 - 0x00007fff0a568000 	C:\WINDOWS\system32\wshunix.dll
0x00007ffee8e10000 - 0x00007ffee8e19000 	C:\Program Files\JetBrains\WebStorm 2024.3.1.1\jbr\bin\extnet.dll

dbghelp: loaded successfully - version: 4.0.5 - missing functions: none
symbol engine: initialized successfully - sym options: 0x614 - pdb path: .;C:\Program Files\JetBrains\WebStorm 2024.3.1.1\jbr\bin;C:\WINDOWS\SYSTEM32;C:\Program Files\Avast Software\Avast;C:\WINDOWS\WinSxS\amd64_microsoft.windows.common-controls_6595b64144ccf1df_6.0.26100.2702_none_3e069454e335fc5e;C:\Program Files\JetBrains\WebStorm 2024.3.1.1\jbr\bin\server

VM Arguments:
java_command: git4idea.http.GitAskPassApp Username for 'https://github.com': 
java_class_path (initial): C:/Program Files/JetBrains/WebStorm 2024.3.1.1/plugins/vcs-git/lib/git4idea-rt.jar;C:/Program Files/JetBrains/WebStorm 2024.3.1.1/lib/externalProcess-rt.jar
Launcher Type: SUN_STANDARD

[Global flags]
     intx CICompilerCount                          = 12                                        {product} {ergonomic}
     uint ConcGCThreads                            = 3                                         {product} {ergonomic}
     uint G1ConcRefinementThreads                  = 13                                        {product} {ergonomic}
   size_t G1HeapRegionSize                         = 2097152                                   {product} {ergonomic}
    uintx GCDrainStackTargetSize                   = 64                                        {product} {ergonomic}
   size_t InitialHeapSize                          = 260046848                                 {product} {ergonomic}
   size_t MarkStackSize                            = 4194304                                   {product} {ergonomic}
   size_t MaxHeapSize                              = 4135583744                                {product} {ergonomic}
   size_t MaxNewSize                               = 2480930816                                {product} {ergonomic}
   size_t MinHeapDeltaBytes                        = 2097152                                   {product} {ergonomic}
   size_t MinHeapSize                              = 8388608                                   {product} {ergonomic}
    uintx NonNMethodCodeHeapSize                   = 7602480                                {pd product} {ergonomic}
    uintx NonProfiledCodeHeapSize                  = 122027880                              {pd product} {ergonomic}
    uintx ProfiledCodeHeapSize                     = 122027880                              {pd product} {ergonomic}
    uintx ReservedCodeCacheSize                    = 251658240                              {pd product} {ergonomic}
     bool SegmentedCodeCache                       = true                                      {product} {ergonomic}
   size_t SoftMaxHeapSize                          = 4135583744                             {manageable} {ergonomic}
     bool UseCompressedOops                        = true                           {product lp64_product} {ergonomic}
     bool UseG1GC                                  = true                                      {product} {ergonomic}
     bool UseLargePagesIndividualAllocation        = false                                  {pd product} {ergonomic}

Logging:
Log output configuration:
 #0: stdout all=warning uptime,level,tags foldmultilines=false
 #1: stderr all=off uptime,level,tags foldmultilines=false

Environment Variables:
JAVA_HOME=C:\Program Files\Eclipse Foundation\jdk-8.0.302.8-hotspot
PATH=C:\Program Files\Git\mingw64\libexec\git-core;C:\Program Files\Git\mingw64\libexec\git-core;C:\Program Files\Git\mingw64\bin;C:\Program Files\Git\usr\bin;C:\Users\ISPROJ\bin;C:\Program Files (x86)\VMware\VMware Player\bin;C:\Ruby32-x64\bin;C:\Program Files (x86)\Microsoft SDKs\Azure\CLI2\wbin;C:\Program Files\Common Files\Oracle\Java\javapath;C:\Program Files (x86)\Common Files\Oracle\Java\javapath;C:\Program Files\Microsoft\jdk-11.0.16.101-hotspot\bin;C:\Program Files\Eclipse Foundation\jdk-8.0.302.8-hotspot\bin;C:\WINDOWS\system32;C:\WINDOWS;C:\WINDOWS\System32\Wbem;C:\WINDOWS\System32\WindowsPowerShell\v1.0;C:\WINDOWS\System32\OpenSSH;C:\Program Files (x86)\Microsoft SQL Server\160\Tools\Binn;C:\Program Files\Microsoft SQL Server\160\Tools\Binn;C:\Program Files\Microsoft SQL Server\Client SDK\ODBC\170\Tools\Binn;C:\Program Files\Microsoft SQL Server\160\DTS\Binn;C:\Program Files (x86)\Microsoft SQL Server\160\DTS\Binn;C:\Program Files\Azure Data Studio\bin;C:\Program Files\Microsoft SQL Server\150\Tools\Binn;C:\Program Files\dotnet;C:\Program Files\Microsoft SQL Server\130\Tools\Binn;C:\Program Files\nodejs;C:\Program Files\Microsoft VS Code\bin;C:\Users\Bytex\Documents\flutter_windows_3.13.9-stable\flutter\bin;C:\ProgramData\chocolatey\bin;C:\Program Files\SDelete;C:\Program Files\Git\cmd;C:\gradle-8.1.1-all\gradle-8.1.1\bin;C:\Users\AlphaChain\AppData\Roaming\npm;C:\Program Files\Docker\Docker\resources\bin;C:\Users\puyan\AppData\Local\Packages\PythonSoftwareFoundation.Python.3.11_qbz5n2kfra8p0\LocalCache\local-packages\Python311\Scripts;C:\Users\puyan\OneDrive\Documents\flutter\bin;C:\xampp\php;C:\Program Files\nodejs;C:\Users\Bytex\.cargo\bin;C:\Users\Bytex\Downloads\aircrack-ng-1.7-win\aircrack-ng-1.7-win\bin;C:\Users\Bytex\.avm\bin;C:\Users\Bytex\AppData\Local\Pub\Cache\bin;C:\Users\Bytex\AppData\Roaming\npm;C:\xmpp\php;C:\Program Files\CMake\bin;C:\flutter\bin;C:\Users\Devcrafts\AppData\Roaming\npm;C:\Users\Devcrafts\AppData\Local\Pub\Cache\bin;C:\Program Files (x86)\Incredibuild;C:\Program Files\Go\bin;C:\Users\AlphaChain\AppData\Local\Programs\Python\Python312\Scripts;C:\kotlinc\bin;C:\ProgramData\ComposerSetup\bin;C:\Program Files\MySQL\MySQL Shell 8.0\bin;C:\Users\ISPROJ\.config\herd-lite\bin;C:\Users\ISPROJ\AppData\Local\pnpm;C:\Users\ISPROJ\Documents\flutter\bin;C:\Users\ISPROJ\AppData\Local\Microsoft\WindowsApps;C:\Users\ISPROJ\.dotnet\tools;C:\Users\ISPROJ\AppData\Roaming\Composer\vendor\bin;C:\Users\ISPROJ\AppData\Roaming\Composer\vendor\bin;C:\Program Files\JetBrains\WebStorm 2024.3.1.1\bin
USERNAME=ISPROJ
DISPLAY=:0.0
LC_ALL=en_US.UTF-8
TERM=xterm-256color
TMPDIR=C:\Users\ISPROJ\AppData\Local\Temp
OS=Windows_NT
PROCESSOR_IDENTIFIER=AMD64 Family 25 Model 80 Stepping 0, AuthenticAMD
TMP=C:\Users\ISPROJ\AppData\Local\Temp
TEMP=C:\Users\ISPROJ\AppData\Local\Temp




Periodic native trim disabled

JNI global refs:
JNI global refs: 28, weak refs: 0

JNI global refs memory usage: 835, weak refs: 833

Process memory usage:
Resident Set Size: 89988K (0% of 16153756K total physical memory with 1817888K free physical memory)

OOME stack traces (most recent first):
Classloader memory used:
Loader bootstrap                                                                       : 7334K
Loader jdk.internal.loader.ClassLoaders$PlatformClassLoader                            : 1906K
Loader jdk.internal.loader.ClassLoaders$AppClassLoader                                 : 16448B

---------------  S Y S T E M  ---------------

OS:
 Windows 11 , 64 bit Build 26100 (10.0.26100.2702)
OS uptime: 0 days 2:49 hours
Hyper-V role detected

CPU: total 16 (initial active 16) (16 cores per cpu, 2 threads per core) family 25 model 80 stepping 0 microcode 0xa50000c, cx8, cmov, fxsr, ht, mmx, 3dnowpref, sse, sse2, sse3, ssse3, sse4a, sse4.1, sse4.2, popcnt, lzcnt, tsc, tscinvbit, avx, avx2, aes, erms, clmul, bmi1, bmi2, adx, sha, fma, vzeroupper, clflush, clflushopt, hv, rdtscp, rdpid, fsrm, f16c, cet_ss
Processor Information for all 16 processors :
  Max Mhz: 3301, Current Mhz: 3301, Mhz Limit: 3301

Memory: 4k page, system-wide physical 15775M (1774M free)
TotalPageFile size 39950M (AvailPageFile size 18M)
current process WorkingSet (physical memory assigned to process): 88M, peak: 89M
current process commit charge ("private bytes"): 369M, peak: 372M

vm_info: OpenJDK 64-Bit Server VM (21.0.5+8-b631.28) for windows-amd64 JRE (21.0.5+8-b631.28), built on 2024-11-23 by "builduser" with MS VC++ 16.10 / 16.11 (VS2019)

END.
