#
# There is insufficient memory for the Java Runtime Environment to continue.
# Native memory allocation (mmap) failed to map 65536 bytes. Error detail: Failed to commit metaspace.
# Possible reasons:
#   The system is out of physical RAM or swap space
#   This process is running with CompressedOops enabled, and the Java Heap may be blocking the growth of the native heap
# Possible solutions:
#   Reduce memory load on the system
#   Increase physical memory or swap space
#   Check if swap backing store is full
#   Decrease Java heap size (-Xmx/-Xms)
#   Decrease number of Java threads
#   Decrease Java thread stack sizes (-Xss)
#   Set larger code cache with -XX:ReservedCodeCacheSize=
#   JVM is running with Zero Based Compressed Oops mode in which the Java heap is
#     placed in the first 32GB address space. The Java Heap base address is the
#     maximum limit for the native heap growth. Please use -XX:HeapBaseMinAddress
#     to set the Java Heap base and to place the Java Heap above 32GB virtual address.
# This output file may be truncated or incomplete.
#
#  Out of Memory Error (virtualSpaceNode.cpp:113), pid=25504, tid=20756
#
# JRE version: OpenJDK Runtime Environment JBR-21.0.7+6-1038.58-jcef (21.0.7+6) (build 21.0.7+6-b1038.58)
# Java VM: OpenJDK 64-Bit Server VM JBR-21.0.7+6-1038.58-jcef (21.0.7+6-b1038.58, mixed mode, tiered, compressed oops, compressed class ptrs, g1 gc, windows-amd64)
# No core dump will be written. Minidumps are not enabled by default on client versions of Windows
#

---------------  S U M M A R Y ------------

Command Line: git4idea.http.GitAskPassApp Username for 'https://github.com': 

Host: AMD Ryzen 9 5900HS with Radeon Graphics        , 16 cores, 15G,  Windows 11 , 64 bit Build 26100 (10.0.26100.2702)
Time: Tue Nov 18 12:30:03 2025 Malay Peninsula Standard Time elapsed time: 0.194118 seconds (0d 0h 0m 0s)

---------------  T H R E A D  ---------------

Current thread (0x0000021e2a680ae0):  JavaThread "main"             [_thread_in_vm, id=20756, stack(0x000000c047b00000,0x000000c047c00000) (1024K)]

Stack: [0x000000c047b00000,0x000000c047c00000]
Native frames: (J=compiled Java code, j=interpreted, Vv=VM code, C=native code)
V  [jvm.dll+0x6e7c19]
V  [jvm.dll+0x8c5f53]
V  [jvm.dll+0x8c84ae]
V  [jvm.dll+0x8c8b93]
V  [jvm.dll+0x2899e6]
V  [jvm.dll+0x8c0d9e]
V  [jvm.dll+0x6888d5]
V  [jvm.dll+0x68893a]
V  [jvm.dll+0x68b156]
V  [jvm.dll+0x68b022]
V  [jvm.dll+0x68928e]
V  [jvm.dll+0x273ce0]
V  [jvm.dll+0x21de1b]
V  [jvm.dll+0x21326a]
V  [jvm.dll+0x5c6325]
V  [jvm.dll+0x224d0c]
V  [jvm.dll+0x83ccac]
V  [jvm.dll+0x83dd42]
V  [jvm.dll+0x83e304]
V  [jvm.dll+0x83df98]
V  [jvm.dll+0x27633b]
V  [jvm.dll+0x3e474e]
C  0x0000021e35b1a97f

The last pc belongs to new (printed below).
Java frames: (J=compiled Java code, j=interpreted, Vv=VM code)
j  jdk.internal.module.ModuleLoaderMap.mappingFunction(Ljava/lang/module/Configuration;)Ljava/util/function/Function;+0 java.base@21.0.7
j  jdk.internal.module.ModuleBootstrap.boot2()Ljava/lang/ModuleLayer;+1002 java.base@21.0.7
j  jdk.internal.module.ModuleBootstrap.boot()Ljava/lang/ModuleLayer;+64 java.base@21.0.7
j  java.lang.System.initPhase2(ZZ)I+0 java.base@21.0.7
v  ~StubRoutines::call_stub 0x0000021e35b0100d
new  187 new  [0x0000021e35b1a800, 0x0000021e35b1aa08]  520 bytes
[MachCode]
  0x0000021e35b1a800: 4883 ec08 | c5fa 1104 | 24eb 1f48 | 83ec 10c5 | fb11 0424 | eb14 4883 | ec10 4889 | 0424 48c7 
  0x0000021e35b1a820: 4424 0800 | 0000 00eb | 0150 410f | b755 010f | cac1 ea10 | 488b 4de8 | 488b 4908 | 488b 4908 
  0x0000021e35b1a840: 488b 4108 | 807c 1004 | 070f 85d3 | 0000 0066 | 8b54 d148 | 488b 4928 | 488b 4cd1 | 0851 80b9 
  0x0000021e35b1a860: 5101 0000 | 040f 85b6 | 0000 008b | 5108 f6c2 | 010f 85aa | 0000 0049 | 8b87 b801 | 0000 488d 
  0x0000021e35b1a880: 1c10 493b | 9fc8 0100 | 000f 8792 | 0000 0049 | 899f b801 | 0000 4883 | ea10 0f84 | 0f00 0000 
  0x0000021e35b1a8a0: 33c9 c1ea | 0348 894c | d008 48ff | ca75 f648 | c700 0100 | 0000 5933 | f689 700c | 49ba 0000 
  0x0000021e35b1a8c0: 0000 0800 | 0000 492b | ca89 4808 | 49ba ff8e | 49ee f97f | 0000 4180 | 3a00 0f84 | 3c00 0000 
  0x0000021e35b1a8e0: 5048 8bc8 | 4883 ec20 | 40f6 c40f | 0f84 1900 | 0000 4883 | ec08 48b8 | a0ef f2ed | f97f 0000 
  0x0000021e35b1a900: ffd0 4883 | c408 e90c | 0000 0048 | b8a0 eff2 | edf9 7f00 | 00ff d048 | 83c4 2058 | e9cb 0000 
  0x0000021e35b1a920: 0059 488b | 55e8 488b | 5208 488b | 5208 450f | b745 0141 | 0fc8 41c1 | e810 e805 | 0000 00e9 
  0x0000021e35b1a940: a800 0000 | 488d 4424 | 084c 896d | c049 8bcf | c5f8 7749 | 89af a803 | 0000 4989 | 8798 0300 
  0x0000021e35b1a960: 0048 83ec | 2040 f6c4 | 0f0f 8419 | 0000 0048 | 83ec 0848 | b800 47bc | edf9 7f00 | 00ff d048 
  0x0000021e35b1a980: 83c4 08e9 | 0c00 0000 | 48b8 0047 | bced f97f | 0000 ffd0 | 4883 c420 | 49c7 8798 | 0300 0000 
  0x0000021e35b1a9a0: 0000 0049 | c787 a803 | 0000 0000 | 0000 49c7 | 87a0 0300 | 0000 0000 | 00c5 f877 | 4983 7f08 
  0x0000021e35b1a9c0: 000f 8405 | 0000 00e9 | 3465 feff | 498b 87f0 | 0300 0049 | c787 f003 | 0000 0000 | 0000 4c8b 
  0x0000021e35b1a9e0: 6dc0 4c8b | 75c8 4e8d | 74f5 00c3 | 410f b65d | 0349 83c5 | 0349 ba40 | 594c eef9 | 7f00 0041 
  0x0000021e35b1aa00: ff24 da0f | 1f44 0000 
[/MachCode]

---------------  P R O C E S S  ---------------

Threads class SMR info:
_java_thread_list=0x0000021e4a24bad0, length=12, elements={
0x0000021e2a680ae0, 0x0000021e4a0ad490, 0x0000021e4a0b0170, 0x0000021e4a0bd8b0,
0x0000021e4a0b1300, 0x0000021e4a0dbb10, 0x0000021e4a0dc570, 0x0000021e4a0dcfd0,
0x0000021e4a0dde90, 0x0000021e4a0e2e40, 0x0000021e4526fba0, 0x0000021e4a1fedf0
}

Java Threads: ( => current thread )
=>0x0000021e2a680ae0 JavaThread "main"                              [_thread_in_vm, id=20756, stack(0x000000c047b00000,0x000000c047c00000) (1024K)]
  0x0000021e4a0ad490 JavaThread "Common-Cleaner"             daemon [_thread_blocked, id=19568, stack(0x000000c048300000,0x000000c048400000) (1024K)]
  0x0000021e4a0b0170 JavaThread "Reference Handler"          daemon [_thread_blocked, id=3096, stack(0x000000c048400000,0x000000c048500000) (1024K)]
  0x0000021e4a0bd8b0 JavaThread "Finalizer"                  daemon [_thread_blocked, id=20828, stack(0x000000c048500000,0x000000c048600000) (1024K)]
  0x0000021e4a0b1300 JavaThread "Signal Dispatcher"          daemon [_thread_blocked, id=23256, stack(0x000000c048600000,0x000000c048700000) (1024K)]
  0x0000021e4a0dbb10 JavaThread "Attach Listener"            daemon [_thread_blocked, id=29512, stack(0x000000c048700000,0x000000c048800000) (1024K)]
  0x0000021e4a0dc570 JavaThread "Service Thread"             daemon [_thread_blocked, id=23384, stack(0x000000c048800000,0x000000c048900000) (1024K)]
  0x0000021e4a0dcfd0 JavaThread "Monitor Deflation Thread"   daemon [_thread_blocked, id=24204, stack(0x000000c048900000,0x000000c048a00000) (1024K)]
  0x0000021e4a0dde90 JavaThread "C2 CompilerThread0"         daemon [_thread_blocked, id=23184, stack(0x000000c048a00000,0x000000c048b00000) (1024K)]
  0x0000021e4a0e2e40 JavaThread "C1 CompilerThread0"         daemon [_thread_in_vm, id=21776, stack(0x000000c048b00000,0x000000c048c00000) (1024K)]
  0x0000021e4526fba0 JavaThread "C1 CompilerThread1"         daemon [_thread_in_vm, id=9356, stack(0x000000c048c00000,0x000000c048d00000) (1024K)]
  0x0000021e4a1fedf0 JavaThread "C1 CompilerThread2"         daemon [_thread_in_vm, id=10744, stack(0x000000c048d00000,0x000000c048e00000) (1024K)]
Total: 12

Other Threads:
  0x0000021e2a6e5c00 VMThread "VM Thread"                           [id=16760, stack(0x000000c048200000,0x000000c048300000) (1024K)]
  0x0000021e4526edb0 WatcherThread "VM Periodic Task Thread"        [id=25928, stack(0x000000c048100000,0x000000c048200000) (1024K)]
  0x0000021e2a6e54c0 WorkerThread "GC Thread#0"                     [id=19780, stack(0x000000c047c00000,0x000000c047d00000) (1024K)]
  0x0000021e2a7148b0 ConcurrentGCThread "G1 Main Marker"            [id=18116, stack(0x000000c047d00000,0x000000c047e00000) (1024K)]
  0x0000021e2a6e4d80 WorkerThread "G1 Conc#0"                       [id=25676, stack(0x000000c047e00000,0x000000c047f00000) (1024K)]
  0x0000021e4513e080 ConcurrentGCThread "G1 Refine#0"               [id=26864, stack(0x000000c047f00000,0x000000c048000000) (1024K)]
  0x0000021e4513f9a0 ConcurrentGCThread "G1 Service"                [id=4892, stack(0x000000c048000000,0x000000c048100000) (1024K)]
Total: 7

Threads with active compile tasks:
C1 CompilerThread0  259   42       3       java.util.ImmutableCollections$SetN$SetNIterator::next (90 bytes)
C1 CompilerThread1  259   47       3       java.util.ImmutableCollections$MapN::probe (60 bytes)
C1 CompilerThread2  259   43       3       java.util.ImmutableCollections$AbstractImmutableCollection::<init> (5 bytes)
Total: 3

VM state: not at safepoint (normal execution)

VM Mutex/Monitor currently owned by a thread:  ([mutex/lock_event])
[0x00007ff9ee4af948] Metaspace_lock - owner thread: 0x0000021e2a680ae0

Heap address: 0x0000000709800000, size: 3944 MB, Compressed Oops mode: Zero based, Oop shift amount: 3

CDS archive(s) not mapped
Compressed class space mapped at: 0x0000000800000000-0x0000000840000000, reserved size: 1073741824
Narrow klass base: 0x0000000800000000, Narrow klass shift: 0, Narrow klass range: 0x40000000

GC Precious Log:
 CardTable entry size: 512
 Card Set container configuration: InlinePtr #cards 4 size 8 Array Of Cards #cards 16 size 48 Howl #buckets 8 coarsen threshold 3686 Howl Bitmap #cards 512 size 80 coarsen threshold 460 Card regions per heap region 1 cards per card region 4096
 CPUs: 16 total, 16 available
 Memory: 15775M
 Large Page Support: Disabled
 NUMA Support: Disabled
 Compressed Oops: Enabled (Zero based)
 Heap Region Size: 2M
 Heap Min Capacity: 8M
 Heap Initial Capacity: 248M
 Heap Max Capacity: 3944M
 Pre-touch: Disabled
 Parallel Workers: 13
 Concurrent Workers: 3
 Concurrent Refinement Workers: 13
 Periodic GC: Disabled

Heap:
 garbage-first heap   total 253952K, used 0K [0x0000000709800000, 0x0000000800000000)
  region size 2048K, 1 young (2048K), 0 survivors (0K)
 Metaspace       used 4305K, committed 4352K, reserved 1114112K
  class space    used 338K, committed 384K, reserved 1048576K

Heap Regions: E=young(eden), S=young(survivor), O=old, HS=humongous(starts), HC=humongous(continues), CS=collection set, F=free, TAMS=top-at-mark-start, PB=parsable bottom
|   0|0x0000000709800000, 0x0000000709800000, 0x0000000709a00000|  0%| F|  |TAMS 0x0000000709800000| PB 0x0000000709800000| Untracked 
|   1|0x0000000709a00000, 0x0000000709a00000, 0x0000000709c00000|  0%| F|  |TAMS 0x0000000709a00000| PB 0x0000000709a00000| Untracked 
|   2|0x0000000709c00000, 0x0000000709c00000, 0x0000000709e00000|  0%| F|  |TAMS 0x0000000709c00000| PB 0x0000000709c00000| Untracked 
|   3|0x0000000709e00000, 0x0000000709e00000, 0x000000070a000000|  0%| F|  |TAMS 0x0000000709e00000| PB 0x0000000709e00000| Untracked 
|   4|0x000000070a000000, 0x000000070a000000, 0x000000070a200000|  0%| F|  |TAMS 0x000000070a000000| PB 0x000000070a000000| Untracked 
|   5|0x000000070a200000, 0x000000070a200000, 0x000000070a400000|  0%| F|  |TAMS 0x000000070a200000| PB 0x000000070a200000| Untracked 
|   6|0x000000070a400000, 0x000000070a400000, 0x000000070a600000|  0%| F|  |TAMS 0x000000070a400000| PB 0x000000070a400000| Untracked 
|   7|0x000000070a600000, 0x000000070a600000, 0x000000070a800000|  0%| F|  |TAMS 0x000000070a600000| PB 0x000000070a600000| Untracked 
|   8|0x000000070a800000, 0x000000070a800000, 0x000000070aa00000|  0%| F|  |TAMS 0x000000070a800000| PB 0x000000070a800000| Untracked 
|   9|0x000000070aa00000, 0x000000070aa00000, 0x000000070ac00000|  0%| F|  |TAMS 0x000000070aa00000| PB 0x000000070aa00000| Untracked 
|  10|0x000000070ac00000, 0x000000070ac00000, 0x000000070ae00000|  0%| F|  |TAMS 0x000000070ac00000| PB 0x000000070ac00000| Untracked 
|  11|0x000000070ae00000, 0x000000070ae00000, 0x000000070b000000|  0%| F|  |TAMS 0x000000070ae00000| PB 0x000000070ae00000| Untracked 
|  12|0x000000070b000000, 0x000000070b000000, 0x000000070b200000|  0%| F|  |TAMS 0x000000070b000000| PB 0x000000070b000000| Untracked 
|  13|0x000000070b200000, 0x000000070b200000, 0x000000070b400000|  0%| F|  |TAMS 0x000000070b200000| PB 0x000000070b200000| Untracked 
|  14|0x000000070b400000, 0x000000070b400000, 0x000000070b600000|  0%| F|  |TAMS 0x000000070b400000| PB 0x000000070b400000| Untracked 
|  15|0x000000070b600000, 0x000000070b600000, 0x000000070b800000|  0%| F|  |TAMS 0x000000070b600000| PB 0x000000070b600000| Untracked 
|  16|0x000000070b800000, 0x000000070b800000, 0x000000070ba00000|  0%| F|  |TAMS 0x000000070b800000| PB 0x000000070b800000| Untracked 
|  17|0x000000070ba00000, 0x000000070ba00000, 0x000000070bc00000|  0%| F|  |TAMS 0x000000070ba00000| PB 0x000000070ba00000| Untracked 
|  18|0x000000070bc00000, 0x000000070bc00000, 0x000000070be00000|  0%| F|  |TAMS 0x000000070bc00000| PB 0x000000070bc00000| Untracked 
|  19|0x000000070be00000, 0x000000070be00000, 0x000000070c000000|  0%| F|  |TAMS 0x000000070be00000| PB 0x000000070be00000| Untracked 
|  20|0x000000070c000000, 0x000000070c000000, 0x000000070c200000|  0%| F|  |TAMS 0x000000070c000000| PB 0x000000070c000000| Untracked 
|  21|0x000000070c200000, 0x000000070c200000, 0x000000070c400000|  0%| F|  |TAMS 0x000000070c200000| PB 0x000000070c200000| Untracked 
|  22|0x000000070c400000, 0x000000070c400000, 0x000000070c600000|  0%| F|  |TAMS 0x000000070c400000| PB 0x000000070c400000| Untracked 
|  23|0x000000070c600000, 0x000000070c600000, 0x000000070c800000|  0%| F|  |TAMS 0x000000070c600000| PB 0x000000070c600000| Untracked 
|  24|0x000000070c800000, 0x000000070c800000, 0x000000070ca00000|  0%| F|  |TAMS 0x000000070c800000| PB 0x000000070c800000| Untracked 
|  25|0x000000070ca00000, 0x000000070ca00000, 0x000000070cc00000|  0%| F|  |TAMS 0x000000070ca00000| PB 0x000000070ca00000| Untracked 
|  26|0x000000070cc00000, 0x000000070cc00000, 0x000000070ce00000|  0%| F|  |TAMS 0x000000070cc00000| PB 0x000000070cc00000| Untracked 
|  27|0x000000070ce00000, 0x000000070ce00000, 0x000000070d000000|  0%| F|  |TAMS 0x000000070ce00000| PB 0x000000070ce00000| Untracked 
|  28|0x000000070d000000, 0x000000070d000000, 0x000000070d200000|  0%| F|  |TAMS 0x000000070d000000| PB 0x000000070d000000| Untracked 
|  29|0x000000070d200000, 0x000000070d200000, 0x000000070d400000|  0%| F|  |TAMS 0x000000070d200000| PB 0x000000070d200000| Untracked 
|  30|0x000000070d400000, 0x000000070d400000, 0x000000070d600000|  0%| F|  |TAMS 0x000000070d400000| PB 0x000000070d400000| Untracked 
|  31|0x000000070d600000, 0x000000070d600000, 0x000000070d800000|  0%| F|  |TAMS 0x000000070d600000| PB 0x000000070d600000| Untracked 
|  32|0x000000070d800000, 0x000000070d800000, 0x000000070da00000|  0%| F|  |TAMS 0x000000070d800000| PB 0x000000070d800000| Untracked 
|  33|0x000000070da00000, 0x000000070da00000, 0x000000070dc00000|  0%| F|  |TAMS 0x000000070da00000| PB 0x000000070da00000| Untracked 
|  34|0x000000070dc00000, 0x000000070dc00000, 0x000000070de00000|  0%| F|  |TAMS 0x000000070dc00000| PB 0x000000070dc00000| Untracked 
|  35|0x000000070de00000, 0x000000070de00000, 0x000000070e000000|  0%| F|  |TAMS 0x000000070de00000| PB 0x000000070de00000| Untracked 
|  36|0x000000070e000000, 0x000000070e000000, 0x000000070e200000|  0%| F|  |TAMS 0x000000070e000000| PB 0x000000070e000000| Untracked 
|  37|0x000000070e200000, 0x000000070e200000, 0x000000070e400000|  0%| F|  |TAMS 0x000000070e200000| PB 0x000000070e200000| Untracked 
|  38|0x000000070e400000, 0x000000070e400000, 0x000000070e600000|  0%| F|  |TAMS 0x000000070e400000| PB 0x000000070e400000| Untracked 
|  39|0x000000070e600000, 0x000000070e600000, 0x000000070e800000|  0%| F|  |TAMS 0x000000070e600000| PB 0x000000070e600000| Untracked 
|  40|0x000000070e800000, 0x000000070e800000, 0x000000070ea00000|  0%| F|  |TAMS 0x000000070e800000| PB 0x000000070e800000| Untracked 
|  41|0x000000070ea00000, 0x000000070ea00000, 0x000000070ec00000|  0%| F|  |TAMS 0x000000070ea00000| PB 0x000000070ea00000| Untracked 
|  42|0x000000070ec00000, 0x000000070ec00000, 0x000000070ee00000|  0%| F|  |TAMS 0x000000070ec00000| PB 0x000000070ec00000| Untracked 
|  43|0x000000070ee00000, 0x000000070ee00000, 0x000000070f000000|  0%| F|  |TAMS 0x000000070ee00000| PB 0x000000070ee00000| Untracked 
|  44|0x000000070f000000, 0x000000070f000000, 0x000000070f200000|  0%| F|  |TAMS 0x000000070f000000| PB 0x000000070f000000| Untracked 
|  45|0x000000070f200000, 0x000000070f200000, 0x000000070f400000|  0%| F|  |TAMS 0x000000070f200000| PB 0x000000070f200000| Untracked 
|  46|0x000000070f400000, 0x000000070f400000, 0x000000070f600000|  0%| F|  |TAMS 0x000000070f400000| PB 0x000000070f400000| Untracked 
|  47|0x000000070f600000, 0x000000070f600000, 0x000000070f800000|  0%| F|  |TAMS 0x000000070f600000| PB 0x000000070f600000| Untracked 
|  48|0x000000070f800000, 0x000000070f800000, 0x000000070fa00000|  0%| F|  |TAMS 0x000000070f800000| PB 0x000000070f800000| Untracked 
|  49|0x000000070fa00000, 0x000000070fa00000, 0x000000070fc00000|  0%| F|  |TAMS 0x000000070fa00000| PB 0x000000070fa00000| Untracked 
|  50|0x000000070fc00000, 0x000000070fc00000, 0x000000070fe00000|  0%| F|  |TAMS 0x000000070fc00000| PB 0x000000070fc00000| Untracked 
|  51|0x000000070fe00000, 0x000000070fe00000, 0x0000000710000000|  0%| F|  |TAMS 0x000000070fe00000| PB 0x000000070fe00000| Untracked 
|  52|0x0000000710000000, 0x0000000710000000, 0x0000000710200000|  0%| F|  |TAMS 0x0000000710000000| PB 0x0000000710000000| Untracked 
|  53|0x0000000710200000, 0x0000000710200000, 0x0000000710400000|  0%| F|  |TAMS 0x0000000710200000| PB 0x0000000710200000| Untracked 
|  54|0x0000000710400000, 0x0000000710400000, 0x0000000710600000|  0%| F|  |TAMS 0x0000000710400000| PB 0x0000000710400000| Untracked 
|  55|0x0000000710600000, 0x0000000710600000, 0x0000000710800000|  0%| F|  |TAMS 0x0000000710600000| PB 0x0000000710600000| Untracked 
|  56|0x0000000710800000, 0x0000000710800000, 0x0000000710a00000|  0%| F|  |TAMS 0x0000000710800000| PB 0x0000000710800000| Untracked 
|  57|0x0000000710a00000, 0x0000000710a00000, 0x0000000710c00000|  0%| F|  |TAMS 0x0000000710a00000| PB 0x0000000710a00000| Untracked 
|  58|0x0000000710c00000, 0x0000000710c00000, 0x0000000710e00000|  0%| F|  |TAMS 0x0000000710c00000| PB 0x0000000710c00000| Untracked 
|  59|0x0000000710e00000, 0x0000000710e00000, 0x0000000711000000|  0%| F|  |TAMS 0x0000000710e00000| PB 0x0000000710e00000| Untracked 
|  60|0x0000000711000000, 0x0000000711000000, 0x0000000711200000|  0%| F|  |TAMS 0x0000000711000000| PB 0x0000000711000000| Untracked 
|  61|0x0000000711200000, 0x0000000711200000, 0x0000000711400000|  0%| F|  |TAMS 0x0000000711200000| PB 0x0000000711200000| Untracked 
|  62|0x0000000711400000, 0x0000000711400000, 0x0000000711600000|  0%| F|  |TAMS 0x0000000711400000| PB 0x0000000711400000| Untracked 
|  63|0x0000000711600000, 0x0000000711600000, 0x0000000711800000|  0%| F|  |TAMS 0x0000000711600000| PB 0x0000000711600000| Untracked 
|  64|0x0000000711800000, 0x0000000711800000, 0x0000000711a00000|  0%| F|  |TAMS 0x0000000711800000| PB 0x0000000711800000| Untracked 
|  65|0x0000000711a00000, 0x0000000711a00000, 0x0000000711c00000|  0%| F|  |TAMS 0x0000000711a00000| PB 0x0000000711a00000| Untracked 
|  66|0x0000000711c00000, 0x0000000711c00000, 0x0000000711e00000|  0%| F|  |TAMS 0x0000000711c00000| PB 0x0000000711c00000| Untracked 
|  67|0x0000000711e00000, 0x0000000711e00000, 0x0000000712000000|  0%| F|  |TAMS 0x0000000711e00000| PB 0x0000000711e00000| Untracked 
|  68|0x0000000712000000, 0x0000000712000000, 0x0000000712200000|  0%| F|  |TAMS 0x0000000712000000| PB 0x0000000712000000| Untracked 
|  69|0x0000000712200000, 0x0000000712200000, 0x0000000712400000|  0%| F|  |TAMS 0x0000000712200000| PB 0x0000000712200000| Untracked 
|  70|0x0000000712400000, 0x0000000712400000, 0x0000000712600000|  0%| F|  |TAMS 0x0000000712400000| PB 0x0000000712400000| Untracked 
|  71|0x0000000712600000, 0x0000000712600000, 0x0000000712800000|  0%| F|  |TAMS 0x0000000712600000| PB 0x0000000712600000| Untracked 
|  72|0x0000000712800000, 0x0000000712800000, 0x0000000712a00000|  0%| F|  |TAMS 0x0000000712800000| PB 0x0000000712800000| Untracked 
|  73|0x0000000712a00000, 0x0000000712a00000, 0x0000000712c00000|  0%| F|  |TAMS 0x0000000712a00000| PB 0x0000000712a00000| Untracked 
|  74|0x0000000712c00000, 0x0000000712c00000, 0x0000000712e00000|  0%| F|  |TAMS 0x0000000712c00000| PB 0x0000000712c00000| Untracked 
|  75|0x0000000712e00000, 0x0000000712e00000, 0x0000000713000000|  0%| F|  |TAMS 0x0000000712e00000| PB 0x0000000712e00000| Untracked 
|  76|0x0000000713000000, 0x0000000713000000, 0x0000000713200000|  0%| F|  |TAMS 0x0000000713000000| PB 0x0000000713000000| Untracked 
|  77|0x0000000713200000, 0x0000000713200000, 0x0000000713400000|  0%| F|  |TAMS 0x0000000713200000| PB 0x0000000713200000| Untracked 
|  78|0x0000000713400000, 0x0000000713400000, 0x0000000713600000|  0%| F|  |TAMS 0x0000000713400000| PB 0x0000000713400000| Untracked 
|  79|0x0000000713600000, 0x0000000713600000, 0x0000000713800000|  0%| F|  |TAMS 0x0000000713600000| PB 0x0000000713600000| Untracked 
|  80|0x0000000713800000, 0x0000000713800000, 0x0000000713a00000|  0%| F|  |TAMS 0x0000000713800000| PB 0x0000000713800000| Untracked 
|  81|0x0000000713a00000, 0x0000000713a00000, 0x0000000713c00000|  0%| F|  |TAMS 0x0000000713a00000| PB 0x0000000713a00000| Untracked 
|  82|0x0000000713c00000, 0x0000000713c00000, 0x0000000713e00000|  0%| F|  |TAMS 0x0000000713c00000| PB 0x0000000713c00000| Untracked 
|  83|0x0000000713e00000, 0x0000000713e00000, 0x0000000714000000|  0%| F|  |TAMS 0x0000000713e00000| PB 0x0000000713e00000| Untracked 
|  84|0x0000000714000000, 0x0000000714000000, 0x0000000714200000|  0%| F|  |TAMS 0x0000000714000000| PB 0x0000000714000000| Untracked 
|  85|0x0000000714200000, 0x0000000714200000, 0x0000000714400000|  0%| F|  |TAMS 0x0000000714200000| PB 0x0000000714200000| Untracked 
|  86|0x0000000714400000, 0x0000000714400000, 0x0000000714600000|  0%| F|  |TAMS 0x0000000714400000| PB 0x0000000714400000| Untracked 
|  87|0x0000000714600000, 0x0000000714600000, 0x0000000714800000|  0%| F|  |TAMS 0x0000000714600000| PB 0x0000000714600000| Untracked 
|  88|0x0000000714800000, 0x0000000714800000, 0x0000000714a00000|  0%| F|  |TAMS 0x0000000714800000| PB 0x0000000714800000| Untracked 
|  89|0x0000000714a00000, 0x0000000714a00000, 0x0000000714c00000|  0%| F|  |TAMS 0x0000000714a00000| PB 0x0000000714a00000| Untracked 
|  90|0x0000000714c00000, 0x0000000714c00000, 0x0000000714e00000|  0%| F|  |TAMS 0x0000000714c00000| PB 0x0000000714c00000| Untracked 
|  91|0x0000000714e00000, 0x0000000714e00000, 0x0000000715000000|  0%| F|  |TAMS 0x0000000714e00000| PB 0x0000000714e00000| Untracked 
|  92|0x0000000715000000, 0x0000000715000000, 0x0000000715200000|  0%| F|  |TAMS 0x0000000715000000| PB 0x0000000715000000| Untracked 
|  93|0x0000000715200000, 0x0000000715200000, 0x0000000715400000|  0%| F|  |TAMS 0x0000000715200000| PB 0x0000000715200000| Untracked 
|  94|0x0000000715400000, 0x0000000715400000, 0x0000000715600000|  0%| F|  |TAMS 0x0000000715400000| PB 0x0000000715400000| Untracked 
|  95|0x0000000715600000, 0x0000000715600000, 0x0000000715800000|  0%| F|  |TAMS 0x0000000715600000| PB 0x0000000715600000| Untracked 
|  96|0x0000000715800000, 0x0000000715800000, 0x0000000715a00000|  0%| F|  |TAMS 0x0000000715800000| PB 0x0000000715800000| Untracked 
|  97|0x0000000715a00000, 0x0000000715a00000, 0x0000000715c00000|  0%| F|  |TAMS 0x0000000715a00000| PB 0x0000000715a00000| Untracked 
|  98|0x0000000715c00000, 0x0000000715c00000, 0x0000000715e00000|  0%| F|  |TAMS 0x0000000715c00000| PB 0x0000000715c00000| Untracked 
|  99|0x0000000715e00000, 0x0000000715e00000, 0x0000000716000000|  0%| F|  |TAMS 0x0000000715e00000| PB 0x0000000715e00000| Untracked 
| 100|0x0000000716000000, 0x0000000716000000, 0x0000000716200000|  0%| F|  |TAMS 0x0000000716000000| PB 0x0000000716000000| Untracked 
| 101|0x0000000716200000, 0x0000000716200000, 0x0000000716400000|  0%| F|  |TAMS 0x0000000716200000| PB 0x0000000716200000| Untracked 
| 102|0x0000000716400000, 0x0000000716400000, 0x0000000716600000|  0%| F|  |TAMS 0x0000000716400000| PB 0x0000000716400000| Untracked 
| 103|0x0000000716600000, 0x0000000716600000, 0x0000000716800000|  0%| F|  |TAMS 0x0000000716600000| PB 0x0000000716600000| Untracked 
| 104|0x0000000716800000, 0x0000000716800000, 0x0000000716a00000|  0%| F|  |TAMS 0x0000000716800000| PB 0x0000000716800000| Untracked 
| 105|0x0000000716a00000, 0x0000000716a00000, 0x0000000716c00000|  0%| F|  |TAMS 0x0000000716a00000| PB 0x0000000716a00000| Untracked 
| 106|0x0000000716c00000, 0x0000000716c00000, 0x0000000716e00000|  0%| F|  |TAMS 0x0000000716c00000| PB 0x0000000716c00000| Untracked 
| 107|0x0000000716e00000, 0x0000000716e00000, 0x0000000717000000|  0%| F|  |TAMS 0x0000000716e00000| PB 0x0000000716e00000| Untracked 
| 108|0x0000000717000000, 0x0000000717000000, 0x0000000717200000|  0%| F|  |TAMS 0x0000000717000000| PB 0x0000000717000000| Untracked 
| 109|0x0000000717200000, 0x0000000717200000, 0x0000000717400000|  0%| F|  |TAMS 0x0000000717200000| PB 0x0000000717200000| Untracked 
| 110|0x0000000717400000, 0x0000000717400000, 0x0000000717600000|  0%| F|  |TAMS 0x0000000717400000| PB 0x0000000717400000| Untracked 
| 111|0x0000000717600000, 0x0000000717600000, 0x0000000717800000|  0%| F|  |TAMS 0x0000000717600000| PB 0x0000000717600000| Untracked 
| 112|0x0000000717800000, 0x0000000717800000, 0x0000000717a00000|  0%| F|  |TAMS 0x0000000717800000| PB 0x0000000717800000| Untracked 
| 113|0x0000000717a00000, 0x0000000717a00000, 0x0000000717c00000|  0%| F|  |TAMS 0x0000000717a00000| PB 0x0000000717a00000| Untracked 
| 114|0x0000000717c00000, 0x0000000717c00000, 0x0000000717e00000|  0%| F|  |TAMS 0x0000000717c00000| PB 0x0000000717c00000| Untracked 
| 115|0x0000000717e00000, 0x0000000717e00000, 0x0000000718000000|  0%| F|  |TAMS 0x0000000717e00000| PB 0x0000000717e00000| Untracked 
| 116|0x0000000718000000, 0x0000000718000000, 0x0000000718200000|  0%| F|  |TAMS 0x0000000718000000| PB 0x0000000718000000| Untracked 
| 117|0x0000000718200000, 0x0000000718200000, 0x0000000718400000|  0%| F|  |TAMS 0x0000000718200000| PB 0x0000000718200000| Untracked 
| 118|0x0000000718400000, 0x0000000718400000, 0x0000000718600000|  0%| F|  |TAMS 0x0000000718400000| PB 0x0000000718400000| Untracked 
| 119|0x0000000718600000, 0x0000000718600000, 0x0000000718800000|  0%| F|  |TAMS 0x0000000718600000| PB 0x0000000718600000| Untracked 
| 120|0x0000000718800000, 0x0000000718800000, 0x0000000718a00000|  0%| F|  |TAMS 0x0000000718800000| PB 0x0000000718800000| Untracked 
| 121|0x0000000718a00000, 0x0000000718a00000, 0x0000000718c00000|  0%| F|  |TAMS 0x0000000718a00000| PB 0x0000000718a00000| Untracked 
| 122|0x0000000718c00000, 0x0000000718c00000, 0x0000000718e00000|  0%| F|  |TAMS 0x0000000718c00000| PB 0x0000000718c00000| Untracked 
| 123|0x0000000718e00000, 0x0000000719000000, 0x0000000719000000|100%| E|  |TAMS 0x0000000718e00000| PB 0x0000000718e00000| Complete 

Card table byte_map: [0x0000021e3e6f0000,0x0000021e3eeb0000] _byte_map_base: 0x0000021e3aea4000

Marking Bits: (CMBitMap*) 0x0000021e2a6e6860
 Bits: [0x0000021e3eeb0000, 0x0000021e42c50000)

Polling page: 0x0000021e28640000

Metaspace:

Usage:
  Non-class:      3.87 MB used.
      Class:    338.68 KB used.
       Both:      4.20 MB used.

Virtual space:
  Non-class space:       64.00 MB reserved,       3.88 MB (  6%) committed,  1 nodes.
      Class space:        1.00 GB reserved,     384.00 KB ( <1%) committed,  1 nodes.
             Both:        1.06 GB reserved,       4.25 MB ( <1%) committed. 

Chunk freelists:
   Non-Class:  12.00 MB
       Class:  15.62 MB
        Both:  27.62 MB

MaxMetaspaceSize: unlimited
CompressedClassSpaceSize: 1.00 GB
Initial GC threshold: 21.00 MB
Current GC threshold: 21.00 MB
CDS: off
 - commit_granule_bytes: 65536.
 - commit_granule_words: 8192.
 - virtual_space_node_default_size: 8388608.
 - enlarge_chunks_in_place: 1.
 - use_allocation_guard: 0.


Internal statistics:

num_allocs_failed_limit: 0.
num_arena_births: 2.
num_arena_deaths: 0.
num_vsnodes_births: 2.
num_vsnodes_deaths: 0.
num_space_committed: 68.
num_space_uncommitted: 0.
num_chunks_returned_to_freelist: 0.
num_chunks_taken_from_freelist: 4.
num_chunk_merges: 0.
num_chunk_splits: 2.
num_chunks_enlarged: 0.
num_inconsistent_stats: 0.

CodeHeap 'non-profiled nmethods': size=119168Kb used=9Kb max_used=9Kb free=119158Kb
 bounds [0x0000021e36250000, 0x0000021e364c0000, 0x0000021e3d6b0000]
CodeHeap 'profiled nmethods': size=119104Kb used=48Kb max_used=48Kb free=119056Kb
 bounds [0x0000021e2e6b0000, 0x0000021e2e920000, 0x0000021e35b00000]
CodeHeap 'non-nmethods': size=7488Kb used=2293Kb max_used=2293Kb free=5194Kb
 bounds [0x0000021e35b00000, 0x0000021e35d70000, 0x0000021e36250000]
 total_blobs=340 nmethods=37 adapters=206
 compilation: enabled
              stopped_count=0, restarted_count=0
 full_count=0

Compilation events (20 events):
Event: 0.175 Thread 0x0000021e4a0e2e40   14       3       jdk.internal.util.Preconditions::checkIndex (18 bytes)
Event: 0.175 Thread 0x0000021e4a0e2e40 nmethod 14 0x0000021e2e6b7a10 code [0x0000021e2e6b7bc0, 0x0000021e2e6b7d50]
Event: 0.175 Thread 0x0000021e4a0e2e40   24       3       jdk.internal.module.Builder::newExports (11 bytes)
Event: 0.175 Thread 0x0000021e4a0e2e40 nmethod 24 0x0000021e2e6b7e10 code [0x0000021e2e6b7fc0, 0x0000021e2e6b8108]
Event: 0.175 Thread 0x0000021e4a0e2e40   25       3       java.lang.module.ModuleDescriptor$1::newExports (14 bytes)
Event: 0.175 Thread 0x0000021e4a0e2e40 nmethod 25 0x0000021e2e6b8190 code [0x0000021e2e6b8360, 0x0000021e2e6b8718]
Event: 0.175 Thread 0x0000021e4a0e2e40   26       3       java.lang.String::coder (15 bytes)
Event: 0.175 Thread 0x0000021e4a0e2e40 nmethod 26 0x0000021e2e6b8890 code [0x0000021e2e6b8a20, 0x0000021e2e6b8b58]
Event: 0.175 Thread 0x0000021e4a0e2e40   27       3       java.lang.String::length (11 bytes)
Event: 0.176 Thread 0x0000021e4a0e2e40 nmethod 27 0x0000021e2e6b8c10 code [0x0000021e2e6b8dc0, 0x0000021e2e6b8f68]
Event: 0.176 Thread 0x0000021e4a0e2e40   28       1       java.lang.module.ModuleDescriptor::name (5 bytes)
Event: 0.176 Thread 0x0000021e4a0e2e40 nmethod 28 0x0000021e36250e10 code [0x0000021e36250fa0, 0x0000021e36251070]
Event: 0.176 Thread 0x0000021e4a0e2e40   30       1       java.lang.module.ModuleReference::descriptor (5 bytes)
Event: 0.176 Thread 0x0000021e4a0e2e40 nmethod 30 0x0000021e36251110 code [0x0000021e362512a0, 0x0000021e36251370]
Event: 0.177 Thread 0x0000021e4a0dde90 nmethod 18 0x0000021e36251410 code [0x0000021e362515a0, 0x0000021e36251758]
Event: 0.189 Thread 0x0000021e4a0e2e40   31       3       java.util.ImmutableCollections$SetN::iterator (9 bytes)
Event: 0.189 Thread 0x0000021e4a0e2e40 nmethod 31 0x0000021e2e6b9090 code [0x0000021e2e6b9240, 0x0000021e2e6b93e8]
Event: 0.189 Thread 0x0000021e4a0e2e40   33       3       java.util.ImmutableCollections$SetN$SetNIterator::hasNext (13 bytes)
Event: 0.189 Thread 0x0000021e4a0e2e40 nmethod 33 0x0000021e2e6b9490 code [0x0000021e2e6b9620, 0x0000021e2e6b9780]
Event: 0.189 Thread 0x0000021e4a0e2e40   39   !   3       java.util.concurrent.ConcurrentHashMap::putVal (432 bytes)

GC Heap History (0 events):
No events

Dll operation events (2 events):
Event: 0.020 Loaded shared library C:\Program Files\JetBrains\WebStorm 2025.2\jbr\bin\java.dll
Event: 0.033 Loaded shared library C:\Program Files\JetBrains\WebStorm 2025.2\jbr\bin\zip.dll

Deoptimization events (0 events):
No events

Classes loaded (20 events):
Event: 0.188 Loading class sun/net/www/protocol/jar/Handler done
Event: 0.188 Loading class jdk/internal/module/ServicesCatalog
Event: 0.188 Loading class jdk/internal/module/ServicesCatalog done
Event: 0.188 Loading class jdk/internal/loader/ClassLoaderValue
Event: 0.188 Loading class jdk/internal/loader/AbstractClassLoaderValue
Event: 0.188 Loading class jdk/internal/loader/AbstractClassLoaderValue done
Event: 0.188 Loading class jdk/internal/loader/ClassLoaderValue done
Event: 0.189 Loading class jdk/internal/loader/BuiltinClassLoader$LoadedModule
Event: 0.189 Loading class jdk/internal/loader/BuiltinClassLoader$LoadedModule done
Event: 0.190 Loading class java/lang/module/Configuration
Event: 0.190 Loading class java/lang/module/Configuration done
Event: 0.190 Loading class java/lang/module/ResolvedModule
Event: 0.190 Loading class java/lang/module/ResolvedModule done
Event: 0.190 Loading class java/util/AbstractMap$1
Event: 0.190 Loading class java/util/AbstractMap$1 done
Event: 0.190 Loading class java/util/AbstractMap$1$1
Event: 0.190 Loading class java/util/AbstractMap$1$1 done
Event: 0.191 Loading class jdk/internal/module/ModuleLoaderMap
Event: 0.191 Loading class jdk/internal/module/ModuleLoaderMap done
Event: 0.191 Loading class jdk/internal/module/ModuleLoaderMap$Mapper

Classes unloaded (0 events):
No events

Classes redefined (0 events):
No events

Internal exceptions (0 events):
No events

ZGC Phase Switch (0 events):
No events

VM Operations (0 events):
No events

Memory protections (0 events):
No events

Nmethod flushes (0 events):
No events

Events (10 events):
Event: 0.027 Thread 0x0000021e2a680ae0 Thread added: 0x0000021e2a680ae0
Event: 0.139 Thread 0x0000021e2a680ae0 Thread added: 0x0000021e4a0ad490
Event: 0.150 Thread 0x0000021e2a680ae0 Thread added: 0x0000021e4a0b0170
Event: 0.150 Thread 0x0000021e2a680ae0 Thread added: 0x0000021e4a0bd8b0
Event: 0.152 Thread 0x0000021e2a680ae0 Thread added: 0x0000021e4a0b1300
Event: 0.152 Thread 0x0000021e2a680ae0 Thread added: 0x0000021e4a0dbb10
Event: 0.152 Thread 0x0000021e2a680ae0 Thread added: 0x0000021e4a0dc570
Event: 0.152 Thread 0x0000021e2a680ae0 Thread added: 0x0000021e4a0dcfd0
Event: 0.153 Thread 0x0000021e2a680ae0 Thread added: 0x0000021e4a0dde90
Event: 0.153 Thread 0x0000021e2a680ae0 Thread added: 0x0000021e4a0e2e40


Dynamic libraries:
0x00007ff704de0000 - 0x00007ff704dea000 	C:\Program Files\JetBrains\WebStorm 2025.2\jbr\bin\java.exe
0x00007ffa81980000 - 0x00007ffa81be3000 	C:\WINDOWS\SYSTEM32\ntdll.dll
0x00007ffa80560000 - 0x00007ffa80628000 	C:\WINDOWS\System32\KERNEL32.DLL
0x00007ffa7edd0000 - 0x00007ffa7f184000 	C:\WINDOWS\System32\KERNELBASE.dll
0x00007ffa78bc0000 - 0x00007ffa78c5c000 	C:\WINDOWS\SYSTEM32\apphelp.dll
0x00007ffa7f370000 - 0x00007ffa7f4bb000 	C:\WINDOWS\System32\ucrtbase.dll
0x00007ffa64840000 - 0x00007ffa64858000 	C:\Program Files\JetBrains\WebStorm 2025.2\jbr\bin\jli.dll
0x00007ffa6af80000 - 0x00007ffa6af9b000 	C:\Program Files\JetBrains\WebStorm 2025.2\jbr\bin\VCRUNTIME140.dll
0x00007ffa7fc10000 - 0x00007ffa7fdd9000 	C:\WINDOWS\System32\USER32.dll
0x00007ffa7f580000 - 0x00007ffa7f5a7000 	C:\WINDOWS\System32\win32u.dll
0x00007ffa698f0000 - 0x00007ffa69b80000 	C:\WINDOWS\WinSxS\amd64_microsoft.windows.common-controls_6595b64144ccf1df_6.0.26100.2702_none_3e069454e335fc5e\COMCTL32.dll
0x00007ffa7fbe0000 - 0x00007ffa7fc0a000 	C:\WINDOWS\System32\GDI32.dll
0x00007ffa80ef0000 - 0x00007ffa80f99000 	C:\WINDOWS\System32\msvcrt.dll
0x00007ffa7f190000 - 0x00007ffa7f2bb000 	C:\WINDOWS\System32\gdi32full.dll
0x00007ffa7f2c0000 - 0x00007ffa7f363000 	C:\WINDOWS\System32\msvcp_win.dll
0x00007ffa80630000 - 0x00007ffa8065f000 	C:\WINDOWS\System32\IMM32.DLL
0x00007ffa6e2d0000 - 0x00007ffa6e2dc000 	C:\Program Files\JetBrains\WebStorm 2025.2\jbr\bin\vcruntime140_1.dll
0x00007ffa4b8b0000 - 0x00007ffa4b93d000 	C:\Program Files\JetBrains\WebStorm 2025.2\jbr\bin\msvcp140.dll
0x00007ff9ed7e0000 - 0x00007ff9ee5a4000 	C:\Program Files\JetBrains\WebStorm 2025.2\jbr\bin\server\jvm.dll
0x00007ffa80fa0000 - 0x00007ffa81053000 	C:\WINDOWS\System32\ADVAPI32.dll
0x00007ffa80d80000 - 0x00007ffa80e26000 	C:\WINDOWS\System32\sechost.dll
0x00007ffa7f8a0000 - 0x00007ffa7f9b6000 	C:\WINDOWS\System32\RPCRT4.dll
0x00007ffa7f9c0000 - 0x00007ffa7fa34000 	C:\WINDOWS\System32\WS2_32.dll
0x00007ffa7ebc0000 - 0x00007ffa7ec0e000 	C:\WINDOWS\SYSTEM32\POWRPROF.dll
0x00007ffa79250000 - 0x00007ffa7925b000 	C:\WINDOWS\SYSTEM32\VERSION.dll
0x00007ffa7adf0000 - 0x00007ffa7ae26000 	C:\WINDOWS\SYSTEM32\WINMM.dll
0x00007ffa7eba0000 - 0x00007ffa7ebb4000 	C:\WINDOWS\SYSTEM32\UMPDC.dll
0x00007ffa7dde0000 - 0x00007ffa7ddfa000 	C:\WINDOWS\SYSTEM32\kernel.appcore.dll
0x00007ffa6af70000 - 0x00007ffa6af7a000 	C:\Program Files\JetBrains\WebStorm 2025.2\jbr\bin\jimage.dll
0x00007ffa7a8b0000 - 0x00007ffa7aaf1000 	C:\WINDOWS\SYSTEM32\DBGHELP.DLL
0x00007ffa7fe40000 - 0x00007ffa801be000 	C:\WINDOWS\System32\combase.dll
0x00007ffa7f7c0000 - 0x00007ffa7f896000 	C:\WINDOWS\System32\OLEAUT32.dll
0x00007ffa7adb0000 - 0x00007ffa7ade9000 	C:\WINDOWS\SYSTEM32\dbgcore.DLL
0x00007ffa7ed30000 - 0x00007ffa7edc9000 	C:\WINDOWS\System32\bcryptPrimitives.dll
0x00007ffa664c0000 - 0x00007ffa664e0000 	C:\Program Files\JetBrains\WebStorm 2025.2\jbr\bin\java.dll
0x00007ffa664a0000 - 0x00007ffa664b8000 	C:\Program Files\JetBrains\WebStorm 2025.2\jbr\bin\zip.dll
0x00007ffa80670000 - 0x00007ffa80d74000 	C:\WINDOWS\System32\SHELL32.dll
0x00007ffa7c9a0000 - 0x00007ffa7d1d7000 	C:\WINDOWS\SYSTEM32\windows.storage.dll
0x00007ffa81850000 - 0x00007ffa81939000 	C:\WINDOWS\System32\SHCORE.dll
0x00007ffa7fde0000 - 0x00007ffa7fe3d000 	C:\WINDOWS\System32\shlwapi.dll
0x00007ffa7ec40000 - 0x00007ffa7ec6e000 	C:\WINDOWS\SYSTEM32\profapi.dll

dbghelp: loaded successfully - version: 4.0.5 - missing functions: none
symbol engine: initialized successfully - sym options: 0x614 - pdb path: .;C:\Program Files\JetBrains\WebStorm 2025.2\jbr\bin;C:\WINDOWS\SYSTEM32;C:\WINDOWS\WinSxS\amd64_microsoft.windows.common-controls_6595b64144ccf1df_6.0.26100.2702_none_3e069454e335fc5e;C:\Program Files\JetBrains\WebStorm 2025.2\jbr\bin\server

VM Arguments:
java_command: git4idea.http.GitAskPassApp Username for 'https://github.com': 
java_class_path (initial): C:/Program Files/JetBrains/WebStorm 2025.2/plugins/vcs-git/lib/git4idea-rt.jar;C:/Program Files/JetBrains/WebStorm 2025.2/lib/externalProcess-rt.jar
Launcher Type: SUN_STANDARD

[Global flags]
     intx CICompilerCount                          = 12                                        {product} {ergonomic}
     uint ConcGCThreads                            = 3                                         {product} {ergonomic}
     uint G1ConcRefinementThreads                  = 13                                        {product} {ergonomic}
   size_t G1HeapRegionSize                         = 2097152                                   {product} {ergonomic}
    uintx GCDrainStackTargetSize                   = 64                                        {product} {ergonomic}
   size_t InitialHeapSize                          = 260046848                                 {product} {ergonomic}
   size_t MarkStackSize                            = 4194304                                   {product} {ergonomic}
   size_t MaxHeapSize                              = 4135583744                                {product} {ergonomic}
   size_t MaxNewSize                               = 2480930816                                {product} {ergonomic}
   size_t MinHeapDeltaBytes                        = 2097152                                   {product} {ergonomic}
   size_t MinHeapSize                              = 8388608                                   {product} {ergonomic}
    uintx NonNMethodCodeHeapSize                   = 7602480                                {pd product} {ergonomic}
    uintx NonProfiledCodeHeapSize                  = 122027880                              {pd product} {ergonomic}
    uintx ProfiledCodeHeapSize                     = 122027880                              {pd product} {ergonomic}
    uintx ReservedCodeCacheSize                    = 251658240                              {pd product} {ergonomic}
     bool SegmentedCodeCache                       = true                                      {product} {ergonomic}
   size_t SoftMaxHeapSize                          = 4135583744                             {manageable} {ergonomic}
     bool UseCompressedOops                        = true                           {product lp64_product} {ergonomic}
     bool UseG1GC                                  = true                                      {product} {ergonomic}
     bool UseLargePagesIndividualAllocation        = false                                  {pd product} {ergonomic}

Logging:
Log output configuration:
 #0: stdout all=warning uptime,level,tags foldmultilines=false
 #1: stderr all=off uptime,level,tags foldmultilines=false

Environment Variables:
JAVA_HOME=C:\Program Files\Eclipse Foundation\jdk-8.0.302.8-hotspot
PATH=C:/Program Files/Git/mingw64/libexec/git-core;C:/Program Files/Git/mingw64/libexec/git-core;C:\Program Files\Git\mingw64\bin;C:\Program Files\Git\usr\bin;C:\Users\ISPROJ\bin;C:\Program Files (x86)\VMware\VMware Player\bin\;C:\Ruby32-x64\bin;C:\Program Files (x86)\Microsoft SDKs\Azure\CLI2\wbin;C:\Program Files\Common Files\Oracle\Java\javapath;C:\Program Files (x86)\Common Files\Oracle\Java\javapath;C:\Program Files\Microsoft\jdk-11.0.16.101-hotspot\bin;C:\WINDOWS\system32;C:\WINDOWS;C:\WINDOWS\System32\Wbem;C:\WINDOWS\System32\WindowsPowerShell\v1.0\;C:\WINDOWS\System32\OpenSSH\;C:\Program Files (x86)\Microsoft SQL Server\160\Tools\Binn\;C:\Program Files\Microsoft SQL Server\160\Tools\Binn\;C:\Program Files\Microsoft SQL Server\Client SDK\ODBC\170\Tools\Binn\;C:\Program Files\Microsoft SQL Server\160\DTS\Binn\;C:\Program Files (x86)\Microsoft SQL Server\160\DTS\Binn\;C:\Program Files\Azure Data Studio\bin;C:\Program Files\Microsoft SQL Server\150\Tools\Binn\;C:\Program Files\dotnet\;C:\Program Files\Microsoft SQL Server\130\Tools\Binn\;C:\Program Files\nodejs;C:\Program Files\Microsoft VS Code\bin;C:\Users\Bytex\Documents\flutter_windows_3.13.9-stable\flutter\bin;C:\ProgramData\chocolatey\bin;C:\Program Files\SDelete;C:\gradle-8.1.1-all\gradle-8.1.1\bin;C:\Users\AlphaChain\AppData\Roaming\npm;C:\Users\puyan\AppData\Local\Packages\PythonSoftwareFoundation.Python.3.11_qbz5n2kfra8p0\LocalCache\local-packages\Python311\Scripts;C:\Users\puyan\OneDrive\Documents\flutter\bin;C:\xampp\php;C:\Program Files\nodejs\;C:\Users\Bytex\.cargo\bin;C:\Users\Bytex\Downloads\aircrack-ng-1.7-win\aircrack-ng-1.7-win\bin;C:\Users\Bytex\.avm\bin;C:\Users\Bytex\AppData\Local\Pub\Cache\bin;C:\Users\Bytex\AppData\Roaming\npm;C:\xmpp\php;C:\Program Files\CMake\bin;C:\flutter\bin;C:\Users\Devcrafts\AppData\Roaming\npm;C:\Users\Devcrafts\AppData\Local\Pub\Cache\bin;C:\Program Files (x86)\Incredibuild;C:\Users\AlphaChain\AppData\Local\Programs\Python\Python312\Scripts;C:\kotlinc\bin;C:\ProgramData\ComposerSetup\bin;C:\Program Files\Go\bin;C:\Program Files\Git\cmd;C:\Users\ISPROJ\.config\herd\bin;C:\Users\ISPROJ\AppData\Local\Programs\Python\Python313\Scripts\;C:\Users\ISPROJ\AppData\Local\Programs\Python\Python313\;C:\Program Files\MySQL\MySQL Shell 8.0\bin\;C:\Users\ISPROJ\.config\herd-lite\bin;C:\Users\ISPROJ\AppData\Local\pnpm;C:\Users\ISPROJ\Documents\flutter\bin;C:\Users\ISPROJ\AppData\Local\Microsoft\WindowsApps;C:\Users\ISPROJ\.dotnet\tools;C:\Users\ISPROJ\AppData\Roaming\Composer\vendor\bin;C:\Users\ISPROJ\AppData\Roaming\Composer\vendor\bin;C:\Program Files\JetBrains\WebStorm 2025.2\bin;C:\Users\ISPROJ\go\bin;C:\Users\ISPROJ\AppData\Roaming\npm\node_modules\serverless;C:\Users\ISPROJ\AppData\Roaming\npm;C:\ffmpeg-7.1.1-essentials_build\ffmpeg-7.1.1-essentials_build\bin
USERNAME=ISPROJ
DISPLAY=:0.0
LC_ALL=en_US.UTF-8
TERM=xterm-256color
TMPDIR=C:\Users\ISPROJ\AppData\Local\Temp
OS=Windows_NT
PROCESSOR_IDENTIFIER=AMD64 Family 25 Model 80 Stepping 0, AuthenticAMD
TMP=C:\Users\ISPROJ\AppData\Local\Temp
TEMP=C:\Users\ISPROJ\AppData\Local\Temp




Periodic native trim disabled

JNI global refs:
JNI global refs: 13, weak refs: 0

JNI global refs memory usage: 835, weak refs: 201

Process memory usage:
Resident Set Size: 34164K (0% of 16153752K total physical memory with 2125004K free physical memory)

OOME stack traces (most recent first):
Classloader memory used:
Loader bootstrap                                                                       : 4305K

---------------  S Y S T E M  ---------------

OS:
 Windows 11 , 64 bit Build 26100 (10.0.26100.2702)
OS uptime: 0 days 6:12 hours
Hyper-V role detected

CPU: total 16 (initial active 16) (16 cores per cpu, 2 threads per core) family 25 model 80 stepping 0 microcode 0xa50000c, cx8, cmov, fxsr, ht, mmx, 3dnowpref, sse, sse2, sse3, ssse3, sse4a, sse4.1, sse4.2, popcnt, lzcnt, tsc, tscinvbit, avx, avx2, aes, erms, clmul, bmi1, bmi2, adx, sha, fma, vzeroupper, clflush, clflushopt, hv, rdtscp, rdpid, fsrm, f16c, cet_ss
Processor Information for the first 16 processors :
  Max Mhz: 3301, Current Mhz: 2003, Mhz Limit: 3301

Memory: 4k page, system-wide physical 15775M (2075M free)
TotalPageFile size 28862M (AvailPageFile size 1M)
current process WorkingSet (physical memory assigned to process): 33M, peak: 33M
current process commit charge ("private bytes"): 334M, peak: 336M

vm_info: OpenJDK 64-Bit Server VM (21.0.7+6-b1038.58) for windows-amd64 JRE (21.0.7+6-b1038.58), built on 2025-07-07 by "builduser" with MS VC++ 16.10 / 16.11 (VS2019)

END.
