#
# A fatal error has been detected by the Java Runtime Environment:
#
#  EXCEPTION_UNCAUGHT_CXX_EXCEPTION (0xe06d7363) at pc=0x00007ffba8af8b3a, pid=15428, tid=8440
#
# JRE version: OpenJDK Runtime Environment JBR-21.0.6+8-631.39-jcef (21.0.6+8) (build 21.0.6+8-b631.39)
# Java VM: OpenJDK 64-Bit Server VM JBR-21.0.6+8-631.39-jcef (21.0.6+8-b631.39, mixed mode, sharing, tiered, compressed oops, compressed class ptrs, g1 gc, windows-amd64)
# Problematic frame:
# C  [KERNELBASE.dll+0xc8b3a]
#
# No core dump will be written. Minidumps are not enabled by default on client versions of Windows
#
# If you would like to submit a bug report, please visit:
#   https://youtrack.jetbrains.com/issues/JBR
#

---------------  S U M M A R Y ------------

Command Line: git4idea.http.GitAskPassApp Password for 'https://BryLim-AI@github.com': 

Host: AMD Ryzen 9 5900HS with Radeon Graphics        , 16 cores, 15G,  Windows 11 , 64 bit Build 26100 (10.0.26100.2702)
Time: Mon Jul  7 12:15:56 2025 Malay Peninsula Standard Time elapsed time: 0.302682 seconds (0d 0h 0m 0s)

---------------  T H R E A D  ---------------

Current thread (0x000001d0254e5220):  JavaThread "main"             [_thread_in_vm, id=8440, stack(0x000000bace700000,0x000000bace800000) (1024K)]

Stack: [0x000000bace700000,0x000000bace800000],  sp=0x000000bace7fccd0,  free space=1011k
Native frames: (J=compiled Java code, j=interpreted, Vv=VM code, C=native code)
C  [KERNELBASE.dll+0xc8b3a]
C  [VCRUNTIME140.dll+0x6480]
C  [jimage.dll+0x32a3]
C  [jimage.dll+0x2a11]
C  [jimage.dll+0x145b]
C  [jimage.dll+0x1e87]
C  [jimage.dll+0x1f1e]
C  [jimage.dll+0x265a]
V  [jvm.dll+0x225d95]
V  [jvm.dll+0x224b92]
V  [jvm.dll+0x83af3c]
V  [jvm.dll+0x83bfe2]
V  [jvm.dll+0x83c5a4]
V  [jvm.dll+0x48707b]
C  [java.dll+0x1a2d]

Java frames: (J=compiled Java code, j=interpreted, Vv=VM code)
J 555  java.lang.ClassLoader.findBootstrapClass(Ljava/lang/String;)Ljava/lang/Class; java.base@21.0.6 (0 bytes) @ 0x000001d0310d762a [0x000001d0310d75c0+0x000000000000006a]
j  java.lang.ClassLoader.findBootstrapClassOrNull(Ljava/lang/String;)Ljava/lang/Class;+10 java.base@21.0.6
j  java.lang.System$2.findBootstrapClassOrNull(Ljava/lang/String;)Ljava/lang/Class;+1 java.base@21.0.6
j  jdk.internal.loader.ClassLoaders$BootClassLoader.loadClassOrNull(Ljava/lang/String;Z)Ljava/lang/Class;+4 java.base@21.0.6
j  jdk.internal.loader.BuiltinClassLoader.loadClassOrNull(Ljava/lang/String;)Ljava/lang/Class;+3 java.base@21.0.6
j  jdk.internal.loader.BuiltinClassLoader.loadClassOrNull(Ljava/lang/String;Z)Ljava/lang/Class;+66 java.base@21.0.6
j  jdk.internal.loader.BuiltinClassLoader.loadClass(Ljava/lang/String;Z)Ljava/lang/Class;+3 java.base@21.0.6
j  java.lang.ClassLoader.loadClass(Ljava/lang/String;)Ljava/lang/Class;+3 java.base@21.0.6
v  ~StubRoutines::call_stub 0x000001d03096100d
j  jdk.internal.net.http.HttpClientImpl.<clinit>()V+70 java.net.http@21.0.6
v  ~StubRoutines::call_stub 0x000001d03096100d
j  jdk.internal.net.http.HttpClientBuilderImpl.build()Ljava/net/http/HttpClient;+1 java.net.http@21.0.6
j  externalApp.ExternalAppUtil.sendIdeRequest(Ljava/lang/String;ILjava/lang/String;Ljava/lang/String;)LexternalApp/ExternalAppUtil$Result;+77
j  git4idea.http.GitAskPassApp.main([Ljava/lang/String;)V+37
v  ~StubRoutines::call_stub 0x000001d03096100d

siginfo: EXCEPTION_UNCAUGHT_CXX_EXCEPTION (0xe06d7363), ExceptionInformation=0x0000000019930520 0x000000bace7fce50 0x00007ffb94025198 0x00007ffb94020000 


Registers:
RAX=0x000000bace7fc590, RBX=0x000000bace7fcdf8, RCX=0x0000000000000000, RDX=0x000001d0254e58e8
RSP=0x000000bace7fccd0, RBP=0x0000000000000004, RSI=0x0000000000000001, RDI=0x00000000e06d7363
R8 =0x000000000000006c, R9 =0x000000000000000b, R10=0x00007ffb61684e55, R11=0x0000000000000000
R12=0x0000000000010049, R13=0x000001d0254e58e8, R14=0x000001d0871b3330, R15=0x000001d0871b3330
RIP=0x00007ffba8af8b3a, EFLAGS=0x0000000000000206

XMM[0]=0x0000000000000040 0x000000000000002c
XMM[1]=0x000001d0871b1460 0x000000bace7fc601
XMM[2]=0x0000000000000000 0x000000bace7fcfd0
XMM[3]=0x000000002d1d167b 0x0000000000000001
XMM[4]=0x000001d0254e5220 0x000001d04054bb40
XMM[5]=0x000001d0871b1468 0x0000000000000000
XMM[6]=0x765272ef05b72b7d 0x54e989ae50a84614
XMM[7]=0x135ef2740d4ca252 0x7390eba572f4cd4e
XMM[8]=0x0662a674ac5976bb 0x5120ff6c7283a190
XMM[9]=0x6df31d2c6df31d2c 0x6df31d2c2f3de84a
XMM[10]=0x0000000000000000 0x00000000c14acb1e
XMM[11]=0x768e5385768e5385 0x768e5385a5cc3bcf
XMM[12]=0x0000000000000000 0x000000002f3de84a
XMM[13]=0x0000000000000000 0x0000000000000000
XMM[14]=0x0000000000000000 0x0000000000000000
XMM[15]=0x0000000000000000 0x0000000000000000
  MXCSR=0x00001fa0


Register to memory mapping:

RAX=0x000000bace7fc590 is pointing into the stack for thread: 0x000001d0254e5220
RBX=0x000000bace7fcdf8 is pointing into the stack for thread: 0x000001d0254e5220
RCX=0x0 is null
RDX=0x000001d0254e58e8 points into unknown readable memory: 0x7361622e6176616a | 6a 61 76 61 2e 62 61 73
RSP=0x000000bace7fccd0 is pointing into the stack for thread: 0x000001d0254e5220
RBP=0x0000000000000004 is an unknown value
RSI=0x0000000000000001 is an unknown value
RDI=0x00000000e06d7363 is an unknown value
R8 =0x000000000000006c is an unknown value
R9 =0x000000000000000b is an unknown value
R10=0x00007ffb61684e55 jvm.dll
R11=0x0 is null
R12=0x0000000000010049 is an unknown value
R13=0x000001d0254e58e8 points into unknown readable memory: 0x7361622e6176616a | 6a 61 76 61 2e 62 61 73
R14=0x000001d0871b3330 points into unknown readable memory: 0x654d2f656b6f766e | 6e 76 6f 6b 65 2f 4d 65
R15=0x000001d0871b3330 points into unknown readable memory: 0x654d2f656b6f766e | 6e 76 6f 6b 65 2f 4d 65

Top of Stack: (sp=0x000000bace7fccd0)
0x000000bace7fccd0:   0000000000010049 000000bace7fcdf8
0x000000bace7fcce0:   0000000000000001 000001d0871b3330
0x000000bace7fccf0:   00000081e06d7363 0000000000000000
0x000000bace7fcd00:   00007ffba8af8b3a 0000000000000004
0x000000bace7fcd10:   0000000019930520 000000bace7fce50
0x000000bace7fcd20:   00007ffb94025198 00007ffb94020000
0x000000bace7fcd30:   0000000000000000 0000000000000000
0x000000bace7fcd40:   0000000000000000 0000000000000000
0x000000bace7fcd50:   0000000000000000 0000000000000000
0x000000bace7fcd60:   0000000000000000 0000000000000000
0x000000bace7fcd70:   0000000000000000 0000000000000000
0x000000bace7fcd80:   0000000000000000 000000000000037f
0x000000bace7fcd90:   0000625a5d58af57 000000bace7fcf80
0x000000bace7fcda0:   00007ffb94027000 0000000019930520
0x000000bace7fcdb0:   000000bace7fce50 000000bace7fcf80
0x000000bace7fcdc0:   00007ffb94025198 00007ffb90d66480
0x000000bace7fcdd0:   0000000000000000 0000000000000010
0x000000bace7fcde0:   000001d0254e58e8 00007ffba8f77245
0x000000bace7fcdf0:   00007ffb94020000 0000000019930520
0x000000bace7fce00:   000000bace7fce50 00007ffb94025198
0x000000bace7fce10:   00007ffb94020000 00007ffba8f786c3
0x000000bace7fce20:   000001d025d32f5d 00007ffb940232a3
0x000000bace7fce30:   fffffffffffffffe 0000000000000000
0x000000bace7fce40:   0000000000010049 000001d025d32f5d
0x000000bace7fce50:   00007ffb94024468 00007ffb94024478
0x000000bace7fce60:   0000000000000000 000000bace7fe320
0x000000bace7fce70:   000001d025d32f5d 00007ffb94022a11
0x000000bace7fce80:   0000000000010049 0000000000000000
0x000000bace7fce90:   000001d0254e5880 0000000001050000
0x000000bace7fcea0:   000001d025d32f5d 00007ffb9402145b
0x000000bace7fceb0:   000001d0254e5220 00007ffb61594e42
0x000000bace7fcec0:   000001d0420de7c0 000001d04149cf40 

Instructions: (pc=0x00007ffba8af8b3a)
0x00007ffba8af8a3a:   00 e8 f0 ee fd ff 48 8b cb e8 e8 0d fb ff 48 85
0x00007ffba8af8a4a:   f6 74 08 48 8b ce e8 db 0d fb ff 48 85 ff 74 08
0x00007ffba8af8a5a:   48 8b cf e8 ce 0d fb ff 8b 4c 24 40 48 ff 15 7b
0x00007ffba8af8a6a:   7d 1a 00 0f 1f 44 00 00 90 48 8b 8c 24 a0 02 00
0x00007ffba8af8a7a:   00 48 33 cc e8 2d 27 0b 00 4c 8d 9c 24 b0 02 00
0x00007ffba8af8a8a:   00 49 8b 5b 38 49 8b 73 40 49 8b e3 41 5f 41 5e
0x00007ffba8af8a9a:   41 5d 41 5c 5f c3 cc cc cc cc cc cc cc cc cc cc
0x00007ffba8af8aaa:   cc cc cc cc cc cc 40 53 55 56 57 48 81 ec d8 00
0x00007ffba8af8aba:   00 00 48 8b 05 0d c6 29 00 48 33 c4 48 89 84 24
0x00007ffba8af8aca:   c0 00 00 00 8b f2 41 8b e8 33 d2 8b f9 48 8d 4c
0x00007ffba8af8ada:   24 3c 49 8b d9 44 8d 42 7c e8 b9 7d 06 00 33 c9
0x00007ffba8af8aea:   89 7c 24 20 83 e6 01 48 89 4c 24 28 89 74 24 24
0x00007ffba8af8afa:   48 8d 05 af ff ff ff 48 89 44 24 30 48 85 db 74
0x00007ffba8af8b0a:   51 41 b8 0f 00 00 00 48 8d 4c 24 40 41 3b e8 48
0x00007ffba8af8b1a:   8b d3 44 0f 46 c5 44 89 44 24 38 49 c1 e0 03 e8
0x00007ffba8af8b2a:   39 26 0b 00 48 8d 4c 24 20 48 ff 15 de 83 1a 00
0x00007ffba8af8b3a:   0f 1f 44 00 00 48 8b 8c 24 c0 00 00 00 48 33 cc
0x00007ffba8af8b4a:   e8 61 26 0b 00 48 81 c4 d8 00 00 00 5f 5e 5d 5b
0x00007ffba8af8b5a:   c3 cc 89 4c 24 38 eb cc cc cc cc cc cc cc cc cc
0x00007ffba8af8b6a:   cc cc cc cc cc cc 48 83 ec 28 48 ff 15 35 85 1a
0x00007ffba8af8b7a:   00 0f 1f 44 00 00 85 c0 78 0b b8 01 00 00 00 48
0x00007ffba8af8b8a:   83 c4 28 c3 cc 8b c8 e8 8a 4a f8 ff 33 c0 eb ef
0x00007ffba8af8b9a:   cc cc cc cc cc cc 48 83 ec 28 4c 8b d9 48 85 c9
0x00007ffba8af8baa:   0f 84 8f 00 00 00 b8 55 00 00 00 4c 8d 15 3c e3
0x00007ffba8af8bba:   1a 00 4c 8b c9 85 c0 7f 28 66 41 83 39 00 75 07
0x00007ffba8af8bca:   66 41 83 3a 00 74 6e 33 d2 49 8b cb e8 b5 36 f8
0x00007ffba8af8bda:   ff 33 c9 48 85 c0 0f 95 c1 8b c1 48 83 c4 28 c3
0x00007ffba8af8bea:   cc 41 0f b7 11 66 85 d2 74 cf 45 0f b7 02 66 45
0x00007ffba8af8bfa:   85 c0 74 d3 8d 4a bf 66 83 f9 19 77 04 66 83 ca
0x00007ffba8af8c0a:   20 41 8d 48 bf 66 83 f9 19 76 2e 66 83 fa 5f 75
0x00007ffba8af8c1a:   05 ba 2d 00 00 00 66 41 83 f8 5f 75 06 41 b8 2d
0x00007ffba8af8c2a:   00 00 00 66 41 3b d0 75 9e ff c8 49 83 c1 02 49 


Stack slot to memory mapping:

stack at sp + 0 slots: 0x0000000000010049 is an unknown value
stack at sp + 1 slots: 0x000000bace7fcdf8 is pointing into the stack for thread: 0x000001d0254e5220
stack at sp + 2 slots: 0x0000000000000001 is an unknown value
stack at sp + 3 slots: 0x000001d0871b3330 points into unknown readable memory: 0x654d2f656b6f766e | 6e 76 6f 6b 65 2f 4d 65
stack at sp + 4 slots: 0x00000081e06d7363 is an unknown value
stack at sp + 5 slots: 0x0 is null
stack at sp + 6 slots: 0x00007ffba8af8b3a KERNELBASE.dll
stack at sp + 7 slots: 0x0000000000000004 is an unknown value


Compiled method (n/a) 394  555     n 0       java.lang.ClassLoader::findBootstrapClass (native)
 total in heap  [0x000001d0310d7410,0x000001d0310d7a08] = 1528
 relocation     [0x000001d0310d7570,0x000001d0310d75a8] = 56
 main code      [0x000001d0310d75c0,0x000001d0310d7a04] = 1092
 stub code      [0x000001d0310d7a04,0x000001d0310d7a08] = 4

[Constant Pool (empty)]

[MachCode]
[Entry Point]
  # {method} {0x000001d0424b3fc8} 'findBootstrapClass' '(Ljava/lang/String;)Ljava/lang/Class;' in 'java/lang/ClassLoader'
  # parm0:    rdx:rdx   = 'java/lang/String'
  #           [sp+0x70]  (sp of caller)
  0x000001d0310d75c0: 448b 5208 | 49bb 0000 | 0042 d001 | 0000 4d03 | d349 3bc2 | 0f84 0600 

  0x000001d0310d75d8: ;   {runtime_call ic_miss_stub}
  0x000001d0310d75d8: 0000 e9a1 | 718d ff90 
[Verified Entry Point]
  0x000001d0310d75e0: 8984 2400 | 80ff ff55 | 488b ec48 | 83ec 6090 | 4181 7f20 | 0100 0000 

  0x000001d0310d75f8: ;   {runtime_call StubRoutines (final stubs)}
  0x000001d0310d75f8: 7405 e861 | d78b ff48 | 8954 2420 | 4883 fa00 | 4c8d 4424 | 204c 0f44 

  0x000001d0310d7610: ;   {oop(a 'java/lang/Class'{0x0000000718e01450} = 'java/lang/ClassLoader')}
  0x000001d0310d7610: 4424 2049 | be50 14e0 | 1807 0000 | 004c 8974 | 2450 4c8d | 7424 5049 | 8bd6 c5f8 

  0x000001d0310d762c: ;   {internal_word}
  0x000001d0310d762c: 7749 ba2a | 760d 31d0 | 0100 004d | 8997 a003 | 0000 4989 | a798 0300 

  0x000001d0310d7644: ;   {external_word}
  0x000001d0310d7644: 0049 baf6 | 5df5 61fb | 7f00 0041 | 803a 000f | 844a 0000 | 0052 4150 

  0x000001d0310d765c: ;   {metadata({method} {0x000001d0424b3fc8} 'findBootstrapClass' '(Ljava/lang/String;)Ljava/lang/Class;' in 'java/lang/ClassLoader')}
  0x000001d0310d765c: 48ba c03f | 4b42 d001 | 0000 498b | cf48 83ec | 2040 f6c4 | 0f0f 8419 | 0000 0048 

  0x000001d0310d7678: ;   {runtime_call}
  0x000001d0310d7678: 83ec 0848 | b850 d29e | 61fb 7f00 | 00ff d048 | 83c4 08e9 | 0c00 0000 

  0x000001d0310d7690: ;   {runtime_call}
  0x000001d0310d7690: 48b8 50d2 | 9e61 fb7f | 0000 ffd0 | 4883 c420 | 4158 5a49 | 8d8f b803 | 0000 41c7 | 8744 0400 
  0x000001d0310d76b0: 0004 0000 

  0x000001d0310d76b4: ;   {runtime_call}
  0x000001d0310d76b4: 0048 b8c0 | 19c2 8ffb | 7f00 00ff | d0c5 f877 | 41c7 8744 | 0400 0005 | 0000 00f0 | 8344 24c0 
  0x000001d0310d76d4: 0049 3baf | 4804 0000 | 0f87 0e00 | 0000 4183 | bf40 0400 | 0000 0f84 | 2b00 0000 | c5f8 7748 
  0x000001d0310d76f4: 8945 f849 | 8bcf 4c8b | e448 83ec | 2048 83e4 

  0x000001d0310d7704: ;   {runtime_call}
  0x000001d0310d7704: f048 b8e0 | c469 61fb | 7f00 00ff | d049 8be4 | 4d33 e448 | 8b45 f841 | c787 4404 | 0000 0800 
  0x000001d0310d7724: 0000 4183 | bfc0 0400 | 0002 0f84 | a302 0000 

  0x000001d0310d7734: ;   {external_word}
  0x000001d0310d7734: 49ba f65d | f561 fb7f | 0000 4180 | 3a00 0f84 | 4c00 0000 | 4889 45f8 

  0x000001d0310d774c: ;   {metadata({method} {0x000001d0424b3fc8} 'findBootstrapClass' '(Ljava/lang/String;)Ljava/lang/Class;' in 'java/lang/ClassLoader')}
  0x000001d0310d774c: 48ba c03f | 4b42 d001 | 0000 498b | cf48 83ec | 2040 f6c4 | 0f0f 8419 | 0000 0048 

  0x000001d0310d7768: ;   {runtime_call}
  0x000001d0310d7768: 83ec 0848 | b850 d29e | 61fb 7f00 | 00ff d048 | 83c4 08e9 | 0c00 0000 

  0x000001d0310d7780: ;   {runtime_call}
  0x000001d0310d7780: 48b8 50d2 | 9e61 fb7f | 0000 ffd0 | 4883 c420 | 488b 45f8 | 49c7 8798 | 0300 0000 | 0000 0049 
  0x000001d0310d77a0: c787 a003 | 0000 0000 | 0000 c5f8 | 7748 85c0 | 0f84 fe01 | 0000 a803 | 0f85 0800 | 0000 488b 
  0x000001d0310d77c0: 00e9 ee01 | 0000 a801 | 0f85 0900 | 0000 488b | 40fe e9dd | 0100 0048 | 8b40 ff41 | 807f 4000 
  0x000001d0310d77e0: 0f84 ce01 | 0000 4883 | f800 0f84 | c401 0000 | 498b 4f28 | 4883 f900 | 0f84 1400 | 0000 4883 
  0x000001d0310d7800: e908 4989 | 4f28 4903 | 4f38 4889 | 01e9 a201 | 0000 4881 | ecd0 0000 | 0048 8904 | 2448 894c 
  0x000001d0310d7820: 2408 4889 | 5424 1048 | 8974 2418 | 4889 7c24 | 204c 8944 | 2428 4c89 | 4c24 304c | 8954 2438 
  0x000001d0310d7840: 4c89 5c24 | 40c5 fb11 | 4424 50c5 | fb11 4c24 | 58c5 fb11 | 5424 60c5 | fb11 5c24 | 68c5 fb11 
  0x000001d0310d7860: 6424 70c5 | fb11 6c24 | 78c5 fb11 | b424 8000 | 0000 c5fb | 11bc 2488 | 0000 00c5 

  0x000001d0310d787c: ;   {no_reloc}
  0x000001d0310d787c: 7b11 8424 | 9000 0000 | c57b 118c | 2498 0000 | 00c5 7b11 | 9424 a000 | 0000 c57b | 119c 24a8 
  0x000001d0310d789c: 0000 00c5 | 7b11 a424 | b000 0000 | c57b 11ac | 24b8 0000 | 00c5 7b11 | b424 c000 | 0000 c57b 
  0x000001d0310d78bc: 11bc 24c8 | 0000 0049 | 8bd7 488b | c848 83ec | 2040 f6c4 | 0f0f 8419 | 0000 0048 

  0x000001d0310d78d8: ;   {runtime_call}
  0x000001d0310d78d8: 83ec 0848 | b870 d15c | 61fb 7f00 | 00ff d048 | 83c4 08e9 | 0c00 0000 

  0x000001d0310d78f0: ;   {runtime_call}
  0x000001d0310d78f0: 48b8 70d1 | 5c61 fb7f | 0000 ffd0 | 4883 c420 | c57b 10bc | 24c8 0000 | 00c5 7b10 | b424 c000 
  0x000001d0310d7910: 0000 c57b | 10ac 24b8 | 0000 00c5 | 7b10 a424 | b000 0000 | c57b 109c | 24a8 0000 | 00c5 7b10 
  0x000001d0310d7930: 9424 a000 | 0000 c57b | 108c 2498 | 0000 00c5 | 7b10 8424 | 9000 0000 | c5fb 10bc | 2488 0000 
  0x000001d0310d7950: 00c5 fb10 | b424 8000 | 0000 c5fb | 106c 2478 | c5fb 1064 | 2470 c5fb | 105c 2468 | c5fb 1054 
  0x000001d0310d7970: 2460 c5fb | 104c 2458 | c5fb 1044 | 2450 4c8b | 5c24 404c | 8b54 2438 | 4c8b 4c24 | 304c 8b44 
  0x000001d0310d7990: 2428 488b | 7c24 2048 | 8b74 2418 | 488b 5424 | 1048 8b4c | 2408 488b | 0424 4881 | c4d0 0000 
  0x000001d0310d79b0: 00c5 f877 | 498b 8f28 | 0400 00c7 | 8100 0100 | 0000 0000 | 00c9 4983 | 7f08 000f | 8501 0000 
  0x000001d0310d79d0: ;   {runtime_call StubRoutines (initial stubs)}
  0x000001d0310d79d0: 00c3 e929 | 9588 ffc5 | f877 4889 | 45f8 4c8b | e448 83ec | 2048 83e4 

  0x000001d0310d79e8: ;   {runtime_call}
  0x000001d0310d79e8: f048 b8f0 | 099f 61fb | 7f00 00ff | d049 8be4 | 4d33 e448 | 8b45 f8e9 | 30fd ffff 
[Stub Code]
  0x000001d0310d7a04: f4f4 f4f4 
[/MachCode]


---------------  P R O C E S S  ---------------

Threads class SMR info:
_java_thread_list=0x000001d04153de40, length=15, elements={
0x000001d0254e5220, 0x000001d0406b0480, 0x000001d0406b1080, 0x000001d0406bf0e0,
0x000001d0406c1be0, 0x000001d0406c23f0, 0x000001d0406cbc20, 0x000001d0413c8090,
0x000001d0413c9740, 0x000001d0414ca840, 0x000001d04151a360, 0x000001d04151bb90,
0x000001d0416318b0, 0x000001d0417731d0, 0x000001d087047ff0
}

Java Threads: ( => current thread )
=>0x000001d0254e5220 JavaThread "main"                              [_thread_in_vm, id=8440, stack(0x000000bace700000,0x000000bace800000) (1024K)]
  0x000001d0406b0480 JavaThread "Reference Handler"          daemon [_thread_blocked, id=13004, stack(0x000000bacef00000,0x000000bacf000000) (1024K)]
  0x000001d0406b1080 JavaThread "Finalizer"                  daemon [_thread_blocked, id=10068, stack(0x000000bacf000000,0x000000bacf100000) (1024K)]
  0x000001d0406bf0e0 JavaThread "Signal Dispatcher"          daemon [_thread_blocked, id=29816, stack(0x000000bacf100000,0x000000bacf200000) (1024K)]
  0x000001d0406c1be0 JavaThread "Attach Listener"            daemon [_thread_blocked, id=28292, stack(0x000000bacf200000,0x000000bacf300000) (1024K)]
  0x000001d0406c23f0 JavaThread "Service Thread"             daemon [_thread_blocked, id=29312, stack(0x000000bacf300000,0x000000bacf400000) (1024K)]
  0x000001d0406cbc20 JavaThread "Monitor Deflation Thread"   daemon [_thread_blocked, id=18856, stack(0x000000bacf400000,0x000000bacf500000) (1024K)]
  0x000001d0413c8090 JavaThread "C2 CompilerThread0"         daemon [_thread_blocked, id=29828, stack(0x000000bacf500000,0x000000bacf600000) (1024K)]
  0x000001d0413c9740 JavaThread "C1 CompilerThread0"         daemon [_thread_blocked, id=30608, stack(0x000000bacf600000,0x000000bacf700000) (1024K)]
  0x000001d0414ca840 JavaThread "C1 CompilerThread1"         daemon [_thread_blocked, id=5624, stack(0x000000bacf700000,0x000000bacf800000) (1024K)]
  0x000001d04151a360 JavaThread "Notification Thread"        daemon [_thread_blocked, id=25452, stack(0x000000bacf800000,0x000000bacf900000) (1024K)]
  0x000001d04151bb90 JavaThread "Common-Cleaner"             daemon [_thread_blocked, id=17468, stack(0x000000bacf900000,0x000000bacfa00000) (1024K)]
  0x000001d0416318b0 JavaThread "C1 CompilerThread2"         daemon [_thread_blocked, id=6552, stack(0x000000bacfa00000,0x000000bacfb00000) (1024K)]
  0x000001d0417731d0 JavaThread "C2 CompilerThread1"         daemon [_thread_blocked, id=15116, stack(0x000000bacfb00000,0x000000bacfc00000) (1024K)]
  0x000001d087047ff0 JavaThread "C2 CompilerThread2"         daemon [_thread_blocked, id=15104, stack(0x000000bacfc00000,0x000000bacfd00000) (1024K)]
Total: 15

Other Threads:
  0x000001d040690b20 VMThread "VM Thread"                           [id=13224, stack(0x000000bacee00000,0x000000bacef00000) (1024K)]
  0x000001d04067f1a0 WatcherThread "VM Periodic Task Thread"        [id=6912, stack(0x000000baced00000,0x000000bacee00000) (1024K)]
  0x000001d025541b10 WorkerThread "GC Thread#0"                     [id=18904, stack(0x000000bace800000,0x000000bace900000) (1024K)]
  0x000001d025552f00 ConcurrentGCThread "G1 Main Marker"            [id=9288, stack(0x000000bace900000,0x000000bacea00000) (1024K)]
  0x000001d025553910 WorkerThread "G1 Conc#0"                       [id=9080, stack(0x000000bacea00000,0x000000baceb00000) (1024K)]
  0x000001d04054f460 ConcurrentGCThread "G1 Refine#0"               [id=30528, stack(0x000000baceb00000,0x000000bacec00000) (1024K)]
  0x000001d040550c90 ConcurrentGCThread "G1 Service"                [id=9980, stack(0x000000bacec00000,0x000000baced00000) (1024K)]
Total: 7

Threads with active compile tasks:
Total: 0

VM state: not at safepoint (normal execution)

VM Mutex/Monitor currently owned by a thread: None

Heap address: 0x0000000709800000, size: 3944 MB, Compressed Oops mode: Zero based, Oop shift amount: 3

CDS archive(s) mapped at: [0x000001d042000000-0x000001d042d00000-0x000001d042d00000), size 13631488, SharedBaseAddress: 0x000001d042000000, ArchiveRelocationMode: 1.
Compressed class space mapped at: 0x000001d043000000-0x000001d083000000, reserved size: 1073741824
Narrow klass base: 0x000001d042000000, Narrow klass shift: 0, Narrow klass range: 0x100000000

GC Precious Log:
 CardTable entry size: 512
 Card Set container configuration: InlinePtr #cards 4 size 8 Array Of Cards #cards 16 size 48 Howl #buckets 8 coarsen threshold 3686 Howl Bitmap #cards 512 size 80 coarsen threshold 460 Card regions per heap region 1 cards per card region 4096
 CPUs: 16 total, 16 available
 Memory: 15775M
 Large Page Support: Disabled
 NUMA Support: Disabled
 Compressed Oops: Enabled (Zero based)
 Heap Region Size: 2M
 Heap Min Capacity: 8M
 Heap Initial Capacity: 248M
 Heap Max Capacity: 3944M
 Pre-touch: Disabled
 Parallel Workers: 13
 Concurrent Workers: 3
 Concurrent Refinement Workers: 13
 Periodic GC: Disabled

Heap:
 garbage-first heap   total 253952K, used 6144K [0x0000000709800000, 0x0000000800000000)
  region size 2048K, 4 young (8192K), 0 survivors (0K)
 Metaspace       used 3123K, committed 3264K, reserved 1114112K
  class space    used 331K, committed 384K, reserved 1048576K

Heap Regions: E=young(eden), S=young(survivor), O=old, HS=humongous(starts), HC=humongous(continues), CS=collection set, F=free, TAMS=top-at-mark-start, PB=parsable bottom
|   0|0x0000000709800000, 0x0000000709800000, 0x0000000709a00000|  0%| F|  |TAMS 0x0000000709800000| PB 0x0000000709800000| Untracked 
|   1|0x0000000709a00000, 0x0000000709a00000, 0x0000000709c00000|  0%| F|  |TAMS 0x0000000709a00000| PB 0x0000000709a00000| Untracked 
|   2|0x0000000709c00000, 0x0000000709c00000, 0x0000000709e00000|  0%| F|  |TAMS 0x0000000709c00000| PB 0x0000000709c00000| Untracked 
|   3|0x0000000709e00000, 0x0000000709e00000, 0x000000070a000000|  0%| F|  |TAMS 0x0000000709e00000| PB 0x0000000709e00000| Untracked 
|   4|0x000000070a000000, 0x000000070a000000, 0x000000070a200000|  0%| F|  |TAMS 0x000000070a000000| PB 0x000000070a000000| Untracked 
|   5|0x000000070a200000, 0x000000070a200000, 0x000000070a400000|  0%| F|  |TAMS 0x000000070a200000| PB 0x000000070a200000| Untracked 
|   6|0x000000070a400000, 0x000000070a400000, 0x000000070a600000|  0%| F|  |TAMS 0x000000070a400000| PB 0x000000070a400000| Untracked 
|   7|0x000000070a600000, 0x000000070a600000, 0x000000070a800000|  0%| F|  |TAMS 0x000000070a600000| PB 0x000000070a600000| Untracked 
|   8|0x000000070a800000, 0x000000070a800000, 0x000000070aa00000|  0%| F|  |TAMS 0x000000070a800000| PB 0x000000070a800000| Untracked 
|   9|0x000000070aa00000, 0x000000070aa00000, 0x000000070ac00000|  0%| F|  |TAMS 0x000000070aa00000| PB 0x000000070aa00000| Untracked 
|  10|0x000000070ac00000, 0x000000070ac00000, 0x000000070ae00000|  0%| F|  |TAMS 0x000000070ac00000| PB 0x000000070ac00000| Untracked 
|  11|0x000000070ae00000, 0x000000070ae00000, 0x000000070b000000|  0%| F|  |TAMS 0x000000070ae00000| PB 0x000000070ae00000| Untracked 
|  12|0x000000070b000000, 0x000000070b000000, 0x000000070b200000|  0%| F|  |TAMS 0x000000070b000000| PB 0x000000070b000000| Untracked 
|  13|0x000000070b200000, 0x000000070b200000, 0x000000070b400000|  0%| F|  |TAMS 0x000000070b200000| PB 0x000000070b200000| Untracked 
|  14|0x000000070b400000, 0x000000070b400000, 0x000000070b600000|  0%| F|  |TAMS 0x000000070b400000| PB 0x000000070b400000| Untracked 
|  15|0x000000070b600000, 0x000000070b600000, 0x000000070b800000|  0%| F|  |TAMS 0x000000070b600000| PB 0x000000070b600000| Untracked 
|  16|0x000000070b800000, 0x000000070b800000, 0x000000070ba00000|  0%| F|  |TAMS 0x000000070b800000| PB 0x000000070b800000| Untracked 
|  17|0x000000070ba00000, 0x000000070ba00000, 0x000000070bc00000|  0%| F|  |TAMS 0x000000070ba00000| PB 0x000000070ba00000| Untracked 
|  18|0x000000070bc00000, 0x000000070bc00000, 0x000000070be00000|  0%| F|  |TAMS 0x000000070bc00000| PB 0x000000070bc00000| Untracked 
|  19|0x000000070be00000, 0x000000070be00000, 0x000000070c000000|  0%| F|  |TAMS 0x000000070be00000| PB 0x000000070be00000| Untracked 
|  20|0x000000070c000000, 0x000000070c000000, 0x000000070c200000|  0%| F|  |TAMS 0x000000070c000000| PB 0x000000070c000000| Untracked 
|  21|0x000000070c200000, 0x000000070c200000, 0x000000070c400000|  0%| F|  |TAMS 0x000000070c200000| PB 0x000000070c200000| Untracked 
|  22|0x000000070c400000, 0x000000070c400000, 0x000000070c600000|  0%| F|  |TAMS 0x000000070c400000| PB 0x000000070c400000| Untracked 
|  23|0x000000070c600000, 0x000000070c600000, 0x000000070c800000|  0%| F|  |TAMS 0x000000070c600000| PB 0x000000070c600000| Untracked 
|  24|0x000000070c800000, 0x000000070c800000, 0x000000070ca00000|  0%| F|  |TAMS 0x000000070c800000| PB 0x000000070c800000| Untracked 
|  25|0x000000070ca00000, 0x000000070ca00000, 0x000000070cc00000|  0%| F|  |TAMS 0x000000070ca00000| PB 0x000000070ca00000| Untracked 
|  26|0x000000070cc00000, 0x000000070cc00000, 0x000000070ce00000|  0%| F|  |TAMS 0x000000070cc00000| PB 0x000000070cc00000| Untracked 
|  27|0x000000070ce00000, 0x000000070ce00000, 0x000000070d000000|  0%| F|  |TAMS 0x000000070ce00000| PB 0x000000070ce00000| Untracked 
|  28|0x000000070d000000, 0x000000070d000000, 0x000000070d200000|  0%| F|  |TAMS 0x000000070d000000| PB 0x000000070d000000| Untracked 
|  29|0x000000070d200000, 0x000000070d200000, 0x000000070d400000|  0%| F|  |TAMS 0x000000070d200000| PB 0x000000070d200000| Untracked 
|  30|0x000000070d400000, 0x000000070d400000, 0x000000070d600000|  0%| F|  |TAMS 0x000000070d400000| PB 0x000000070d400000| Untracked 
|  31|0x000000070d600000, 0x000000070d600000, 0x000000070d800000|  0%| F|  |TAMS 0x000000070d600000| PB 0x000000070d600000| Untracked 
|  32|0x000000070d800000, 0x000000070d800000, 0x000000070da00000|  0%| F|  |TAMS 0x000000070d800000| PB 0x000000070d800000| Untracked 
|  33|0x000000070da00000, 0x000000070da00000, 0x000000070dc00000|  0%| F|  |TAMS 0x000000070da00000| PB 0x000000070da00000| Untracked 
|  34|0x000000070dc00000, 0x000000070dc00000, 0x000000070de00000|  0%| F|  |TAMS 0x000000070dc00000| PB 0x000000070dc00000| Untracked 
|  35|0x000000070de00000, 0x000000070de00000, 0x000000070e000000|  0%| F|  |TAMS 0x000000070de00000| PB 0x000000070de00000| Untracked 
|  36|0x000000070e000000, 0x000000070e000000, 0x000000070e200000|  0%| F|  |TAMS 0x000000070e000000| PB 0x000000070e000000| Untracked 
|  37|0x000000070e200000, 0x000000070e200000, 0x000000070e400000|  0%| F|  |TAMS 0x000000070e200000| PB 0x000000070e200000| Untracked 
|  38|0x000000070e400000, 0x000000070e400000, 0x000000070e600000|  0%| F|  |TAMS 0x000000070e400000| PB 0x000000070e400000| Untracked 
|  39|0x000000070e600000, 0x000000070e600000, 0x000000070e800000|  0%| F|  |TAMS 0x000000070e600000| PB 0x000000070e600000| Untracked 
|  40|0x000000070e800000, 0x000000070e800000, 0x000000070ea00000|  0%| F|  |TAMS 0x000000070e800000| PB 0x000000070e800000| Untracked 
|  41|0x000000070ea00000, 0x000000070ea00000, 0x000000070ec00000|  0%| F|  |TAMS 0x000000070ea00000| PB 0x000000070ea00000| Untracked 
|  42|0x000000070ec00000, 0x000000070ec00000, 0x000000070ee00000|  0%| F|  |TAMS 0x000000070ec00000| PB 0x000000070ec00000| Untracked 
|  43|0x000000070ee00000, 0x000000070ee00000, 0x000000070f000000|  0%| F|  |TAMS 0x000000070ee00000| PB 0x000000070ee00000| Untracked 
|  44|0x000000070f000000, 0x000000070f000000, 0x000000070f200000|  0%| F|  |TAMS 0x000000070f000000| PB 0x000000070f000000| Untracked 
|  45|0x000000070f200000, 0x000000070f200000, 0x000000070f400000|  0%| F|  |TAMS 0x000000070f200000| PB 0x000000070f200000| Untracked 
|  46|0x000000070f400000, 0x000000070f400000, 0x000000070f600000|  0%| F|  |TAMS 0x000000070f400000| PB 0x000000070f400000| Untracked 
|  47|0x000000070f600000, 0x000000070f600000, 0x000000070f800000|  0%| F|  |TAMS 0x000000070f600000| PB 0x000000070f600000| Untracked 
|  48|0x000000070f800000, 0x000000070f800000, 0x000000070fa00000|  0%| F|  |TAMS 0x000000070f800000| PB 0x000000070f800000| Untracked 
|  49|0x000000070fa00000, 0x000000070fa00000, 0x000000070fc00000|  0%| F|  |TAMS 0x000000070fa00000| PB 0x000000070fa00000| Untracked 
|  50|0x000000070fc00000, 0x000000070fc00000, 0x000000070fe00000|  0%| F|  |TAMS 0x000000070fc00000| PB 0x000000070fc00000| Untracked 
|  51|0x000000070fe00000, 0x000000070fe00000, 0x0000000710000000|  0%| F|  |TAMS 0x000000070fe00000| PB 0x000000070fe00000| Untracked 
|  52|0x0000000710000000, 0x0000000710000000, 0x0000000710200000|  0%| F|  |TAMS 0x0000000710000000| PB 0x0000000710000000| Untracked 
|  53|0x0000000710200000, 0x0000000710200000, 0x0000000710400000|  0%| F|  |TAMS 0x0000000710200000| PB 0x0000000710200000| Untracked 
|  54|0x0000000710400000, 0x0000000710400000, 0x0000000710600000|  0%| F|  |TAMS 0x0000000710400000| PB 0x0000000710400000| Untracked 
|  55|0x0000000710600000, 0x0000000710600000, 0x0000000710800000|  0%| F|  |TAMS 0x0000000710600000| PB 0x0000000710600000| Untracked 
|  56|0x0000000710800000, 0x0000000710800000, 0x0000000710a00000|  0%| F|  |TAMS 0x0000000710800000| PB 0x0000000710800000| Untracked 
|  57|0x0000000710a00000, 0x0000000710a00000, 0x0000000710c00000|  0%| F|  |TAMS 0x0000000710a00000| PB 0x0000000710a00000| Untracked 
|  58|0x0000000710c00000, 0x0000000710c00000, 0x0000000710e00000|  0%| F|  |TAMS 0x0000000710c00000| PB 0x0000000710c00000| Untracked 
|  59|0x0000000710e00000, 0x0000000710e00000, 0x0000000711000000|  0%| F|  |TAMS 0x0000000710e00000| PB 0x0000000710e00000| Untracked 
|  60|0x0000000711000000, 0x0000000711000000, 0x0000000711200000|  0%| F|  |TAMS 0x0000000711000000| PB 0x0000000711000000| Untracked 
|  61|0x0000000711200000, 0x0000000711200000, 0x0000000711400000|  0%| F|  |TAMS 0x0000000711200000| PB 0x0000000711200000| Untracked 
|  62|0x0000000711400000, 0x0000000711400000, 0x0000000711600000|  0%| F|  |TAMS 0x0000000711400000| PB 0x0000000711400000| Untracked 
|  63|0x0000000711600000, 0x0000000711600000, 0x0000000711800000|  0%| F|  |TAMS 0x0000000711600000| PB 0x0000000711600000| Untracked 
|  64|0x0000000711800000, 0x0000000711800000, 0x0000000711a00000|  0%| F|  |TAMS 0x0000000711800000| PB 0x0000000711800000| Untracked 
|  65|0x0000000711a00000, 0x0000000711a00000, 0x0000000711c00000|  0%| F|  |TAMS 0x0000000711a00000| PB 0x0000000711a00000| Untracked 
|  66|0x0000000711c00000, 0x0000000711c00000, 0x0000000711e00000|  0%| F|  |TAMS 0x0000000711c00000| PB 0x0000000711c00000| Untracked 
|  67|0x0000000711e00000, 0x0000000711e00000, 0x0000000712000000|  0%| F|  |TAMS 0x0000000711e00000| PB 0x0000000711e00000| Untracked 
|  68|0x0000000712000000, 0x0000000712000000, 0x0000000712200000|  0%| F|  |TAMS 0x0000000712000000| PB 0x0000000712000000| Untracked 
|  69|0x0000000712200000, 0x0000000712200000, 0x0000000712400000|  0%| F|  |TAMS 0x0000000712200000| PB 0x0000000712200000| Untracked 
|  70|0x0000000712400000, 0x0000000712400000, 0x0000000712600000|  0%| F|  |TAMS 0x0000000712400000| PB 0x0000000712400000| Untracked 
|  71|0x0000000712600000, 0x0000000712600000, 0x0000000712800000|  0%| F|  |TAMS 0x0000000712600000| PB 0x0000000712600000| Untracked 
|  72|0x0000000712800000, 0x0000000712800000, 0x0000000712a00000|  0%| F|  |TAMS 0x0000000712800000| PB 0x0000000712800000| Untracked 
|  73|0x0000000712a00000, 0x0000000712a00000, 0x0000000712c00000|  0%| F|  |TAMS 0x0000000712a00000| PB 0x0000000712a00000| Untracked 
|  74|0x0000000712c00000, 0x0000000712c00000, 0x0000000712e00000|  0%| F|  |TAMS 0x0000000712c00000| PB 0x0000000712c00000| Untracked 
|  75|0x0000000712e00000, 0x0000000712e00000, 0x0000000713000000|  0%| F|  |TAMS 0x0000000712e00000| PB 0x0000000712e00000| Untracked 
|  76|0x0000000713000000, 0x0000000713000000, 0x0000000713200000|  0%| F|  |TAMS 0x0000000713000000| PB 0x0000000713000000| Untracked 
|  77|0x0000000713200000, 0x0000000713200000, 0x0000000713400000|  0%| F|  |TAMS 0x0000000713200000| PB 0x0000000713200000| Untracked 
|  78|0x0000000713400000, 0x0000000713400000, 0x0000000713600000|  0%| F|  |TAMS 0x0000000713400000| PB 0x0000000713400000| Untracked 
|  79|0x0000000713600000, 0x0000000713600000, 0x0000000713800000|  0%| F|  |TAMS 0x0000000713600000| PB 0x0000000713600000| Untracked 
|  80|0x0000000713800000, 0x0000000713800000, 0x0000000713a00000|  0%| F|  |TAMS 0x0000000713800000| PB 0x0000000713800000| Untracked 
|  81|0x0000000713a00000, 0x0000000713a00000, 0x0000000713c00000|  0%| F|  |TAMS 0x0000000713a00000| PB 0x0000000713a00000| Untracked 
|  82|0x0000000713c00000, 0x0000000713c00000, 0x0000000713e00000|  0%| F|  |TAMS 0x0000000713c00000| PB 0x0000000713c00000| Untracked 
|  83|0x0000000713e00000, 0x0000000713e00000, 0x0000000714000000|  0%| F|  |TAMS 0x0000000713e00000| PB 0x0000000713e00000| Untracked 
|  84|0x0000000714000000, 0x0000000714000000, 0x0000000714200000|  0%| F|  |TAMS 0x0000000714000000| PB 0x0000000714000000| Untracked 
|  85|0x0000000714200000, 0x0000000714200000, 0x0000000714400000|  0%| F|  |TAMS 0x0000000714200000| PB 0x0000000714200000| Untracked 
|  86|0x0000000714400000, 0x0000000714400000, 0x0000000714600000|  0%| F|  |TAMS 0x0000000714400000| PB 0x0000000714400000| Untracked 
|  87|0x0000000714600000, 0x0000000714600000, 0x0000000714800000|  0%| F|  |TAMS 0x0000000714600000| PB 0x0000000714600000| Untracked 
|  88|0x0000000714800000, 0x0000000714800000, 0x0000000714a00000|  0%| F|  |TAMS 0x0000000714800000| PB 0x0000000714800000| Untracked 
|  89|0x0000000714a00000, 0x0000000714a00000, 0x0000000714c00000|  0%| F|  |TAMS 0x0000000714a00000| PB 0x0000000714a00000| Untracked 
|  90|0x0000000714c00000, 0x0000000714c00000, 0x0000000714e00000|  0%| F|  |TAMS 0x0000000714c00000| PB 0x0000000714c00000| Untracked 
|  91|0x0000000714e00000, 0x0000000714e00000, 0x0000000715000000|  0%| F|  |TAMS 0x0000000714e00000| PB 0x0000000714e00000| Untracked 
|  92|0x0000000715000000, 0x0000000715000000, 0x0000000715200000|  0%| F|  |TAMS 0x0000000715000000| PB 0x0000000715000000| Untracked 
|  93|0x0000000715200000, 0x0000000715200000, 0x0000000715400000|  0%| F|  |TAMS 0x0000000715200000| PB 0x0000000715200000| Untracked 
|  94|0x0000000715400000, 0x0000000715400000, 0x0000000715600000|  0%| F|  |TAMS 0x0000000715400000| PB 0x0000000715400000| Untracked 
|  95|0x0000000715600000, 0x0000000715600000, 0x0000000715800000|  0%| F|  |TAMS 0x0000000715600000| PB 0x0000000715600000| Untracked 
|  96|0x0000000715800000, 0x0000000715800000, 0x0000000715a00000|  0%| F|  |TAMS 0x0000000715800000| PB 0x0000000715800000| Untracked 
|  97|0x0000000715a00000, 0x0000000715a00000, 0x0000000715c00000|  0%| F|  |TAMS 0x0000000715a00000| PB 0x0000000715a00000| Untracked 
|  98|0x0000000715c00000, 0x0000000715c00000, 0x0000000715e00000|  0%| F|  |TAMS 0x0000000715c00000| PB 0x0000000715c00000| Untracked 
|  99|0x0000000715e00000, 0x0000000715e00000, 0x0000000716000000|  0%| F|  |TAMS 0x0000000715e00000| PB 0x0000000715e00000| Untracked 
| 100|0x0000000716000000, 0x0000000716000000, 0x0000000716200000|  0%| F|  |TAMS 0x0000000716000000| PB 0x0000000716000000| Untracked 
| 101|0x0000000716200000, 0x0000000716200000, 0x0000000716400000|  0%| F|  |TAMS 0x0000000716200000| PB 0x0000000716200000| Untracked 
| 102|0x0000000716400000, 0x0000000716400000, 0x0000000716600000|  0%| F|  |TAMS 0x0000000716400000| PB 0x0000000716400000| Untracked 
| 103|0x0000000716600000, 0x0000000716600000, 0x0000000716800000|  0%| F|  |TAMS 0x0000000716600000| PB 0x0000000716600000| Untracked 
| 104|0x0000000716800000, 0x0000000716800000, 0x0000000716a00000|  0%| F|  |TAMS 0x0000000716800000| PB 0x0000000716800000| Untracked 
| 105|0x0000000716a00000, 0x0000000716a00000, 0x0000000716c00000|  0%| F|  |TAMS 0x0000000716a00000| PB 0x0000000716a00000| Untracked 
| 106|0x0000000716c00000, 0x0000000716c00000, 0x0000000716e00000|  0%| F|  |TAMS 0x0000000716c00000| PB 0x0000000716c00000| Untracked 
| 107|0x0000000716e00000, 0x0000000716e00000, 0x0000000717000000|  0%| F|  |TAMS 0x0000000716e00000| PB 0x0000000716e00000| Untracked 
| 108|0x0000000717000000, 0x0000000717000000, 0x0000000717200000|  0%| F|  |TAMS 0x0000000717000000| PB 0x0000000717000000| Untracked 
| 109|0x0000000717200000, 0x0000000717200000, 0x0000000717400000|  0%| F|  |TAMS 0x0000000717200000| PB 0x0000000717200000| Untracked 
| 110|0x0000000717400000, 0x0000000717400000, 0x0000000717600000|  0%| F|  |TAMS 0x0000000717400000| PB 0x0000000717400000| Untracked 
| 111|0x0000000717600000, 0x0000000717600000, 0x0000000717800000|  0%| F|  |TAMS 0x0000000717600000| PB 0x0000000717600000| Untracked 
| 112|0x0000000717800000, 0x0000000717800000, 0x0000000717a00000|  0%| F|  |TAMS 0x0000000717800000| PB 0x0000000717800000| Untracked 
| 113|0x0000000717a00000, 0x0000000717a00000, 0x0000000717c00000|  0%| F|  |TAMS 0x0000000717a00000| PB 0x0000000717a00000| Untracked 
| 114|0x0000000717c00000, 0x0000000717c00000, 0x0000000717e00000|  0%| F|  |TAMS 0x0000000717c00000| PB 0x0000000717c00000| Untracked 
| 115|0x0000000717e00000, 0x0000000717e00000, 0x0000000718000000|  0%| F|  |TAMS 0x0000000717e00000| PB 0x0000000717e00000| Untracked 
| 116|0x0000000718000000, 0x0000000718000000, 0x0000000718200000|  0%| F|  |TAMS 0x0000000718000000| PB 0x0000000718000000| Untracked 
| 117|0x0000000718200000, 0x0000000718200000, 0x0000000718400000|  0%| F|  |TAMS 0x0000000718200000| PB 0x0000000718200000| Untracked 
| 118|0x0000000718400000, 0x0000000718400000, 0x0000000718600000|  0%| F|  |TAMS 0x0000000718400000| PB 0x0000000718400000| Untracked 
| 119|0x0000000718600000, 0x0000000718600000, 0x0000000718800000|  0%| F|  |TAMS 0x0000000718600000| PB 0x0000000718600000| Untracked 
| 120|0x0000000718800000, 0x00000007189c8050, 0x0000000718a00000| 89%| E|  |TAMS 0x0000000718800000| PB 0x0000000718800000| Complete 
| 121|0x0000000718a00000, 0x0000000718c00000, 0x0000000718c00000|100%| E|CS|TAMS 0x0000000718a00000| PB 0x0000000718a00000| Complete 
| 122|0x0000000718c00000, 0x0000000718e00000, 0x0000000718e00000|100%| E|CS|TAMS 0x0000000718c00000| PB 0x0000000718c00000| Complete 
| 123|0x0000000718e00000, 0x0000000719000000, 0x0000000719000000|100%| E|CS|TAMS 0x0000000718e00000| PB 0x0000000718e00000| Complete 

Card table byte_map: [0x000001d039c90000,0x000001d03a450000] _byte_map_base: 0x000001d036444000

Marking Bits: (CMBitMap*) 0x000001d025542120
 Bits: [0x000001d03a450000, 0x000001d03e1f0000)

Polling page: 0x000001d023960000

Metaspace:

Usage:
  Non-class:      2.73 MB used.
      Class:    331.80 KB used.
       Both:      3.05 MB used.

Virtual space:
  Non-class space:       64.00 MB reserved,       2.81 MB (  4%) committed,  1 nodes.
      Class space:        1.00 GB reserved,     384.00 KB ( <1%) committed,  1 nodes.
             Both:        1.06 GB reserved,       3.19 MB ( <1%) committed. 

Chunk freelists:
   Non-Class:  11.66 MB
       Class:  15.57 MB
        Both:  27.23 MB

MaxMetaspaceSize: unlimited
CompressedClassSpaceSize: 1.00 GB
Initial GC threshold: 21.00 MB
Current GC threshold: 21.00 MB
CDS: on
 - commit_granule_bytes: 65536.
 - commit_granule_words: 8192.
 - virtual_space_node_default_size: 8388608.
 - enlarge_chunks_in_place: 1.
 - use_allocation_guard: 0.


Internal statistics:

num_allocs_failed_limit: 0.
num_arena_births: 36.
num_arena_deaths: 0.
num_vsnodes_births: 2.
num_vsnodes_deaths: 0.
num_space_committed: 51.
num_space_uncommitted: 0.
num_chunks_returned_to_freelist: 0.
num_chunks_taken_from_freelist: 60.
num_chunk_merges: 0.
num_chunk_splits: 40.
num_chunks_enlarged: 26.
num_inconsistent_stats: 0.

CodeHeap 'non-profiled nmethods': size=119168Kb used=167Kb max_used=167Kb free=119000Kb
 bounds [0x000001d0310b0000, 0x000001d031320000, 0x000001d038510000]
CodeHeap 'profiled nmethods': size=119104Kb used=927Kb max_used=927Kb free=118177Kb
 bounds [0x000001d029510000, 0x000001d029780000, 0x000001d030960000]
CodeHeap 'non-nmethods': size=7488Kb used=2474Kb max_used=2503Kb free=5013Kb
 bounds [0x000001d030960000, 0x000001d030be0000, 0x000001d0310b0000]
 total_blobs=1046 nmethods=591 adapters=358
 compilation: enabled
              stopped_count=0, restarted_count=0
 full_count=0

Compilation events (20 events):
Event: 0.288 Thread 0x000001d0414ca840 nmethod 581 0x000001d0295f2910 code [0x000001d0295f2aa0, 0x000001d0295f2be0]
Event: 0.288 Thread 0x000001d0413c9740 nmethod 580 0x000001d0295f2c90 code [0x000001d0295f2e80, 0x000001d0295f34c0]
Event: 0.288 Thread 0x000001d0413c9740  583       3       java.lang.invoke.MemberName::getModifiers (8 bytes)
Event: 0.288 Thread 0x000001d0413c9740 nmethod 583 0x000001d0295f3690 code [0x000001d0295f3820, 0x000001d0295f3930]
Event: 0.288 Thread 0x000001d0413c9740  584       3       java.lang.invoke.LambdaForm::uncustomize (57 bytes)
Event: 0.288 Thread 0x000001d0414ca840  585       3       java.lang.String::replace (42 bytes)
Event: 0.288 Thread 0x000001d0413c9740 nmethod 584 0x000001d0295f3990 code [0x000001d0295f3b60, 0x000001d0295f3e78]
Event: 0.288 Thread 0x000001d0413c9740  586       3       jdk.internal.util.ReferencedKeyMap::entryKey (33 bytes)
Event: 0.288 Thread 0x000001d0416318b0  587       3       jdk.internal.util.WeakReferenceKey::<init> (15 bytes)
Event: 0.289 Thread 0x000001d0414ca840 nmethod 585 0x000001d0295f3f90 code [0x000001d0295f4160, 0x000001d0295f4478]
Event: 0.289 Thread 0x000001d0414ca840  588       3       java.lang.invoke.MemberName::isResolved (13 bytes)
Event: 0.289 Thread 0x000001d0414ca840 nmethod 588 0x000001d0295f4590 code [0x000001d0295f4720, 0x000001d0295f4888]
Event: 0.289 Thread 0x000001d0416318b0 nmethod 587 0x000001d0295f4910 code [0x000001d0295f4b00, 0x000001d0295f4fb0]
Event: 0.289 Thread 0x000001d0413c9740 nmethod 586 0x000001d0295f5110 code [0x000001d0295f5320, 0x000001d0295f5998]
Event: 0.289 Thread 0x000001d0416318b0  589       3       java.lang.invoke.MemberName::getMethodOrFieldType (72 bytes)
Event: 0.290 Thread 0x000001d0416318b0 nmethod 589 0x000001d0295f5b90 code [0x000001d0295f5ee0, 0x000001d0295f6ca0]
Event: 0.290 Thread 0x000001d0413c9740  590       3       jdk.internal.org.objectweb.asm.ByteVector::put122 (93 bytes)
Event: 0.290 Thread 0x000001d0416318b0  591       3       jdk.internal.org.objectweb.asm.Handler::getExceptionTableLength (21 bytes)
Event: 0.290 Thread 0x000001d0416318b0 nmethod 591 0x000001d0295f7190 code [0x000001d0295f7340, 0x000001d0295f74d8]
Event: 0.290 Thread 0x000001d0413c9740 nmethod 590 0x000001d0295f7610 code [0x000001d0295f77c0, 0x000001d0295f7a48]

GC Heap History (0 events):
No events

Dll operation events (2 events):
Event: 0.011 Loaded shared library C:\Program Files\JetBrains\WebStorm 2024.3.3\jbr\bin\java.dll
Event: 0.056 Loaded shared library C:\Program Files\JetBrains\WebStorm 2024.3.3\jbr\bin\zip.dll

Deoptimization events (12 events):
Event: 0.172 Thread 0x000001d0254e5220 Uncommon trap: trap_request=0xffffff45 fr.pc=0x000001d0310c4494 relative=0x0000000000000074
Event: 0.172 Thread 0x000001d0254e5220 Uncommon trap: reason=unstable_if action=reinterpret pc=0x000001d0310c4494 method=java.lang.CharacterDataLatin1.toLowerCase(I)I @ 16 c2
Event: 0.172 Thread 0x000001d0254e5220 DEOPT PACKING pc=0x000001d0310c4494 sp=0x000000bace7fad60
Event: 0.172 Thread 0x000001d0254e5220 DEOPT UNPACKING pc=0x000001d0309b46a2 sp=0x000000bace7facf0 mode 2
Event: 0.249 Thread 0x000001d0254e5220 DEOPT PACKING pc=0x000001d02955b407 sp=0x000000bace7fdb20
Event: 0.249 Thread 0x000001d0254e5220 DEOPT UNPACKING pc=0x000001d0309b4e42 sp=0x000000bace7fcfb8 mode 0
Event: 0.252 Thread 0x000001d0254e5220 DEOPT PACKING pc=0x000001d02955b407 sp=0x000000bace7fdb30
Event: 0.252 Thread 0x000001d0254e5220 DEOPT UNPACKING pc=0x000001d0309b4e42 sp=0x000000bace7fcfc8 mode 0
Event: 0.264 Thread 0x000001d0254e5220 Uncommon trap: trap_request=0xffffff45 fr.pc=0x000001d0310cffac relative=0x000000000000008c
Event: 0.264 Thread 0x000001d0254e5220 Uncommon trap: reason=unstable_if action=reinterpret pc=0x000001d0310cffac method=jdk.internal.misc.Unsafe.convEndian(ZI)I @ 4 c2
Event: 0.264 Thread 0x000001d0254e5220 DEOPT PACKING pc=0x000001d0310cffac sp=0x000000bace7fdb20
Event: 0.264 Thread 0x000001d0254e5220 DEOPT UNPACKING pc=0x000001d0309b46a2 sp=0x000000bace7fda50 mode 2

Classes loaded (20 events):
Event: 0.270 Loading class java/lang/SecurityException done
Event: 0.271 Loading class java/net/ConnectException
Event: 0.271 Loading class java/net/SocketException
Event: 0.271 Loading class java/net/SocketException done
Event: 0.271 Loading class java/net/ConnectException done
Event: 0.271 Loading class javax/net/ssl/SSLHandshakeException
Event: 0.271 Loading class javax/net/ssl/SSLException
Event: 0.271 Loading class javax/net/ssl/SSLException done
Event: 0.271 Loading class javax/net/ssl/SSLHandshakeException done
Event: 0.271 Loading class java/net/ProtocolException
Event: 0.271 Loading class java/net/ProtocolException done
Event: 0.274 Loading class java/io/UncheckedIOException
Event: 0.274 Loading class java/io/UncheckedIOException done
Event: 0.276 Loading class java/nio/charset/CharacterCodingException
Event: 0.276 Loading class java/nio/charset/CharacterCodingException done
Event: 0.276 Loading class javax/net/ssl/SSLSession
Event: 0.276 Loading class javax/net/ssl/SSLSession done
Event: 0.277 Loading class java/lang/System$Logger$Level
Event: 0.277 Loading class java/lang/System$Logger$Level done
Event: 0.291 Loading class java/util/concurrent/CompletableFuture

Classes unloaded (0 events):
No events

Classes redefined (0 events):
No events

Internal exceptions (10 events):
Event: 0.171 Thread 0x000001d0254e5220 Exception <a 'sun/nio/fs/WindowsException'{0x0000000718a55c50}> (0x0000000718a55c50) 
thrown [s\src\hotspot\share\prims\jni.cpp, line 535]
Event: 0.228 Thread 0x000001d0254e5220 Exception <a 'java/lang/NoSuchMethodError'{0x0000000718b31f58}: 'java.lang.Object java.lang.invoke.DirectMethodHandle$Holder.invokeStaticInit(java.lang.Object, int, int, int, int)'> (0x0000000718b31f58) 
thrown [s\src\hotspot\share\interpreter\linkResolver.cpp, line 784]
Event: 0.259 Thread 0x000001d0254e5220 Exception <a 'java/lang/NoSuchMethodError'{0x0000000718801f10}: 'java.lang.Object java.lang.invoke.DirectMethodHandle$Holder.invokeStaticInit(java.lang.Object, java.lang.Object, int, int, int, int)'> (0x0000000718801f10) 
thrown [s\src\hotspot\share\interpreter\linkResolver.cpp, line 784]
Event: 0.278 Thread 0x000001d0254e5220 Exception <a 'java/lang/NoSuchMethodError'{0x00000007188c18c0}: 'java.lang.Object java.lang.invoke.DirectMethodHandle$Holder.invokeStatic(java.lang.Object, java.lang.Object, int)'> (0x00000007188c18c0) 
thrown [s\src\hotspot\share\interpreter\linkResolver.cpp, line 784]
Event: 0.279 Thread 0x000001d0254e5220 Exception <a 'java/lang/NoSuchMethodError'{0x00000007188c4dd0}: 'java.lang.Object java.lang.invoke.DirectMethodHandle$Holder.invokeStaticInit(java.lang.Object, java.lang.Object, int)'> (0x00000007188c4dd0) 
thrown [s\src\hotspot\share\interpreter\linkResolver.cpp, line 784]
Event: 0.279 Thread 0x000001d0254e5220 Exception <a 'java/lang/NoSuchMethodError'{0x00000007188ca998}: 'java.lang.Object java.lang.invoke.DirectMethodHandle$Holder.newInvokeSpecial(java.lang.Object, java.lang.Object, int)'> (0x00000007188ca998) 
thrown [s\src\hotspot\share\interpreter\linkResolver.cpp, line 784]
Event: 0.281 Thread 0x000001d0254e5220 Exception <a 'java/lang/NoSuchMethodError'{0x00000007188cf548}: 'int java.lang.invoke.DirectMethodHandle$Holder.invokeStaticInit(java.lang.Object, java.lang.Object, java.lang.Object)'> (0x00000007188cf548) 
thrown [s\src\hotspot\share\interpreter\linkResolver.cpp, line 784]
Event: 0.282 Thread 0x000001d0254e5220 Exception <a 'java/lang/NoSuchMethodError'{0x00000007188dbe90}: 'int java.lang.invoke.DirectMethodHandle$Holder.invokeSpecial(java.lang.Object, java.lang.Object, java.lang.Object)'> (0x00000007188dbe90) 
thrown [s\src\hotspot\share\interpreter\linkResolver.cpp, line 784]
Event: 0.283 Thread 0x000001d0254e5220 Exception <a 'java/lang/NoSuchMethodError'{0x00000007188e1950}: 'int java.lang.invoke.DirectMethodHandle$Holder.invokeStaticInit(java.lang.Object, java.lang.Object)'> (0x00000007188e1950) 
thrown [s\src\hotspot\share\interpreter\linkResolver.cpp, line 784]
Event: 0.284 Thread 0x000001d0254e5220 Exception <a 'java/lang/NoSuchMethodError'{0x0000000718957f88}: 'int java.lang.invoke.DirectMethodHandle$Holder.invokeSpecialIFC(java.lang.Object, java.lang.Object, java.lang.Object)'> (0x0000000718957f88) 
thrown [s\src\hotspot\share\interpreter\linkResolver.cpp, line 784]

ZGC Phase Switch (0 events):
No events

VM Operations (6 events):
Event: 0.071 Executing VM operation: HandshakeAllThreads (Deoptimize)
Event: 0.071 Executing VM operation: HandshakeAllThreads (Deoptimize) done
Event: 0.078 Executing VM operation: HandshakeAllThreads (Deoptimize)
Event: 0.078 Executing VM operation: HandshakeAllThreads (Deoptimize) done
Event: 0.240 Executing VM operation: HandshakeAllThreads (Deoptimize)
Event: 0.240 Executing VM operation: HandshakeAllThreads (Deoptimize) done

Memory protections (0 events):
No events

Nmethod flushes (0 events):
No events

Events (19 events):
Event: 0.026 Thread 0x000001d0254e5220 Thread added: 0x000001d0254e5220
Event: 0.039 Thread 0x000001d0254e5220 Thread added: 0x000001d0406b0480
Event: 0.040 Thread 0x000001d0254e5220 Thread added: 0x000001d0406b1080
Event: 0.040 Thread 0x000001d0254e5220 Thread added: 0x000001d0406bf0e0
Event: 0.040 Thread 0x000001d0254e5220 Thread added: 0x000001d0406c1be0
Event: 0.040 Thread 0x000001d0254e5220 Thread added: 0x000001d0406c23f0
Event: 0.040 Thread 0x000001d0254e5220 Thread added: 0x000001d0406cbc20
Event: 0.040 Thread 0x000001d0254e5220 Thread added: 0x000001d0413c8090
Event: 0.040 Thread 0x000001d0254e5220 Thread added: 0x000001d0413c9740
Event: 0.051 Thread 0x000001d0413c9740 Thread added: 0x000001d0414ca840
Event: 0.055 Thread 0x000001d0254e5220 Thread added: 0x000001d04151a360
Event: 0.058 Thread 0x000001d0254e5220 Thread added: 0x000001d04151bb90
Event: 0.061 Loaded shared library C:\Program Files\JetBrains\WebStorm 2024.3.3\jbr\bin\net.dll
Event: 0.064 Loaded shared library C:\Program Files\JetBrains\WebStorm 2024.3.3\jbr\bin\nio.dll
Event: 0.068 Loaded shared library C:\Program Files\JetBrains\WebStorm 2024.3.3\jbr\bin\zip.dll
Event: 0.124 Loaded shared library C:\Program Files\JetBrains\WebStorm 2024.3.3\jbr\bin\jimage.dll
Event: 0.252 Thread 0x000001d0414ca840 Thread added: 0x000001d0416318b0
Event: 0.255 Thread 0x000001d0413c9740 Thread added: 0x000001d0417731d0
Event: 0.255 Thread 0x000001d0413c9740 Thread added: 0x000001d087047ff0


Dynamic libraries:
0x00007ff69a950000 - 0x00007ff69a95a000 	C:\Program Files\JetBrains\WebStorm 2024.3.3\jbr\bin\java.exe
0x00007ffbab260000 - 0x00007ffbab4c3000 	C:\WINDOWS\SYSTEM32\ntdll.dll
0x00007ffbaa010000 - 0x00007ffbaa0d8000 	C:\WINDOWS\System32\KERNEL32.DLL
0x00007ffba8a30000 - 0x00007ffba8de4000 	C:\WINDOWS\System32\KERNELBASE.dll
0x00007ffba8f50000 - 0x00007ffba909b000 	C:\WINDOWS\System32\ucrtbase.dll
0x00007ffb90d60000 - 0x00007ffb90d7b000 	C:\Program Files\JetBrains\WebStorm 2024.3.3\jbr\bin\VCRUNTIME140.dll
0x00007ffb67600000 - 0x00007ffb67618000 	C:\Program Files\JetBrains\WebStorm 2024.3.3\jbr\bin\jli.dll
0x00007ffbaa140000 - 0x00007ffbaa309000 	C:\WINDOWS\System32\USER32.dll
0x00007ffba8f20000 - 0x00007ffba8f47000 	C:\WINDOWS\System32\win32u.dll
0x00007ffb94750000 - 0x00007ffb949e0000 	C:\WINDOWS\WinSxS\amd64_microsoft.windows.common-controls_6595b64144ccf1df_6.0.26100.2702_none_3e069454e335fc5e\COMCTL32.dll
0x00007ffbab1f0000 - 0x00007ffbab21a000 	C:\WINDOWS\System32\GDI32.dll
0x00007ffbab020000 - 0x00007ffbab0c9000 	C:\WINDOWS\System32\msvcrt.dll
0x00007ffba8780000 - 0x00007ffba88ab000 	C:\WINDOWS\System32\gdi32full.dll
0x00007ffba8610000 - 0x00007ffba86b3000 	C:\WINDOWS\System32\msvcp_win.dll
0x00007ffba99c0000 - 0x00007ffba99ef000 	C:\WINDOWS\System32\IMM32.DLL
0x00007ffb943d0000 - 0x00007ffb943dc000 	C:\Program Files\JetBrains\WebStorm 2024.3.3\jbr\bin\vcruntime140_1.dll
0x00007ffb2a780000 - 0x00007ffb2a80d000 	C:\Program Files\JetBrains\WebStorm 2024.3.3\jbr\bin\msvcp140.dll
0x00007ffb612a0000 - 0x00007ffb62061000 	C:\Program Files\JetBrains\WebStorm 2024.3.3\jbr\bin\server\jvm.dll
0x00007ffba9dc0000 - 0x00007ffba9e73000 	C:\WINDOWS\System32\ADVAPI32.dll
0x00007ffba9a00000 - 0x00007ffba9aa6000 	C:\WINDOWS\System32\sechost.dll
0x00007ffbab0d0000 - 0x00007ffbab1e6000 	C:\WINDOWS\System32\RPCRT4.dll
0x00007ffbaaf70000 - 0x00007ffbaafe4000 	C:\WINDOWS\System32\WS2_32.dll
0x00007ffba84a0000 - 0x00007ffba84ee000 	C:\WINDOWS\SYSTEM32\POWRPROF.dll
0x00007ffba5e80000 - 0x00007ffba5eb6000 	C:\WINDOWS\SYSTEM32\WINMM.dll
0x00007ffba3a10000 - 0x00007ffba3a1b000 	C:\WINDOWS\SYSTEM32\VERSION.dll
0x00007ffba8480000 - 0x00007ffba8494000 	C:\WINDOWS\SYSTEM32\UMPDC.dll
0x00007ffba76c0000 - 0x00007ffba76da000 	C:\WINDOWS\SYSTEM32\kernel.appcore.dll
0x00007ffb94020000 - 0x00007ffb9402a000 	C:\Program Files\JetBrains\WebStorm 2024.3.3\jbr\bin\jimage.dll
0x00007ffba5bf0000 - 0x00007ffba5e31000 	C:\WINDOWS\SYSTEM32\DBGHELP.DLL
0x00007ffbaa390000 - 0x00007ffbaa70e000 	C:\WINDOWS\System32\combase.dll
0x00007ffba9cd0000 - 0x00007ffba9da6000 	C:\WINDOWS\System32\OLEAUT32.dll
0x00007ffba5e40000 - 0x00007ffba5e79000 	C:\WINDOWS\SYSTEM32\dbgcore.DLL
0x00007ffba8e80000 - 0x00007ffba8f19000 	C:\WINDOWS\System32\bcryptPrimitives.dll
0x00007ffb8fc20000 - 0x00007ffb8fc40000 	C:\Program Files\JetBrains\WebStorm 2024.3.3\jbr\bin\java.dll
0x00007ffba92a0000 - 0x00007ffba99a4000 	C:\WINDOWS\System32\SHELL32.dll
0x00007ffba6280000 - 0x00007ffba6ab7000 	C:\WINDOWS\SYSTEM32\windows.storage.dll
0x00007ffbaa970000 - 0x00007ffbaaa59000 	C:\WINDOWS\System32\SHCORE.dll
0x00007ffbaaa60000 - 0x00007ffbaaabd000 	C:\WINDOWS\System32\shlwapi.dll
0x00007ffba8520000 - 0x00007ffba854e000 	C:\WINDOWS\SYSTEM32\profapi.dll
0x00007ffb8fbc0000 - 0x00007ffb8fbd8000 	C:\Program Files\JetBrains\WebStorm 2024.3.3\jbr\bin\zip.dll
0x00007ffb937c0000 - 0x00007ffb937d0000 	C:\Program Files\JetBrains\WebStorm 2024.3.3\jbr\bin\net.dll
0x00007ffba38e0000 - 0x00007ffba3a06000 	C:\WINDOWS\SYSTEM32\WINHTTP.dll
0x00007ffba78f0000 - 0x00007ffba7958000 	C:\WINDOWS\system32\mswsock.dll
0x00007ffb8bda0000 - 0x00007ffb8bdb6000 	C:\Program Files\JetBrains\WebStorm 2024.3.3\jbr\bin\nio.dll
0x00007ffba7ca0000 - 0x00007ffba7cbc000 	C:\WINDOWS\SYSTEM32\CRYPTSP.dll
0x00007ffba7340000 - 0x00007ffba7378000 	C:\WINDOWS\system32\rsaenh.dll
0x00007ffba7990000 - 0x00007ffba79bb000 	C:\WINDOWS\SYSTEM32\USERENV.dll
0x00007ffba7e30000 - 0x00007ffba7e56000 	C:\WINDOWS\SYSTEM32\bcrypt.dll
0x00007ffba7b20000 - 0x00007ffba7b2c000 	C:\WINDOWS\SYSTEM32\CRYPTBASE.dll
0x00007ffba6e80000 - 0x00007ffba6eb2000 	C:\WINDOWS\SYSTEM32\IPHLPAPI.DLL
0x00007ffba9db0000 - 0x00007ffba9dba000 	C:\WINDOWS\System32\NSI.dll

dbghelp: loaded successfully - version: 4.0.5 - missing functions: none
symbol engine: initialized successfully - sym options: 0x614 - pdb path: .;C:\Program Files\JetBrains\WebStorm 2024.3.3\jbr\bin;C:\WINDOWS\SYSTEM32;C:\WINDOWS\WinSxS\amd64_microsoft.windows.common-controls_6595b64144ccf1df_6.0.26100.2702_none_3e069454e335fc5e;C:\Program Files\JetBrains\WebStorm 2024.3.3\jbr\bin\server

VM Arguments:
java_command: git4idea.http.GitAskPassApp Password for 'https://BryLim-AI@github.com': 
java_class_path (initial): C:/Program Files/JetBrains/WebStorm 2024.3.3/plugins/vcs-git/lib/git4idea-rt.jar;C:/Program Files/JetBrains/WebStorm 2024.3.3/lib/externalProcess-rt.jar
Launcher Type: SUN_STANDARD

[Global flags]
     intx CICompilerCount                          = 12                                        {product} {ergonomic}
     uint ConcGCThreads                            = 3                                         {product} {ergonomic}
     uint G1ConcRefinementThreads                  = 13                                        {product} {ergonomic}
   size_t G1HeapRegionSize                         = 2097152                                   {product} {ergonomic}
    uintx GCDrainStackTargetSize                   = 64                                        {product} {ergonomic}
   size_t InitialHeapSize                          = 260046848                                 {product} {ergonomic}
   size_t MarkStackSize                            = 4194304                                   {product} {ergonomic}
   size_t MaxHeapSize                              = 4135583744                                {product} {ergonomic}
   size_t MaxNewSize                               = 2480930816                                {product} {ergonomic}
   size_t MinHeapDeltaBytes                        = 2097152                                   {product} {ergonomic}
   size_t MinHeapSize                              = 8388608                                   {product} {ergonomic}
    uintx NonNMethodCodeHeapSize                   = 7602480                                {pd product} {ergonomic}
    uintx NonProfiledCodeHeapSize                  = 122027880                              {pd product} {ergonomic}
    uintx ProfiledCodeHeapSize                     = 122027880                              {pd product} {ergonomic}
    uintx ReservedCodeCacheSize                    = 251658240                              {pd product} {ergonomic}
     bool SegmentedCodeCache                       = true                                      {product} {ergonomic}
   size_t SoftMaxHeapSize                          = 4135583744                             {manageable} {ergonomic}
     bool UseCompressedOops                        = true                           {product lp64_product} {ergonomic}
     bool UseG1GC                                  = true                                      {product} {ergonomic}
     bool UseLargePagesIndividualAllocation        = false                                  {pd product} {ergonomic}

Logging:
Log output configuration:
 #0: stdout all=warning uptime,level,tags foldmultilines=false
 #1: stderr all=off uptime,level,tags foldmultilines=false

Environment Variables:
JAVA_HOME=C:\Program Files\Eclipse Foundation\jdk-8.0.302.8-hotspot
PATH=C:\Program Files\Git\mingw64\libexec\git-core;C:\Program Files\Git\mingw64\libexec\git-core;C:\Program Files\Git\mingw64\bin;C:\Program Files\Git\usr\bin;C:\Users\ISPROJ\bin;C:\Program Files (x86)\VMware\VMware Player\bin;C:\Ruby32-x64\bin;C:\Program Files (x86)\Microsoft SDKs\Azure\CLI2\wbin;C:\Program Files\Common Files\Oracle\Java\javapath;C:\Program Files (x86)\Common Files\Oracle\Java\javapath;C:\Program Files\Microsoft\jdk-11.0.16.101-hotspot\bin;C:\Program Files\Eclipse Foundation\jdk-8.0.302.8-hotspot\bin;C:\WINDOWS\system32;C:\WINDOWS;C:\WINDOWS\System32\Wbem;C:\WINDOWS\System32\WindowsPowerShell\v1.0;C:\WINDOWS\System32\OpenSSH;C:\Program Files (x86)\Microsoft SQL Server\160\Tools\Binn;C:\Program Files\Microsoft SQL Server\160\Tools\Binn;C:\Program Files\Microsoft SQL Server\Client SDK\ODBC\170\Tools\Binn;C:\Program Files\Microsoft SQL Server\160\DTS\Binn;C:\Program Files (x86)\Microsoft SQL Server\160\DTS\Binn;C:\Program Files\Azure Data Studio\bin;C:\Program Files\Microsoft SQL Server\150\Tools\Binn;C:\Program Files\dotnet;C:\Program Files\Microsoft SQL Server\130\Tools\Binn;C:\Program Files\nodejs;C:\Program Files\Microsoft VS Code\bin;C:\Users\Bytex\Documents\flutter_windows_3.13.9-stable\flutter\bin;C:\ProgramData\chocolatey\bin;C:\Program Files\SDelete;C:\gradle-8.1.1-all\gradle-8.1.1\bin;C:\Users\AlphaChain\AppData\Roaming\npm;C:\Users\puyan\AppData\Local\Packages\PythonSoftwareFoundation.Python.3.11_qbz5n2kfra8p0\LocalCache\local-packages\Python311\Scripts;C:\Users\puyan\OneDrive\Documents\flutter\bin;C:\xampp\php;C:\Program Files\nodejs;C:\Users\Bytex\.cargo\bin;C:\Users\Bytex\Downloads\aircrack-ng-1.7-win\aircrack-ng-1.7-win\bin;C:\Users\Bytex\.avm\bin;C:\Users\Bytex\AppData\Local\Pub\Cache\bin;C:\Users\Bytex\AppData\Roaming\npm;C:\xmpp\php;C:\Program Files\CMake\bin;C:\flutter\bin;C:\Users\Devcrafts\AppData\Roaming\npm;C:\Users\Devcrafts\AppData\Local\Pub\Cache\bin;C:\Program Files (x86)\Incredibuild;C:\Users\AlphaChain\AppData\Local\Programs\Python\Python312\Scripts;C:\kotlinc\bin;C:\ProgramData\ComposerSetup\bin;C:\Program Files\Go\bin;C:\Program Files\Git\cmd;C:\Program Files\Docker\Docker\resources\bin;C:\Users\ISPROJ\.config\herd\bin;C:\Users\ISPROJ\AppData\Local\Programs\Python\Python313\Scripts;C:\Users\ISPROJ\AppData\Local\Programs\Python\Python313;C:\Program Files\MySQL\MySQL Shell 8.0\bin;C:\Users\ISPROJ\.config\herd-lite\bin;C:\Users\ISPROJ\AppData\Local\pnpm;C:\Users\ISPROJ\Documents\flutter\bin;C:\Users\ISPROJ\AppData\Local\Microsoft\WindowsApps;C:\Users\ISPROJ\.dotnet\tools;C:\Users\ISPROJ\AppData\Roaming\Composer\vendor\bin;C:\Users\ISPROJ\AppData\Roaming\Composer\vendor\bin;C:\Program Files\JetBrains\WebStorm 2024.3.3\bin;C:\Users\ISPROJ\go\bin;C:\Users\ISPROJ\AppData\Roaming\npm\node_modules\serverless;C:\Users\ISPROJ\AppData\Roaming\npm;C:\ffmpeg-7.1.1-essentials_build\ffmpeg-7.1.1-essentials_build\bin
USERNAME=ISPROJ
DISPLAY=:0.0
LC_ALL=en_US.UTF-8
TERM=xterm-256color
TMPDIR=C:\Users\ISPROJ\AppData\Local\Temp
OS=Windows_NT
PROCESSOR_IDENTIFIER=AMD64 Family 25 Model 80 Stepping 0, AuthenticAMD
TMP=C:\Users\ISPROJ\AppData\Local\Temp
TEMP=C:\Users\ISPROJ\AppData\Local\Temp




Periodic native trim disabled

JNI global refs:
JNI global refs: 26, weak refs: 0

JNI global refs memory usage: 835, weak refs: 833

Process memory usage:
Resident Set Size: 56184K (0% of 16153756K total physical memory with 999016K free physical memory)

OOME stack traces (most recent first):
Classloader memory used:
Loader bootstrap                                                                       : 2766K
Loader jdk.internal.loader.ClassLoaders$PlatformClassLoader                            : 340K
Loader jdk.internal.loader.ClassLoaders$AppClassLoader                                 : 16400B

---------------  S Y S T E M  ---------------

OS:
 Windows 11 , 64 bit Build 26100 (10.0.26100.2702)
OS uptime: 0 days 1:13 hours
Hyper-V role detected

CPU: total 16 (initial active 16) (16 cores per cpu, 2 threads per core) family 25 model 80 stepping 0 microcode 0xa50000c, cx8, cmov, fxsr, ht, mmx, 3dnowpref, sse, sse2, sse3, ssse3, sse4a, sse4.1, sse4.2, popcnt, lzcnt, tsc, tscinvbit, avx, avx2, aes, erms, clmul, bmi1, bmi2, adx, sha, fma, vzeroupper, clflush, clflushopt, hv, rdtscp, rdpid, fsrm, f16c, cet_ss
Processor Information for the first 16 processors :
  Max Mhz: 3301, Current Mhz: 3301, Mhz Limit: 3301

Memory: 4k page, system-wide physical 15775M (975M free)
TotalPageFile size 27780M (AvailPageFile size 194M)
current process WorkingSet (physical memory assigned to process): 54M, peak: 54M
current process commit charge ("private bytes"): 349M, peak: 351M

vm_info: OpenJDK 64-Bit Server VM (21.0.6+8-b631.39) for windows-amd64 JRE (21.0.6+8-b631.39), built on 2025-02-04 by "builduser" with MS VC++ 16.10 / 16.11 (VS2019)

END.
