#
# There is insufficient memory for the Java Runtime Environment to continue.
# Native memory allocation (malloc) failed to allocate 43664 bytes. Error detail: Chunk::new
# Possible reasons:
#   The system is out of physical RAM or swap space
#   This process is running with CompressedOops enabled, and the Java Heap may be blocking the growth of the native heap
# Possible solutions:
#   Reduce memory load on the system
#   Increase physical memory or swap space
#   Check if swap backing store is full
#   Decrease Java heap size (-Xmx/-Xms)
#   Decrease number of Java threads
#   Decrease Java thread stack sizes (-Xss)
#   Set larger code cache with -XX:ReservedCodeCacheSize=
#   JVM is running with Zero Based Compressed Oops mode in which the Java heap is
#     placed in the first 32GB address space. The Java Heap base address is the
#     maximum limit for the native heap growth. Please use -XX:HeapBaseMinAddress
#     to set the Java Heap base and to place the Java Heap above 32GB virtual address.
# This output file may be truncated or incomplete.
#
#  Out of Memory Error (arena.cpp:168), pid=24600, tid=23524
#
# JRE version: OpenJDK Runtime Environment JBR-21.0.7+6-1038.58-jcef (21.0.7+6) (build 21.0.7+6-b1038.58)
# Java VM: OpenJDK 64-Bit Server VM JBR-21.0.7+6-1038.58-jcef (21.0.7+6-b1038.58, mixed mode, sharing, tiered, compressed oops, compressed class ptrs, g1 gc, windows-amd64)
# No core dump will be written. Minidumps are not enabled by default on client versions of Windows
#

---------------  S U M M A R Y ------------

Command Line: git4idea.http.GitAskPassApp Username for 'https://github.com': 

Host: AMD Ryzen 9 5900HS with Radeon Graphics        , 16 cores, 15G,  Windows 11 , 64 bit Build 26100 (10.0.26100.2702)
Time: Wed Sep 24 10:54:05 2025 Malay Peninsula Standard Time elapsed time: 0.846459 seconds (0d 0h 0m 0s)

---------------  T H R E A D  ---------------

Current thread (0x000002678665d500):  JavaThread "C2 CompilerThread2" daemon [_thread_in_native, id=23524, stack(0x000000e7e1100000,0x000000e7e1200000) (1024K)]


Current CompileTask:
C2:846 1214       4       sun.security.util.math.intpoly.IntegerPolynomial$MutableElement::setProduct (58 bytes)

Stack: [0x000000e7e1100000,0x000000e7e1200000]
Native frames: (J=compiled Java code, j=interpreted, Vv=VM code, C=native code)
V  [jvm.dll+0x6e7c19]
V  [jvm.dll+0x8c5f53]
V  [jvm.dll+0x8c84ae]
V  [jvm.dll+0x8c8b93]
V  [jvm.dll+0x2899e6]
V  [jvm.dll+0xc679d]
V  [jvm.dll+0xc6cd3]
V  [jvm.dll+0x3c526b]
V  [jvm.dll+0x1e64a2]
V  [jvm.dll+0x250b04]
V  [jvm.dll+0x24ff81]
V  [jvm.dll+0x1cd774]
V  [jvm.dll+0x25f80c]
V  [jvm.dll+0x25dd56]
V  [jvm.dll+0x4005d6]
V  [jvm.dll+0x86dab8]
V  [jvm.dll+0x6e639d]
C  [ucrtbase.dll+0x14ea0]
C  [KERNEL32.DLL+0x2e8d7]
C  [ntdll.dll+0xdf36c]


---------------  P R O C E S S  ---------------

Threads class SMR info:
_java_thread_list=0x00000267cd091260, length=20, elements={
0x00000267eaf311d0, 0x00000267862a9390, 0x00000267862b0400, 0x00000267862b3f90,
0x00000267862b5d00, 0x00000267862b6bf0, 0x00000267862c0380, 0x00000267862c3320,
0x0000026786659e50, 0x000002678665b9c0, 0x000002678665b2f0, 0x00000267862c4d60,
0x000002678665ce30, 0x00000267862c53f0, 0x00000267862c4040, 0x00000267862c5a80,
0x000002678665c090, 0x000002678665d500, 0x000002678665dbd0, 0x000002678665ac20
}

Java Threads: ( => current thread )
  0x00000267eaf311d0 JavaThread "main"                              [_thread_blocked, id=30604, stack(0x000000e7df800000,0x000000e7df900000) (1024K)]
  0x00000267862a9390 JavaThread "Common-Cleaner"             daemon [_thread_blocked, id=23952, stack(0x000000e7e0000000,0x000000e7e0100000) (1024K)]
  0x00000267862b0400 JavaThread "Reference Handler"          daemon [_thread_blocked, id=21376, stack(0x000000e7e0100000,0x000000e7e0200000) (1024K)]
  0x00000267862b3f90 JavaThread "Finalizer"                  daemon [_thread_blocked, id=3972, stack(0x000000e7e0200000,0x000000e7e0300000) (1024K)]
  0x00000267862b5d00 JavaThread "Signal Dispatcher"          daemon [_thread_blocked, id=37532, stack(0x000000e7e0300000,0x000000e7e0400000) (1024K)]
  0x00000267862b6bf0 JavaThread "Attach Listener"            daemon [_thread_blocked, id=28496, stack(0x000000e7e0400000,0x000000e7e0500000) (1024K)]
  0x00000267862c0380 JavaThread "Service Thread"             daemon [_thread_blocked, id=37216, stack(0x000000e7e0500000,0x000000e7e0600000) (1024K)]
  0x00000267862c3320 JavaThread "Monitor Deflation Thread"   daemon [_thread_blocked, id=9840, stack(0x000000e7e0600000,0x000000e7e0700000) (1024K)]
  0x0000026786659e50 JavaThread "C2 CompilerThread0"         daemon [_thread_blocked, id=31448, stack(0x000000e7e0700000,0x000000e7e0800000) (1024K)]
  0x000002678665b9c0 JavaThread "C1 CompilerThread0"         daemon [_thread_blocked, id=35464, stack(0x000000e7e0800000,0x000000e7e0900000) (1024K)]
  0x000002678665b2f0 JavaThread "C1 CompilerThread1"         daemon [_thread_blocked, id=30248, stack(0x000000e7e0900000,0x000000e7e0a00000) (1024K)]
  0x00000267862c4d60 JavaThread "Notification Thread"        daemon [_thread_blocked, id=36956, stack(0x000000e7e0a00000,0x000000e7e0b00000) (1024K)]
  0x000002678665ce30 JavaThread "C1 CompilerThread2"         daemon [_thread_blocked, id=24964, stack(0x000000e7e0b00000,0x000000e7e0c00000) (1024K)]
  0x00000267862c53f0 JavaThread "HttpClient-1-SelectorManager" daemon [_thread_in_native, id=28364, stack(0x000000e7e0c00000,0x000000e7e0d00000) (1024K)]
  0x00000267862c4040 JavaThread "HttpClient-1-Worker-0"      daemon [_thread_blocked, id=24960, stack(0x000000e7e0e00000,0x000000e7e0f00000) (1024K)]
  0x00000267862c5a80 JavaThread "HttpClient-1-Worker-1"      daemon [_thread_blocked, id=33892, stack(0x000000e7e0f00000,0x000000e7e1000000) (1024K)]
  0x000002678665c090 JavaThread "C2 CompilerThread1"         daemon [_thread_blocked, id=9836, stack(0x000000e7e1000000,0x000000e7e1100000) (1024K)]
=>0x000002678665d500 JavaThread "C2 CompilerThread2"         daemon [_thread_in_native, id=23524, stack(0x000000e7e1100000,0x000000e7e1200000) (1024K)]
  0x000002678665dbd0 JavaThread "C2 CompilerThread3"         daemon [_thread_in_native, id=34896, stack(0x000000e7e1200000,0x000000e7e1300000) (1024K)]
  0x000002678665ac20 JavaThread "C2 CompilerThread4"         daemon [_thread_blocked, id=33308, stack(0x000000e7e1300000,0x000000e7e1400000) (1024K)]
Total: 20

Other Threads:
  0x00000267862897f0 VMThread "VM Thread"                           [id=10424, stack(0x000000e7dff00000,0x000000e7e0000000) (1024K)]
  0x000002678627c0d0 WatcherThread "VM Periodic Task Thread"        [id=23900, stack(0x000000e7dfe00000,0x000000e7dff00000) (1024K)]
  0x00000267eaf95dd0 WorkerThread "GC Thread#0"                     [id=32660, stack(0x000000e7df900000,0x000000e7dfa00000) (1024K)]
  0x00000267eafa6330 ConcurrentGCThread "G1 Main Marker"            [id=23176, stack(0x000000e7dfa00000,0x000000e7dfb00000) (1024K)]
  0x00000267eafa7bb0 WorkerThread "G1 Conc#0"                       [id=3632, stack(0x000000e7dfb00000,0x000000e7dfc00000) (1024K)]
  0x000002678614ea50 ConcurrentGCThread "G1 Refine#0"               [id=25180, stack(0x000000e7dfc00000,0x000000e7dfd00000) (1024K)]
  0x0000026786150370 ConcurrentGCThread "G1 Service"                [id=36660, stack(0x000000e7dfd00000,0x000000e7dfe00000) (1024K)]
Total: 7

Threads with active compile tasks:
C2 CompilerThread2  930 1214       4       sun.security.util.math.intpoly.IntegerPolynomial$MutableElement::setProduct (58 bytes)
C2 CompilerThread3  930 1183       4       sun.security.ec.ECOperations::setDouble (463 bytes)
Total: 2

VM state: not at safepoint (normal execution)

VM Mutex/Monitor currently owned by a thread: None

OutOfMemory and StackOverflow Exception counts:
OutOfMemoryError java_heap_errors=1
LinkageErrors=20

Heap address: 0x0000000709800000, size: 3944 MB, Compressed Oops mode: Zero based, Oop shift amount: 3

CDS archive(s) mapped at: [0x0000026787000000-0x0000026788bf0000-0x0000026788bf0000), size 29294592, SharedBaseAddress: 0x0000026787000000, ArchiveRelocationMode: 1.
Compressed class space mapped at: 0x0000026789000000-0x00000267c9000000, reserved size: 1073741824
Narrow klass base: 0x0000026787000000, Narrow klass shift: 0, Narrow klass range: 0x100000000

GC Precious Log:
 CardTable entry size: 512
 Card Set container configuration: InlinePtr #cards 4 size 8 Array Of Cards #cards 16 size 48 Howl #buckets 8 coarsen threshold 3686 Howl Bitmap #cards 512 size 80 coarsen threshold 460 Card regions per heap region 1 cards per card region 4096
 CPUs: 16 total, 16 available
 Memory: 15775M
 Large Page Support: Disabled
 NUMA Support: Disabled
 Compressed Oops: Enabled (Zero based)
 Heap Region Size: 2M
 Heap Min Capacity: 8M
 Heap Initial Capacity: 248M
 Heap Max Capacity: 3944M
 Pre-touch: Disabled
 Parallel Workers: 13
 Concurrent Workers: 3
 Concurrent Refinement Workers: 13
 Periodic GC: Disabled

Heap:
 garbage-first heap   total 253952K, used 14336K [0x0000000709800000, 0x0000000800000000)
  region size 2048K, 8 young (16384K), 0 survivors (0K)
 Metaspace       used 3206K, committed 3456K, reserved 1114112K
  class space    used 374K, committed 512K, reserved 1048576K

Heap Regions: E=young(eden), S=young(survivor), O=old, HS=humongous(starts), HC=humongous(continues), CS=collection set, F=free, TAMS=top-at-mark-start, PB=parsable bottom
|   0|0x0000000709800000, 0x0000000709800000, 0x0000000709a00000|  0%| F|  |TAMS 0x0000000709800000| PB 0x0000000709800000| Untracked 
|   1|0x0000000709a00000, 0x0000000709a00000, 0x0000000709c00000|  0%| F|  |TAMS 0x0000000709a00000| PB 0x0000000709a00000| Untracked 
|   2|0x0000000709c00000, 0x0000000709c00000, 0x0000000709e00000|  0%| F|  |TAMS 0x0000000709c00000| PB 0x0000000709c00000| Untracked 
|   3|0x0000000709e00000, 0x0000000709e00000, 0x000000070a000000|  0%| F|  |TAMS 0x0000000709e00000| PB 0x0000000709e00000| Untracked 
|   4|0x000000070a000000, 0x000000070a000000, 0x000000070a200000|  0%| F|  |TAMS 0x000000070a000000| PB 0x000000070a000000| Untracked 
|   5|0x000000070a200000, 0x000000070a200000, 0x000000070a400000|  0%| F|  |TAMS 0x000000070a200000| PB 0x000000070a200000| Untracked 
|   6|0x000000070a400000, 0x000000070a400000, 0x000000070a600000|  0%| F|  |TAMS 0x000000070a400000| PB 0x000000070a400000| Untracked 
|   7|0x000000070a600000, 0x000000070a600000, 0x000000070a800000|  0%| F|  |TAMS 0x000000070a600000| PB 0x000000070a600000| Untracked 
|   8|0x000000070a800000, 0x000000070a800000, 0x000000070aa00000|  0%| F|  |TAMS 0x000000070a800000| PB 0x000000070a800000| Untracked 
|   9|0x000000070aa00000, 0x000000070aa00000, 0x000000070ac00000|  0%| F|  |TAMS 0x000000070aa00000| PB 0x000000070aa00000| Untracked 
|  10|0x000000070ac00000, 0x000000070ac00000, 0x000000070ae00000|  0%| F|  |TAMS 0x000000070ac00000| PB 0x000000070ac00000| Untracked 
|  11|0x000000070ae00000, 0x000000070ae00000, 0x000000070b000000|  0%| F|  |TAMS 0x000000070ae00000| PB 0x000000070ae00000| Untracked 
|  12|0x000000070b000000, 0x000000070b000000, 0x000000070b200000|  0%| F|  |TAMS 0x000000070b000000| PB 0x000000070b000000| Untracked 
|  13|0x000000070b200000, 0x000000070b200000, 0x000000070b400000|  0%| F|  |TAMS 0x000000070b200000| PB 0x000000070b200000| Untracked 
|  14|0x000000070b400000, 0x000000070b400000, 0x000000070b600000|  0%| F|  |TAMS 0x000000070b400000| PB 0x000000070b400000| Untracked 
|  15|0x000000070b600000, 0x000000070b600000, 0x000000070b800000|  0%| F|  |TAMS 0x000000070b600000| PB 0x000000070b600000| Untracked 
|  16|0x000000070b800000, 0x000000070b800000, 0x000000070ba00000|  0%| F|  |TAMS 0x000000070b800000| PB 0x000000070b800000| Untracked 
|  17|0x000000070ba00000, 0x000000070ba00000, 0x000000070bc00000|  0%| F|  |TAMS 0x000000070ba00000| PB 0x000000070ba00000| Untracked 
|  18|0x000000070bc00000, 0x000000070bc00000, 0x000000070be00000|  0%| F|  |TAMS 0x000000070bc00000| PB 0x000000070bc00000| Untracked 
|  19|0x000000070be00000, 0x000000070be00000, 0x000000070c000000|  0%| F|  |TAMS 0x000000070be00000| PB 0x000000070be00000| Untracked 
|  20|0x000000070c000000, 0x000000070c000000, 0x000000070c200000|  0%| F|  |TAMS 0x000000070c000000| PB 0x000000070c000000| Untracked 
|  21|0x000000070c200000, 0x000000070c200000, 0x000000070c400000|  0%| F|  |TAMS 0x000000070c200000| PB 0x000000070c200000| Untracked 
|  22|0x000000070c400000, 0x000000070c400000, 0x000000070c600000|  0%| F|  |TAMS 0x000000070c400000| PB 0x000000070c400000| Untracked 
|  23|0x000000070c600000, 0x000000070c600000, 0x000000070c800000|  0%| F|  |TAMS 0x000000070c600000| PB 0x000000070c600000| Untracked 
|  24|0x000000070c800000, 0x000000070c800000, 0x000000070ca00000|  0%| F|  |TAMS 0x000000070c800000| PB 0x000000070c800000| Untracked 
|  25|0x000000070ca00000, 0x000000070ca00000, 0x000000070cc00000|  0%| F|  |TAMS 0x000000070ca00000| PB 0x000000070ca00000| Untracked 
|  26|0x000000070cc00000, 0x000000070cc00000, 0x000000070ce00000|  0%| F|  |TAMS 0x000000070cc00000| PB 0x000000070cc00000| Untracked 
|  27|0x000000070ce00000, 0x000000070ce00000, 0x000000070d000000|  0%| F|  |TAMS 0x000000070ce00000| PB 0x000000070ce00000| Untracked 
|  28|0x000000070d000000, 0x000000070d000000, 0x000000070d200000|  0%| F|  |TAMS 0x000000070d000000| PB 0x000000070d000000| Untracked 
|  29|0x000000070d200000, 0x000000070d200000, 0x000000070d400000|  0%| F|  |TAMS 0x000000070d200000| PB 0x000000070d200000| Untracked 
|  30|0x000000070d400000, 0x000000070d400000, 0x000000070d600000|  0%| F|  |TAMS 0x000000070d400000| PB 0x000000070d400000| Untracked 
|  31|0x000000070d600000, 0x000000070d600000, 0x000000070d800000|  0%| F|  |TAMS 0x000000070d600000| PB 0x000000070d600000| Untracked 
|  32|0x000000070d800000, 0x000000070d800000, 0x000000070da00000|  0%| F|  |TAMS 0x000000070d800000| PB 0x000000070d800000| Untracked 
|  33|0x000000070da00000, 0x000000070da00000, 0x000000070dc00000|  0%| F|  |TAMS 0x000000070da00000| PB 0x000000070da00000| Untracked 
|  34|0x000000070dc00000, 0x000000070dc00000, 0x000000070de00000|  0%| F|  |TAMS 0x000000070dc00000| PB 0x000000070dc00000| Untracked 
|  35|0x000000070de00000, 0x000000070de00000, 0x000000070e000000|  0%| F|  |TAMS 0x000000070de00000| PB 0x000000070de00000| Untracked 
|  36|0x000000070e000000, 0x000000070e000000, 0x000000070e200000|  0%| F|  |TAMS 0x000000070e000000| PB 0x000000070e000000| Untracked 
|  37|0x000000070e200000, 0x000000070e200000, 0x000000070e400000|  0%| F|  |TAMS 0x000000070e200000| PB 0x000000070e200000| Untracked 
|  38|0x000000070e400000, 0x000000070e400000, 0x000000070e600000|  0%| F|  |TAMS 0x000000070e400000| PB 0x000000070e400000| Untracked 
|  39|0x000000070e600000, 0x000000070e600000, 0x000000070e800000|  0%| F|  |TAMS 0x000000070e600000| PB 0x000000070e600000| Untracked 
|  40|0x000000070e800000, 0x000000070e800000, 0x000000070ea00000|  0%| F|  |TAMS 0x000000070e800000| PB 0x000000070e800000| Untracked 
|  41|0x000000070ea00000, 0x000000070ea00000, 0x000000070ec00000|  0%| F|  |TAMS 0x000000070ea00000| PB 0x000000070ea00000| Untracked 
|  42|0x000000070ec00000, 0x000000070ec00000, 0x000000070ee00000|  0%| F|  |TAMS 0x000000070ec00000| PB 0x000000070ec00000| Untracked 
|  43|0x000000070ee00000, 0x000000070ee00000, 0x000000070f000000|  0%| F|  |TAMS 0x000000070ee00000| PB 0x000000070ee00000| Untracked 
|  44|0x000000070f000000, 0x000000070f000000, 0x000000070f200000|  0%| F|  |TAMS 0x000000070f000000| PB 0x000000070f000000| Untracked 
|  45|0x000000070f200000, 0x000000070f200000, 0x000000070f400000|  0%| F|  |TAMS 0x000000070f200000| PB 0x000000070f200000| Untracked 
|  46|0x000000070f400000, 0x000000070f400000, 0x000000070f600000|  0%| F|  |TAMS 0x000000070f400000| PB 0x000000070f400000| Untracked 
|  47|0x000000070f600000, 0x000000070f600000, 0x000000070f800000|  0%| F|  |TAMS 0x000000070f600000| PB 0x000000070f600000| Untracked 
|  48|0x000000070f800000, 0x000000070f800000, 0x000000070fa00000|  0%| F|  |TAMS 0x000000070f800000| PB 0x000000070f800000| Untracked 
|  49|0x000000070fa00000, 0x000000070fa00000, 0x000000070fc00000|  0%| F|  |TAMS 0x000000070fa00000| PB 0x000000070fa00000| Untracked 
|  50|0x000000070fc00000, 0x000000070fc00000, 0x000000070fe00000|  0%| F|  |TAMS 0x000000070fc00000| PB 0x000000070fc00000| Untracked 
|  51|0x000000070fe00000, 0x000000070fe00000, 0x0000000710000000|  0%| F|  |TAMS 0x000000070fe00000| PB 0x000000070fe00000| Untracked 
|  52|0x0000000710000000, 0x0000000710000000, 0x0000000710200000|  0%| F|  |TAMS 0x0000000710000000| PB 0x0000000710000000| Untracked 
|  53|0x0000000710200000, 0x0000000710200000, 0x0000000710400000|  0%| F|  |TAMS 0x0000000710200000| PB 0x0000000710200000| Untracked 
|  54|0x0000000710400000, 0x0000000710400000, 0x0000000710600000|  0%| F|  |TAMS 0x0000000710400000| PB 0x0000000710400000| Untracked 
|  55|0x0000000710600000, 0x0000000710600000, 0x0000000710800000|  0%| F|  |TAMS 0x0000000710600000| PB 0x0000000710600000| Untracked 
|  56|0x0000000710800000, 0x0000000710800000, 0x0000000710a00000|  0%| F|  |TAMS 0x0000000710800000| PB 0x0000000710800000| Untracked 
|  57|0x0000000710a00000, 0x0000000710a00000, 0x0000000710c00000|  0%| F|  |TAMS 0x0000000710a00000| PB 0x0000000710a00000| Untracked 
|  58|0x0000000710c00000, 0x0000000710c00000, 0x0000000710e00000|  0%| F|  |TAMS 0x0000000710c00000| PB 0x0000000710c00000| Untracked 
|  59|0x0000000710e00000, 0x0000000710e00000, 0x0000000711000000|  0%| F|  |TAMS 0x0000000710e00000| PB 0x0000000710e00000| Untracked 
|  60|0x0000000711000000, 0x0000000711000000, 0x0000000711200000|  0%| F|  |TAMS 0x0000000711000000| PB 0x0000000711000000| Untracked 
|  61|0x0000000711200000, 0x0000000711200000, 0x0000000711400000|  0%| F|  |TAMS 0x0000000711200000| PB 0x0000000711200000| Untracked 
|  62|0x0000000711400000, 0x0000000711400000, 0x0000000711600000|  0%| F|  |TAMS 0x0000000711400000| PB 0x0000000711400000| Untracked 
|  63|0x0000000711600000, 0x0000000711600000, 0x0000000711800000|  0%| F|  |TAMS 0x0000000711600000| PB 0x0000000711600000| Untracked 
|  64|0x0000000711800000, 0x0000000711800000, 0x0000000711a00000|  0%| F|  |TAMS 0x0000000711800000| PB 0x0000000711800000| Untracked 
|  65|0x0000000711a00000, 0x0000000711a00000, 0x0000000711c00000|  0%| F|  |TAMS 0x0000000711a00000| PB 0x0000000711a00000| Untracked 
|  66|0x0000000711c00000, 0x0000000711c00000, 0x0000000711e00000|  0%| F|  |TAMS 0x0000000711c00000| PB 0x0000000711c00000| Untracked 
|  67|0x0000000711e00000, 0x0000000711e00000, 0x0000000712000000|  0%| F|  |TAMS 0x0000000711e00000| PB 0x0000000711e00000| Untracked 
|  68|0x0000000712000000, 0x0000000712000000, 0x0000000712200000|  0%| F|  |TAMS 0x0000000712000000| PB 0x0000000712000000| Untracked 
|  69|0x0000000712200000, 0x0000000712200000, 0x0000000712400000|  0%| F|  |TAMS 0x0000000712200000| PB 0x0000000712200000| Untracked 
|  70|0x0000000712400000, 0x0000000712400000, 0x0000000712600000|  0%| F|  |TAMS 0x0000000712400000| PB 0x0000000712400000| Untracked 
|  71|0x0000000712600000, 0x0000000712600000, 0x0000000712800000|  0%| F|  |TAMS 0x0000000712600000| PB 0x0000000712600000| Untracked 
|  72|0x0000000712800000, 0x0000000712800000, 0x0000000712a00000|  0%| F|  |TAMS 0x0000000712800000| PB 0x0000000712800000| Untracked 
|  73|0x0000000712a00000, 0x0000000712a00000, 0x0000000712c00000|  0%| F|  |TAMS 0x0000000712a00000| PB 0x0000000712a00000| Untracked 
|  74|0x0000000712c00000, 0x0000000712c00000, 0x0000000712e00000|  0%| F|  |TAMS 0x0000000712c00000| PB 0x0000000712c00000| Untracked 
|  75|0x0000000712e00000, 0x0000000712e00000, 0x0000000713000000|  0%| F|  |TAMS 0x0000000712e00000| PB 0x0000000712e00000| Untracked 
|  76|0x0000000713000000, 0x0000000713000000, 0x0000000713200000|  0%| F|  |TAMS 0x0000000713000000| PB 0x0000000713000000| Untracked 
|  77|0x0000000713200000, 0x0000000713200000, 0x0000000713400000|  0%| F|  |TAMS 0x0000000713200000| PB 0x0000000713200000| Untracked 
|  78|0x0000000713400000, 0x0000000713400000, 0x0000000713600000|  0%| F|  |TAMS 0x0000000713400000| PB 0x0000000713400000| Untracked 
|  79|0x0000000713600000, 0x0000000713600000, 0x0000000713800000|  0%| F|  |TAMS 0x0000000713600000| PB 0x0000000713600000| Untracked 
|  80|0x0000000713800000, 0x0000000713800000, 0x0000000713a00000|  0%| F|  |TAMS 0x0000000713800000| PB 0x0000000713800000| Untracked 
|  81|0x0000000713a00000, 0x0000000713a00000, 0x0000000713c00000|  0%| F|  |TAMS 0x0000000713a00000| PB 0x0000000713a00000| Untracked 
|  82|0x0000000713c00000, 0x0000000713c00000, 0x0000000713e00000|  0%| F|  |TAMS 0x0000000713c00000| PB 0x0000000713c00000| Untracked 
|  83|0x0000000713e00000, 0x0000000713e00000, 0x0000000714000000|  0%| F|  |TAMS 0x0000000713e00000| PB 0x0000000713e00000| Untracked 
|  84|0x0000000714000000, 0x0000000714000000, 0x0000000714200000|  0%| F|  |TAMS 0x0000000714000000| PB 0x0000000714000000| Untracked 
|  85|0x0000000714200000, 0x0000000714200000, 0x0000000714400000|  0%| F|  |TAMS 0x0000000714200000| PB 0x0000000714200000| Untracked 
|  86|0x0000000714400000, 0x0000000714400000, 0x0000000714600000|  0%| F|  |TAMS 0x0000000714400000| PB 0x0000000714400000| Untracked 
|  87|0x0000000714600000, 0x0000000714600000, 0x0000000714800000|  0%| F|  |TAMS 0x0000000714600000| PB 0x0000000714600000| Untracked 
|  88|0x0000000714800000, 0x0000000714800000, 0x0000000714a00000|  0%| F|  |TAMS 0x0000000714800000| PB 0x0000000714800000| Untracked 
|  89|0x0000000714a00000, 0x0000000714a00000, 0x0000000714c00000|  0%| F|  |TAMS 0x0000000714a00000| PB 0x0000000714a00000| Untracked 
|  90|0x0000000714c00000, 0x0000000714c00000, 0x0000000714e00000|  0%| F|  |TAMS 0x0000000714c00000| PB 0x0000000714c00000| Untracked 
|  91|0x0000000714e00000, 0x0000000714e00000, 0x0000000715000000|  0%| F|  |TAMS 0x0000000714e00000| PB 0x0000000714e00000| Untracked 
|  92|0x0000000715000000, 0x0000000715000000, 0x0000000715200000|  0%| F|  |TAMS 0x0000000715000000| PB 0x0000000715000000| Untracked 
|  93|0x0000000715200000, 0x0000000715200000, 0x0000000715400000|  0%| F|  |TAMS 0x0000000715200000| PB 0x0000000715200000| Untracked 
|  94|0x0000000715400000, 0x0000000715400000, 0x0000000715600000|  0%| F|  |TAMS 0x0000000715400000| PB 0x0000000715400000| Untracked 
|  95|0x0000000715600000, 0x0000000715600000, 0x0000000715800000|  0%| F|  |TAMS 0x0000000715600000| PB 0x0000000715600000| Untracked 
|  96|0x0000000715800000, 0x0000000715800000, 0x0000000715a00000|  0%| F|  |TAMS 0x0000000715800000| PB 0x0000000715800000| Untracked 
|  97|0x0000000715a00000, 0x0000000715a00000, 0x0000000715c00000|  0%| F|  |TAMS 0x0000000715a00000| PB 0x0000000715a00000| Untracked 
|  98|0x0000000715c00000, 0x0000000715c00000, 0x0000000715e00000|  0%| F|  |TAMS 0x0000000715c00000| PB 0x0000000715c00000| Untracked 
|  99|0x0000000715e00000, 0x0000000715e00000, 0x0000000716000000|  0%| F|  |TAMS 0x0000000715e00000| PB 0x0000000715e00000| Untracked 
| 100|0x0000000716000000, 0x0000000716000000, 0x0000000716200000|  0%| F|  |TAMS 0x0000000716000000| PB 0x0000000716000000| Untracked 
| 101|0x0000000716200000, 0x0000000716200000, 0x0000000716400000|  0%| F|  |TAMS 0x0000000716200000| PB 0x0000000716200000| Untracked 
| 102|0x0000000716400000, 0x0000000716400000, 0x0000000716600000|  0%| F|  |TAMS 0x0000000716400000| PB 0x0000000716400000| Untracked 
| 103|0x0000000716600000, 0x0000000716600000, 0x0000000716800000|  0%| F|  |TAMS 0x0000000716600000| PB 0x0000000716600000| Untracked 
| 104|0x0000000716800000, 0x0000000716800000, 0x0000000716a00000|  0%| F|  |TAMS 0x0000000716800000| PB 0x0000000716800000| Untracked 
| 105|0x0000000716a00000, 0x0000000716a00000, 0x0000000716c00000|  0%| F|  |TAMS 0x0000000716a00000| PB 0x0000000716a00000| Untracked 
| 106|0x0000000716c00000, 0x0000000716c00000, 0x0000000716e00000|  0%| F|  |TAMS 0x0000000716c00000| PB 0x0000000716c00000| Untracked 
| 107|0x0000000716e00000, 0x0000000716e00000, 0x0000000717000000|  0%| F|  |TAMS 0x0000000716e00000| PB 0x0000000716e00000| Untracked 
| 108|0x0000000717000000, 0x0000000717000000, 0x0000000717200000|  0%| F|  |TAMS 0x0000000717000000| PB 0x0000000717000000| Untracked 
| 109|0x0000000717200000, 0x0000000717200000, 0x0000000717400000|  0%| F|  |TAMS 0x0000000717200000| PB 0x0000000717200000| Untracked 
| 110|0x0000000717400000, 0x0000000717400000, 0x0000000717600000|  0%| F|  |TAMS 0x0000000717400000| PB 0x0000000717400000| Untracked 
| 111|0x0000000717600000, 0x0000000717600000, 0x0000000717800000|  0%| F|  |TAMS 0x0000000717600000| PB 0x0000000717600000| Untracked 
| 112|0x0000000717800000, 0x0000000717800000, 0x0000000717a00000|  0%| F|  |TAMS 0x0000000717800000| PB 0x0000000717800000| Untracked 
| 113|0x0000000717a00000, 0x0000000717a00000, 0x0000000717c00000|  0%| F|  |TAMS 0x0000000717a00000| PB 0x0000000717a00000| Untracked 
| 114|0x0000000717c00000, 0x0000000717c00000, 0x0000000717e00000|  0%| F|  |TAMS 0x0000000717c00000| PB 0x0000000717c00000| Untracked 
| 115|0x0000000717e00000, 0x0000000717e00000, 0x0000000718000000|  0%| F|  |TAMS 0x0000000717e00000| PB 0x0000000717e00000| Untracked 
| 116|0x0000000718000000, 0x00000007181cbb30, 0x0000000718200000| 89%| E|  |TAMS 0x0000000718000000| PB 0x0000000718000000| Complete 
| 117|0x0000000718200000, 0x0000000718400000, 0x0000000718400000|100%| E|CS|TAMS 0x0000000718200000| PB 0x0000000718200000| Complete 
| 118|0x0000000718400000, 0x0000000718600000, 0x0000000718600000|100%| E|CS|TAMS 0x0000000718400000| PB 0x0000000718400000| Complete 
| 119|0x0000000718600000, 0x0000000718800000, 0x0000000718800000|100%| E|CS|TAMS 0x0000000718600000| PB 0x0000000718600000| Complete 
| 120|0x0000000718800000, 0x0000000718a00000, 0x0000000718a00000|100%| E|CS|TAMS 0x0000000718800000| PB 0x0000000718800000| Complete 
| 121|0x0000000718a00000, 0x0000000718c00000, 0x0000000718c00000|100%| E|CS|TAMS 0x0000000718a00000| PB 0x0000000718a00000| Complete 
| 122|0x0000000718c00000, 0x0000000718e00000, 0x0000000718e00000|100%| E|CS|TAMS 0x0000000718c00000| PB 0x0000000718c00000| Complete 
| 123|0x0000000718e00000, 0x0000000719000000, 0x0000000719000000|100%| E|CS|TAMS 0x0000000718e00000| PB 0x0000000718e00000| Complete 

Card table byte_map: [0x00000267fefa0000,0x00000267ff760000] _byte_map_base: 0x00000267fb754000

Marking Bits: (CMBitMap*) 0x00000267eaf963d0
 Bits: [0x0000026780000000, 0x0000026783da0000)

Polling page: 0x00000267e8d40000

Metaspace:

Usage:
  Non-class:      2.77 MB used.
      Class:    374.27 KB used.
       Both:      3.13 MB used.

Virtual space:
  Non-class space:       64.00 MB reserved,       2.88 MB (  4%) committed,  1 nodes.
      Class space:        1.00 GB reserved,     512.00 KB ( <1%) committed,  1 nodes.
             Both:        1.06 GB reserved,       3.38 MB ( <1%) committed. 

Chunk freelists:
   Non-Class:  10.41 MB
       Class:  15.43 MB
        Both:  25.84 MB

MaxMetaspaceSize: unlimited
CompressedClassSpaceSize: 1.00 GB
Initial GC threshold: 21.00 MB
Current GC threshold: 21.00 MB
CDS: on
 - commit_granule_bytes: 65536.
 - commit_granule_words: 8192.
 - virtual_space_node_default_size: 8388608.
 - enlarge_chunks_in_place: 1.
 - use_allocation_guard: 0.


Internal statistics:

num_allocs_failed_limit: 0.
num_arena_births: 180.
num_arena_deaths: 0.
num_vsnodes_births: 2.
num_vsnodes_deaths: 0.
num_space_committed: 54.
num_space_uncommitted: 0.
num_chunks_returned_to_freelist: 0.
num_chunks_taken_from_freelist: 324.
num_chunk_merges: 0.
num_chunk_splits: 184.
num_chunks_enlarged: 84.
num_inconsistent_stats: 0.

CodeHeap 'non-profiled nmethods': size=119168Kb used=401Kb max_used=401Kb free=118767Kb
 bounds [0x00000267f6b00000, 0x00000267f6d70000, 0x00000267fdf60000]
CodeHeap 'profiled nmethods': size=119104Kb used=2009Kb max_used=2009Kb free=117094Kb
 bounds [0x00000267eef60000, 0x00000267ef1d0000, 0x00000267f63b0000]
CodeHeap 'non-nmethods': size=7488Kb used=2558Kb max_used=2581Kb free=4929Kb
 bounds [0x00000267f63b0000, 0x00000267f6640000, 0x00000267f6b00000]
 total_blobs=1753 nmethods=1235 adapters=421
 compilation: enabled
              stopped_count=0, restarted_count=0
 full_count=0

Compilation events (20 events):
Event: 0.824 Thread 0x000002678665b2f0 nmethod 1206 0x00000267ef149210 code [0x00000267ef1493c0, 0x00000267ef149528]
Event: 0.824 Thread 0x000002678665ce30 1207       3       jdk.internal.loader.ClassLoaders$BootClassLoader::loadClassOrNull (10 bytes)
Event: 0.824 Thread 0x000002678665c090 nmethod 1205 0x00000267f6b61010 code [0x00000267f6b611a0, 0x00000267f6b613e8]
Event: 0.825 Thread 0x000002678665ce30 nmethod 1207 0x00000267ef149590 code [0x00000267ef149760, 0x00000267ef1499f0]
Event: 0.826 Thread 0x000002678665ce30 1208       3       java.lang.invoke.MethodHandles$Lookup::resolveOrFail (48 bytes)
Event: 0.826 Thread 0x000002678665b2f0 1209       3       java.lang.invoke.MethodHandles$Lookup::checkMethodName (45 bytes)
Event: 0.826 Thread 0x000002678665b2f0 nmethod 1209 0x00000267ef149b10 code [0x00000267ef149d60, 0x00000267ef14a428]
Event: 0.827 Thread 0x000002678665ce30 nmethod 1208 0x00000267ef14a710 code [0x00000267ef14a960, 0x00000267ef14b018]
Event: 0.827 Thread 0x000002678665b9c0 1210       3       sun.security.ec.XECOperations::bitAt (23 bytes)
Event: 0.827 Thread 0x000002678665b2f0 1211       3       sun.security.util.math.intpoly.IntegerPolynomial25519::reduce (40 bytes)
Event: 0.827 Thread 0x000002678665b9c0 nmethod 1210 0x00000267ef14b310 code [0x00000267ef14b4c0, 0x00000267ef14b658]
Event: 0.827 Thread 0x000002678665ce30 1212       3       sun.security.util.math.intpoly.IntegerPolynomial25519::carryReduce (391 bytes)
Event: 0.828 Thread 0x000002678665b2f0 nmethod 1211 0x00000267ef14b790 code [0x00000267ef14b960, 0x00000267ef14bc60]
Event: 0.828 Thread 0x000002678665ac20 1213       4       sun.security.util.math.intpoly.IntegerPolynomial$MutableElement::setProduct (6 bytes)
Event: 0.828 Thread 0x000002678665ce30 nmethod 1212 0x00000267ef14be10 code [0x00000267ef14bfc0, 0x00000267ef14c420]
Event: 0.828 Thread 0x000002678665d500 1214       4       sun.security.util.math.intpoly.IntegerPolynomial$MutableElement::setProduct (58 bytes)
Event: 0.835 Thread 0x000002678665b9c0 1215       3       sun.security.provider.SHA2::implCompress0 (448 bytes)
Event: 0.837 Thread 0x000002678665b9c0 nmethod 1215 0x00000267ef14c610 code [0x00000267ef14c860, 0x00000267ef14d470]
Event: 0.839 Thread 0x000002678665b9c0 1217       3       java.lang.invoke.VarHandle::checkAccessModeThenIsDirect (29 bytes)
Event: 0.840 Thread 0x000002678665b9c0 nmethod 1217 0x00000267ef14db90 code [0x00000267ef14ddc0, 0x00000267ef14e6c0]

GC Heap History (0 events):
No events

Dll operation events (2 events):
Event: 0.020 Loaded shared library C:\Program Files\JetBrains\WebStorm 2025.2\jbr\bin\java.dll
Event: 0.199 Loaded shared library C:\Program Files\JetBrains\WebStorm 2025.2\jbr\bin\zip.dll

Deoptimization events (20 events):
Event: 0.827 Thread 0x00000267862c4040 Uncommon trap: trap_request=0xffffff66 fr.pc=0x00000267f6b5bd74 relative=0x0000000000000314
Event: 0.827 Thread 0x00000267862c4040 Uncommon trap: reason=speculate_class_check action=maybe_recompile pc=0x00000267f6b5bd74 method=sun.security.util.math.intpoly.IntegerPolynomial.multByInt([JJ)V @ 26 c2
Event: 0.827 Thread 0x00000267862c4040 DEOPT PACKING pc=0x00000267f6b5bd74 sp=0x000000e7e0efe520
Event: 0.827 Thread 0x00000267862c4040 DEOPT UNPACKING pc=0x00000267f64046a2 sp=0x000000e7e0efe408 mode 2
Event: 0.827 Thread 0x00000267862c4040 Uncommon trap: trap_request=0xffffff66 fr.pc=0x00000267f6b5bd74 relative=0x0000000000000314
Event: 0.827 Thread 0x00000267862c4040 Uncommon trap: reason=speculate_class_check action=maybe_recompile pc=0x00000267f6b5bd74 method=sun.security.util.math.intpoly.IntegerPolynomial.multByInt([JJ)V @ 26 c2
Event: 0.827 Thread 0x00000267862c4040 DEOPT PACKING pc=0x00000267f6b5bd74 sp=0x000000e7e0efe520
Event: 0.827 Thread 0x00000267862c4040 DEOPT UNPACKING pc=0x00000267f64046a2 sp=0x000000e7e0efe408 mode 2
Event: 0.828 Thread 0x00000267862c4040 Uncommon trap: trap_request=0xffffff66 fr.pc=0x00000267f6b5bd74 relative=0x0000000000000314
Event: 0.828 Thread 0x00000267862c4040 Uncommon trap: reason=speculate_class_check action=maybe_recompile pc=0x00000267f6b5bd74 method=sun.security.util.math.intpoly.IntegerPolynomial.multByInt([JJ)V @ 26 c2
Event: 0.828 Thread 0x00000267862c4040 DEOPT PACKING pc=0x00000267f6b5bd74 sp=0x000000e7e0efe520
Event: 0.828 Thread 0x00000267862c4040 DEOPT UNPACKING pc=0x00000267f64046a2 sp=0x000000e7e0efe408 mode 2
Event: 0.828 Thread 0x00000267862c4040 Uncommon trap: trap_request=0xffffff66 fr.pc=0x00000267f6b5b074 relative=0x0000000000000314
Event: 0.828 Thread 0x00000267862c4040 Uncommon trap: reason=speculate_class_check action=maybe_recompile pc=0x00000267f6b5b074 method=sun.security.util.math.intpoly.IntegerPolynomial.multByInt([JJ)V @ 26 c2
Event: 0.828 Thread 0x00000267862c4040 DEOPT PACKING pc=0x00000267f6b5b074 sp=0x000000e7e0efe4b0
Event: 0.828 Thread 0x00000267862c4040 DEOPT UNPACKING pc=0x00000267f64046a2 sp=0x000000e7e0efe400 mode 2
Event: 0.828 Thread 0x00000267862c4040 Uncommon trap: trap_request=0xffffff66 fr.pc=0x00000267f6b5b074 relative=0x0000000000000314
Event: 0.828 Thread 0x00000267862c4040 Uncommon trap: reason=speculate_class_check action=maybe_recompile pc=0x00000267f6b5b074 method=sun.security.util.math.intpoly.IntegerPolynomial.multByInt([JJ)V @ 26 c2
Event: 0.828 Thread 0x00000267862c4040 DEOPT PACKING pc=0x00000267f6b5b074 sp=0x000000e7e0efe4b0
Event: 0.828 Thread 0x00000267862c4040 DEOPT UNPACKING pc=0x00000267f64046a2 sp=0x000000e7e0efe400 mode 2

Classes loaded (20 events):
Event: 0.524 Loading class jdk/net/ExtendedSocketOptions$2
Event: 0.525 Loading class jdk/net/ExtendedSocketOptions$2 done
Event: 0.525 Loading class jdk/net/WindowsSocketOptions
Event: 0.525 Loading class jdk/net/WindowsSocketOptions done
Event: 0.529 Loading class jdk/net/ExtendedSocketOptions$1
Event: 0.529 Loading class jdk/net/ExtendedSocketOptions$1 done
Event: 0.532 Loading class java/nio/BufferMismatch
Event: 0.532 Loading class java/nio/BufferMismatch done
Event: 0.532 Loading class sun/nio/ch/SourceChannelImpl
Event: 0.532 Loading class java/nio/channels/Pipe$SourceChannel
Event: 0.532 Loading class java/nio/channels/Pipe$SourceChannel done
Event: 0.532 Loading class sun/nio/ch/SourceChannelImpl done
Event: 0.532 Loading class sun/nio/ch/SinkChannelImpl
Event: 0.533 Loading class java/nio/channels/Pipe$SinkChannel
Event: 0.533 Loading class java/nio/channels/Pipe$SinkChannel done
Event: 0.533 Loading class sun/nio/ch/SinkChannelImpl done
Event: 0.549 Loading class sun/net/spi/DefaultProxySelector$NonProxyInfo
Event: 0.549 Loading class sun/net/spi/DefaultProxySelector$NonProxyInfo done
Event: 0.549 Loading class sun/net/spi/DefaultProxySelector$3
Event: 0.549 Loading class sun/net/spi/DefaultProxySelector$3 done

Classes unloaded (0 events):
No events

Classes redefined (0 events):
No events

Internal exceptions (20 events):
Event: 0.216 Thread 0x00000267eaf311d0 Exception <a 'sun/nio/fs/WindowsException'{0x0000000718a48050}> (0x0000000718a48050) 
thrown [s\src\hotspot\share\prims\jni.cpp, line 537]
Event: 0.373 Thread 0x00000267eaf311d0 Exception <a 'java/lang/NoSuchMethodError'{0x0000000718be2e18}: 'java.lang.Object java.lang.invoke.DirectMethodHandle$Holder.invokeStaticInit(java.lang.Object, java.lang.Object, int, int, int, int)'> (0x0000000718be2e18) 
thrown [s\src\hotspot\share\interpreter\linkResolver.cpp, line 784]
Event: 0.396 Thread 0x00000267eaf311d0 Exception <a 'java/lang/NoSuchMethodError'{0x00000007188a21c8}: 'java.lang.Object java.lang.invoke.DirectMethodHandle$Holder.invokeStaticInit(java.lang.Object, java.lang.Object, int)'> (0x00000007188a21c8) 
thrown [s\src\hotspot\share\interpreter\linkResolver.cpp, line 784]
Event: 0.397 Thread 0x00000267eaf311d0 Exception <a 'java/lang/NoSuchMethodError'{0x00000007188a80d0}: 'java.lang.Object java.lang.invoke.DirectMethodHandle$Holder.newInvokeSpecial(java.lang.Object, java.lang.Object, int)'> (0x00000007188a80d0) 
thrown [s\src\hotspot\share\interpreter\linkResolver.cpp, line 784]
Event: 0.401 Thread 0x00000267eaf311d0 Exception <a 'java/lang/NoSuchMethodError'{0x00000007188bb8b0}: 'int java.lang.invoke.DirectMethodHandle$Holder.invokeSpecialIFC(java.lang.Object, java.lang.Object, java.lang.Object)'> (0x00000007188bb8b0) 
thrown [s\src\hotspot\share\interpreter\linkResolver.cpp, line 784]
Event: 0.416 Thread 0x00000267eaf311d0 Exception <a 'java/lang/NoSuchMethodError'{0x00000007188f38c0}: 'java.lang.Object java.lang.invoke.Invokers$Holder.invoke_MT(java.lang.Object, java.lang.Object, java.lang.Object, java.lang.Object, java.lang.Object, java.lang.Object, java.lang.Object, java.lang.Object, java.lang.Object, java.lang.Object)'> (0x00000007188f38c0) 
thrown [s\src\hotspot\share\interpreter\linkResolver.cpp, line 784]
Event: 0.430 Thread 0x00000267eaf311d0 Exception <a 'java/lang/NoSuchMethodError'{0x00000007189332c0}: 'int java.lang.invoke.DirectMethodHandle$Holder.invokeSpecial(java.lang.Object, java.lang.Object, java.lang.Object, java.lang.Object)'> (0x00000007189332c0) 
thrown [s\src\hotspot\share\interpreter\linkResolver.cpp, line 784]
Event: 0.434 Thread 0x00000267eaf311d0 Exception <a 'java/lang/NoSuchMethodError'{0x00000007189484c8}: 'java.lang.Object java.lang.invoke.DirectMethodHandle$Holder.invokeSpecial(java.lang.Object, java.lang.Object, int, java.lang.Object, java.lang.Object)'> (0x00000007189484c8) 
thrown [s\src\hotspot\share\interpreter\linkResolver.cpp, line 784]
Event: 0.434 Thread 0x00000267eaf311d0 Exception <a 'java/lang/NoSuchMethodError'{0x000000071894be58}: 'java.lang.Object java.lang.invoke.DelegatingMethodHandle$Holder.delegate(java.lang.Object, int, java.lang.Object, java.lang.Object)'> (0x000000071894be58) 
thrown [s\src\hotspot\share\interpreter\linkResolver.cpp, line 784]
Event: 0.437 Thread 0x00000267eaf311d0 Exception <a 'java/lang/NoSuchMethodError'{0x000000071895b990}: 'int java.lang.invoke.Invokers$Holder.linkToTargetMethod(java.lang.Object, java.lang.Object, java.lang.Object)'> (0x000000071895b990) 
thrown [s\src\hotspot\share\interpreter\linkResolver.cpp, line 784]
Event: 0.442 Thread 0x00000267eaf311d0 Exception <a 'java/lang/NoSuchMethodError'{0x000000071898e640}: 'long java.lang.invoke.DirectMethodHandle$Holder.invokeSpecial(java.lang.Object, java.lang.Object)'> (0x000000071898e640) 
thrown [s\src\hotspot\share\interpreter\linkResolver.cpp, line 784]
Event: 0.443 Thread 0x00000267eaf311d0 Exception <a 'java/lang/NoSuchMethodError'{0x0000000718995390}: 'java.lang.Object java.lang.invoke.Invokers$Holder.invokeExact_MT(java.lang.Object, java.lang.Object, java.lang.Object, java.lang.Object, java.lang.Object, java.lang.Object)'> (0x0000000718995390) 
thrown [s\src\hotspot\share\interpreter\linkResolver.cpp, line 784]
Event: 0.544 Thread 0x00000267eaf311d0 Exception <a 'java/lang/NoSuchMethodError'{0x00000007187bb0b8}: 'java.lang.Object java.lang.invoke.DirectMethodHandle$Holder.newInvokeSpecial(java.lang.Object, java.lang.Object, java.lang.Object, java.lang.Object, java.lang.Object)'> (0x00000007187bb0b8) 
thrown [s\src\hotspot\share\interpreter\linkResolver.cpp, line 784]
Event: 0.587 Thread 0x00000267eaf311d0 Exception <a 'java/lang/NoSuchMethodError'{0x000000071856b1b0}: 'java.lang.Object java.lang.invoke.DirectMethodHandle$Holder.invokeSpecial(java.lang.Object, java.lang.Object, java.lang.Object, java.lang.Object, int)'> (0x000000071856b1b0) 
thrown [s\src\hotspot\share\interpreter\linkResolver.cpp, line 784]
Event: 0.588 Thread 0x00000267eaf311d0 Exception <a 'java/lang/NoSuchMethodError'{0x000000071856eb18}: 'java.lang.Object java.lang.invoke.Invokers$Holder.linkToTargetMethod(java.lang.Object, java.lang.Object, int, java.lang.Object)'> (0x000000071856eb18) 
thrown [s\src\hotspot\share\interpreter\linkResolver.cpp, line 784]
Event: 0.595 Thread 0x00000267eaf311d0 Exception <a 'java/lang/NoSuchMethodError'{0x000000071859ce70}: 'void java.lang.invoke.DirectMethodHandle$Holder.invokeSpecial(java.lang.Object, java.lang.Object, java.lang.Object)'> (0x000000071859ce70) 
thrown [s\src\hotspot\share\interpreter\linkResolver.cpp, line 784]
Event: 0.616 Thread 0x00000267862c53f0 Exception <a 'java/lang/NoSuchMethodError'{0x00000007187f9c38}: 'void java.lang.invoke.DirectMethodHandle$Holder.invokeStatic(java.lang.Object, java.lang.Object, int)'> (0x00000007187f9c38) 
thrown [s\src\hotspot\share\interpreter\linkResolver.cpp, line 784]
Event: 0.617 Thread 0x00000267eaf311d0 Exception <a 'java/lang/NoSuchMethodError'{0x000000071822cc88}: 'void java.lang.invoke.DirectMethodHandle$Holder.invokeSpecial(java.lang.Object, java.lang.Object, java.lang.Object, java.lang.Object, java.lang.Object)'> (0x000000071822cc88) 
thrown [s\src\hotspot\share\interpreter\linkResolver.cpp, line 784]
Event: 0.632 Thread 0x00000267862c4040 Exception <a 'java/lang/NoSuchMethodError'{0x0000000718305a40}: 'void java.lang.invoke.DirectMethodHandle$Holder.invokeInterface(java.lang.Object, java.lang.Object, java.lang.Object)'> (0x0000000718305a40) 
thrown [s\src\hotspot\share\interpreter\linkResolver.cpp, line 784]
Event: 0.816 Thread 0x00000267862c4040 Exception <a 'java/lang/NoSuchMethodError'{0x000000071812edc0}: 'void java.lang.invoke.DirectMethodHandle$Holder.invokeInterface(java.lang.Object, java.lang.Object)'> (0x000000071812edc0) 
thrown [s\src\hotspot\share\interpreter\linkResolver.cpp, line 784]

ZGC Phase Switch (0 events):
No events

VM Operations (8 events):
Event: 0.121 Executing VM operation: HandshakeAllThreads (Deoptimize)
Event: 0.121 Executing VM operation: HandshakeAllThreads (Deoptimize) done
Event: 0.128 Executing VM operation: HandshakeAllThreads (Deoptimize)
Event: 0.128 Executing VM operation: HandshakeAllThreads (Deoptimize) done
Event: 0.278 Executing VM operation: HandshakeAllThreads (Deoptimize)
Event: 0.278 Executing VM operation: HandshakeAllThreads (Deoptimize) done
Event: 0.620 Executing VM operation: HandshakeAllThreads (Deoptimize)
Event: 0.620 Executing VM operation: HandshakeAllThreads (Deoptimize) done

Memory protections (0 events):
No events

Nmethod flushes (0 events):
No events

Events (20 events):
Event: 0.077 Thread 0x00000267eaf311d0 Thread added: 0x00000267862c0380
Event: 0.077 Thread 0x00000267eaf311d0 Thread added: 0x00000267862c3320
Event: 0.077 Thread 0x00000267eaf311d0 Thread added: 0x0000026786659e50
Event: 0.077 Thread 0x00000267eaf311d0 Thread added: 0x000002678665b9c0
Event: 0.094 Thread 0x000002678665b9c0 Thread added: 0x000002678665b2f0
Event: 0.099 Thread 0x00000267eaf311d0 Thread added: 0x00000267862c4d60
Event: 0.107 Loaded shared library C:\Program Files\JetBrains\WebStorm 2025.2\jbr\bin\net.dll
Event: 0.112 Loaded shared library C:\Program Files\JetBrains\WebStorm 2025.2\jbr\bin\nio.dll
Event: 0.117 Loaded shared library C:\Program Files\JetBrains\WebStorm 2025.2\jbr\bin\zip.dll
Event: 0.123 Thread 0x000002678665b2f0 Thread added: 0x000002678665ce30
Event: 0.179 Loaded shared library C:\Program Files\JetBrains\WebStorm 2025.2\jbr\bin\jimage.dll
Event: 0.475 Loaded shared library C:\Program Files\JetBrains\WebStorm 2025.2\jbr\bin\sunmscapi.dll
Event: 0.528 Loaded shared library C:\Program Files\JetBrains\WebStorm 2025.2\jbr\bin\extnet.dll
Event: 0.538 Thread 0x00000267eaf311d0 Thread added: 0x00000267862c53f0
Event: 0.629 Thread 0x00000267862c53f0 Thread added: 0x00000267862c4040
Event: 0.654 Thread 0x00000267862c53f0 Thread added: 0x00000267862c5a80
Event: 0.702 Thread 0x000002678665b2f0 Thread added: 0x000002678665c090
Event: 0.703 Thread 0x000002678665b2f0 Thread added: 0x000002678665d500
Event: 0.704 Thread 0x000002678665b9c0 Thread added: 0x000002678665dbd0
Event: 0.713 Thread 0x000002678665d500 Thread added: 0x000002678665ac20


Dynamic libraries:
0x00007ff74ee00000 - 0x00007ff74ee0a000 	C:\Program Files\JetBrains\WebStorm 2025.2\jbr\bin\java.exe
0x00007ff881f00000 - 0x00007ff882163000 	C:\WINDOWS\SYSTEM32\ntdll.dll
0x00007ff880960000 - 0x00007ff880a28000 	C:\WINDOWS\System32\KERNEL32.DLL
0x00007ff87f980000 - 0x00007ff87fd34000 	C:\WINDOWS\System32\KERNELBASE.dll
0x00007ff878f60000 - 0x00007ff878ffc000 	C:\WINDOWS\SYSTEM32\apphelp.dll
0x00007ff87f450000 - 0x00007ff87f59b000 	C:\WINDOWS\System32\ucrtbase.dll
0x00007ff867b90000 - 0x00007ff867bab000 	C:\Program Files\JetBrains\WebStorm 2025.2\jbr\bin\VCRUNTIME140.dll
0x00007ff867b60000 - 0x00007ff867b78000 	C:\Program Files\JetBrains\WebStorm 2025.2\jbr\bin\jli.dll
0x00007ff880510000 - 0x00007ff8806d9000 	C:\WINDOWS\System32\USER32.dll
0x00007ff87f2b0000 - 0x00007ff87f2d7000 	C:\WINDOWS\System32\win32u.dll
0x00007ff869450000 - 0x00007ff8696e0000 	C:\WINDOWS\WinSxS\amd64_microsoft.windows.common-controls_6595b64144ccf1df_6.0.26100.2702_none_3e069454e335fc5e\COMCTL32.dll
0x00007ff880410000 - 0x00007ff88043a000 	C:\WINDOWS\System32\GDI32.dll
0x00007ff880a30000 - 0x00007ff880ad9000 	C:\WINDOWS\System32\msvcrt.dll
0x00007ff87f6d0000 - 0x00007ff87f7fb000 	C:\WINDOWS\System32\gdi32full.dll
0x00007ff87f3a0000 - 0x00007ff87f443000 	C:\WINDOWS\System32\msvcp_win.dll
0x00007ff8816c0000 - 0x00007ff8816ef000 	C:\WINDOWS\System32\IMM32.DLL
0x00007ff86dfe0000 - 0x00007ff86dfec000 	C:\Program Files\JetBrains\WebStorm 2025.2\jbr\bin\vcruntime140_1.dll
0x00007ff842740000 - 0x00007ff8427cd000 	C:\Program Files\JetBrains\WebStorm 2025.2\jbr\bin\msvcp140.dll
0x00007fff6aa70000 - 0x00007fff6b834000 	C:\Program Files\JetBrains\WebStorm 2025.2\jbr\bin\server\jvm.dll
0x00007ff880450000 - 0x00007ff880503000 	C:\WINDOWS\System32\ADVAPI32.dll
0x00007ff881e10000 - 0x00007ff881eb6000 	C:\WINDOWS\System32\sechost.dll
0x00007ff880e50000 - 0x00007ff880f66000 	C:\WINDOWS\System32\RPCRT4.dll
0x00007ff880bb0000 - 0x00007ff880c24000 	C:\WINDOWS\System32\WS2_32.dll
0x00007ff87f140000 - 0x00007ff87f18e000 	C:\WINDOWS\SYSTEM32\POWRPROF.dll
0x00007ff879630000 - 0x00007ff87963b000 	C:\WINDOWS\SYSTEM32\VERSION.dll
0x00007ff87b330000 - 0x00007ff87b366000 	C:\WINDOWS\SYSTEM32\WINMM.dll
0x00007ff87f120000 - 0x00007ff87f134000 	C:\WINDOWS\SYSTEM32\UMPDC.dll
0x00007ff87e080000 - 0x00007ff87e09a000 	C:\WINDOWS\SYSTEM32\kernel.appcore.dll
0x00007ff86ada0000 - 0x00007ff86adaa000 	C:\Program Files\JetBrains\WebStorm 2025.2\jbr\bin\jimage.dll
0x00007ff87abf0000 - 0x00007ff87ae31000 	C:\WINDOWS\SYSTEM32\DBGHELP.DLL
0x00007ff87fd40000 - 0x00007ff8800be000 	C:\WINDOWS\System32\combase.dll
0x00007ff880880000 - 0x00007ff880956000 	C:\WINDOWS\System32\OLEAUT32.dll
0x00007ff87b2a0000 - 0x00007ff87b2d9000 	C:\WINDOWS\SYSTEM32\dbgcore.DLL
0x00007ff87f5a0000 - 0x00007ff87f639000 	C:\WINDOWS\System32\bcryptPrimitives.dll
0x00007ff867b10000 - 0x00007ff867b30000 	C:\Program Files\JetBrains\WebStorm 2025.2\jbr\bin\java.dll
0x00007ff881700000 - 0x00007ff881e04000 	C:\WINDOWS\System32\SHELL32.dll
0x00007ff87cf20000 - 0x00007ff87d757000 	C:\WINDOWS\SYSTEM32\windows.storage.dll
0x00007ff880790000 - 0x00007ff880879000 	C:\WINDOWS\System32\SHCORE.dll
0x00007ff880b50000 - 0x00007ff880bad000 	C:\WINDOWS\System32\shlwapi.dll
0x00007ff87f1c0000 - 0x00007ff87f1ee000 	C:\WINDOWS\SYSTEM32\profapi.dll
0x00007ff868250000 - 0x00007ff868260000 	C:\Program Files\JetBrains\WebStorm 2025.2\jbr\bin\net.dll
0x00007ff879340000 - 0x00007ff879466000 	C:\WINDOWS\SYSTEM32\WINHTTP.dll
0x00007ff87e560000 - 0x00007ff87e5c8000 	C:\WINDOWS\system32\mswsock.dll
0x00007ff867ad0000 - 0x00007ff867ae6000 	C:\Program Files\JetBrains\WebStorm 2025.2\jbr\bin\nio.dll
0x00007ff867af0000 - 0x00007ff867b08000 	C:\Program Files\JetBrains\WebStorm 2025.2\jbr\bin\zip.dll
0x00007ff87e910000 - 0x00007ff87e92c000 	C:\WINDOWS\SYSTEM32\CRYPTSP.dll
0x00007ff87dfe0000 - 0x00007ff87e018000 	C:\WINDOWS\system32\rsaenh.dll
0x00007ff87e600000 - 0x00007ff87e62b000 	C:\WINDOWS\SYSTEM32\USERENV.dll
0x00007ff87ead0000 - 0x00007ff87eaf6000 	C:\WINDOWS\SYSTEM32\bcrypt.dll
0x00007ff87e790000 - 0x00007ff87e79c000 	C:\WINDOWS\SYSTEM32\CRYPTBASE.dll
0x00007ff87dac0000 - 0x00007ff87daf2000 	C:\WINDOWS\SYSTEM32\IPHLPAPI.DLL
0x00007ff880440000 - 0x00007ff88044a000 	C:\WINDOWS\System32\NSI.dll
0x00007ff863c40000 - 0x00007ff863c4e000 	C:\Program Files\JetBrains\WebStorm 2025.2\jbr\bin\sunmscapi.dll
0x00007ff87f800000 - 0x00007ff87f976000 	C:\WINDOWS\System32\CRYPT32.dll
0x00007ff87ea30000 - 0x00007ff87ea60000 	C:\WINDOWS\SYSTEM32\ncrypt.dll
0x00007ff87e9e0000 - 0x00007ff87ea1f000 	C:\WINDOWS\SYSTEM32\NTASN1.dll
0x00007ff855ae0000 - 0x00007ff855ae8000 	C:\WINDOWS\system32\wshunix.dll
0x00007ff863c30000 - 0x00007ff863c39000 	C:\Program Files\JetBrains\WebStorm 2025.2\jbr\bin\extnet.dll

dbghelp: loaded successfully - version: 4.0.5 - missing functions: none
symbol engine: initialized successfully - sym options: 0x614 - pdb path: .;C:\Program Files\JetBrains\WebStorm 2025.2\jbr\bin;C:\WINDOWS\SYSTEM32;C:\WINDOWS\WinSxS\amd64_microsoft.windows.common-controls_6595b64144ccf1df_6.0.26100.2702_none_3e069454e335fc5e;C:\Program Files\JetBrains\WebStorm 2025.2\jbr\bin\server

VM Arguments:
java_command: git4idea.http.GitAskPassApp Username for 'https://github.com': 
java_class_path (initial): C:/Program Files/JetBrains/WebStorm 2025.2/plugins/vcs-git/lib/git4idea-rt.jar;C:/Program Files/JetBrains/WebStorm 2025.2/lib/externalProcess-rt.jar
Launcher Type: SUN_STANDARD

[Global flags]
     intx CICompilerCount                          = 12                                        {product} {ergonomic}
     uint ConcGCThreads                            = 3                                         {product} {ergonomic}
     uint G1ConcRefinementThreads                  = 13                                        {product} {ergonomic}
   size_t G1HeapRegionSize                         = 2097152                                   {product} {ergonomic}
    uintx GCDrainStackTargetSize                   = 64                                        {product} {ergonomic}
   size_t InitialHeapSize                          = 260046848                                 {product} {ergonomic}
   size_t MarkStackSize                            = 4194304                                   {product} {ergonomic}
   size_t MaxHeapSize                              = 4135583744                                {product} {ergonomic}
   size_t MaxNewSize                               = 2480930816                                {product} {ergonomic}
   size_t MinHeapDeltaBytes                        = 2097152                                   {product} {ergonomic}
   size_t MinHeapSize                              = 8388608                                   {product} {ergonomic}
    uintx NonNMethodCodeHeapSize                   = 7602480                                {pd product} {ergonomic}
    uintx NonProfiledCodeHeapSize                  = 122027880                              {pd product} {ergonomic}
    uintx ProfiledCodeHeapSize                     = 122027880                              {pd product} {ergonomic}
    uintx ReservedCodeCacheSize                    = 251658240                              {pd product} {ergonomic}
     bool SegmentedCodeCache                       = true                                      {product} {ergonomic}
   size_t SoftMaxHeapSize                          = 4135583744                             {manageable} {ergonomic}
     bool UseCompressedOops                        = true                           {product lp64_product} {ergonomic}
     bool UseG1GC                                  = true                                      {product} {ergonomic}
     bool UseLargePagesIndividualAllocation        = false                                  {pd product} {ergonomic}

Logging:
Log output configuration:
 #0: stdout all=warning uptime,level,tags foldmultilines=false
 #1: stderr all=off uptime,level,tags foldmultilines=false

Environment Variables:
JAVA_HOME=C:\Program Files\Eclipse Foundation\jdk-8.0.302.8-hotspot
PATH=C:/Program Files/Git/mingw64/libexec/git-core;C:/Program Files/Git/mingw64/libexec/git-core;C:\Program Files\Git\mingw64\bin;C:\Program Files\Git\usr\bin;C:\Users\ISPROJ\bin;C:\Program Files (x86)\VMware\VMware Player\bin\;C:\Ruby32-x64\bin;C:\Program Files (x86)\Microsoft SDKs\Azure\CLI2\wbin;C:\Program Files\Common Files\Oracle\Java\javapath;C:\Program Files (x86)\Common Files\Oracle\Java\javapath;C:\Program Files\Microsoft\jdk-11.0.16.101-hotspot\bin;C:\WINDOWS\system32;C:\WINDOWS;C:\WINDOWS\System32\Wbem;C:\WINDOWS\System32\WindowsPowerShell\v1.0\;C:\WINDOWS\System32\OpenSSH\;C:\Program Files (x86)\Microsoft SQL Server\160\Tools\Binn\;C:\Program Files\Microsoft SQL Server\160\Tools\Binn\;C:\Program Files\Microsoft SQL Server\Client SDK\ODBC\170\Tools\Binn\;C:\Program Files\Microsoft SQL Server\160\DTS\Binn\;C:\Program Files (x86)\Microsoft SQL Server\160\DTS\Binn\;C:\Program Files\Azure Data Studio\bin;C:\Program Files\Microsoft SQL Server\150\Tools\Binn\;C:\Program Files\dotnet\;C:\Program Files\Microsoft SQL Server\130\Tools\Binn\;C:\Program Files\nodejs;C:\Program Files\Microsoft VS Code\bin;C:\Users\Bytex\Documents\flutter_windows_3.13.9-stable\flutter\bin;C:\ProgramData\chocolatey\bin;C:\Program Files\SDelete;C:\gradle-8.1.1-all\gradle-8.1.1\bin;C:\Users\AlphaChain\AppData\Roaming\npm;C:\Users\puyan\AppData\Local\Packages\PythonSoftwareFoundation.Python.3.11_qbz5n2kfra8p0\LocalCache\local-packages\Python311\Scripts;C:\Users\puyan\OneDrive\Documents\flutter\bin;C:\xampp\php;C:\Program Files\nodejs\;C:\Users\Bytex\.cargo\bin;C:\Users\Bytex\Downloads\aircrack-ng-1.7-win\aircrack-ng-1.7-win\bin;C:\Users\Bytex\.avm\bin;C:\Users\Bytex\AppData\Local\Pub\Cache\bin;C:\Users\Bytex\AppData\Roaming\npm;C:\xmpp\php;C:\Program Files\CMake\bin;C:\flutter\bin;C:\Users\Devcrafts\AppData\Roaming\npm;C:\Users\Devcrafts\AppData\Local\Pub\Cache\bin;C:\Program Files (x86)\Incredibuild;C:\Users\AlphaChain\AppData\Local\Programs\Python\Python312\Scripts;C:\kotlinc\bin;C:\ProgramData\ComposerSetup\bin;C:\Program Files\Go\bin;C:\Program Files\Git\cmd;C:\Users\ISPROJ\.config\herd\bin;C:\Users\ISPROJ\AppData\Local\Programs\Python\Python313\Scripts\;C:\Users\ISPROJ\AppData\Local\Programs\Python\Python313\;C:\Program Files\MySQL\MySQL Shell 8.0\bin\;C:\Users\ISPROJ\.config\herd-lite\bin;C:\Users\ISPROJ\AppData\Local\pnpm;C:\Users\ISPROJ\Documents\flutter\bin;C:\Users\ISPROJ\AppData\Local\Microsoft\WindowsApps;C:\Users\ISPROJ\.dotnet\tools;C:\Users\ISPROJ\AppData\Roaming\Composer\vendor\bin;C:\Users\ISPROJ\AppData\Roaming\Composer\vendor\bin;C:\Program Files\JetBrains\WebStorm 2025.2\bin;C:\Users\ISPROJ\go\bin;C:\Users\ISPROJ\AppData\Roaming\npm\node_modules\serverless;C:\Users\ISPROJ\AppData\Roaming\npm;C:\ffmpeg-7.1.1-essentials_build\ffmpeg-7.1.1-essentials_build\bin
USERNAME=ISPROJ
DISPLAY=:0.0
LC_ALL=en_US.UTF-8
TERM=xterm-256color
TMPDIR=C:\Users\ISPROJ\AppData\Local\Temp
OS=Windows_NT
PROCESSOR_IDENTIFIER=AMD64 Family 25 Model 80 Stepping 0, AuthenticAMD
TMP=C:\Users\ISPROJ\AppData\Local\Temp
TEMP=C:\Users\ISPROJ\AppData\Local\Temp




Periodic native trim disabled

JNI global refs:
JNI global refs: 28, weak refs: 0

JNI global refs memory usage: 835, weak refs: 833

Process memory usage:
Resident Set Size: 90780K (0% of 16153752K total physical memory with 1846024K free physical memory)

OOME stack traces (most recent first):
Classloader memory used:
Loader jdk.internal.loader.ClassLoaders$PlatformClassLoader                            : 1655K
Loader bootstrap                                                                       : 1526K
Loader jdk.internal.loader.ClassLoaders$AppClassLoader                                 : 25712B

---------------  S Y S T E M  ---------------

OS:
 Windows 11 , 64 bit Build 26100 (10.0.26100.2702)
OS uptime: 0 days 4:43 hours
Hyper-V role detected

CPU: total 16 (initial active 16) (16 cores per cpu, 2 threads per core) family 25 model 80 stepping 0 microcode 0xa50000c, cx8, cmov, fxsr, ht, mmx, 3dnowpref, sse, sse2, sse3, ssse3, sse4a, sse4.1, sse4.2, popcnt, lzcnt, tsc, tscinvbit, avx, avx2, aes, erms, clmul, bmi1, bmi2, adx, sha, fma, vzeroupper, clflush, clflushopt, hv, rdtscp, rdpid, fsrm, f16c, cet_ss
Processor Information for the first 16 processors :
  Max Mhz: 3301, Current Mhz: 2003, Mhz Limit: 3301

Memory: 4k page, system-wide physical 15775M (1804M free)
TotalPageFile size 35791M (AvailPageFile size 73M)
current process WorkingSet (physical memory assigned to process): 88M, peak: 88M
current process commit charge ("private bytes"): 373M, peak: 375M

vm_info: OpenJDK 64-Bit Server VM (21.0.7+6-b1038.58) for windows-amd64 JRE (21.0.7+6-b1038.58), built on 2025-07-07 by "builduser" with MS VC++ 16.10 / 16.11 (VS2019)

END.
