#
# There is insufficient memory for the Java Runtime Environment to continue.
# Native memory allocation (malloc) failed to allocate 159472 bytes. Error detail: Chunk::new
# Possible reasons:
#   The system is out of physical RAM or swap space
#   This process is running with CompressedOops enabled, and the Java Heap may be blocking the growth of the native heap
# Possible solutions:
#   Reduce memory load on the system
#   Increase physical memory or swap space
#   Check if swap backing store is full
#   Decrease Java heap size (-Xmx/-Xms)
#   Decrease number of Java threads
#   Decrease Java thread stack sizes (-Xss)
#   Set larger code cache with -XX:ReservedCodeCacheSize=
#   JVM is running with Zero Based Compressed Oops mode in which the Java heap is
#     placed in the first 32GB address space. The Java Heap base address is the
#     maximum limit for the native heap growth. Please use -XX:HeapBaseMinAddress
#     to set the Java Heap base and to place the Java Heap above 32GB virtual address.
# This output file may be truncated or incomplete.
#
#  Out of Memory Error (arena.cpp:168), pid=21800, tid=27544
#
# JRE version: OpenJDK Runtime Environment JBR-21.0.7+6-1038.58-jcef (21.0.7+6) (build 21.0.7+6-b1038.58)
# Java VM: OpenJDK 64-Bit Server VM JBR-21.0.7+6-1038.58-jcef (21.0.7+6-b1038.58, mixed mode, sharing, tiered, compressed oops, compressed class ptrs, g1 gc, windows-amd64)
# No core dump will be written. Minidumps are not enabled by default on client versions of Windows
#

---------------  S U M M A R Y ------------

Command Line: git4idea.http.GitAskPassApp Password for 'https://BryLim-AI@github.com': 

Host: AMD Ryzen 9 5900HS with Radeon Graphics        , 16 cores, 15G,  Windows 11 , 64 bit Build 26100 (10.0.26100.2702)
Time: Tue Nov 25 20:03:29 2025 Malay Peninsula Standard Time elapsed time: 0.340350 seconds (0d 0h 0m 0s)

---------------  T H R E A D  ---------------

Current thread (0x0000024dbd2f09f0):  JavaThread "C2 CompilerThread0" daemon [_thread_in_native, id=27544, stack(0x000000d23e100000,0x000000d23e200000) (1024K)]


Current CompileTask:
C2:340  333       4       java.lang.StringLatin1::toUpperCase (186 bytes)

Stack: [0x000000d23e100000,0x000000d23e200000]
Native frames: (J=compiled Java code, j=interpreted, Vv=VM code, C=native code)
V  [jvm.dll+0x6e7c19]
V  [jvm.dll+0x8c5f53]
V  [jvm.dll+0x8c84ae]
V  [jvm.dll+0x8c8b93]
V  [jvm.dll+0x2899e6]
V  [jvm.dll+0xc679d]
V  [jvm.dll+0xc6cd3]
V  [jvm.dll+0x3c526b]
V  [jvm.dll+0x390e17]
V  [jvm.dll+0x39028a]
V  [jvm.dll+0x2509b2]
V  [jvm.dll+0x24ff81]
V  [jvm.dll+0x1cd774]
V  [jvm.dll+0x25f80c]
V  [jvm.dll+0x25dd56]
V  [jvm.dll+0x4005d6]
V  [jvm.dll+0x86dab8]
V  [jvm.dll+0x6e639d]
C  [ucrtbase.dll+0x14ea0]
C  [KERNEL32.DLL+0x2e8d7]
C  [ntdll.dll+0xdf36c]


---------------  P R O C E S S  ---------------

Threads class SMR info:
_java_thread_list=0x0000024dbd4cfa20, length=14, elements={
0x0000024d9f83d8a0, 0x0000024dbc5de960, 0x0000024dbd2d23e0, 0x0000024dbd2d4e50,
0x0000024dbd2d70c0, 0x0000024dbd2d80e0, 0x0000024dbd2d92e0, 0x0000024dbd2da610,
0x0000024dbd2f09f0, 0x0000024dbd2f33e0, 0x0000024dbd3f8620, 0x0000024dbd446760,
0x0000024dbd44f1f0, 0x0000024dbd5fcf50
}

Java Threads: ( => current thread )
  0x0000024d9f83d8a0 JavaThread "main"                              [_thread_in_vm, id=27840, stack(0x000000d23d200000,0x000000d23d300000) (1024K)]
  0x0000024dbc5de960 JavaThread "Common-Cleaner"             daemon [_thread_blocked, id=5852, stack(0x000000d23da00000,0x000000d23db00000) (1024K)]
  0x0000024dbd2d23e0 JavaThread "Reference Handler"          daemon [_thread_blocked, id=28832, stack(0x000000d23db00000,0x000000d23dc00000) (1024K)]
  0x0000024dbd2d4e50 JavaThread "Finalizer"                  daemon [_thread_blocked, id=29296, stack(0x000000d23dc00000,0x000000d23dd00000) (1024K)]
  0x0000024dbd2d70c0 JavaThread "Signal Dispatcher"          daemon [_thread_blocked, id=19792, stack(0x000000d23dd00000,0x000000d23de00000) (1024K)]
  0x0000024dbd2d80e0 JavaThread "Attach Listener"            daemon [_thread_blocked, id=29232, stack(0x000000d23de00000,0x000000d23df00000) (1024K)]
  0x0000024dbd2d92e0 JavaThread "Service Thread"             daemon [_thread_blocked, id=18512, stack(0x000000d23df00000,0x000000d23e000000) (1024K)]
  0x0000024dbd2da610 JavaThread "Monitor Deflation Thread"   daemon [_thread_blocked, id=25500, stack(0x000000d23e000000,0x000000d23e100000) (1024K)]
=>0x0000024dbd2f09f0 JavaThread "C2 CompilerThread0"         daemon [_thread_in_native, id=27544, stack(0x000000d23e100000,0x000000d23e200000) (1024K)]
  0x0000024dbd2f33e0 JavaThread "C1 CompilerThread0"         daemon [_thread_blocked, id=25736, stack(0x000000d23e200000,0x000000d23e300000) (1024K)]
  0x0000024dbd3f8620 JavaThread "C1 CompilerThread1"         daemon [_thread_blocked, id=15404, stack(0x000000d23e300000,0x000000d23e400000) (1024K)]
  0x0000024dbd446760 JavaThread "Notification Thread"        daemon [_thread_blocked, id=20688, stack(0x000000d23e400000,0x000000d23e500000) (1024K)]
  0x0000024dbd44f1f0 JavaThread "C1 CompilerThread2"         daemon [_thread_blocked, id=14576, stack(0x000000d23e500000,0x000000d23e600000) (1024K)]
  0x0000024dbd5fcf50 JavaThread "C2 CompilerThread1"         daemon [_thread_blocked, id=26156, stack(0x000000d23e600000,0x000000d23e700000) (1024K)]
Total: 14

Other Threads:
  0x0000024dbc5cd510 VMThread "VM Thread"                           [id=6448, stack(0x000000d23d900000,0x000000d23da00000) (1024K)]
  0x0000024dbc5be840 WatcherThread "VM Periodic Task Thread"        [id=15716, stack(0x000000d23d800000,0x000000d23d900000) (1024K)]
  0x0000024da1b947c0 WorkerThread "GC Thread#0"                     [id=8336, stack(0x000000d23d300000,0x000000d23d400000) (1024K)]
  0x0000024da1bc5e30 ConcurrentGCThread "G1 Main Marker"            [id=18568, stack(0x000000d23d400000,0x000000d23d500000) (1024K)]
  0x0000024da1bc6fd0 WorkerThread "G1 Conc#0"                       [id=11032, stack(0x000000d23d500000,0x000000d23d600000) (1024K)]
  0x0000024dbc4909a0 ConcurrentGCThread "G1 Refine#0"               [id=18404, stack(0x000000d23d600000,0x000000d23d700000) (1024K)]
  0x0000024dbc4921d0 ConcurrentGCThread "G1 Service"                [id=23852, stack(0x000000d23d700000,0x000000d23d800000) (1024K)]
Total: 7

Threads with active compile tasks:
C2 CompilerThread0  408  333       4       java.lang.StringLatin1::toUpperCase (186 bytes)
Total: 1

VM state: not at safepoint (normal execution)

VM Mutex/Monitor currently owned by a thread: None

Heap address: 0x0000000709800000, size: 3944 MB, Compressed Oops mode: Zero based, Oop shift amount: 3

CDS archive(s) mapped at: [0x0000024dbe000000-0x0000024dbfbf0000-0x0000024dbfbf0000), size 29294592, SharedBaseAddress: 0x0000024dbe000000, ArchiveRelocationMode: 1.
Compressed class space mapped at: 0x0000024dc0000000-0x0000024e00000000, reserved size: 1073741824
Narrow klass base: 0x0000024dbe000000, Narrow klass shift: 0, Narrow klass range: 0x100000000

GC Precious Log:
 CardTable entry size: 512
 Card Set container configuration: InlinePtr #cards 4 size 8 Array Of Cards #cards 16 size 48 Howl #buckets 8 coarsen threshold 3686 Howl Bitmap #cards 512 size 80 coarsen threshold 460 Card regions per heap region 1 cards per card region 4096
 CPUs: 16 total, 16 available
 Memory: 15775M
 Large Page Support: Disabled
 NUMA Support: Disabled
 Compressed Oops: Enabled (Zero based)
 Heap Region Size: 2M
 Heap Min Capacity: 8M
 Heap Initial Capacity: 248M
 Heap Max Capacity: 3944M
 Pre-touch: Disabled
 Parallel Workers: 13
 Concurrent Workers: 3
 Concurrent Refinement Workers: 13
 Periodic GC: Disabled

Heap:
 garbage-first heap   total 253952K, used 4096K [0x0000000709800000, 0x0000000800000000)
  region size 2048K, 3 young (6144K), 0 survivors (0K)
 Metaspace       used 681K, committed 832K, reserved 1114112K
  class space    used 65K, committed 128K, reserved 1048576K

Heap Regions: E=young(eden), S=young(survivor), O=old, HS=humongous(starts), HC=humongous(continues), CS=collection set, F=free, TAMS=top-at-mark-start, PB=parsable bottom
|   0|0x0000000709800000, 0x0000000709800000, 0x0000000709a00000|  0%| F|  |TAMS 0x0000000709800000| PB 0x0000000709800000| Untracked 
|   1|0x0000000709a00000, 0x0000000709a00000, 0x0000000709c00000|  0%| F|  |TAMS 0x0000000709a00000| PB 0x0000000709a00000| Untracked 
|   2|0x0000000709c00000, 0x0000000709c00000, 0x0000000709e00000|  0%| F|  |TAMS 0x0000000709c00000| PB 0x0000000709c00000| Untracked 
|   3|0x0000000709e00000, 0x0000000709e00000, 0x000000070a000000|  0%| F|  |TAMS 0x0000000709e00000| PB 0x0000000709e00000| Untracked 
|   4|0x000000070a000000, 0x000000070a000000, 0x000000070a200000|  0%| F|  |TAMS 0x000000070a000000| PB 0x000000070a000000| Untracked 
|   5|0x000000070a200000, 0x000000070a200000, 0x000000070a400000|  0%| F|  |TAMS 0x000000070a200000| PB 0x000000070a200000| Untracked 
|   6|0x000000070a400000, 0x000000070a400000, 0x000000070a600000|  0%| F|  |TAMS 0x000000070a400000| PB 0x000000070a400000| Untracked 
|   7|0x000000070a600000, 0x000000070a600000, 0x000000070a800000|  0%| F|  |TAMS 0x000000070a600000| PB 0x000000070a600000| Untracked 
|   8|0x000000070a800000, 0x000000070a800000, 0x000000070aa00000|  0%| F|  |TAMS 0x000000070a800000| PB 0x000000070a800000| Untracked 
|   9|0x000000070aa00000, 0x000000070aa00000, 0x000000070ac00000|  0%| F|  |TAMS 0x000000070aa00000| PB 0x000000070aa00000| Untracked 
|  10|0x000000070ac00000, 0x000000070ac00000, 0x000000070ae00000|  0%| F|  |TAMS 0x000000070ac00000| PB 0x000000070ac00000| Untracked 
|  11|0x000000070ae00000, 0x000000070ae00000, 0x000000070b000000|  0%| F|  |TAMS 0x000000070ae00000| PB 0x000000070ae00000| Untracked 
|  12|0x000000070b000000, 0x000000070b000000, 0x000000070b200000|  0%| F|  |TAMS 0x000000070b000000| PB 0x000000070b000000| Untracked 
|  13|0x000000070b200000, 0x000000070b200000, 0x000000070b400000|  0%| F|  |TAMS 0x000000070b200000| PB 0x000000070b200000| Untracked 
|  14|0x000000070b400000, 0x000000070b400000, 0x000000070b600000|  0%| F|  |TAMS 0x000000070b400000| PB 0x000000070b400000| Untracked 
|  15|0x000000070b600000, 0x000000070b600000, 0x000000070b800000|  0%| F|  |TAMS 0x000000070b600000| PB 0x000000070b600000| Untracked 
|  16|0x000000070b800000, 0x000000070b800000, 0x000000070ba00000|  0%| F|  |TAMS 0x000000070b800000| PB 0x000000070b800000| Untracked 
|  17|0x000000070ba00000, 0x000000070ba00000, 0x000000070bc00000|  0%| F|  |TAMS 0x000000070ba00000| PB 0x000000070ba00000| Untracked 
|  18|0x000000070bc00000, 0x000000070bc00000, 0x000000070be00000|  0%| F|  |TAMS 0x000000070bc00000| PB 0x000000070bc00000| Untracked 
|  19|0x000000070be00000, 0x000000070be00000, 0x000000070c000000|  0%| F|  |TAMS 0x000000070be00000| PB 0x000000070be00000| Untracked 
|  20|0x000000070c000000, 0x000000070c000000, 0x000000070c200000|  0%| F|  |TAMS 0x000000070c000000| PB 0x000000070c000000| Untracked 
|  21|0x000000070c200000, 0x000000070c200000, 0x000000070c400000|  0%| F|  |TAMS 0x000000070c200000| PB 0x000000070c200000| Untracked 
|  22|0x000000070c400000, 0x000000070c400000, 0x000000070c600000|  0%| F|  |TAMS 0x000000070c400000| PB 0x000000070c400000| Untracked 
|  23|0x000000070c600000, 0x000000070c600000, 0x000000070c800000|  0%| F|  |TAMS 0x000000070c600000| PB 0x000000070c600000| Untracked 
|  24|0x000000070c800000, 0x000000070c800000, 0x000000070ca00000|  0%| F|  |TAMS 0x000000070c800000| PB 0x000000070c800000| Untracked 
|  25|0x000000070ca00000, 0x000000070ca00000, 0x000000070cc00000|  0%| F|  |TAMS 0x000000070ca00000| PB 0x000000070ca00000| Untracked 
|  26|0x000000070cc00000, 0x000000070cc00000, 0x000000070ce00000|  0%| F|  |TAMS 0x000000070cc00000| PB 0x000000070cc00000| Untracked 
|  27|0x000000070ce00000, 0x000000070ce00000, 0x000000070d000000|  0%| F|  |TAMS 0x000000070ce00000| PB 0x000000070ce00000| Untracked 
|  28|0x000000070d000000, 0x000000070d000000, 0x000000070d200000|  0%| F|  |TAMS 0x000000070d000000| PB 0x000000070d000000| Untracked 
|  29|0x000000070d200000, 0x000000070d200000, 0x000000070d400000|  0%| F|  |TAMS 0x000000070d200000| PB 0x000000070d200000| Untracked 
|  30|0x000000070d400000, 0x000000070d400000, 0x000000070d600000|  0%| F|  |TAMS 0x000000070d400000| PB 0x000000070d400000| Untracked 
|  31|0x000000070d600000, 0x000000070d600000, 0x000000070d800000|  0%| F|  |TAMS 0x000000070d600000| PB 0x000000070d600000| Untracked 
|  32|0x000000070d800000, 0x000000070d800000, 0x000000070da00000|  0%| F|  |TAMS 0x000000070d800000| PB 0x000000070d800000| Untracked 
|  33|0x000000070da00000, 0x000000070da00000, 0x000000070dc00000|  0%| F|  |TAMS 0x000000070da00000| PB 0x000000070da00000| Untracked 
|  34|0x000000070dc00000, 0x000000070dc00000, 0x000000070de00000|  0%| F|  |TAMS 0x000000070dc00000| PB 0x000000070dc00000| Untracked 
|  35|0x000000070de00000, 0x000000070de00000, 0x000000070e000000|  0%| F|  |TAMS 0x000000070de00000| PB 0x000000070de00000| Untracked 
|  36|0x000000070e000000, 0x000000070e000000, 0x000000070e200000|  0%| F|  |TAMS 0x000000070e000000| PB 0x000000070e000000| Untracked 
|  37|0x000000070e200000, 0x000000070e200000, 0x000000070e400000|  0%| F|  |TAMS 0x000000070e200000| PB 0x000000070e200000| Untracked 
|  38|0x000000070e400000, 0x000000070e400000, 0x000000070e600000|  0%| F|  |TAMS 0x000000070e400000| PB 0x000000070e400000| Untracked 
|  39|0x000000070e600000, 0x000000070e600000, 0x000000070e800000|  0%| F|  |TAMS 0x000000070e600000| PB 0x000000070e600000| Untracked 
|  40|0x000000070e800000, 0x000000070e800000, 0x000000070ea00000|  0%| F|  |TAMS 0x000000070e800000| PB 0x000000070e800000| Untracked 
|  41|0x000000070ea00000, 0x000000070ea00000, 0x000000070ec00000|  0%| F|  |TAMS 0x000000070ea00000| PB 0x000000070ea00000| Untracked 
|  42|0x000000070ec00000, 0x000000070ec00000, 0x000000070ee00000|  0%| F|  |TAMS 0x000000070ec00000| PB 0x000000070ec00000| Untracked 
|  43|0x000000070ee00000, 0x000000070ee00000, 0x000000070f000000|  0%| F|  |TAMS 0x000000070ee00000| PB 0x000000070ee00000| Untracked 
|  44|0x000000070f000000, 0x000000070f000000, 0x000000070f200000|  0%| F|  |TAMS 0x000000070f000000| PB 0x000000070f000000| Untracked 
|  45|0x000000070f200000, 0x000000070f200000, 0x000000070f400000|  0%| F|  |TAMS 0x000000070f200000| PB 0x000000070f200000| Untracked 
|  46|0x000000070f400000, 0x000000070f400000, 0x000000070f600000|  0%| F|  |TAMS 0x000000070f400000| PB 0x000000070f400000| Untracked 
|  47|0x000000070f600000, 0x000000070f600000, 0x000000070f800000|  0%| F|  |TAMS 0x000000070f600000| PB 0x000000070f600000| Untracked 
|  48|0x000000070f800000, 0x000000070f800000, 0x000000070fa00000|  0%| F|  |TAMS 0x000000070f800000| PB 0x000000070f800000| Untracked 
|  49|0x000000070fa00000, 0x000000070fa00000, 0x000000070fc00000|  0%| F|  |TAMS 0x000000070fa00000| PB 0x000000070fa00000| Untracked 
|  50|0x000000070fc00000, 0x000000070fc00000, 0x000000070fe00000|  0%| F|  |TAMS 0x000000070fc00000| PB 0x000000070fc00000| Untracked 
|  51|0x000000070fe00000, 0x000000070fe00000, 0x0000000710000000|  0%| F|  |TAMS 0x000000070fe00000| PB 0x000000070fe00000| Untracked 
|  52|0x0000000710000000, 0x0000000710000000, 0x0000000710200000|  0%| F|  |TAMS 0x0000000710000000| PB 0x0000000710000000| Untracked 
|  53|0x0000000710200000, 0x0000000710200000, 0x0000000710400000|  0%| F|  |TAMS 0x0000000710200000| PB 0x0000000710200000| Untracked 
|  54|0x0000000710400000, 0x0000000710400000, 0x0000000710600000|  0%| F|  |TAMS 0x0000000710400000| PB 0x0000000710400000| Untracked 
|  55|0x0000000710600000, 0x0000000710600000, 0x0000000710800000|  0%| F|  |TAMS 0x0000000710600000| PB 0x0000000710600000| Untracked 
|  56|0x0000000710800000, 0x0000000710800000, 0x0000000710a00000|  0%| F|  |TAMS 0x0000000710800000| PB 0x0000000710800000| Untracked 
|  57|0x0000000710a00000, 0x0000000710a00000, 0x0000000710c00000|  0%| F|  |TAMS 0x0000000710a00000| PB 0x0000000710a00000| Untracked 
|  58|0x0000000710c00000, 0x0000000710c00000, 0x0000000710e00000|  0%| F|  |TAMS 0x0000000710c00000| PB 0x0000000710c00000| Untracked 
|  59|0x0000000710e00000, 0x0000000710e00000, 0x0000000711000000|  0%| F|  |TAMS 0x0000000710e00000| PB 0x0000000710e00000| Untracked 
|  60|0x0000000711000000, 0x0000000711000000, 0x0000000711200000|  0%| F|  |TAMS 0x0000000711000000| PB 0x0000000711000000| Untracked 
|  61|0x0000000711200000, 0x0000000711200000, 0x0000000711400000|  0%| F|  |TAMS 0x0000000711200000| PB 0x0000000711200000| Untracked 
|  62|0x0000000711400000, 0x0000000711400000, 0x0000000711600000|  0%| F|  |TAMS 0x0000000711400000| PB 0x0000000711400000| Untracked 
|  63|0x0000000711600000, 0x0000000711600000, 0x0000000711800000|  0%| F|  |TAMS 0x0000000711600000| PB 0x0000000711600000| Untracked 
|  64|0x0000000711800000, 0x0000000711800000, 0x0000000711a00000|  0%| F|  |TAMS 0x0000000711800000| PB 0x0000000711800000| Untracked 
|  65|0x0000000711a00000, 0x0000000711a00000, 0x0000000711c00000|  0%| F|  |TAMS 0x0000000711a00000| PB 0x0000000711a00000| Untracked 
|  66|0x0000000711c00000, 0x0000000711c00000, 0x0000000711e00000|  0%| F|  |TAMS 0x0000000711c00000| PB 0x0000000711c00000| Untracked 
|  67|0x0000000711e00000, 0x0000000711e00000, 0x0000000712000000|  0%| F|  |TAMS 0x0000000711e00000| PB 0x0000000711e00000| Untracked 
|  68|0x0000000712000000, 0x0000000712000000, 0x0000000712200000|  0%| F|  |TAMS 0x0000000712000000| PB 0x0000000712000000| Untracked 
|  69|0x0000000712200000, 0x0000000712200000, 0x0000000712400000|  0%| F|  |TAMS 0x0000000712200000| PB 0x0000000712200000| Untracked 
|  70|0x0000000712400000, 0x0000000712400000, 0x0000000712600000|  0%| F|  |TAMS 0x0000000712400000| PB 0x0000000712400000| Untracked 
|  71|0x0000000712600000, 0x0000000712600000, 0x0000000712800000|  0%| F|  |TAMS 0x0000000712600000| PB 0x0000000712600000| Untracked 
|  72|0x0000000712800000, 0x0000000712800000, 0x0000000712a00000|  0%| F|  |TAMS 0x0000000712800000| PB 0x0000000712800000| Untracked 
|  73|0x0000000712a00000, 0x0000000712a00000, 0x0000000712c00000|  0%| F|  |TAMS 0x0000000712a00000| PB 0x0000000712a00000| Untracked 
|  74|0x0000000712c00000, 0x0000000712c00000, 0x0000000712e00000|  0%| F|  |TAMS 0x0000000712c00000| PB 0x0000000712c00000| Untracked 
|  75|0x0000000712e00000, 0x0000000712e00000, 0x0000000713000000|  0%| F|  |TAMS 0x0000000712e00000| PB 0x0000000712e00000| Untracked 
|  76|0x0000000713000000, 0x0000000713000000, 0x0000000713200000|  0%| F|  |TAMS 0x0000000713000000| PB 0x0000000713000000| Untracked 
|  77|0x0000000713200000, 0x0000000713200000, 0x0000000713400000|  0%| F|  |TAMS 0x0000000713200000| PB 0x0000000713200000| Untracked 
|  78|0x0000000713400000, 0x0000000713400000, 0x0000000713600000|  0%| F|  |TAMS 0x0000000713400000| PB 0x0000000713400000| Untracked 
|  79|0x0000000713600000, 0x0000000713600000, 0x0000000713800000|  0%| F|  |TAMS 0x0000000713600000| PB 0x0000000713600000| Untracked 
|  80|0x0000000713800000, 0x0000000713800000, 0x0000000713a00000|  0%| F|  |TAMS 0x0000000713800000| PB 0x0000000713800000| Untracked 
|  81|0x0000000713a00000, 0x0000000713a00000, 0x0000000713c00000|  0%| F|  |TAMS 0x0000000713a00000| PB 0x0000000713a00000| Untracked 
|  82|0x0000000713c00000, 0x0000000713c00000, 0x0000000713e00000|  0%| F|  |TAMS 0x0000000713c00000| PB 0x0000000713c00000| Untracked 
|  83|0x0000000713e00000, 0x0000000713e00000, 0x0000000714000000|  0%| F|  |TAMS 0x0000000713e00000| PB 0x0000000713e00000| Untracked 
|  84|0x0000000714000000, 0x0000000714000000, 0x0000000714200000|  0%| F|  |TAMS 0x0000000714000000| PB 0x0000000714000000| Untracked 
|  85|0x0000000714200000, 0x0000000714200000, 0x0000000714400000|  0%| F|  |TAMS 0x0000000714200000| PB 0x0000000714200000| Untracked 
|  86|0x0000000714400000, 0x0000000714400000, 0x0000000714600000|  0%| F|  |TAMS 0x0000000714400000| PB 0x0000000714400000| Untracked 
|  87|0x0000000714600000, 0x0000000714600000, 0x0000000714800000|  0%| F|  |TAMS 0x0000000714600000| PB 0x0000000714600000| Untracked 
|  88|0x0000000714800000, 0x0000000714800000, 0x0000000714a00000|  0%| F|  |TAMS 0x0000000714800000| PB 0x0000000714800000| Untracked 
|  89|0x0000000714a00000, 0x0000000714a00000, 0x0000000714c00000|  0%| F|  |TAMS 0x0000000714a00000| PB 0x0000000714a00000| Untracked 
|  90|0x0000000714c00000, 0x0000000714c00000, 0x0000000714e00000|  0%| F|  |TAMS 0x0000000714c00000| PB 0x0000000714c00000| Untracked 
|  91|0x0000000714e00000, 0x0000000714e00000, 0x0000000715000000|  0%| F|  |TAMS 0x0000000714e00000| PB 0x0000000714e00000| Untracked 
|  92|0x0000000715000000, 0x0000000715000000, 0x0000000715200000|  0%| F|  |TAMS 0x0000000715000000| PB 0x0000000715000000| Untracked 
|  93|0x0000000715200000, 0x0000000715200000, 0x0000000715400000|  0%| F|  |TAMS 0x0000000715200000| PB 0x0000000715200000| Untracked 
|  94|0x0000000715400000, 0x0000000715400000, 0x0000000715600000|  0%| F|  |TAMS 0x0000000715400000| PB 0x0000000715400000| Untracked 
|  95|0x0000000715600000, 0x0000000715600000, 0x0000000715800000|  0%| F|  |TAMS 0x0000000715600000| PB 0x0000000715600000| Untracked 
|  96|0x0000000715800000, 0x0000000715800000, 0x0000000715a00000|  0%| F|  |TAMS 0x0000000715800000| PB 0x0000000715800000| Untracked 
|  97|0x0000000715a00000, 0x0000000715a00000, 0x0000000715c00000|  0%| F|  |TAMS 0x0000000715a00000| PB 0x0000000715a00000| Untracked 
|  98|0x0000000715c00000, 0x0000000715c00000, 0x0000000715e00000|  0%| F|  |TAMS 0x0000000715c00000| PB 0x0000000715c00000| Untracked 
|  99|0x0000000715e00000, 0x0000000715e00000, 0x0000000716000000|  0%| F|  |TAMS 0x0000000715e00000| PB 0x0000000715e00000| Untracked 
| 100|0x0000000716000000, 0x0000000716000000, 0x0000000716200000|  0%| F|  |TAMS 0x0000000716000000| PB 0x0000000716000000| Untracked 
| 101|0x0000000716200000, 0x0000000716200000, 0x0000000716400000|  0%| F|  |TAMS 0x0000000716200000| PB 0x0000000716200000| Untracked 
| 102|0x0000000716400000, 0x0000000716400000, 0x0000000716600000|  0%| F|  |TAMS 0x0000000716400000| PB 0x0000000716400000| Untracked 
| 103|0x0000000716600000, 0x0000000716600000, 0x0000000716800000|  0%| F|  |TAMS 0x0000000716600000| PB 0x0000000716600000| Untracked 
| 104|0x0000000716800000, 0x0000000716800000, 0x0000000716a00000|  0%| F|  |TAMS 0x0000000716800000| PB 0x0000000716800000| Untracked 
| 105|0x0000000716a00000, 0x0000000716a00000, 0x0000000716c00000|  0%| F|  |TAMS 0x0000000716a00000| PB 0x0000000716a00000| Untracked 
| 106|0x0000000716c00000, 0x0000000716c00000, 0x0000000716e00000|  0%| F|  |TAMS 0x0000000716c00000| PB 0x0000000716c00000| Untracked 
| 107|0x0000000716e00000, 0x0000000716e00000, 0x0000000717000000|  0%| F|  |TAMS 0x0000000716e00000| PB 0x0000000716e00000| Untracked 
| 108|0x0000000717000000, 0x0000000717000000, 0x0000000717200000|  0%| F|  |TAMS 0x0000000717000000| PB 0x0000000717000000| Untracked 
| 109|0x0000000717200000, 0x0000000717200000, 0x0000000717400000|  0%| F|  |TAMS 0x0000000717200000| PB 0x0000000717200000| Untracked 
| 110|0x0000000717400000, 0x0000000717400000, 0x0000000717600000|  0%| F|  |TAMS 0x0000000717400000| PB 0x0000000717400000| Untracked 
| 111|0x0000000717600000, 0x0000000717600000, 0x0000000717800000|  0%| F|  |TAMS 0x0000000717600000| PB 0x0000000717600000| Untracked 
| 112|0x0000000717800000, 0x0000000717800000, 0x0000000717a00000|  0%| F|  |TAMS 0x0000000717800000| PB 0x0000000717800000| Untracked 
| 113|0x0000000717a00000, 0x0000000717a00000, 0x0000000717c00000|  0%| F|  |TAMS 0x0000000717a00000| PB 0x0000000717a00000| Untracked 
| 114|0x0000000717c00000, 0x0000000717c00000, 0x0000000717e00000|  0%| F|  |TAMS 0x0000000717c00000| PB 0x0000000717c00000| Untracked 
| 115|0x0000000717e00000, 0x0000000717e00000, 0x0000000718000000|  0%| F|  |TAMS 0x0000000717e00000| PB 0x0000000717e00000| Untracked 
| 116|0x0000000718000000, 0x0000000718000000, 0x0000000718200000|  0%| F|  |TAMS 0x0000000718000000| PB 0x0000000718000000| Untracked 
| 117|0x0000000718200000, 0x0000000718200000, 0x0000000718400000|  0%| F|  |TAMS 0x0000000718200000| PB 0x0000000718200000| Untracked 
| 118|0x0000000718400000, 0x0000000718400000, 0x0000000718600000|  0%| F|  |TAMS 0x0000000718400000| PB 0x0000000718400000| Untracked 
| 119|0x0000000718600000, 0x0000000718600000, 0x0000000718800000|  0%| F|  |TAMS 0x0000000718600000| PB 0x0000000718600000| Untracked 
| 120|0x0000000718800000, 0x0000000718800000, 0x0000000718a00000|  0%| F|  |TAMS 0x0000000718800000| PB 0x0000000718800000| Untracked 
| 121|0x0000000718a00000, 0x0000000718c00000, 0x0000000718c00000|100%| E|  |TAMS 0x0000000718a00000| PB 0x0000000718a00000| Complete 
| 122|0x0000000718c00000, 0x0000000718e00000, 0x0000000718e00000|100%| E|CS|TAMS 0x0000000718c00000| PB 0x0000000718c00000| Complete 
| 123|0x0000000718e00000, 0x0000000719000000, 0x0000000719000000|100%| E|CS|TAMS 0x0000000718e00000| PB 0x0000000718e00000| Complete 

Card table byte_map: [0x0000024db5ba0000,0x0000024db6360000] _byte_map_base: 0x0000024db2354000

Marking Bits: (CMBitMap*) 0x0000024da1b97de0
 Bits: [0x0000024db6360000, 0x0000024dba100000)

Polling page: 0x0000024da12a0000

Metaspace:

Usage:
  Non-class:    651.35 KB used.
      Class:     66.84 KB used.
       Both:    718.19 KB used.

Virtual space:
  Non-class space:       64.00 MB reserved,     704.00 KB (  1%) committed,  1 nodes.
      Class space:        1.00 GB reserved,     128.00 KB ( <1%) committed,  1 nodes.
             Both:        1.06 GB reserved,     832.00 KB ( <1%) committed. 

Chunk freelists:
   Non-Class:  11.89 MB
       Class:  15.72 MB
        Both:  27.60 MB

MaxMetaspaceSize: unlimited
CompressedClassSpaceSize: 1.00 GB
Initial GC threshold: 21.00 MB
Current GC threshold: 21.00 MB
CDS: on
 - commit_granule_bytes: 65536.
 - commit_granule_words: 8192.
 - virtual_space_node_default_size: 8388608.
 - enlarge_chunks_in_place: 1.
 - use_allocation_guard: 0.


Internal statistics:

num_allocs_failed_limit: 0.
num_arena_births: 14.
num_arena_deaths: 0.
num_vsnodes_births: 2.
num_vsnodes_deaths: 0.
num_space_committed: 13.
num_space_uncommitted: 0.
num_chunks_returned_to_freelist: 0.
num_chunks_taken_from_freelist: 26.
num_chunk_merges: 0.
num_chunk_splits: 18.
num_chunks_enlarged: 14.
num_inconsistent_stats: 0.

CodeHeap 'non-profiled nmethods': size=119168Kb used=124Kb max_used=124Kb free=119043Kb
 bounds [0x0000024dad700000, 0x0000024dad970000, 0x0000024db4b60000]
CodeHeap 'profiled nmethods': size=119104Kb used=715Kb max_used=715Kb free=118388Kb
 bounds [0x0000024da5b60000, 0x0000024da5dd0000, 0x0000024dacfb0000]
CodeHeap 'non-nmethods': size=7488Kb used=2473Kb max_used=2487Kb free=5014Kb
 bounds [0x0000024dacfb0000, 0x0000024dad230000, 0x0000024dad700000]
 total_blobs=949 nmethods=494 adapters=358
 compilation: enabled
              stopped_count=0, restarted_count=0
 full_count=0

Compilation events (20 events):
Event: 0.328 Thread 0x0000024dbd44f1f0 nmethod 335 0x0000024da5bd7090 code [0x0000024da5bd7240, 0x0000024da5bd7470]
Event: 0.329 Thread 0x0000024dbd3f8620 nmethod 336 0x0000024da5bd7510 code [0x0000024da5bd7780, 0x0000024da5bd8268]
Event: 0.329 Thread 0x0000024dbd3f8620  337       3       java.util.regex.Pattern::peek (26 bytes)
Event: 0.329 Thread 0x0000024dbd44f1f0  338       3       java.util.regex.Pattern::append (43 bytes)
Event: 0.330 Thread 0x0000024dbd2f33e0 nmethod 334 0x0000024da5bd8610 code [0x0000024da5bd8980, 0x0000024da5bd9f48]
Event: 0.330 Thread 0x0000024dbd3f8620 nmethod 337 0x0000024da5bda690 code [0x0000024da5bda840, 0x0000024da5bdaa98]
Event: 0.330 Thread 0x0000024dbd44f1f0 nmethod 338 0x0000024da5bdab90 code [0x0000024da5bdad80, 0x0000024da5bdb170]
Event: 0.330 Thread 0x0000024dbd2f33e0  339       3       java.lang.invoke.MemberName::allFlagsSet (16 bytes)
Event: 0.330 Thread 0x0000024dbd2f33e0 nmethod 339 0x0000024da5bdb310 code [0x0000024da5bdb4a0, 0x0000024da5bdb608]
Event: 0.330 Thread 0x0000024dbd2f33e0  341       3       jdk.internal.misc.Unsafe::pickPos (14 bytes)
Event: 0.331 Thread 0x0000024dbd2f33e0 nmethod 341 0x0000024da5bdb690 code [0x0000024da5bdb820, 0x0000024da5bdb920]
Event: 0.331 Thread 0x0000024dbd2f33e0  342       3       java.lang.invoke.MethodType::methodType (69 bytes)
Event: 0.332 Thread 0x0000024dbd2f33e0 nmethod 342 0x0000024da5bdb990 code [0x0000024da5bdbba0, 0x0000024da5bdc058]
Event: 0.334 Thread 0x0000024dbd3f8620  344       3       java.util.Arrays$ArrayList::<init> (16 bytes)
Event: 0.334 Thread 0x0000024dbd2f33e0  343       3       java.util.Arrays::asList (9 bytes)
Event: 0.334 Thread 0x0000024dbd3f8620 nmethod 344 0x0000024da5bdc210 code [0x0000024da5bdc3e0, 0x0000024da5bdc7c8]
Event: 0.334 Thread 0x0000024dbd2f33e0 nmethod 343 0x0000024da5bdc990 code [0x0000024da5bdcb80, 0x0000024da5bdd000]
Event: 0.334 Thread 0x0000024dbd2f33e0  345       3       java.util.Collections::emptyList (4 bytes)
Event: 0.334 Thread 0x0000024dbd2f33e0 nmethod 345 0x0000024da5bdd190 code [0x0000024da5bdd320, 0x0000024da5bdd418]
Event: 0.336 Thread 0x0000024dbd2f33e0  346       3       sun.security.ssl.CipherSuite::<init> (112 bytes)

GC Heap History (0 events):
No events

Dll operation events (2 events):
Event: 0.029 Loaded shared library C:\Program Files\JetBrains\WebStorm 2025.2\jbr\bin\java.dll
Event: 0.290 Loaded shared library C:\Program Files\JetBrains\WebStorm 2025.2\jbr\bin\zip.dll

Deoptimization events (0 events):
No events

Classes loaded (6 events):
Event: 0.131 Loading class jdk/internal/vm/PostVMInitHook
Event: 0.131 Loading class jdk/internal/vm/PostVMInitHook done
Event: 0.290 Loading class jdk/internal/event/SecurityProviderServiceEvent
Event: 0.290 Loading class jdk/internal/event/Event
Event: 0.290 Loading class jdk/internal/event/Event done
Event: 0.290 Loading class jdk/internal/event/SecurityProviderServiceEvent done

Classes unloaded (0 events):
No events

Classes redefined (0 events):
No events

Internal exceptions (1 events):
Event: 0.311 Thread 0x0000024d9f83d8a0 Exception <a 'sun/nio/fs/WindowsException'{0x0000000718a365c8}> (0x0000000718a365c8) 
thrown [s\src\hotspot\share\prims\jni.cpp, line 537]

ZGC Phase Switch (0 events):
No events

VM Operations (4 events):
Event: 0.165 Executing VM operation: HandshakeAllThreads (Deoptimize)
Event: 0.165 Executing VM operation: HandshakeAllThreads (Deoptimize) done
Event: 0.174 Executing VM operation: HandshakeAllThreads (Deoptimize)
Event: 0.174 Executing VM operation: HandshakeAllThreads (Deoptimize) done

Memory protections (0 events):
No events

Nmethod flushes (0 events):
No events

Events (17 events):
Event: 0.062 Thread 0x0000024d9f83d8a0 Thread added: 0x0000024d9f83d8a0
Event: 0.092 Thread 0x0000024d9f83d8a0 Thread added: 0x0000024dbc5de960
Event: 0.094 Thread 0x0000024d9f83d8a0 Thread added: 0x0000024dbd2d23e0
Event: 0.094 Thread 0x0000024d9f83d8a0 Thread added: 0x0000024dbd2d4e50
Event: 0.095 Thread 0x0000024d9f83d8a0 Thread added: 0x0000024dbd2d70c0
Event: 0.095 Thread 0x0000024d9f83d8a0 Thread added: 0x0000024dbd2d80e0
Event: 0.095 Thread 0x0000024d9f83d8a0 Thread added: 0x0000024dbd2d92e0
Event: 0.095 Thread 0x0000024d9f83d8a0 Thread added: 0x0000024dbd2da610
Event: 0.095 Thread 0x0000024d9f83d8a0 Thread added: 0x0000024dbd2f09f0
Event: 0.096 Thread 0x0000024d9f83d8a0 Thread added: 0x0000024dbd2f33e0
Event: 0.121 Thread 0x0000024dbd2f33e0 Thread added: 0x0000024dbd3f8620
Event: 0.131 Thread 0x0000024d9f83d8a0 Thread added: 0x0000024dbd446760
Event: 0.143 Loaded shared library C:\Program Files\JetBrains\WebStorm 2025.2\jbr\bin\net.dll
Event: 0.150 Loaded shared library C:\Program Files\JetBrains\WebStorm 2025.2\jbr\bin\nio.dll
Event: 0.159 Loaded shared library C:\Program Files\JetBrains\WebStorm 2025.2\jbr\bin\zip.dll
Event: 0.167 Thread 0x0000024dbd2f33e0 Thread added: 0x0000024dbd44f1f0
Event: 0.251 Loaded shared library C:\Program Files\JetBrains\WebStorm 2025.2\jbr\bin\jimage.dll


Dynamic libraries:
0x00007ff727d70000 - 0x00007ff727d7a000 	C:\Program Files\JetBrains\WebStorm 2025.2\jbr\bin\java.exe
0x00007ffe5b220000 - 0x00007ffe5b483000 	C:\WINDOWS\SYSTEM32\ntdll.dll
0x00007ffe59e40000 - 0x00007ffe59f08000 	C:\WINDOWS\System32\KERNEL32.DLL
0x00007ffe58ca0000 - 0x00007ffe59054000 	C:\WINDOWS\System32\KERNELBASE.dll
0x00007ffe520d0000 - 0x00007ffe5216c000 	C:\WINDOWS\SYSTEM32\apphelp.dll
0x00007ffe58750000 - 0x00007ffe5889b000 	C:\WINDOWS\System32\ucrtbase.dll
0x00007ffe42e10000 - 0x00007ffe42e2b000 	C:\Program Files\JetBrains\WebStorm 2025.2\jbr\bin\VCRUNTIME140.dll
0x00007ffe398d0000 - 0x00007ffe398e8000 	C:\Program Files\JetBrains\WebStorm 2025.2\jbr\bin\jli.dll
0x00007ffe5ad30000 - 0x00007ffe5aef9000 	C:\WINDOWS\System32\USER32.dll
0x00007ffe58c70000 - 0x00007ffe58c97000 	C:\WINDOWS\System32\win32u.dll
0x00007ffe46c60000 - 0x00007ffe46ef0000 	C:\WINDOWS\WinSxS\amd64_microsoft.windows.common-controls_6595b64144ccf1df_6.0.26100.2702_none_3e069454e335fc5e\COMCTL32.dll
0x00007ffe59150000 - 0x00007ffe5917a000 	C:\WINDOWS\System32\GDI32.dll
0x00007ffe590a0000 - 0x00007ffe59149000 	C:\WINDOWS\System32\msvcrt.dll
0x00007ffe58a10000 - 0x00007ffe58b3b000 	C:\WINDOWS\System32\gdi32full.dll
0x00007ffe58960000 - 0x00007ffe58a03000 	C:\WINDOWS\System32\msvcp_win.dll
0x00007ffe59060000 - 0x00007ffe5908f000 	C:\WINDOWS\System32\IMM32.DLL
0x00007ffe51cc0000 - 0x00007ffe51ccc000 	C:\Program Files\JetBrains\WebStorm 2025.2\jbr\bin\vcruntime140_1.dll
0x00007ffe2fd80000 - 0x00007ffe2fe0d000 	C:\Program Files\JetBrains\WebStorm 2025.2\jbr\bin\msvcp140.dll
0x00007ffd68990000 - 0x00007ffd69754000 	C:\Program Files\JetBrains\WebStorm 2025.2\jbr\bin\server\jvm.dll
0x00007ffe59230000 - 0x00007ffe592e3000 	C:\WINDOWS\System32\ADVAPI32.dll
0x00007ffe598e0000 - 0x00007ffe59986000 	C:\WINDOWS\System32\sechost.dll
0x00007ffe5ab70000 - 0x00007ffe5ac86000 	C:\WINDOWS\System32\RPCRT4.dll
0x00007ffe59f70000 - 0x00007ffe59fe4000 	C:\WINDOWS\System32\WS2_32.dll
0x00007ffe524e0000 - 0x00007ffe524eb000 	C:\WINDOWS\SYSTEM32\VERSION.dll
0x00007ffe55970000 - 0x00007ffe559a6000 	C:\WINDOWS\SYSTEM32\WINMM.dll
0x00007ffe58460000 - 0x00007ffe584ae000 	C:\WINDOWS\SYSTEM32\POWRPROF.dll
0x00007ffe58440000 - 0x00007ffe58454000 	C:\WINDOWS\SYSTEM32\UMPDC.dll
0x00007ffe573a0000 - 0x00007ffe573ba000 	C:\WINDOWS\SYSTEM32\kernel.appcore.dll
0x00007ffe4f4e0000 - 0x00007ffe4f4ea000 	C:\Program Files\JetBrains\WebStorm 2025.2\jbr\bin\jimage.dll
0x00007ffe556e0000 - 0x00007ffe55921000 	C:\WINDOWS\SYSTEM32\DBGHELP.DLL
0x00007ffe5a760000 - 0x00007ffe5aade000 	C:\WINDOWS\System32\combase.dll
0x00007ffe5b0d0000 - 0x00007ffe5b1a6000 	C:\WINDOWS\System32\OLEAUT32.dll
0x00007ffe55930000 - 0x00007ffe55969000 	C:\WINDOWS\SYSTEM32\dbgcore.DLL
0x00007ffe58b40000 - 0x00007ffe58bd9000 	C:\WINDOWS\System32\bcryptPrimitives.dll
0x00007ffe42dd0000 - 0x00007ffe42df0000 	C:\Program Files\JetBrains\WebStorm 2025.2\jbr\bin\java.dll
0x00007ffe59ff0000 - 0x00007ffe5a6f4000 	C:\WINDOWS\System32\SHELL32.dll
0x00007ffe56240000 - 0x00007ffe56a77000 	C:\WINDOWS\SYSTEM32\windows.storage.dll
0x00007ffe592f0000 - 0x00007ffe593d9000 	C:\WINDOWS\System32\SHCORE.dll
0x00007ffe5a700000 - 0x00007ffe5a75d000 	C:\WINDOWS\System32\shlwapi.dll
0x00007ffe584e0000 - 0x00007ffe5850e000 	C:\WINDOWS\SYSTEM32\profapi.dll
0x00007ffe4b750000 - 0x00007ffe4b760000 	C:\Program Files\JetBrains\WebStorm 2025.2\jbr\bin\net.dll
0x00007ffe525c0000 - 0x00007ffe526e6000 	C:\WINDOWS\SYSTEM32\WINHTTP.dll
0x00007ffe57880000 - 0x00007ffe578e8000 	C:\WINDOWS\system32\mswsock.dll
0x00007ffe42d90000 - 0x00007ffe42da6000 	C:\Program Files\JetBrains\WebStorm 2025.2\jbr\bin\nio.dll
0x00007ffe42db0000 - 0x00007ffe42dc8000 	C:\Program Files\JetBrains\WebStorm 2025.2\jbr\bin\zip.dll
0x00007ffe57c30000 - 0x00007ffe57c4c000 	C:\WINDOWS\SYSTEM32\CRYPTSP.dll
0x00007ffe57300000 - 0x00007ffe57338000 	C:\WINDOWS\system32\rsaenh.dll
0x00007ffe57920000 - 0x00007ffe5794b000 	C:\WINDOWS\SYSTEM32\USERENV.dll
0x00007ffe57df0000 - 0x00007ffe57e16000 	C:\WINDOWS\SYSTEM32\bcrypt.dll
0x00007ffe57ab0000 - 0x00007ffe57abc000 	C:\WINDOWS\SYSTEM32\CRYPTBASE.dll
0x00007ffe56de0000 - 0x00007ffe56e12000 	C:\WINDOWS\SYSTEM32\IPHLPAPI.DLL
0x00007ffe59870000 - 0x00007ffe5987a000 	C:\WINDOWS\System32\NSI.dll

dbghelp: loaded successfully - version: 4.0.5 - missing functions: none
symbol engine: initialized successfully - sym options: 0x614 - pdb path: .;C:\Program Files\JetBrains\WebStorm 2025.2\jbr\bin;C:\WINDOWS\SYSTEM32;C:\WINDOWS\WinSxS\amd64_microsoft.windows.common-controls_6595b64144ccf1df_6.0.26100.2702_none_3e069454e335fc5e;C:\Program Files\JetBrains\WebStorm 2025.2\jbr\bin\server

VM Arguments:
java_command: git4idea.http.GitAskPassApp Password for 'https://BryLim-AI@github.com': 
java_class_path (initial): C:/Program Files/JetBrains/WebStorm 2025.2/plugins/vcs-git/lib/git4idea-rt.jar;C:/Program Files/JetBrains/WebStorm 2025.2/lib/externalProcess-rt.jar
Launcher Type: SUN_STANDARD

[Global flags]
     intx CICompilerCount                          = 12                                        {product} {ergonomic}
     uint ConcGCThreads                            = 3                                         {product} {ergonomic}
     uint G1ConcRefinementThreads                  = 13                                        {product} {ergonomic}
   size_t G1HeapRegionSize                         = 2097152                                   {product} {ergonomic}
    uintx GCDrainStackTargetSize                   = 64                                        {product} {ergonomic}
   size_t InitialHeapSize                          = 260046848                                 {product} {ergonomic}
   size_t MarkStackSize                            = 4194304                                   {product} {ergonomic}
   size_t MaxHeapSize                              = 4135583744                                {product} {ergonomic}
   size_t MaxNewSize                               = 2480930816                                {product} {ergonomic}
   size_t MinHeapDeltaBytes                        = 2097152                                   {product} {ergonomic}
   size_t MinHeapSize                              = 8388608                                   {product} {ergonomic}
    uintx NonNMethodCodeHeapSize                   = 7602480                                {pd product} {ergonomic}
    uintx NonProfiledCodeHeapSize                  = 122027880                              {pd product} {ergonomic}
    uintx ProfiledCodeHeapSize                     = 122027880                              {pd product} {ergonomic}
    uintx ReservedCodeCacheSize                    = 251658240                              {pd product} {ergonomic}
     bool SegmentedCodeCache                       = true                                      {product} {ergonomic}
   size_t SoftMaxHeapSize                          = 4135583744                             {manageable} {ergonomic}
     bool UseCompressedOops                        = true                           {product lp64_product} {ergonomic}
     bool UseG1GC                                  = true                                      {product} {ergonomic}
     bool UseLargePagesIndividualAllocation        = false                                  {pd product} {ergonomic}

Logging:
Log output configuration:
 #0: stdout all=warning uptime,level,tags foldmultilines=false
 #1: stderr all=off uptime,level,tags foldmultilines=false

Environment Variables:
JAVA_HOME=C:\Program Files\Eclipse Foundation\jdk-8.0.302.8-hotspot
PATH=C:/Program Files/Git/mingw64/libexec/git-core;C:/Program Files/Git/mingw64/libexec/git-core;C:\Program Files\Git\mingw64\bin;C:\Program Files\Git\usr\bin;C:\Users\ISPROJ\bin;C:\Program Files (x86)\VMware\VMware Player\bin\;C:\Ruby32-x64\bin;C:\Program Files (x86)\Microsoft SDKs\Azure\CLI2\wbin;C:\Program Files\Common Files\Oracle\Java\javapath;C:\Program Files (x86)\Common Files\Oracle\Java\javapath;C:\Program Files\Microsoft\jdk-11.0.16.101-hotspot\bin;C:\WINDOWS\system32;C:\WINDOWS;C:\WINDOWS\System32\Wbem;C:\WINDOWS\System32\WindowsPowerShell\v1.0\;C:\WINDOWS\System32\OpenSSH\;C:\Program Files (x86)\Microsoft SQL Server\160\Tools\Binn\;C:\Program Files\Microsoft SQL Server\160\Tools\Binn\;C:\Program Files\Microsoft SQL Server\Client SDK\ODBC\170\Tools\Binn\;C:\Program Files\Microsoft SQL Server\160\DTS\Binn\;C:\Program Files (x86)\Microsoft SQL Server\160\DTS\Binn\;C:\Program Files\Azure Data Studio\bin;C:\Program Files\Microsoft SQL Server\150\Tools\Binn\;C:\Program Files\dotnet\;C:\Program Files\Microsoft SQL Server\130\Tools\Binn\;C:\Program Files\nodejs;C:\Program Files\Microsoft VS Code\bin;C:\Users\Bytex\Documents\flutter_windows_3.13.9-stable\flutter\bin;C:\ProgramData\chocolatey\bin;C:\Program Files\SDelete;C:\gradle-8.1.1-all\gradle-8.1.1\bin;C:\Users\AlphaChain\AppData\Roaming\npm;C:\Users\puyan\AppData\Local\Packages\PythonSoftwareFoundation.Python.3.11_qbz5n2kfra8p0\LocalCache\local-packages\Python311\Scripts;C:\Users\puyan\OneDrive\Documents\flutter\bin;C:\xampp\php;C:\Program Files\nodejs\;C:\Users\Bytex\.cargo\bin;C:\Users\Bytex\Downloads\aircrack-ng-1.7-win\aircrack-ng-1.7-win\bin;C:\Users\Bytex\.avm\bin;C:\Users\Bytex\AppData\Local\Pub\Cache\bin;C:\Users\Bytex\AppData\Roaming\npm;C:\xmpp\php;C:\Program Files\CMake\bin;C:\flutter\bin;C:\Users\Devcrafts\AppData\Roaming\npm;C:\Users\Devcrafts\AppData\Local\Pub\Cache\bin;C:\Program Files (x86)\Incredibuild;C:\Users\AlphaChain\AppData\Local\Programs\Python\Python312\Scripts;C:\kotlinc\bin;C:\ProgramData\ComposerSetup\bin;C:\Program Files\Go\bin;C:\Program Files\Git\cmd;C:\Users\ISPROJ\.config\herd\bin;C:\Users\ISPROJ\AppData\Local\Programs\Python\Python313\Scripts\;C:\Users\ISPROJ\AppData\Local\Programs\Python\Python313\;C:\Program Files\MySQL\MySQL Shell 8.0\bin\;C:\Users\ISPROJ\.config\herd-lite\bin;C:\Users\ISPROJ\AppData\Local\pnpm;C:\Users\ISPROJ\Documents\flutter\bin;C:\Users\ISPROJ\AppData\Local\Microsoft\WindowsApps;C:\Users\ISPROJ\.dotnet\tools;C:\Users\ISPROJ\AppData\Roaming\Composer\vendor\bin;C:\Users\ISPROJ\AppData\Roaming\Composer\vendor\bin;C:\Program Files\JetBrains\WebStorm 2025.2\bin;C:\Users\ISPROJ\go\bin;C:\Users\ISPROJ\AppData\Roaming\npm\node_modules\serverless;C:\Users\ISPROJ\AppData\Roaming\npm;C:\ffmpeg-7.1.1-essentials_build\ffmpeg-7.1.1-essentials_build\bin
USERNAME=ISPROJ
DISPLAY=:0.0
LC_ALL=en_US.UTF-8
TERM=xterm-256color
TMPDIR=C:\Users\ISPROJ\AppData\Local\Temp
OS=Windows_NT
PROCESSOR_IDENTIFIER=AMD64 Family 25 Model 80 Stepping 0, AuthenticAMD
TMP=C:\Users\ISPROJ\AppData\Local\Temp
TEMP=C:\Users\ISPROJ\AppData\Local\Temp




Periodic native trim disabled

JNI global refs:
JNI global refs: 26, weak refs: 0

JNI global refs memory usage: 835, weak refs: 201

Process memory usage:
Resident Set Size: 66448K (0% of 16153752K total physical memory with 2585500K free physical memory)

OOME stack traces (most recent first):
Classloader memory used:
Loader bootstrap                                                                       : 624K
Loader jdk.internal.loader.ClassLoaders$PlatformClassLoader                            : 94008B
Loader jdk.internal.loader.ClassLoaders$AppClassLoader                                 : 25616B

---------------  S Y S T E M  ---------------

OS:
 Windows 11 , 64 bit Build 26100 (10.0.26100.2702)
OS uptime: 0 days 1:46 hours
Hyper-V role detected

CPU: total 16 (initial active 16) (16 cores per cpu, 2 threads per core) family 25 model 80 stepping 0 microcode 0xa50000c, cx8, cmov, fxsr, ht, mmx, 3dnowpref, sse, sse2, sse3, ssse3, sse4a, sse4.1, sse4.2, popcnt, lzcnt, tsc, tscinvbit, avx, avx2, aes, erms, clmul, bmi1, bmi2, adx, sha, fma, vzeroupper, clflush, clflushopt, hv, rdtscp, rdpid, fsrm, f16c, cet_ss
Processor Information for the first 16 processors :
  Max Mhz: 3301, Current Mhz: 2003, Mhz Limit: 3301

Memory: 4k page, system-wide physical 15775M (2524M free)
TotalPageFile size 26972M (AvailPageFile size 35M)
current process WorkingSet (physical memory assigned to process): 65M, peak: 65M
current process commit charge ("private bytes"): 362M, peak: 363M

vm_info: OpenJDK 64-Bit Server VM (21.0.7+6-b1038.58) for windows-amd64 JRE (21.0.7+6-b1038.58), built on 2025-07-07 by "builduser" with MS VC++ 16.10 / 16.11 (VS2019)

END.
