#
# There is insufficient memory for the Java Runtime Environment to continue.
# Native memory allocation (mmap) failed to map 65536 bytes. Error detail: Failed to commit metaspace.
# Possible reasons:
#   The system is out of physical RAM or swap space
#   This process is running with CompressedOops enabled, and the Java Heap may be blocking the growth of the native heap
# Possible solutions:
#   Reduce memory load on the system
#   Increase physical memory or swap space
#   Check if swap backing store is full
#   Decrease Java heap size (-Xmx/-Xms)
#   Decrease number of Java threads
#   Decrease Java thread stack sizes (-Xss)
#   Set larger code cache with -XX:ReservedCodeCacheSize=
#   JVM is running with Zero Based Compressed Oops mode in which the Java heap is
#     placed in the first 32GB address space. The Java Heap base address is the
#     maximum limit for the native heap growth. Please use -XX:HeapBaseMinAddress
#     to set the Java Heap base and to place the Java Heap above 32GB virtual address.
# This output file may be truncated or incomplete.
#
#  Out of Memory Error (virtualSpaceNode.cpp:113), pid=3060, tid=26860
#
# JRE version: OpenJDK Runtime Environment JBR-21.0.7+6-1038.58-jcef (21.0.7+6) (build 21.0.7+6-b1038.58)
# Java VM: OpenJDK 64-Bit Server VM JBR-21.0.7+6-1038.58-jcef (21.0.7+6-b1038.58, mixed mode, tiered, compressed oops, compressed class ptrs, g1 gc, windows-amd64)
# No core dump will be written. Minidumps are not enabled by default on client versions of Windows
#

---------------  S U M M A R Y ------------

Command Line: git4idea.http.GitAskPassApp Username for 'https://github.com': 

Host: AMD Ryzen 9 5900HS with Radeon Graphics        , 16 cores, 15G,  Windows 11 , 64 bit Build 26100 (10.0.26100.2702)
Time: Tue Oct 21 16:31:54 2025 Malay Peninsula Standard Time elapsed time: 0.299469 seconds (0d 0h 0m 0s)

---------------  T H R E A D  ---------------

Current thread (0x000002592a9de8c0):  JavaThread "main"             [_thread_in_vm, id=26860, stack(0x000000f729600000,0x000000f729700000) (1024K)]

Stack: [0x000000f729600000,0x000000f729700000]
Native frames: (J=compiled Java code, j=interpreted, Vv=VM code, C=native code)
V  [jvm.dll+0x6e7c19]
V  [jvm.dll+0x8c5f53]
V  [jvm.dll+0x8c84ae]
V  [jvm.dll+0x8c8b93]
V  [jvm.dll+0x2899e6]
V  [jvm.dll+0x8c0d9e]
V  [jvm.dll+0x6888d5]
V  [jvm.dll+0x68893a]
V  [jvm.dll+0x68b156]
V  [jvm.dll+0x68b022]
V  [jvm.dll+0x68928e]
V  [jvm.dll+0x693557]
V  [jvm.dll+0x21d38c]
V  [jvm.dll+0x21d8d5]
V  [jvm.dll+0x21e2b6]
V  [jvm.dll+0x21326a]
V  [jvm.dll+0x5c6325]
V  [jvm.dll+0x224d0c]
V  [jvm.dll+0x83ccac]
V  [jvm.dll+0x83dd42]
V  [jvm.dll+0x83e304]
V  [jvm.dll+0x83df98]
V  [jvm.dll+0x27633b]
V  [jvm.dll+0x276555]
V  [jvm.dll+0x5e9227]
V  [jvm.dll+0x5ec34e]
V  [jvm.dll+0x3e8420]
V  [jvm.dll+0x3e7a9d]
C  0x00000259383997a0

The last pc belongs to invokestatic (printed below).
Java frames: (J=compiled Java code, j=interpreted, Vv=VM code)
j  java.lang.invoke.LambdaForm.compileToBytecode()V+69 java.base@21.0.7
j  java.lang.invoke.DirectMethodHandle.makePreparedLambdaForm(Ljava/lang/invoke/MethodType;I)Ljava/lang/invoke/LambdaForm;+750 java.base@21.0.7
j  java.lang.invoke.DirectMethodHandle.preparedLambdaForm(Ljava/lang/invoke/MethodType;I)Ljava/lang/invoke/LambdaForm;+17 java.base@21.0.7
j  java.lang.invoke.DirectMethodHandle.preparedLambdaForm(Ljava/lang/invoke/MemberName;Z)Ljava/lang/invoke/LambdaForm;+159 java.base@21.0.7
j  java.lang.invoke.DirectMethodHandle.preparedLambdaForm(Ljava/lang/invoke/MemberName;)Ljava/lang/invoke/LambdaForm;+2 java.base@21.0.7
j  java.lang.invoke.DirectMethodHandle.make(BLjava/lang/Class;Ljava/lang/invoke/MemberName;Ljava/lang/Class;)Ljava/lang/invoke/DirectMethodHandle;+163 java.base@21.0.7
j  java.lang.invoke.MethodHandles$Lookup.getDirectMethodCommon(BLjava/lang/Class;Ljava/lang/invoke/MemberName;ZZLjava/lang/invoke/MethodHandles$Lookup;)Ljava/lang/invoke/MethodHandle;+220 java.base@21.0.7
j  java.lang.invoke.MethodHandles$Lookup.getDirectMethodNoSecurityManager(BLjava/lang/Class;Ljava/lang/invoke/MemberName;Ljava/lang/invoke/MethodHandles$Lookup;)Ljava/lang/invoke/MethodHandle;+14 java.base@21.0.7
j  java.lang.invoke.MethodHandles$Lookup.getDirectMethodForConstant(BLjava/lang/Class;Ljava/lang/invoke/MemberName;)Ljava/lang/invoke/MethodHandle;+31 java.base@21.0.7
j  java.lang.invoke.MethodHandles$Lookup.linkMethodHandleConstant(BLjava/lang/Class;Ljava/lang/String;Ljava/lang/Object;)Ljava/lang/invoke/MethodHandle;+153 java.base@21.0.7
j  java.lang.invoke.MethodHandleNatives.linkMethodHandleConstant(Ljava/lang/Class;ILjava/lang/Class;Ljava/lang/String;Ljava/lang/Object;)Ljava/lang/invoke/MethodHandle;+38 java.base@21.0.7
v  ~StubRoutines::call_stub 0x000002593838100d
j  java.security.Security.<clinit>()V+9 java.base@21.0.7
v  ~StubRoutines::call_stub 0x000002593838100d
j  sun.security.jca.ProviderList.<init>()V+45 java.base@21.0.7
j  sun.security.jca.ProviderList$2.run()Lsun/security/jca/ProviderList;+4 java.base@21.0.7
j  sun.security.jca.ProviderList$2.run()Ljava/lang/Object;+1 java.base@21.0.7
j  java.security.AccessController.executePrivileged(Ljava/security/PrivilegedAction;Ljava/security/AccessControlContext;Ljava/lang/Class;)Ljava/lang/Object;+29 java.base@21.0.7
j  java.security.AccessController.doPrivileged(Ljava/security/PrivilegedAction;)Ljava/lang/Object;+5 java.base@21.0.7
j  sun.security.jca.ProviderList.fromSecurityProperties()Lsun/security/jca/ProviderList;+7 java.base@21.0.7
j  sun.security.jca.Providers.<clinit>()V+16 java.base@21.0.7
v  ~StubRoutines::call_stub 0x000002593838100d
j  sun.security.jca.GetInstance.getInstance(Ljava/lang/String;Ljava/lang/Class;Ljava/lang/String;)Lsun/security/jca/GetInstance$Instance;+0 java.base@21.0.7
j  javax.net.ssl.SSLContext.getInstance(Ljava/lang/String;)Ljavax/net/ssl/SSLContext;+12 java.base@21.0.7
j  externalApp.ExternalAppUtil.sendIdeRequest(Ljava/lang/String;ILjava/lang/String;Ljava/lang/String;)LexternalApp/ExternalAppUtil$Result;+34
j  git4idea.http.GitAskPassApp.entryPoint(LexternalApp/ExternalAppEntry;)I+61
j  git4idea.http.GitAskPassApp.main([Ljava/lang/String;)V+11
v  ~StubRoutines::call_stub 0x000002593838100d
invokestatic  184 invokestatic  [0x0000025938399700, 0x00000259383999c8]  712 bytes
[MachCode]
  0x0000025938399700: 4883 ec08 | c5fa 1104 | 24eb 1f48 | 83ec 10c5 | fb11 0424 | eb14 4883 | ec10 4889 | 0424 48c7 
  0x0000025938399720: 4424 0800 | 0000 00eb | 0150 4c89 | 6dc0 410f | b755 0148 | 8b4d d0c1 | e202 8b5c | d138 c1eb 
  0x0000025938399740: 1081 e3ff | 0000 0081 | fbb8 0000 | 000f 84b4 | 0000 00bb | b800 0000 | e805 0000 | 00e9 9900 
  0x0000025938399760: 0000 488b | d348 8d44 | 2408 4c89 | 6dc0 498b | cfc5 f877 | 4989 afa8 | 0300 0049 | 8987 9803 
  0x0000025938399780: 0000 4883 | ec20 40f6 | c40f 0f84 | 1900 0000 | 4883 ec08 | 48b8 307a | 7e9c fb7f | 0000 ffd0 
  0x00000259383997a0: 4883 c408 | e90c 0000 | 0048 b830 | 7a7e 9cfb | 7f00 00ff | d048 83c4 | 2049 c787 | 9803 0000 
  0x00000259383997c0: 0000 0000 | 49c7 87a8 | 0300 0000 | 0000 0049 | c787 a003 | 0000 0000 | 0000 c5f8 | 7749 837f 
  0x00000259383997e0: 0800 0f84 | 0500 0000 | e913 77fe | ff4c 8b6d | c04c 8b75 | c84e 8d74 | f500 c341 | 0fb7 5501 
  0x0000025938399800: 488b 4dd0 | c1e2 0248 | 8b5c d140 | 488b 5b08 | 488b 5b08 | 488b 5b18 | 80bb 5101 | 0000 040f 
  0x0000025938399820: 840d 0000 | 004c 3bbb | 5801 0000 | 0f85 21ff | ffff 488b | 5cd1 408b | 54d1 50c1 | ea1c 49ba 
  0x0000025938399840: 5018 0e9d | fb7f 0000 | 498b 14d2 | 5248 8b45 | d848 85c0 | 0f84 1200 | 0000 4883 | 4008 0148 
  0x0000025938399860: 8358 0800 | 4883 c010 | 4889 45d8 | 488b 45d8 | 4885 c00f | 843d 0100 | 0080 78f0 | 0a0f 8533 
  0x0000025938399880: 0100 0048 | 83c0 084c | 8b68 f841 | 83ed 0041 | 83fd 020f | 8c12 0100 | 004c 8b6b | 0845 0fb7 
  0x00000259383998a0: 6d2e 4c2b | 2841 83ed | 014e 8b6c | ec08 4d85 | ed75 0ef6 | 4008 0175 | 58f0 4883 | 4808 01eb 
  0x00000259383998c0: 5045 8b6d | 0849 ba00 | 0000 0008 | 0000 004d | 03ea 4d8b | d54c 3368 | 0849 f7c5 | fcff ffff 
  0x00000259383998e0: 742f 41f6 | c502 7529 | 4883 7808 | 0074 1e48 | 8378 0801 | 7417 4d8b | ea4c 3368 | 0849 f7c5 
  0x0000025938399900: fcff ffff | 740b 4883 | 4808 02eb | 044c 8968 | 0848 83c0 | 104c 8b68 | e841 83ed | 0241 83fd 
  0x0000025938399920: 020f 8c84 | 0000 004c | 8b6b 0845 | 0fb7 6d2e | 4c2b 2841 | 83ed 014e | 8b6c ec08 | 4d85 ed75 
  0x0000025938399940: 0ef6 4008 | 0175 58f0 | 4883 4808 | 01eb 5045 | 8b6d 0849 | ba00 0000 | 0008 0000 | 004d 03ea 
  0x0000025938399960: 4d8b d54c | 3368 0849 | f7c5 fcff | ffff 742f | 41f6 c502 | 7529 4883 | 7808 0074 | 1e48 8378 
  0x0000025938399980: 0801 7417 | 4d8b ea4c | 3368 0849 | f7c5 fcff | ffff 740b | 4883 4808 | 02eb 044c | 8968 0848 
  0x00000259383999a0: 83c0 104c | 8b68 d841 | 83ed 0441 | c1e5 0349 | 03c5 4889 | 45d8 4c8d | 6c24 084c | 896d f0ff 
  0x00000259383999c0: 6368 660f | 1f44 0000 
[/MachCode]

---------------  P R O C E S S  ---------------

Threads class SMR info:
_java_thread_list=0x0000025948859e70, length=12, elements={
0x000002592a9de8c0, 0x000002594863d890, 0x000002594863f750, 0x0000025948686500,
0x0000025948698920, 0x0000025948687890, 0x000002594868d230, 0x000002594868dc90,
0x00000259486aa4d0, 0x00000259486b2f80, 0x000002594822da30, 0x0000025948881260
}

Java Threads: ( => current thread )
=>0x000002592a9de8c0 JavaThread "main"                              [_thread_in_vm, id=26860, stack(0x000000f729600000,0x000000f729700000) (1024K)]
  0x000002594863d890 JavaThread "Common-Cleaner"             daemon [_thread_blocked, id=30072, stack(0x000000f729e00000,0x000000f729f00000) (1024K)]
  0x000002594863f750 JavaThread "Reference Handler"          daemon [_thread_blocked, id=31996, stack(0x000000f729f00000,0x000000f72a000000) (1024K)]
  0x0000025948686500 JavaThread "Finalizer"                  daemon [_thread_blocked, id=8132, stack(0x000000f72a000000,0x000000f72a100000) (1024K)]
  0x0000025948698920 JavaThread "Signal Dispatcher"          daemon [_thread_blocked, id=34348, stack(0x000000f72a100000,0x000000f72a200000) (1024K)]
  0x0000025948687890 JavaThread "Attach Listener"            daemon [_thread_blocked, id=29968, stack(0x000000f72a200000,0x000000f72a300000) (1024K)]
  0x000002594868d230 JavaThread "Service Thread"             daemon [_thread_blocked, id=15368, stack(0x000000f72a300000,0x000000f72a400000) (1024K)]
  0x000002594868dc90 JavaThread "Monitor Deflation Thread"   daemon [_thread_blocked, id=30940, stack(0x000000f72a400000,0x000000f72a500000) (1024K)]
  0x00000259486aa4d0 JavaThread "C2 CompilerThread0"         daemon [_thread_blocked, id=3032, stack(0x000000f72a500000,0x000000f72a600000) (1024K)]
  0x00000259486b2f80 JavaThread "C1 CompilerThread0"         daemon [_thread_blocked, id=28480, stack(0x000000f72a600000,0x000000f72a700000) (1024K)]
  0x000002594822da30 JavaThread "C1 CompilerThread1"         daemon [_thread_blocked, id=1776, stack(0x000000f72a700000,0x000000f72a800000) (1024K)]
  0x0000025948881260 JavaThread "Notification Thread"        daemon [_thread_blocked, id=30240, stack(0x000000f72a800000,0x000000f72a900000) (1024K)]
Total: 12

Other Threads:
  0x0000025948618250 VMThread "VM Thread"                           [id=22904, stack(0x000000f729d00000,0x000000f729e00000) (1024K)]
  0x000002594822cc40 WatcherThread "VM Periodic Task Thread"        [id=23620, stack(0x000000f729c00000,0x000000f729d00000) (1024K)]
  0x000002592cf66100 WorkerThread "GC Thread#0"                     [id=33248, stack(0x000000f729700000,0x000000f729800000) (1024K)]
  0x000002592cf784f0 ConcurrentGCThread "G1 Main Marker"            [id=35656, stack(0x000000f729800000,0x000000f729900000) (1024K)]
  0x000002592cf7a6a0 WorkerThread "G1 Conc#0"                       [id=24312, stack(0x000000f729900000,0x000000f729a00000) (1024K)]
  0x00000259480fe840 ConcurrentGCThread "G1 Refine#0"               [id=3656, stack(0x000000f729a00000,0x000000f729b00000) (1024K)]
  0x0000025948100160 ConcurrentGCThread "G1 Service"                [id=23084, stack(0x000000f729b00000,0x000000f729c00000) (1024K)]
Total: 7

Threads with active compile tasks:
Total: 0

VM state: not at safepoint (normal execution)

VM Mutex/Monitor currently owned by a thread:  ([mutex/lock_event])
[0x00007ffb9d0cf948] Metaspace_lock - owner thread: 0x000002592a9de8c0

Heap address: 0x0000000709800000, size: 3944 MB, Compressed Oops mode: Zero based, Oop shift amount: 3

CDS archive(s) not mapped
Compressed class space mapped at: 0x0000000800000000-0x0000000840000000, reserved size: 1073741824
Narrow klass base: 0x0000000800000000, Narrow klass shift: 0, Narrow klass range: 0x40000000

GC Precious Log:
 CardTable entry size: 512
 Card Set container configuration: InlinePtr #cards 4 size 8 Array Of Cards #cards 16 size 48 Howl #buckets 8 coarsen threshold 3686 Howl Bitmap #cards 512 size 80 coarsen threshold 460 Card regions per heap region 1 cards per card region 4096
 CPUs: 16 total, 16 available
 Memory: 15775M
 Large Page Support: Disabled
 NUMA Support: Disabled
 Compressed Oops: Enabled (Zero based)
 Heap Region Size: 2M
 Heap Min Capacity: 8M
 Heap Initial Capacity: 248M
 Heap Max Capacity: 3944M
 Pre-touch: Disabled
 Parallel Workers: 13
 Concurrent Workers: 3
 Concurrent Refinement Workers: 13
 Periodic GC: Disabled

Heap:
 garbage-first heap   total 253952K, used 2048K [0x0000000709800000, 0x0000000800000000)
  region size 2048K, 2 young (4096K), 0 survivors (0K)
 Metaspace       used 6434K, committed 6528K, reserved 1114112K
  class space    used 526K, committed 576K, reserved 1048576K

Heap Regions: E=young(eden), S=young(survivor), O=old, HS=humongous(starts), HC=humongous(continues), CS=collection set, F=free, TAMS=top-at-mark-start, PB=parsable bottom
|   0|0x0000000709800000, 0x0000000709800000, 0x0000000709a00000|  0%| F|  |TAMS 0x0000000709800000| PB 0x0000000709800000| Untracked 
|   1|0x0000000709a00000, 0x0000000709a00000, 0x0000000709c00000|  0%| F|  |TAMS 0x0000000709a00000| PB 0x0000000709a00000| Untracked 
|   2|0x0000000709c00000, 0x0000000709c00000, 0x0000000709e00000|  0%| F|  |TAMS 0x0000000709c00000| PB 0x0000000709c00000| Untracked 
|   3|0x0000000709e00000, 0x0000000709e00000, 0x000000070a000000|  0%| F|  |TAMS 0x0000000709e00000| PB 0x0000000709e00000| Untracked 
|   4|0x000000070a000000, 0x000000070a000000, 0x000000070a200000|  0%| F|  |TAMS 0x000000070a000000| PB 0x000000070a000000| Untracked 
|   5|0x000000070a200000, 0x000000070a200000, 0x000000070a400000|  0%| F|  |TAMS 0x000000070a200000| PB 0x000000070a200000| Untracked 
|   6|0x000000070a400000, 0x000000070a400000, 0x000000070a600000|  0%| F|  |TAMS 0x000000070a400000| PB 0x000000070a400000| Untracked 
|   7|0x000000070a600000, 0x000000070a600000, 0x000000070a800000|  0%| F|  |TAMS 0x000000070a600000| PB 0x000000070a600000| Untracked 
|   8|0x000000070a800000, 0x000000070a800000, 0x000000070aa00000|  0%| F|  |TAMS 0x000000070a800000| PB 0x000000070a800000| Untracked 
|   9|0x000000070aa00000, 0x000000070aa00000, 0x000000070ac00000|  0%| F|  |TAMS 0x000000070aa00000| PB 0x000000070aa00000| Untracked 
|  10|0x000000070ac00000, 0x000000070ac00000, 0x000000070ae00000|  0%| F|  |TAMS 0x000000070ac00000| PB 0x000000070ac00000| Untracked 
|  11|0x000000070ae00000, 0x000000070ae00000, 0x000000070b000000|  0%| F|  |TAMS 0x000000070ae00000| PB 0x000000070ae00000| Untracked 
|  12|0x000000070b000000, 0x000000070b000000, 0x000000070b200000|  0%| F|  |TAMS 0x000000070b000000| PB 0x000000070b000000| Untracked 
|  13|0x000000070b200000, 0x000000070b200000, 0x000000070b400000|  0%| F|  |TAMS 0x000000070b200000| PB 0x000000070b200000| Untracked 
|  14|0x000000070b400000, 0x000000070b400000, 0x000000070b600000|  0%| F|  |TAMS 0x000000070b400000| PB 0x000000070b400000| Untracked 
|  15|0x000000070b600000, 0x000000070b600000, 0x000000070b800000|  0%| F|  |TAMS 0x000000070b600000| PB 0x000000070b600000| Untracked 
|  16|0x000000070b800000, 0x000000070b800000, 0x000000070ba00000|  0%| F|  |TAMS 0x000000070b800000| PB 0x000000070b800000| Untracked 
|  17|0x000000070ba00000, 0x000000070ba00000, 0x000000070bc00000|  0%| F|  |TAMS 0x000000070ba00000| PB 0x000000070ba00000| Untracked 
|  18|0x000000070bc00000, 0x000000070bc00000, 0x000000070be00000|  0%| F|  |TAMS 0x000000070bc00000| PB 0x000000070bc00000| Untracked 
|  19|0x000000070be00000, 0x000000070be00000, 0x000000070c000000|  0%| F|  |TAMS 0x000000070be00000| PB 0x000000070be00000| Untracked 
|  20|0x000000070c000000, 0x000000070c000000, 0x000000070c200000|  0%| F|  |TAMS 0x000000070c000000| PB 0x000000070c000000| Untracked 
|  21|0x000000070c200000, 0x000000070c200000, 0x000000070c400000|  0%| F|  |TAMS 0x000000070c200000| PB 0x000000070c200000| Untracked 
|  22|0x000000070c400000, 0x000000070c400000, 0x000000070c600000|  0%| F|  |TAMS 0x000000070c400000| PB 0x000000070c400000| Untracked 
|  23|0x000000070c600000, 0x000000070c600000, 0x000000070c800000|  0%| F|  |TAMS 0x000000070c600000| PB 0x000000070c600000| Untracked 
|  24|0x000000070c800000, 0x000000070c800000, 0x000000070ca00000|  0%| F|  |TAMS 0x000000070c800000| PB 0x000000070c800000| Untracked 
|  25|0x000000070ca00000, 0x000000070ca00000, 0x000000070cc00000|  0%| F|  |TAMS 0x000000070ca00000| PB 0x000000070ca00000| Untracked 
|  26|0x000000070cc00000, 0x000000070cc00000, 0x000000070ce00000|  0%| F|  |TAMS 0x000000070cc00000| PB 0x000000070cc00000| Untracked 
|  27|0x000000070ce00000, 0x000000070ce00000, 0x000000070d000000|  0%| F|  |TAMS 0x000000070ce00000| PB 0x000000070ce00000| Untracked 
|  28|0x000000070d000000, 0x000000070d000000, 0x000000070d200000|  0%| F|  |TAMS 0x000000070d000000| PB 0x000000070d000000| Untracked 
|  29|0x000000070d200000, 0x000000070d200000, 0x000000070d400000|  0%| F|  |TAMS 0x000000070d200000| PB 0x000000070d200000| Untracked 
|  30|0x000000070d400000, 0x000000070d400000, 0x000000070d600000|  0%| F|  |TAMS 0x000000070d400000| PB 0x000000070d400000| Untracked 
|  31|0x000000070d600000, 0x000000070d600000, 0x000000070d800000|  0%| F|  |TAMS 0x000000070d600000| PB 0x000000070d600000| Untracked 
|  32|0x000000070d800000, 0x000000070d800000, 0x000000070da00000|  0%| F|  |TAMS 0x000000070d800000| PB 0x000000070d800000| Untracked 
|  33|0x000000070da00000, 0x000000070da00000, 0x000000070dc00000|  0%| F|  |TAMS 0x000000070da00000| PB 0x000000070da00000| Untracked 
|  34|0x000000070dc00000, 0x000000070dc00000, 0x000000070de00000|  0%| F|  |TAMS 0x000000070dc00000| PB 0x000000070dc00000| Untracked 
|  35|0x000000070de00000, 0x000000070de00000, 0x000000070e000000|  0%| F|  |TAMS 0x000000070de00000| PB 0x000000070de00000| Untracked 
|  36|0x000000070e000000, 0x000000070e000000, 0x000000070e200000|  0%| F|  |TAMS 0x000000070e000000| PB 0x000000070e000000| Untracked 
|  37|0x000000070e200000, 0x000000070e200000, 0x000000070e400000|  0%| F|  |TAMS 0x000000070e200000| PB 0x000000070e200000| Untracked 
|  38|0x000000070e400000, 0x000000070e400000, 0x000000070e600000|  0%| F|  |TAMS 0x000000070e400000| PB 0x000000070e400000| Untracked 
|  39|0x000000070e600000, 0x000000070e600000, 0x000000070e800000|  0%| F|  |TAMS 0x000000070e600000| PB 0x000000070e600000| Untracked 
|  40|0x000000070e800000, 0x000000070e800000, 0x000000070ea00000|  0%| F|  |TAMS 0x000000070e800000| PB 0x000000070e800000| Untracked 
|  41|0x000000070ea00000, 0x000000070ea00000, 0x000000070ec00000|  0%| F|  |TAMS 0x000000070ea00000| PB 0x000000070ea00000| Untracked 
|  42|0x000000070ec00000, 0x000000070ec00000, 0x000000070ee00000|  0%| F|  |TAMS 0x000000070ec00000| PB 0x000000070ec00000| Untracked 
|  43|0x000000070ee00000, 0x000000070ee00000, 0x000000070f000000|  0%| F|  |TAMS 0x000000070ee00000| PB 0x000000070ee00000| Untracked 
|  44|0x000000070f000000, 0x000000070f000000, 0x000000070f200000|  0%| F|  |TAMS 0x000000070f000000| PB 0x000000070f000000| Untracked 
|  45|0x000000070f200000, 0x000000070f200000, 0x000000070f400000|  0%| F|  |TAMS 0x000000070f200000| PB 0x000000070f200000| Untracked 
|  46|0x000000070f400000, 0x000000070f400000, 0x000000070f600000|  0%| F|  |TAMS 0x000000070f400000| PB 0x000000070f400000| Untracked 
|  47|0x000000070f600000, 0x000000070f600000, 0x000000070f800000|  0%| F|  |TAMS 0x000000070f600000| PB 0x000000070f600000| Untracked 
|  48|0x000000070f800000, 0x000000070f800000, 0x000000070fa00000|  0%| F|  |TAMS 0x000000070f800000| PB 0x000000070f800000| Untracked 
|  49|0x000000070fa00000, 0x000000070fa00000, 0x000000070fc00000|  0%| F|  |TAMS 0x000000070fa00000| PB 0x000000070fa00000| Untracked 
|  50|0x000000070fc00000, 0x000000070fc00000, 0x000000070fe00000|  0%| F|  |TAMS 0x000000070fc00000| PB 0x000000070fc00000| Untracked 
|  51|0x000000070fe00000, 0x000000070fe00000, 0x0000000710000000|  0%| F|  |TAMS 0x000000070fe00000| PB 0x000000070fe00000| Untracked 
|  52|0x0000000710000000, 0x0000000710000000, 0x0000000710200000|  0%| F|  |TAMS 0x0000000710000000| PB 0x0000000710000000| Untracked 
|  53|0x0000000710200000, 0x0000000710200000, 0x0000000710400000|  0%| F|  |TAMS 0x0000000710200000| PB 0x0000000710200000| Untracked 
|  54|0x0000000710400000, 0x0000000710400000, 0x0000000710600000|  0%| F|  |TAMS 0x0000000710400000| PB 0x0000000710400000| Untracked 
|  55|0x0000000710600000, 0x0000000710600000, 0x0000000710800000|  0%| F|  |TAMS 0x0000000710600000| PB 0x0000000710600000| Untracked 
|  56|0x0000000710800000, 0x0000000710800000, 0x0000000710a00000|  0%| F|  |TAMS 0x0000000710800000| PB 0x0000000710800000| Untracked 
|  57|0x0000000710a00000, 0x0000000710a00000, 0x0000000710c00000|  0%| F|  |TAMS 0x0000000710a00000| PB 0x0000000710a00000| Untracked 
|  58|0x0000000710c00000, 0x0000000710c00000, 0x0000000710e00000|  0%| F|  |TAMS 0x0000000710c00000| PB 0x0000000710c00000| Untracked 
|  59|0x0000000710e00000, 0x0000000710e00000, 0x0000000711000000|  0%| F|  |TAMS 0x0000000710e00000| PB 0x0000000710e00000| Untracked 
|  60|0x0000000711000000, 0x0000000711000000, 0x0000000711200000|  0%| F|  |TAMS 0x0000000711000000| PB 0x0000000711000000| Untracked 
|  61|0x0000000711200000, 0x0000000711200000, 0x0000000711400000|  0%| F|  |TAMS 0x0000000711200000| PB 0x0000000711200000| Untracked 
|  62|0x0000000711400000, 0x0000000711400000, 0x0000000711600000|  0%| F|  |TAMS 0x0000000711400000| PB 0x0000000711400000| Untracked 
|  63|0x0000000711600000, 0x0000000711600000, 0x0000000711800000|  0%| F|  |TAMS 0x0000000711600000| PB 0x0000000711600000| Untracked 
|  64|0x0000000711800000, 0x0000000711800000, 0x0000000711a00000|  0%| F|  |TAMS 0x0000000711800000| PB 0x0000000711800000| Untracked 
|  65|0x0000000711a00000, 0x0000000711a00000, 0x0000000711c00000|  0%| F|  |TAMS 0x0000000711a00000| PB 0x0000000711a00000| Untracked 
|  66|0x0000000711c00000, 0x0000000711c00000, 0x0000000711e00000|  0%| F|  |TAMS 0x0000000711c00000| PB 0x0000000711c00000| Untracked 
|  67|0x0000000711e00000, 0x0000000711e00000, 0x0000000712000000|  0%| F|  |TAMS 0x0000000711e00000| PB 0x0000000711e00000| Untracked 
|  68|0x0000000712000000, 0x0000000712000000, 0x0000000712200000|  0%| F|  |TAMS 0x0000000712000000| PB 0x0000000712000000| Untracked 
|  69|0x0000000712200000, 0x0000000712200000, 0x0000000712400000|  0%| F|  |TAMS 0x0000000712200000| PB 0x0000000712200000| Untracked 
|  70|0x0000000712400000, 0x0000000712400000, 0x0000000712600000|  0%| F|  |TAMS 0x0000000712400000| PB 0x0000000712400000| Untracked 
|  71|0x0000000712600000, 0x0000000712600000, 0x0000000712800000|  0%| F|  |TAMS 0x0000000712600000| PB 0x0000000712600000| Untracked 
|  72|0x0000000712800000, 0x0000000712800000, 0x0000000712a00000|  0%| F|  |TAMS 0x0000000712800000| PB 0x0000000712800000| Untracked 
|  73|0x0000000712a00000, 0x0000000712a00000, 0x0000000712c00000|  0%| F|  |TAMS 0x0000000712a00000| PB 0x0000000712a00000| Untracked 
|  74|0x0000000712c00000, 0x0000000712c00000, 0x0000000712e00000|  0%| F|  |TAMS 0x0000000712c00000| PB 0x0000000712c00000| Untracked 
|  75|0x0000000712e00000, 0x0000000712e00000, 0x0000000713000000|  0%| F|  |TAMS 0x0000000712e00000| PB 0x0000000712e00000| Untracked 
|  76|0x0000000713000000, 0x0000000713000000, 0x0000000713200000|  0%| F|  |TAMS 0x0000000713000000| PB 0x0000000713000000| Untracked 
|  77|0x0000000713200000, 0x0000000713200000, 0x0000000713400000|  0%| F|  |TAMS 0x0000000713200000| PB 0x0000000713200000| Untracked 
|  78|0x0000000713400000, 0x0000000713400000, 0x0000000713600000|  0%| F|  |TAMS 0x0000000713400000| PB 0x0000000713400000| Untracked 
|  79|0x0000000713600000, 0x0000000713600000, 0x0000000713800000|  0%| F|  |TAMS 0x0000000713600000| PB 0x0000000713600000| Untracked 
|  80|0x0000000713800000, 0x0000000713800000, 0x0000000713a00000|  0%| F|  |TAMS 0x0000000713800000| PB 0x0000000713800000| Untracked 
|  81|0x0000000713a00000, 0x0000000713a00000, 0x0000000713c00000|  0%| F|  |TAMS 0x0000000713a00000| PB 0x0000000713a00000| Untracked 
|  82|0x0000000713c00000, 0x0000000713c00000, 0x0000000713e00000|  0%| F|  |TAMS 0x0000000713c00000| PB 0x0000000713c00000| Untracked 
|  83|0x0000000713e00000, 0x0000000713e00000, 0x0000000714000000|  0%| F|  |TAMS 0x0000000713e00000| PB 0x0000000713e00000| Untracked 
|  84|0x0000000714000000, 0x0000000714000000, 0x0000000714200000|  0%| F|  |TAMS 0x0000000714000000| PB 0x0000000714000000| Untracked 
|  85|0x0000000714200000, 0x0000000714200000, 0x0000000714400000|  0%| F|  |TAMS 0x0000000714200000| PB 0x0000000714200000| Untracked 
|  86|0x0000000714400000, 0x0000000714400000, 0x0000000714600000|  0%| F|  |TAMS 0x0000000714400000| PB 0x0000000714400000| Untracked 
|  87|0x0000000714600000, 0x0000000714600000, 0x0000000714800000|  0%| F|  |TAMS 0x0000000714600000| PB 0x0000000714600000| Untracked 
|  88|0x0000000714800000, 0x0000000714800000, 0x0000000714a00000|  0%| F|  |TAMS 0x0000000714800000| PB 0x0000000714800000| Untracked 
|  89|0x0000000714a00000, 0x0000000714a00000, 0x0000000714c00000|  0%| F|  |TAMS 0x0000000714a00000| PB 0x0000000714a00000| Untracked 
|  90|0x0000000714c00000, 0x0000000714c00000, 0x0000000714e00000|  0%| F|  |TAMS 0x0000000714c00000| PB 0x0000000714c00000| Untracked 
|  91|0x0000000714e00000, 0x0000000714e00000, 0x0000000715000000|  0%| F|  |TAMS 0x0000000714e00000| PB 0x0000000714e00000| Untracked 
|  92|0x0000000715000000, 0x0000000715000000, 0x0000000715200000|  0%| F|  |TAMS 0x0000000715000000| PB 0x0000000715000000| Untracked 
|  93|0x0000000715200000, 0x0000000715200000, 0x0000000715400000|  0%| F|  |TAMS 0x0000000715200000| PB 0x0000000715200000| Untracked 
|  94|0x0000000715400000, 0x0000000715400000, 0x0000000715600000|  0%| F|  |TAMS 0x0000000715400000| PB 0x0000000715400000| Untracked 
|  95|0x0000000715600000, 0x0000000715600000, 0x0000000715800000|  0%| F|  |TAMS 0x0000000715600000| PB 0x0000000715600000| Untracked 
|  96|0x0000000715800000, 0x0000000715800000, 0x0000000715a00000|  0%| F|  |TAMS 0x0000000715800000| PB 0x0000000715800000| Untracked 
|  97|0x0000000715a00000, 0x0000000715a00000, 0x0000000715c00000|  0%| F|  |TAMS 0x0000000715a00000| PB 0x0000000715a00000| Untracked 
|  98|0x0000000715c00000, 0x0000000715c00000, 0x0000000715e00000|  0%| F|  |TAMS 0x0000000715c00000| PB 0x0000000715c00000| Untracked 
|  99|0x0000000715e00000, 0x0000000715e00000, 0x0000000716000000|  0%| F|  |TAMS 0x0000000715e00000| PB 0x0000000715e00000| Untracked 
| 100|0x0000000716000000, 0x0000000716000000, 0x0000000716200000|  0%| F|  |TAMS 0x0000000716000000| PB 0x0000000716000000| Untracked 
| 101|0x0000000716200000, 0x0000000716200000, 0x0000000716400000|  0%| F|  |TAMS 0x0000000716200000| PB 0x0000000716200000| Untracked 
| 102|0x0000000716400000, 0x0000000716400000, 0x0000000716600000|  0%| F|  |TAMS 0x0000000716400000| PB 0x0000000716400000| Untracked 
| 103|0x0000000716600000, 0x0000000716600000, 0x0000000716800000|  0%| F|  |TAMS 0x0000000716600000| PB 0x0000000716600000| Untracked 
| 104|0x0000000716800000, 0x0000000716800000, 0x0000000716a00000|  0%| F|  |TAMS 0x0000000716800000| PB 0x0000000716800000| Untracked 
| 105|0x0000000716a00000, 0x0000000716a00000, 0x0000000716c00000|  0%| F|  |TAMS 0x0000000716a00000| PB 0x0000000716a00000| Untracked 
| 106|0x0000000716c00000, 0x0000000716c00000, 0x0000000716e00000|  0%| F|  |TAMS 0x0000000716c00000| PB 0x0000000716c00000| Untracked 
| 107|0x0000000716e00000, 0x0000000716e00000, 0x0000000717000000|  0%| F|  |TAMS 0x0000000716e00000| PB 0x0000000716e00000| Untracked 
| 108|0x0000000717000000, 0x0000000717000000, 0x0000000717200000|  0%| F|  |TAMS 0x0000000717000000| PB 0x0000000717000000| Untracked 
| 109|0x0000000717200000, 0x0000000717200000, 0x0000000717400000|  0%| F|  |TAMS 0x0000000717200000| PB 0x0000000717200000| Untracked 
| 110|0x0000000717400000, 0x0000000717400000, 0x0000000717600000|  0%| F|  |TAMS 0x0000000717400000| PB 0x0000000717400000| Untracked 
| 111|0x0000000717600000, 0x0000000717600000, 0x0000000717800000|  0%| F|  |TAMS 0x0000000717600000| PB 0x0000000717600000| Untracked 
| 112|0x0000000717800000, 0x0000000717800000, 0x0000000717a00000|  0%| F|  |TAMS 0x0000000717800000| PB 0x0000000717800000| Untracked 
| 113|0x0000000717a00000, 0x0000000717a00000, 0x0000000717c00000|  0%| F|  |TAMS 0x0000000717a00000| PB 0x0000000717a00000| Untracked 
| 114|0x0000000717c00000, 0x0000000717c00000, 0x0000000717e00000|  0%| F|  |TAMS 0x0000000717c00000| PB 0x0000000717c00000| Untracked 
| 115|0x0000000717e00000, 0x0000000717e00000, 0x0000000718000000|  0%| F|  |TAMS 0x0000000717e00000| PB 0x0000000717e00000| Untracked 
| 116|0x0000000718000000, 0x0000000718000000, 0x0000000718200000|  0%| F|  |TAMS 0x0000000718000000| PB 0x0000000718000000| Untracked 
| 117|0x0000000718200000, 0x0000000718200000, 0x0000000718400000|  0%| F|  |TAMS 0x0000000718200000| PB 0x0000000718200000| Untracked 
| 118|0x0000000718400000, 0x0000000718400000, 0x0000000718600000|  0%| F|  |TAMS 0x0000000718400000| PB 0x0000000718400000| Untracked 
| 119|0x0000000718600000, 0x0000000718600000, 0x0000000718800000|  0%| F|  |TAMS 0x0000000718600000| PB 0x0000000718600000| Untracked 
| 120|0x0000000718800000, 0x0000000718800000, 0x0000000718a00000|  0%| F|  |TAMS 0x0000000718800000| PB 0x0000000718800000| Untracked 
| 121|0x0000000718a00000, 0x0000000718a00000, 0x0000000718c00000|  0%| F|  |TAMS 0x0000000718a00000| PB 0x0000000718a00000| Untracked 
| 122|0x0000000718c00000, 0x0000000718ce14a8, 0x0000000718e00000| 44%| E|  |TAMS 0x0000000718c00000| PB 0x0000000718c00000| Complete 
| 123|0x0000000718e00000, 0x0000000719000000, 0x0000000719000000|100%| E|CS|TAMS 0x0000000718e00000| PB 0x0000000718e00000| Complete 

Card table byte_map: [0x0000025940f70000,0x0000025941730000] _byte_map_base: 0x000002593d724000

Marking Bits: (CMBitMap*) 0x000002592cf66700
 Bits: [0x0000025941730000, 0x00000259454d0000)

Polling page: 0x000002592acb0000

Metaspace:

Usage:
  Non-class:      5.77 MB used.
      Class:    526.30 KB used.
       Both:      6.28 MB used.

Virtual space:
  Non-class space:       64.00 MB reserved,       5.81 MB (  9%) committed,  1 nodes.
      Class space:        1.00 GB reserved,     576.00 KB ( <1%) committed,  1 nodes.
             Both:        1.06 GB reserved,       6.38 MB ( <1%) committed. 

Chunk freelists:
   Non-Class:  9.98 MB
       Class:  15.25 MB
        Both:  25.23 MB

MaxMetaspaceSize: unlimited
CompressedClassSpaceSize: 1.00 GB
Initial GC threshold: 21.00 MB
Current GC threshold: 21.00 MB
CDS: off
 - commit_granule_bytes: 65536.
 - commit_granule_words: 8192.
 - virtual_space_node_default_size: 8388608.
 - enlarge_chunks_in_place: 1.
 - use_allocation_guard: 0.


Internal statistics:

num_allocs_failed_limit: 0.
num_arena_births: 4.
num_arena_deaths: 0.
num_vsnodes_births: 2.
num_vsnodes_deaths: 0.
num_space_committed: 102.
num_space_uncommitted: 0.
num_chunks_returned_to_freelist: 0.
num_chunks_taken_from_freelist: 16.
num_chunk_merges: 0.
num_chunk_splits: 7.
num_chunks_enlarged: 4.
num_inconsistent_stats: 0.

CodeHeap 'non-profiled nmethods': size=119168Kb used=23Kb max_used=23Kb free=119144Kb
 bounds [0x0000025938ad0000, 0x0000025938d40000, 0x000002593ff30000]
CodeHeap 'profiled nmethods': size=119104Kb used=165Kb max_used=165Kb free=118938Kb
 bounds [0x0000025930f30000, 0x00000259311a0000, 0x0000025938380000]
CodeHeap 'non-nmethods': size=7488Kb used=1823Kb max_used=1832Kb free=5664Kb
 bounds [0x0000025938380000, 0x00000259385f0000, 0x0000025938ad0000]
 total_blobs=499 nmethods=118 adapters=285
 compilation: enabled
              stopped_count=0, restarted_count=0
 full_count=0

Compilation events (20 events):
Event: 0.274 Thread 0x00000259486b2f80 nmethod 105 0x0000025930f54b10 code [0x0000025930f54cc0, 0x0000025930f54e30]
Event: 0.274 Thread 0x00000259486b2f80  106       3       java.lang.ProcessEnvironment$NameComparator::compare (13 bytes)
Event: 0.274 Thread 0x00000259486b2f80 nmethod 106 0x0000025930f54f10 code [0x0000025930f550c0, 0x0000025930f553e0]
Event: 0.274 Thread 0x00000259486b2f80  108       1       java.util.HashMap$Node::getKey (5 bytes)
Event: 0.274 Thread 0x00000259486aa4d0  110       4       java.lang.String::isLatin1 (19 bytes)
Event: 0.274 Thread 0x00000259486b2f80 nmethod 108 0x0000025938ad4610 code [0x0000025938ad47a0, 0x0000025938ad4870]
Event: 0.274 Thread 0x00000259486b2f80  109       1       java.util.HashMap$Node::getValue (5 bytes)
Event: 0.274 Thread 0x00000259486b2f80 nmethod 109 0x0000025938ad4910 code [0x0000025938ad4aa0, 0x0000025938ad4b70]
Event: 0.274 Thread 0x00000259486aa4d0 nmethod 110 0x0000025938ad4c10 code [0x0000025938ad4da0, 0x0000025938ad4e30]
Event: 0.275 Thread 0x000002594822da30 nmethod 107 0x0000025930f55490 code [0x0000025930f557a0, 0x0000025930f569d8]
Event: 0.275 Thread 0x00000259486aa4d0  112       4       java.lang.String::hashCode (60 bytes)
Event: 0.277 Thread 0x00000259486aa4d0 nmethod 112 0x0000025938ad4f10 code [0x0000025938ad50e0, 0x0000025938ad5430]
Event: 0.285 Thread 0x000002594822da30  113       3       java.util.HashMap::putVal (300 bytes)
Event: 0.285 Thread 0x00000259486b2f80  114       3       java.lang.CharacterDataLatin1::toLowerCase (44 bytes)
Event: 0.285 Thread 0x00000259486b2f80 nmethod 114 0x0000025930f57210 code [0x0000025930f573c0, 0x0000025930f57628]
Event: 0.285 Thread 0x00000259486b2f80  115       3       java.util.HashMap::put (13 bytes)
Event: 0.286 Thread 0x00000259486b2f80 nmethod 115 0x0000025930f57690 code [0x0000025930f57860, 0x0000025930f57b68]
Event: 0.286 Thread 0x000002594822da30 nmethod 113 0x0000025930f57c90 code [0x0000025930f57f40, 0x0000025930f590f0]
Event: 0.294 Thread 0x00000259486aa4d0  116       4       java.util.concurrent.ConcurrentHashMap::spread (10 bytes)
Event: 0.294 Thread 0x00000259486aa4d0 nmethod 116 0x0000025938ad5c90 code [0x0000025938ad5e00, 0x0000025938ad5e78]

GC Heap History (0 events):
No events

Dll operation events (2 events):
Event: 0.020 Loaded shared library C:\Program Files\JetBrains\WebStorm 2025.2\jbr\bin\java.dll
Event: 0.040 Loaded shared library C:\Program Files\JetBrains\WebStorm 2025.2\jbr\bin\zip.dll

Deoptimization events (0 events):
No events

Classes loaded (20 events):
Event: 0.291 Loading class java/lang/invoke/DirectMethodHandle$Holder done
Event: 0.291 Loading class sun/invoke/util/ValueConversions
Event: 0.292 Loading class sun/invoke/util/ValueConversions done
Event: 0.292 Loading class java/lang/invoke/MethodHandleImpl
Event: 0.292 Loading class java/lang/invoke/MethodHandleImpl done
Event: 0.292 Loading class java/lang/invoke/Invokers
Event: 0.293 Loading class java/lang/invoke/Invokers done
Event: 0.293 Loading class java/lang/invoke/LambdaForm$Kind
Event: 0.293 Loading class java/lang/invoke/LambdaForm$Kind done
Event: 0.294 Loading class java/lang/NoSuchMethodException
Event: 0.294 Loading class java/lang/NoSuchMethodException done
Event: 0.295 Loading class java/lang/invoke/LambdaForm$BasicType
Event: 0.295 Loading class java/lang/invoke/LambdaForm$BasicType done
Event: 0.295 Loading class java/lang/reflect/Array
Event: 0.295 Loading class java/lang/reflect/Array done
Event: 0.295 Loading class java/lang/invoke/LambdaForm$Name
Event: 0.295 Loading class java/lang/invoke/LambdaForm$Name done
Event: 0.295 Loading class java/lang/invoke/LambdaForm$Holder
Event: 0.295 Loading class java/lang/invoke/LambdaForm$Holder done
Event: 0.296 Loading class java/lang/invoke/InvokerBytecodeGenerator

Classes unloaded (0 events):
No events

Classes redefined (0 events):
No events

Internal exceptions (0 events):
No events

ZGC Phase Switch (0 events):
No events

VM Operations (4 events):
Event: 0.269 Executing VM operation: HandshakeAllThreads (Deoptimize)
Event: 0.269 Executing VM operation: HandshakeAllThreads (Deoptimize) done
Event: 0.288 Executing VM operation: HandshakeAllThreads (Deoptimize)
Event: 0.288 Executing VM operation: HandshakeAllThreads (Deoptimize) done

Memory protections (0 events):
No events

Nmethod flushes (0 events):
No events

Events (15 events):
Event: 0.035 Thread 0x000002592a9de8c0 Thread added: 0x000002592a9de8c0
Event: 0.149 Thread 0x000002592a9de8c0 Thread added: 0x000002594863d890
Event: 0.160 Thread 0x000002592a9de8c0 Thread added: 0x000002594863f750
Event: 0.160 Thread 0x000002592a9de8c0 Thread added: 0x0000025948686500
Event: 0.161 Thread 0x000002592a9de8c0 Thread added: 0x0000025948698920
Event: 0.162 Thread 0x000002592a9de8c0 Thread added: 0x0000025948687890
Event: 0.162 Thread 0x000002592a9de8c0 Thread added: 0x000002594868d230
Event: 0.162 Thread 0x000002592a9de8c0 Thread added: 0x000002594868dc90
Event: 0.163 Thread 0x000002592a9de8c0 Thread added: 0x00000259486aa4d0
Event: 0.163 Thread 0x000002592a9de8c0 Thread added: 0x00000259486b2f80
Event: 0.203 Thread 0x00000259486b2f80 Thread added: 0x000002594822da30
Event: 0.214 Thread 0x000002592a9de8c0 Thread added: 0x0000025948881260
Event: 0.237 Loaded shared library C:\Program Files\JetBrains\WebStorm 2025.2\jbr\bin\net.dll
Event: 0.244 Loaded shared library C:\Program Files\JetBrains\WebStorm 2025.2\jbr\bin\nio.dll
Event: 0.259 Loaded shared library C:\Program Files\JetBrains\WebStorm 2025.2\jbr\bin\zip.dll


Dynamic libraries:
0x00007ff6b1940000 - 0x00007ff6b194a000 	C:\Program Files\JetBrains\WebStorm 2025.2\jbr\bin\java.exe
0x00007ffcae1c0000 - 0x00007ffcae423000 	C:\WINDOWS\SYSTEM32\ntdll.dll
0x00007ffcad0a0000 - 0x00007ffcad168000 	C:\WINDOWS\System32\KERNEL32.DLL
0x00007ffcab900000 - 0x00007ffcabcb4000 	C:\WINDOWS\System32\KERNELBASE.dll
0x00007ffca52b0000 - 0x00007ffca534c000 	C:\WINDOWS\SYSTEM32\apphelp.dll
0x00007ffcab6f0000 - 0x00007ffcab83b000 	C:\WINDOWS\System32\ucrtbase.dll
0x00007ffc95ea0000 - 0x00007ffc95ebb000 	C:\Program Files\JetBrains\WebStorm 2025.2\jbr\bin\VCRUNTIME140.dll
0x00007ffc950a0000 - 0x00007ffc950b8000 	C:\Program Files\JetBrains\WebStorm 2025.2\jbr\bin\jli.dll
0x00007ffcac700000 - 0x00007ffcac8c9000 	C:\WINDOWS\System32\USER32.dll
0x00007ffcabe80000 - 0x00007ffcabea7000 	C:\WINDOWS\System32\win32u.dll
0x00007ffc96290000 - 0x00007ffc96520000 	C:\WINDOWS\WinSxS\amd64_microsoft.windows.common-controls_6595b64144ccf1df_6.0.26100.2702_none_3e069454e335fc5e\COMCTL32.dll
0x00007ffcad860000 - 0x00007ffcad88a000 	C:\WINDOWS\System32\GDI32.dll
0x00007ffcabd50000 - 0x00007ffcabe7b000 	C:\WINDOWS\System32\gdi32full.dll
0x00007ffcac000000 - 0x00007ffcac0a9000 	C:\WINDOWS\System32\msvcrt.dll
0x00007ffcabf50000 - 0x00007ffcabff3000 	C:\WINDOWS\System32\msvcp_win.dll
0x00007ffcac8d0000 - 0x00007ffcac8ff000 	C:\WINDOWS\System32\IMM32.DLL
0x00007ffc97220000 - 0x00007ffc9722c000 	C:\Program Files\JetBrains\WebStorm 2025.2\jbr\bin\vcruntime140_1.dll
0x00007ffc7b750000 - 0x00007ffc7b7dd000 	C:\Program Files\JetBrains\WebStorm 2025.2\jbr\bin\msvcp140.dll
0x00007ffb9c400000 - 0x00007ffb9d1c4000 	C:\Program Files\JetBrains\WebStorm 2025.2\jbr\bin\server\jvm.dll
0x00007ffcad7a0000 - 0x00007ffcad853000 	C:\WINDOWS\System32\ADVAPI32.dll
0x00007ffcad590000 - 0x00007ffcad636000 	C:\WINDOWS\System32\sechost.dll
0x00007ffcac3a0000 - 0x00007ffcac4b6000 	C:\WINDOWS\System32\RPCRT4.dll
0x00007ffcac910000 - 0x00007ffcac984000 	C:\WINDOWS\System32\WS2_32.dll
0x00007ffcab400000 - 0x00007ffcab44e000 	C:\WINDOWS\SYSTEM32\POWRPROF.dll
0x00007ffca7630000 - 0x00007ffca7666000 	C:\WINDOWS\SYSTEM32\WINMM.dll
0x00007ffca58f0000 - 0x00007ffca58fb000 	C:\WINDOWS\SYSTEM32\VERSION.dll
0x00007ffcab3e0000 - 0x00007ffcab3f4000 	C:\WINDOWS\SYSTEM32\UMPDC.dll
0x00007ffcaa620000 - 0x00007ffcaa63a000 	C:\WINDOWS\SYSTEM32\kernel.appcore.dll
0x00007ffc95610000 - 0x00007ffc9561a000 	C:\Program Files\JetBrains\WebStorm 2025.2\jbr\bin\jimage.dll
0x00007ffca6ef0000 - 0x00007ffca7131000 	C:\WINDOWS\SYSTEM32\DBGHELP.DLL
0x00007ffcad8a0000 - 0x00007ffcadc1e000 	C:\WINDOWS\System32\combase.dll
0x00007ffcad430000 - 0x00007ffcad506000 	C:\WINDOWS\System32\OLEAUT32.dll
0x00007ffca7540000 - 0x00007ffca7579000 	C:\WINDOWS\SYSTEM32\dbgcore.DLL
0x00007ffcabeb0000 - 0x00007ffcabf49000 	C:\WINDOWS\System32\bcryptPrimitives.dll
0x00007ffc955f0000 - 0x00007ffc95610000 	C:\Program Files\JetBrains\WebStorm 2025.2\jbr\bin\java.dll
0x00007ffc955d0000 - 0x00007ffc955e8000 	C:\Program Files\JetBrains\WebStorm 2025.2\jbr\bin\zip.dll
0x00007ffcac990000 - 0x00007ffcad094000 	C:\WINDOWS\System32\SHELL32.dll
0x00007ffca91e0000 - 0x00007ffca9a17000 	C:\WINDOWS\SYSTEM32\windows.storage.dll
0x00007ffcac2b0000 - 0x00007ffcac399000 	C:\WINDOWS\System32\SHCORE.dll
0x00007ffcac250000 - 0x00007ffcac2ad000 	C:\WINDOWS\System32\shlwapi.dll
0x00007ffcab480000 - 0x00007ffcab4ae000 	C:\WINDOWS\SYSTEM32\profapi.dll
0x00007ffc955c0000 - 0x00007ffc955d0000 	C:\Program Files\JetBrains\WebStorm 2025.2\jbr\bin\net.dll
0x00007ffca54c0000 - 0x00007ffca55e6000 	C:\WINDOWS\SYSTEM32\WINHTTP.dll
0x00007ffcaa850000 - 0x00007ffcaa8b8000 	C:\WINDOWS\system32\mswsock.dll
0x00007ffc95550000 - 0x00007ffc95566000 	C:\Program Files\JetBrains\WebStorm 2025.2\jbr\bin\nio.dll

dbghelp: loaded successfully - version: 4.0.5 - missing functions: none
symbol engine: initialized successfully - sym options: 0x614 - pdb path: .;C:\Program Files\JetBrains\WebStorm 2025.2\jbr\bin;C:\WINDOWS\SYSTEM32;C:\WINDOWS\WinSxS\amd64_microsoft.windows.common-controls_6595b64144ccf1df_6.0.26100.2702_none_3e069454e335fc5e;C:\Program Files\JetBrains\WebStorm 2025.2\jbr\bin\server

VM Arguments:
java_command: git4idea.http.GitAskPassApp Username for 'https://github.com': 
java_class_path (initial): C:/Program Files/JetBrains/WebStorm 2025.2/plugins/vcs-git/lib/git4idea-rt.jar;C:/Program Files/JetBrains/WebStorm 2025.2/lib/externalProcess-rt.jar
Launcher Type: SUN_STANDARD

[Global flags]
     intx CICompilerCount                          = 12                                        {product} {ergonomic}
     uint ConcGCThreads                            = 3                                         {product} {ergonomic}
     uint G1ConcRefinementThreads                  = 13                                        {product} {ergonomic}
   size_t G1HeapRegionSize                         = 2097152                                   {product} {ergonomic}
    uintx GCDrainStackTargetSize                   = 64                                        {product} {ergonomic}
   size_t InitialHeapSize                          = 260046848                                 {product} {ergonomic}
   size_t MarkStackSize                            = 4194304                                   {product} {ergonomic}
   size_t MaxHeapSize                              = 4135583744                                {product} {ergonomic}
   size_t MaxNewSize                               = 2480930816                                {product} {ergonomic}
   size_t MinHeapDeltaBytes                        = 2097152                                   {product} {ergonomic}
   size_t MinHeapSize                              = 8388608                                   {product} {ergonomic}
    uintx NonNMethodCodeHeapSize                   = 7602480                                {pd product} {ergonomic}
    uintx NonProfiledCodeHeapSize                  = 122027880                              {pd product} {ergonomic}
    uintx ProfiledCodeHeapSize                     = 122027880                              {pd product} {ergonomic}
    uintx ReservedCodeCacheSize                    = 251658240                              {pd product} {ergonomic}
     bool SegmentedCodeCache                       = true                                      {product} {ergonomic}
   size_t SoftMaxHeapSize                          = 4135583744                             {manageable} {ergonomic}
     bool UseCompressedOops                        = true                           {product lp64_product} {ergonomic}
     bool UseG1GC                                  = true                                      {product} {ergonomic}
     bool UseLargePagesIndividualAllocation        = false                                  {pd product} {ergonomic}

Logging:
Log output configuration:
 #0: stdout all=warning uptime,level,tags foldmultilines=false
 #1: stderr all=off uptime,level,tags foldmultilines=false

Environment Variables:
JAVA_HOME=C:\Program Files\Eclipse Foundation\jdk-8.0.302.8-hotspot
PATH=C:/Program Files/Git/mingw64/libexec/git-core;C:/Program Files/Git/mingw64/libexec/git-core;C:\Program Files\Git\mingw64\bin;C:\Program Files\Git\usr\bin;C:\Users\ISPROJ\bin;C:\Program Files (x86)\VMware\VMware Player\bin\;C:\Ruby32-x64\bin;C:\Program Files (x86)\Microsoft SDKs\Azure\CLI2\wbin;C:\Program Files\Common Files\Oracle\Java\javapath;C:\Program Files (x86)\Common Files\Oracle\Java\javapath;C:\Program Files\Microsoft\jdk-11.0.16.101-hotspot\bin;C:\WINDOWS\system32;C:\WINDOWS;C:\WINDOWS\System32\Wbem;C:\WINDOWS\System32\WindowsPowerShell\v1.0\;C:\WINDOWS\System32\OpenSSH\;C:\Program Files (x86)\Microsoft SQL Server\160\Tools\Binn\;C:\Program Files\Microsoft SQL Server\160\Tools\Binn\;C:\Program Files\Microsoft SQL Server\Client SDK\ODBC\170\Tools\Binn\;C:\Program Files\Microsoft SQL Server\160\DTS\Binn\;C:\Program Files (x86)\Microsoft SQL Server\160\DTS\Binn\;C:\Program Files\Azure Data Studio\bin;C:\Program Files\Microsoft SQL Server\150\Tools\Binn\;C:\Program Files\dotnet\;C:\Program Files\Microsoft SQL Server\130\Tools\Binn\;C:\Program Files\nodejs;C:\Program Files\Microsoft VS Code\bin;C:\Users\Bytex\Documents\flutter_windows_3.13.9-stable\flutter\bin;C:\ProgramData\chocolatey\bin;C:\Program Files\SDelete;C:\gradle-8.1.1-all\gradle-8.1.1\bin;C:\Users\AlphaChain\AppData\Roaming\npm;C:\Users\puyan\AppData\Local\Packages\PythonSoftwareFoundation.Python.3.11_qbz5n2kfra8p0\LocalCache\local-packages\Python311\Scripts;C:\Users\puyan\OneDrive\Documents\flutter\bin;C:\xampp\php;C:\Program Files\nodejs\;C:\Users\Bytex\.cargo\bin;C:\Users\Bytex\Downloads\aircrack-ng-1.7-win\aircrack-ng-1.7-win\bin;C:\Users\Bytex\.avm\bin;C:\Users\Bytex\AppData\Local\Pub\Cache\bin;C:\Users\Bytex\AppData\Roaming\npm;C:\xmpp\php;C:\Program Files\CMake\bin;C:\flutter\bin;C:\Users\Devcrafts\AppData\Roaming\npm;C:\Users\Devcrafts\AppData\Local\Pub\Cache\bin;C:\Program Files (x86)\Incredibuild;C:\Users\AlphaChain\AppData\Local\Programs\Python\Python312\Scripts;C:\kotlinc\bin;C:\ProgramData\ComposerSetup\bin;C:\Program Files\Go\bin;C:\Program Files\Git\cmd;C:\Users\ISPROJ\.config\herd\bin;C:\Users\ISPROJ\AppData\Local\Programs\Python\Python313\Scripts\;C:\Users\ISPROJ\AppData\Local\Programs\Python\Python313\;C:\Program Files\MySQL\MySQL Shell 8.0\bin\;C:\Users\ISPROJ\.config\herd-lite\bin;C:\Users\ISPROJ\AppData\Local\pnpm;C:\Users\ISPROJ\Documents\flutter\bin;C:\Users\ISPROJ\AppData\Local\Microsoft\WindowsApps;C:\Users\ISPROJ\.dotnet\tools;C:\Users\ISPROJ\AppData\Roaming\Composer\vendor\bin;C:\Users\ISPROJ\AppData\Roaming\Composer\vendor\bin;C:\Program Files\JetBrains\WebStorm 2025.2\bin;C:\Users\ISPROJ\go\bin;C:\Users\ISPROJ\AppData\Roaming\npm\node_modules\serverless;C:\Users\ISPROJ\AppData\Roaming\npm;C:\ffmpeg-7.1.1-essentials_build\ffmpeg-7.1.1-essentials_build\bin
USERNAME=ISPROJ
DISPLAY=:0.0
LC_ALL=en_US.UTF-8
TERM=xterm-256color
TMPDIR=C:\Users\ISPROJ\AppData\Local\Temp
OS=Windows_NT
PROCESSOR_IDENTIFIER=AMD64 Family 25 Model 80 Stepping 0, AuthenticAMD
TMP=C:\Users\ISPROJ\AppData\Local\Temp
TEMP=C:\Users\ISPROJ\AppData\Local\Temp




Periodic native trim disabled

JNI global refs:
JNI global refs: 16, weak refs: 0

JNI global refs memory usage: 835, weak refs: 201

Process memory usage:
Resident Set Size: 39568K (0% of 16153752K total physical memory with 1971756K free physical memory)

OOME stack traces (most recent first):
Classloader memory used:
Loader bootstrap                                                                       : 6409K
Loader jdk.internal.loader.ClassLoaders$AppClassLoader                                 : 25616B

---------------  S Y S T E M  ---------------

OS:
 Windows 11 , 64 bit Build 26100 (10.0.26100.2702)
OS uptime: 0 days 9:17 hours
Hyper-V role detected

CPU: total 16 (initial active 16) (16 cores per cpu, 2 threads per core) family 25 model 80 stepping 0 microcode 0xa50000c, cx8, cmov, fxsr, ht, mmx, 3dnowpref, sse, sse2, sse3, ssse3, sse4a, sse4.1, sse4.2, popcnt, lzcnt, tsc, tscinvbit, avx, avx2, aes, erms, clmul, bmi1, bmi2, adx, sha, fma, vzeroupper, clflush, clflushopt, hv, rdtscp, rdpid, fsrm, f16c, cet_ss
Processor Information for the first 16 processors :
  Max Mhz: 3301, Current Mhz: 2003, Mhz Limit: 3301

Memory: 4k page, system-wide physical 15775M (1925M free)
TotalPageFile size 36787M (AvailPageFile size 2M)
current process WorkingSet (physical memory assigned to process): 38M, peak: 38M
current process commit charge ("private bytes"): 337M, peak: 338M

vm_info: OpenJDK 64-Bit Server VM (21.0.7+6-b1038.58) for windows-amd64 JRE (21.0.7+6-b1038.58), built on 2025-07-07 by "builduser" with MS VC++ 16.10 / 16.11 (VS2019)

END.
