#
# There is insufficient memory for the Java Runtime Environment to continue.
# Native memory allocation (malloc) failed to allocate 1228976 bytes. Error detail: Chunk::new
# Possible reasons:
#   The system is out of physical RAM or swap space
#   This process is running with CompressedOops enabled, and the Java Heap may be blocking the growth of the native heap
# Possible solutions:
#   Reduce memory load on the system
#   Increase physical memory or swap space
#   Check if swap backing store is full
#   Decrease Java heap size (-Xmx/-Xms)
#   Decrease number of Java threads
#   Decrease Java thread stack sizes (-Xss)
#   Set larger code cache with -XX:ReservedCodeCacheSize=
#   JVM is running with Zero Based Compressed Oops mode in which the Java heap is
#     placed in the first 32GB address space. The Java Heap base address is the
#     maximum limit for the native heap growth. Please use -XX:HeapBaseMinAddress
#     to set the Java Heap base and to place the Java Heap above 32GB virtual address.
# This output file may be truncated or incomplete.
#
#  Out of Memory Error (arena.cpp:168), pid=24992, tid=9148
#
# JRE version: OpenJDK Runtime Environment JBR-21.0.7+6-1038.58-jcef (21.0.7+6) (build 21.0.7+6-b1038.58)
# Java VM: OpenJDK 64-Bit Server VM JBR-21.0.7+6-1038.58-jcef (21.0.7+6-b1038.58, mixed mode, tiered, compressed oops, compressed class ptrs, g1 gc, windows-amd64)
# No core dump will be written. Minidumps are not enabled by default on client versions of Windows
#

---------------  S U M M A R Y ------------

Command Line: git4idea.http.GitAskPassApp Username for 'https://github.com': 

Host: AMD Ryzen 9 5900HS with Radeon Graphics        , 16 cores, 15G,  Windows 11 , 64 bit Build 26100 (10.0.26100.2702)
Time: Tue Nov 11 12:23:51 2025 Malay Peninsula Standard Time elapsed time: 1.366307 seconds (0d 0h 0m 1s)

---------------  T H R E A D  ---------------

Current thread (0x000001d211372fb0):  JavaThread "C2 CompilerThread1" daemon [_thread_in_native, id=9148, stack(0x000000a97af00000,0x000000a97b000000) (1024K)]


Current CompileTask:
C2:1366 1177       4       sun.security.ec.ECOperations::setDouble (463 bytes)

Stack: [0x000000a97af00000,0x000000a97b000000]
Native frames: (J=compiled Java code, j=interpreted, Vv=VM code, C=native code)
V  [jvm.dll+0x6e7c19]
V  [jvm.dll+0x8c5f53]
V  [jvm.dll+0x8c84ae]
V  [jvm.dll+0x8c8b93]
V  [jvm.dll+0x2899e6]
V  [jvm.dll+0xc679d]
V  [jvm.dll+0xc6cd3]
V  [jvm.dll+0x3c5231]
V  [jvm.dll+0x390e17]
V  [jvm.dll+0x39028a]
V  [jvm.dll+0x2509b2]
V  [jvm.dll+0x24ff81]
V  [jvm.dll+0x1cd774]
V  [jvm.dll+0x25f80c]
V  [jvm.dll+0x25dd56]
V  [jvm.dll+0x4005d6]
V  [jvm.dll+0x86dab8]
V  [jvm.dll+0x6e639d]
C  [ucrtbase.dll+0x14ea0]
C  [KERNEL32.DLL+0x2e8d7]
C  [ntdll.dll+0xdf36c]


---------------  P R O C E S S  ---------------

Threads class SMR info:
_java_thread_list=0x000001d2118123d0, length=18, elements={
0x000001d275581630, 0x000001d2111bbfe0, 0x000001d2111db610, 0x000001d211203970,
0x000001d2112157e0, 0x000001d2112048f0, 0x000001d211205350, 0x000001d211206dc0,
0x000001d211209b60, 0x000001d211237210, 0x000001d211373680, 0x000001d2113e0850,
0x000001d2118e19e0, 0x000001d211ad0990, 0x000001d211aceea0, 0x000001d211372fb0,
0x000001d211373d50, 0x000001d211374420
}

Java Threads: ( => current thread )
  0x000001d275581630 JavaThread "main"                              [_thread_blocked, id=34732, stack(0x000000a979800000,0x000000a979900000) (1024K)]
  0x000001d2111bbfe0 JavaThread "Common-Cleaner"             daemon [_thread_blocked, id=34508, stack(0x000000a97a000000,0x000000a97a100000) (1024K)]
  0x000001d2111db610 JavaThread "Reference Handler"          daemon [_thread_blocked, id=5324, stack(0x000000a97a100000,0x000000a97a200000) (1024K)]
  0x000001d211203970 JavaThread "Finalizer"                  daemon [_thread_blocked, id=18416, stack(0x000000a97a200000,0x000000a97a300000) (1024K)]
  0x000001d2112157e0 JavaThread "Signal Dispatcher"          daemon [_thread_blocked, id=34144, stack(0x000000a97a300000,0x000000a97a400000) (1024K)]
  0x000001d2112048f0 JavaThread "Attach Listener"            daemon [_thread_blocked, id=5532, stack(0x000000a97a400000,0x000000a97a500000) (1024K)]
  0x000001d211205350 JavaThread "Service Thread"             daemon [_thread_blocked, id=19976, stack(0x000000a97a500000,0x000000a97a600000) (1024K)]
  0x000001d211206dc0 JavaThread "Monitor Deflation Thread"   daemon [_thread_blocked, id=23180, stack(0x000000a97a600000,0x000000a97a700000) (1024K)]
  0x000001d211209b60 JavaThread "C2 CompilerThread0"         daemon [_thread_blocked, id=6952, stack(0x000000a97a700000,0x000000a97a800000) (1024K)]
  0x000001d211237210 JavaThread "C1 CompilerThread0"         daemon [_thread_blocked, id=4300, stack(0x000000a97a800000,0x000000a97a900000) (1024K)]
  0x000001d211373680 JavaThread "C1 CompilerThread1"         daemon [_thread_blocked, id=15416, stack(0x000000a97a900000,0x000000a97aa00000) (1024K)]
  0x000001d2113e0850 JavaThread "Notification Thread"        daemon [_thread_blocked, id=34624, stack(0x000000a97aa00000,0x000000a97ab00000) (1024K)]
  0x000001d2118e19e0 JavaThread "HttpClient-1-SelectorManager" daemon [_thread_in_native, id=9900, stack(0x000000a97ab00000,0x000000a97ac00000) (1024K)]
  0x000001d211ad0990 JavaThread "HttpClient-1-Worker-0"      daemon [_thread_blocked, id=30276, stack(0x000000a97ad00000,0x000000a97ae00000) (1024K)]
  0x000001d211aceea0 JavaThread "HttpClient-1-Worker-1"      daemon [_thread_blocked, id=2000, stack(0x000000a97ae00000,0x000000a97af00000) (1024K)]
=>0x000001d211372fb0 JavaThread "C2 CompilerThread1"         daemon [_thread_in_native, id=9148, stack(0x000000a97af00000,0x000000a97b000000) (1024K)]
  0x000001d211373d50 JavaThread "C2 CompilerThread2"         daemon [_thread_blocked, id=17996, stack(0x000000a97b000000,0x000000a97b100000) (1024K)]
  0x000001d211374420 JavaThread "C2 CompilerThread3"         daemon [_thread_blocked, id=9452, stack(0x000000a97b100000,0x000000a97b200000) (1024K)]
Total: 18

Other Threads:
  0x000001d2111422e0 VMThread "VM Thread"                           [id=26068, stack(0x000000a979f00000,0x000000a97a000000) (1024K)]
  0x000001d27ef48900 WatcherThread "VM Periodic Task Thread"        [id=12544, stack(0x000000a979e00000,0x000000a979f00000) (1024K)]
  0x000001d2755e4d30 WorkerThread "GC Thread#0"                     [id=31188, stack(0x000000a979900000,0x000000a979a00000) (1024K)]
  0x000001d2755f7120 ConcurrentGCThread "G1 Main Marker"            [id=15036, stack(0x000000a979a00000,0x000000a979b00000) (1024K)]
  0x000001d2755fa150 WorkerThread "G1 Conc#0"                       [id=8756, stack(0x000000a979b00000,0x000000a979c00000) (1024K)]
  0x000001d27562e260 ConcurrentGCThread "G1 Refine#0"               [id=31552, stack(0x000000a979c00000,0x000000a979d00000) (1024K)]
  0x000001d27562eb70 ConcurrentGCThread "G1 Service"                [id=32024, stack(0x000000a979d00000,0x000000a979e00000) (1024K)]
Total: 7

Threads with active compile tasks:
C2 CompilerThread1  1426 1177       4       sun.security.ec.ECOperations::setDouble (463 bytes)
Total: 1

VM state: not at safepoint (normal execution)

VM Mutex/Monitor currently owned by a thread: None

Heap address: 0x0000000709800000, size: 3944 MB, Compressed Oops mode: Zero based, Oop shift amount: 3

CDS archive(s) not mapped
Compressed class space mapped at: 0x0000000800000000-0x0000000840000000, reserved size: 1073741824
Narrow klass base: 0x0000000800000000, Narrow klass shift: 0, Narrow klass range: 0x40000000

GC Precious Log:
 CardTable entry size: 512
 Card Set container configuration: InlinePtr #cards 4 size 8 Array Of Cards #cards 16 size 48 Howl #buckets 8 coarsen threshold 3686 Howl Bitmap #cards 512 size 80 coarsen threshold 460 Card regions per heap region 1 cards per card region 4096
 CPUs: 16 total, 16 available
 Memory: 15775M
 Large Page Support: Disabled
 NUMA Support: Disabled
 Compressed Oops: Enabled (Zero based)
 Heap Region Size: 2M
 Heap Min Capacity: 8M
 Heap Initial Capacity: 248M
 Heap Max Capacity: 3944M
 Pre-touch: Disabled
 Parallel Workers: 13
 Concurrent Workers: 3
 Concurrent Refinement Workers: 13
 Periodic GC: Disabled

Heap:
 garbage-first heap   total 253952K, used 16384K [0x0000000709800000, 0x0000000800000000)
  region size 2048K, 9 young (18432K), 0 survivors (0K)
 Metaspace       used 18337K, committed 18560K, reserved 1114112K
  class space    used 1831K, committed 1920K, reserved 1048576K

Heap Regions: E=young(eden), S=young(survivor), O=old, HS=humongous(starts), HC=humongous(continues), CS=collection set, F=free, TAMS=top-at-mark-start, PB=parsable bottom
|   0|0x0000000709800000, 0x0000000709800000, 0x0000000709a00000|  0%| F|  |TAMS 0x0000000709800000| PB 0x0000000709800000| Untracked 
|   1|0x0000000709a00000, 0x0000000709a00000, 0x0000000709c00000|  0%| F|  |TAMS 0x0000000709a00000| PB 0x0000000709a00000| Untracked 
|   2|0x0000000709c00000, 0x0000000709c00000, 0x0000000709e00000|  0%| F|  |TAMS 0x0000000709c00000| PB 0x0000000709c00000| Untracked 
|   3|0x0000000709e00000, 0x0000000709e00000, 0x000000070a000000|  0%| F|  |TAMS 0x0000000709e00000| PB 0x0000000709e00000| Untracked 
|   4|0x000000070a000000, 0x000000070a000000, 0x000000070a200000|  0%| F|  |TAMS 0x000000070a000000| PB 0x000000070a000000| Untracked 
|   5|0x000000070a200000, 0x000000070a200000, 0x000000070a400000|  0%| F|  |TAMS 0x000000070a200000| PB 0x000000070a200000| Untracked 
|   6|0x000000070a400000, 0x000000070a400000, 0x000000070a600000|  0%| F|  |TAMS 0x000000070a400000| PB 0x000000070a400000| Untracked 
|   7|0x000000070a600000, 0x000000070a600000, 0x000000070a800000|  0%| F|  |TAMS 0x000000070a600000| PB 0x000000070a600000| Untracked 
|   8|0x000000070a800000, 0x000000070a800000, 0x000000070aa00000|  0%| F|  |TAMS 0x000000070a800000| PB 0x000000070a800000| Untracked 
|   9|0x000000070aa00000, 0x000000070aa00000, 0x000000070ac00000|  0%| F|  |TAMS 0x000000070aa00000| PB 0x000000070aa00000| Untracked 
|  10|0x000000070ac00000, 0x000000070ac00000, 0x000000070ae00000|  0%| F|  |TAMS 0x000000070ac00000| PB 0x000000070ac00000| Untracked 
|  11|0x000000070ae00000, 0x000000070ae00000, 0x000000070b000000|  0%| F|  |TAMS 0x000000070ae00000| PB 0x000000070ae00000| Untracked 
|  12|0x000000070b000000, 0x000000070b000000, 0x000000070b200000|  0%| F|  |TAMS 0x000000070b000000| PB 0x000000070b000000| Untracked 
|  13|0x000000070b200000, 0x000000070b200000, 0x000000070b400000|  0%| F|  |TAMS 0x000000070b200000| PB 0x000000070b200000| Untracked 
|  14|0x000000070b400000, 0x000000070b400000, 0x000000070b600000|  0%| F|  |TAMS 0x000000070b400000| PB 0x000000070b400000| Untracked 
|  15|0x000000070b600000, 0x000000070b600000, 0x000000070b800000|  0%| F|  |TAMS 0x000000070b600000| PB 0x000000070b600000| Untracked 
|  16|0x000000070b800000, 0x000000070b800000, 0x000000070ba00000|  0%| F|  |TAMS 0x000000070b800000| PB 0x000000070b800000| Untracked 
|  17|0x000000070ba00000, 0x000000070ba00000, 0x000000070bc00000|  0%| F|  |TAMS 0x000000070ba00000| PB 0x000000070ba00000| Untracked 
|  18|0x000000070bc00000, 0x000000070bc00000, 0x000000070be00000|  0%| F|  |TAMS 0x000000070bc00000| PB 0x000000070bc00000| Untracked 
|  19|0x000000070be00000, 0x000000070be00000, 0x000000070c000000|  0%| F|  |TAMS 0x000000070be00000| PB 0x000000070be00000| Untracked 
|  20|0x000000070c000000, 0x000000070c000000, 0x000000070c200000|  0%| F|  |TAMS 0x000000070c000000| PB 0x000000070c000000| Untracked 
|  21|0x000000070c200000, 0x000000070c200000, 0x000000070c400000|  0%| F|  |TAMS 0x000000070c200000| PB 0x000000070c200000| Untracked 
|  22|0x000000070c400000, 0x000000070c400000, 0x000000070c600000|  0%| F|  |TAMS 0x000000070c400000| PB 0x000000070c400000| Untracked 
|  23|0x000000070c600000, 0x000000070c600000, 0x000000070c800000|  0%| F|  |TAMS 0x000000070c600000| PB 0x000000070c600000| Untracked 
|  24|0x000000070c800000, 0x000000070c800000, 0x000000070ca00000|  0%| F|  |TAMS 0x000000070c800000| PB 0x000000070c800000| Untracked 
|  25|0x000000070ca00000, 0x000000070ca00000, 0x000000070cc00000|  0%| F|  |TAMS 0x000000070ca00000| PB 0x000000070ca00000| Untracked 
|  26|0x000000070cc00000, 0x000000070cc00000, 0x000000070ce00000|  0%| F|  |TAMS 0x000000070cc00000| PB 0x000000070cc00000| Untracked 
|  27|0x000000070ce00000, 0x000000070ce00000, 0x000000070d000000|  0%| F|  |TAMS 0x000000070ce00000| PB 0x000000070ce00000| Untracked 
|  28|0x000000070d000000, 0x000000070d000000, 0x000000070d200000|  0%| F|  |TAMS 0x000000070d000000| PB 0x000000070d000000| Untracked 
|  29|0x000000070d200000, 0x000000070d200000, 0x000000070d400000|  0%| F|  |TAMS 0x000000070d200000| PB 0x000000070d200000| Untracked 
|  30|0x000000070d400000, 0x000000070d400000, 0x000000070d600000|  0%| F|  |TAMS 0x000000070d400000| PB 0x000000070d400000| Untracked 
|  31|0x000000070d600000, 0x000000070d600000, 0x000000070d800000|  0%| F|  |TAMS 0x000000070d600000| PB 0x000000070d600000| Untracked 
|  32|0x000000070d800000, 0x000000070d800000, 0x000000070da00000|  0%| F|  |TAMS 0x000000070d800000| PB 0x000000070d800000| Untracked 
|  33|0x000000070da00000, 0x000000070da00000, 0x000000070dc00000|  0%| F|  |TAMS 0x000000070da00000| PB 0x000000070da00000| Untracked 
|  34|0x000000070dc00000, 0x000000070dc00000, 0x000000070de00000|  0%| F|  |TAMS 0x000000070dc00000| PB 0x000000070dc00000| Untracked 
|  35|0x000000070de00000, 0x000000070de00000, 0x000000070e000000|  0%| F|  |TAMS 0x000000070de00000| PB 0x000000070de00000| Untracked 
|  36|0x000000070e000000, 0x000000070e000000, 0x000000070e200000|  0%| F|  |TAMS 0x000000070e000000| PB 0x000000070e000000| Untracked 
|  37|0x000000070e200000, 0x000000070e200000, 0x000000070e400000|  0%| F|  |TAMS 0x000000070e200000| PB 0x000000070e200000| Untracked 
|  38|0x000000070e400000, 0x000000070e400000, 0x000000070e600000|  0%| F|  |TAMS 0x000000070e400000| PB 0x000000070e400000| Untracked 
|  39|0x000000070e600000, 0x000000070e600000, 0x000000070e800000|  0%| F|  |TAMS 0x000000070e600000| PB 0x000000070e600000| Untracked 
|  40|0x000000070e800000, 0x000000070e800000, 0x000000070ea00000|  0%| F|  |TAMS 0x000000070e800000| PB 0x000000070e800000| Untracked 
|  41|0x000000070ea00000, 0x000000070ea00000, 0x000000070ec00000|  0%| F|  |TAMS 0x000000070ea00000| PB 0x000000070ea00000| Untracked 
|  42|0x000000070ec00000, 0x000000070ec00000, 0x000000070ee00000|  0%| F|  |TAMS 0x000000070ec00000| PB 0x000000070ec00000| Untracked 
|  43|0x000000070ee00000, 0x000000070ee00000, 0x000000070f000000|  0%| F|  |TAMS 0x000000070ee00000| PB 0x000000070ee00000| Untracked 
|  44|0x000000070f000000, 0x000000070f000000, 0x000000070f200000|  0%| F|  |TAMS 0x000000070f000000| PB 0x000000070f000000| Untracked 
|  45|0x000000070f200000, 0x000000070f200000, 0x000000070f400000|  0%| F|  |TAMS 0x000000070f200000| PB 0x000000070f200000| Untracked 
|  46|0x000000070f400000, 0x000000070f400000, 0x000000070f600000|  0%| F|  |TAMS 0x000000070f400000| PB 0x000000070f400000| Untracked 
|  47|0x000000070f600000, 0x000000070f600000, 0x000000070f800000|  0%| F|  |TAMS 0x000000070f600000| PB 0x000000070f600000| Untracked 
|  48|0x000000070f800000, 0x000000070f800000, 0x000000070fa00000|  0%| F|  |TAMS 0x000000070f800000| PB 0x000000070f800000| Untracked 
|  49|0x000000070fa00000, 0x000000070fa00000, 0x000000070fc00000|  0%| F|  |TAMS 0x000000070fa00000| PB 0x000000070fa00000| Untracked 
|  50|0x000000070fc00000, 0x000000070fc00000, 0x000000070fe00000|  0%| F|  |TAMS 0x000000070fc00000| PB 0x000000070fc00000| Untracked 
|  51|0x000000070fe00000, 0x000000070fe00000, 0x0000000710000000|  0%| F|  |TAMS 0x000000070fe00000| PB 0x000000070fe00000| Untracked 
|  52|0x0000000710000000, 0x0000000710000000, 0x0000000710200000|  0%| F|  |TAMS 0x0000000710000000| PB 0x0000000710000000| Untracked 
|  53|0x0000000710200000, 0x0000000710200000, 0x0000000710400000|  0%| F|  |TAMS 0x0000000710200000| PB 0x0000000710200000| Untracked 
|  54|0x0000000710400000, 0x0000000710400000, 0x0000000710600000|  0%| F|  |TAMS 0x0000000710400000| PB 0x0000000710400000| Untracked 
|  55|0x0000000710600000, 0x0000000710600000, 0x0000000710800000|  0%| F|  |TAMS 0x0000000710600000| PB 0x0000000710600000| Untracked 
|  56|0x0000000710800000, 0x0000000710800000, 0x0000000710a00000|  0%| F|  |TAMS 0x0000000710800000| PB 0x0000000710800000| Untracked 
|  57|0x0000000710a00000, 0x0000000710a00000, 0x0000000710c00000|  0%| F|  |TAMS 0x0000000710a00000| PB 0x0000000710a00000| Untracked 
|  58|0x0000000710c00000, 0x0000000710c00000, 0x0000000710e00000|  0%| F|  |TAMS 0x0000000710c00000| PB 0x0000000710c00000| Untracked 
|  59|0x0000000710e00000, 0x0000000710e00000, 0x0000000711000000|  0%| F|  |TAMS 0x0000000710e00000| PB 0x0000000710e00000| Untracked 
|  60|0x0000000711000000, 0x0000000711000000, 0x0000000711200000|  0%| F|  |TAMS 0x0000000711000000| PB 0x0000000711000000| Untracked 
|  61|0x0000000711200000, 0x0000000711200000, 0x0000000711400000|  0%| F|  |TAMS 0x0000000711200000| PB 0x0000000711200000| Untracked 
|  62|0x0000000711400000, 0x0000000711400000, 0x0000000711600000|  0%| F|  |TAMS 0x0000000711400000| PB 0x0000000711400000| Untracked 
|  63|0x0000000711600000, 0x0000000711600000, 0x0000000711800000|  0%| F|  |TAMS 0x0000000711600000| PB 0x0000000711600000| Untracked 
|  64|0x0000000711800000, 0x0000000711800000, 0x0000000711a00000|  0%| F|  |TAMS 0x0000000711800000| PB 0x0000000711800000| Untracked 
|  65|0x0000000711a00000, 0x0000000711a00000, 0x0000000711c00000|  0%| F|  |TAMS 0x0000000711a00000| PB 0x0000000711a00000| Untracked 
|  66|0x0000000711c00000, 0x0000000711c00000, 0x0000000711e00000|  0%| F|  |TAMS 0x0000000711c00000| PB 0x0000000711c00000| Untracked 
|  67|0x0000000711e00000, 0x0000000711e00000, 0x0000000712000000|  0%| F|  |TAMS 0x0000000711e00000| PB 0x0000000711e00000| Untracked 
|  68|0x0000000712000000, 0x0000000712000000, 0x0000000712200000|  0%| F|  |TAMS 0x0000000712000000| PB 0x0000000712000000| Untracked 
|  69|0x0000000712200000, 0x0000000712200000, 0x0000000712400000|  0%| F|  |TAMS 0x0000000712200000| PB 0x0000000712200000| Untracked 
|  70|0x0000000712400000, 0x0000000712400000, 0x0000000712600000|  0%| F|  |TAMS 0x0000000712400000| PB 0x0000000712400000| Untracked 
|  71|0x0000000712600000, 0x0000000712600000, 0x0000000712800000|  0%| F|  |TAMS 0x0000000712600000| PB 0x0000000712600000| Untracked 
|  72|0x0000000712800000, 0x0000000712800000, 0x0000000712a00000|  0%| F|  |TAMS 0x0000000712800000| PB 0x0000000712800000| Untracked 
|  73|0x0000000712a00000, 0x0000000712a00000, 0x0000000712c00000|  0%| F|  |TAMS 0x0000000712a00000| PB 0x0000000712a00000| Untracked 
|  74|0x0000000712c00000, 0x0000000712c00000, 0x0000000712e00000|  0%| F|  |TAMS 0x0000000712c00000| PB 0x0000000712c00000| Untracked 
|  75|0x0000000712e00000, 0x0000000712e00000, 0x0000000713000000|  0%| F|  |TAMS 0x0000000712e00000| PB 0x0000000712e00000| Untracked 
|  76|0x0000000713000000, 0x0000000713000000, 0x0000000713200000|  0%| F|  |TAMS 0x0000000713000000| PB 0x0000000713000000| Untracked 
|  77|0x0000000713200000, 0x0000000713200000, 0x0000000713400000|  0%| F|  |TAMS 0x0000000713200000| PB 0x0000000713200000| Untracked 
|  78|0x0000000713400000, 0x0000000713400000, 0x0000000713600000|  0%| F|  |TAMS 0x0000000713400000| PB 0x0000000713400000| Untracked 
|  79|0x0000000713600000, 0x0000000713600000, 0x0000000713800000|  0%| F|  |TAMS 0x0000000713600000| PB 0x0000000713600000| Untracked 
|  80|0x0000000713800000, 0x0000000713800000, 0x0000000713a00000|  0%| F|  |TAMS 0x0000000713800000| PB 0x0000000713800000| Untracked 
|  81|0x0000000713a00000, 0x0000000713a00000, 0x0000000713c00000|  0%| F|  |TAMS 0x0000000713a00000| PB 0x0000000713a00000| Untracked 
|  82|0x0000000713c00000, 0x0000000713c00000, 0x0000000713e00000|  0%| F|  |TAMS 0x0000000713c00000| PB 0x0000000713c00000| Untracked 
|  83|0x0000000713e00000, 0x0000000713e00000, 0x0000000714000000|  0%| F|  |TAMS 0x0000000713e00000| PB 0x0000000713e00000| Untracked 
|  84|0x0000000714000000, 0x0000000714000000, 0x0000000714200000|  0%| F|  |TAMS 0x0000000714000000| PB 0x0000000714000000| Untracked 
|  85|0x0000000714200000, 0x0000000714200000, 0x0000000714400000|  0%| F|  |TAMS 0x0000000714200000| PB 0x0000000714200000| Untracked 
|  86|0x0000000714400000, 0x0000000714400000, 0x0000000714600000|  0%| F|  |TAMS 0x0000000714400000| PB 0x0000000714400000| Untracked 
|  87|0x0000000714600000, 0x0000000714600000, 0x0000000714800000|  0%| F|  |TAMS 0x0000000714600000| PB 0x0000000714600000| Untracked 
|  88|0x0000000714800000, 0x0000000714800000, 0x0000000714a00000|  0%| F|  |TAMS 0x0000000714800000| PB 0x0000000714800000| Untracked 
|  89|0x0000000714a00000, 0x0000000714a00000, 0x0000000714c00000|  0%| F|  |TAMS 0x0000000714a00000| PB 0x0000000714a00000| Untracked 
|  90|0x0000000714c00000, 0x0000000714c00000, 0x0000000714e00000|  0%| F|  |TAMS 0x0000000714c00000| PB 0x0000000714c00000| Untracked 
|  91|0x0000000714e00000, 0x0000000714e00000, 0x0000000715000000|  0%| F|  |TAMS 0x0000000714e00000| PB 0x0000000714e00000| Untracked 
|  92|0x0000000715000000, 0x0000000715000000, 0x0000000715200000|  0%| F|  |TAMS 0x0000000715000000| PB 0x0000000715000000| Untracked 
|  93|0x0000000715200000, 0x0000000715200000, 0x0000000715400000|  0%| F|  |TAMS 0x0000000715200000| PB 0x0000000715200000| Untracked 
|  94|0x0000000715400000, 0x0000000715400000, 0x0000000715600000|  0%| F|  |TAMS 0x0000000715400000| PB 0x0000000715400000| Untracked 
|  95|0x0000000715600000, 0x0000000715600000, 0x0000000715800000|  0%| F|  |TAMS 0x0000000715600000| PB 0x0000000715600000| Untracked 
|  96|0x0000000715800000, 0x0000000715800000, 0x0000000715a00000|  0%| F|  |TAMS 0x0000000715800000| PB 0x0000000715800000| Untracked 
|  97|0x0000000715a00000, 0x0000000715a00000, 0x0000000715c00000|  0%| F|  |TAMS 0x0000000715a00000| PB 0x0000000715a00000| Untracked 
|  98|0x0000000715c00000, 0x0000000715c00000, 0x0000000715e00000|  0%| F|  |TAMS 0x0000000715c00000| PB 0x0000000715c00000| Untracked 
|  99|0x0000000715e00000, 0x0000000715e00000, 0x0000000716000000|  0%| F|  |TAMS 0x0000000715e00000| PB 0x0000000715e00000| Untracked 
| 100|0x0000000716000000, 0x0000000716000000, 0x0000000716200000|  0%| F|  |TAMS 0x0000000716000000| PB 0x0000000716000000| Untracked 
| 101|0x0000000716200000, 0x0000000716200000, 0x0000000716400000|  0%| F|  |TAMS 0x0000000716200000| PB 0x0000000716200000| Untracked 
| 102|0x0000000716400000, 0x0000000716400000, 0x0000000716600000|  0%| F|  |TAMS 0x0000000716400000| PB 0x0000000716400000| Untracked 
| 103|0x0000000716600000, 0x0000000716600000, 0x0000000716800000|  0%| F|  |TAMS 0x0000000716600000| PB 0x0000000716600000| Untracked 
| 104|0x0000000716800000, 0x0000000716800000, 0x0000000716a00000|  0%| F|  |TAMS 0x0000000716800000| PB 0x0000000716800000| Untracked 
| 105|0x0000000716a00000, 0x0000000716a00000, 0x0000000716c00000|  0%| F|  |TAMS 0x0000000716a00000| PB 0x0000000716a00000| Untracked 
| 106|0x0000000716c00000, 0x0000000716c00000, 0x0000000716e00000|  0%| F|  |TAMS 0x0000000716c00000| PB 0x0000000716c00000| Untracked 
| 107|0x0000000716e00000, 0x0000000716e00000, 0x0000000717000000|  0%| F|  |TAMS 0x0000000716e00000| PB 0x0000000716e00000| Untracked 
| 108|0x0000000717000000, 0x0000000717000000, 0x0000000717200000|  0%| F|  |TAMS 0x0000000717000000| PB 0x0000000717000000| Untracked 
| 109|0x0000000717200000, 0x0000000717200000, 0x0000000717400000|  0%| F|  |TAMS 0x0000000717200000| PB 0x0000000717200000| Untracked 
| 110|0x0000000717400000, 0x0000000717400000, 0x0000000717600000|  0%| F|  |TAMS 0x0000000717400000| PB 0x0000000717400000| Untracked 
| 111|0x0000000717600000, 0x0000000717600000, 0x0000000717800000|  0%| F|  |TAMS 0x0000000717600000| PB 0x0000000717600000| Untracked 
| 112|0x0000000717800000, 0x0000000717800000, 0x0000000717a00000|  0%| F|  |TAMS 0x0000000717800000| PB 0x0000000717800000| Untracked 
| 113|0x0000000717a00000, 0x0000000717a00000, 0x0000000717c00000|  0%| F|  |TAMS 0x0000000717a00000| PB 0x0000000717a00000| Untracked 
| 114|0x0000000717c00000, 0x0000000717c00000, 0x0000000717e00000|  0%| F|  |TAMS 0x0000000717c00000| PB 0x0000000717c00000| Untracked 
| 115|0x0000000717e00000, 0x0000000717ee36c8, 0x0000000718000000| 44%| E|  |TAMS 0x0000000717e00000| PB 0x0000000717e00000| Complete 
| 116|0x0000000718000000, 0x0000000718200000, 0x0000000718200000|100%| E|CS|TAMS 0x0000000718000000| PB 0x0000000718000000| Complete 
| 117|0x0000000718200000, 0x0000000718400000, 0x0000000718400000|100%| E|CS|TAMS 0x0000000718200000| PB 0x0000000718200000| Complete 
| 118|0x0000000718400000, 0x0000000718600000, 0x0000000718600000|100%| E|CS|TAMS 0x0000000718400000| PB 0x0000000718400000| Complete 
| 119|0x0000000718600000, 0x0000000718800000, 0x0000000718800000|100%| E|CS|TAMS 0x0000000718600000| PB 0x0000000718600000| Complete 
| 120|0x0000000718800000, 0x0000000718a00000, 0x0000000718a00000|100%| E|CS|TAMS 0x0000000718800000| PB 0x0000000718800000| Complete 
| 121|0x0000000718a00000, 0x0000000718c00000, 0x0000000718c00000|100%| E|CS|TAMS 0x0000000718a00000| PB 0x0000000718a00000| Complete 
| 122|0x0000000718c00000, 0x0000000718e00000, 0x0000000718e00000|100%| E|CS|TAMS 0x0000000718c00000| PB 0x0000000718c00000| Complete 
| 123|0x0000000718e00000, 0x0000000719000000, 0x0000000719000000|100%| E|CS|TAMS 0x0000000718e00000| PB 0x0000000718e00000| Complete 

Card table byte_map: [0x000001d27a600000,0x000001d27adc0000] _byte_map_base: 0x000001d276db4000

Marking Bits: (CMBitMap*) 0x000001d2755e5330
 Bits: [0x000001d27adc0000, 0x000001d27eb60000)

Polling page: 0x000001d273330000

Metaspace:

Usage:
  Non-class:     16.12 MB used.
      Class:      1.79 MB used.
       Both:     17.91 MB used.

Virtual space:
  Non-class space:       64.00 MB reserved,      16.25 MB ( 25%) committed,  1 nodes.
      Class space:        1.00 GB reserved,       1.88 MB ( <1%) committed,  1 nodes.
             Both:        1.06 GB reserved,      18.12 MB (  2%) committed. 

Chunk freelists:
   Non-Class:  14.86 MB
       Class:  14.08 MB
        Both:  28.94 MB

MaxMetaspaceSize: unlimited
CompressedClassSpaceSize: 1.00 GB
Initial GC threshold: 21.00 MB
Current GC threshold: 21.00 MB
CDS: off
 - commit_granule_bytes: 65536.
 - commit_granule_words: 8192.
 - virtual_space_node_default_size: 8388608.
 - enlarge_chunks_in_place: 1.
 - use_allocation_guard: 0.


Internal statistics:

num_allocs_failed_limit: 0.
num_arena_births: 194.
num_arena_deaths: 0.
num_vsnodes_births: 2.
num_vsnodes_deaths: 0.
num_space_committed: 290.
num_space_uncommitted: 0.
num_chunks_returned_to_freelist: 0.
num_chunks_taken_from_freelist: 381.
num_chunk_merges: 0.
num_chunk_splits: 207.
num_chunks_enlarged: 98.
num_inconsistent_stats: 0.

CodeHeap 'non-profiled nmethods': size=119168Kb used=425Kb max_used=425Kb free=118743Kb
 bounds [0x000001d207ba0000, 0x000001d207e10000, 0x000001d20f000000]
CodeHeap 'profiled nmethods': size=119104Kb used=2122Kb max_used=2122Kb free=116981Kb
 bounds [0x000001d200000000, 0x000001d200270000, 0x000001d207450000]
CodeHeap 'non-nmethods': size=7488Kb used=1992Kb max_used=2020Kb free=5495Kb
 bounds [0x000001d207450000, 0x000001d2076c0000, 0x000001d207ba0000]
 total_blobs=1794 nmethods=1277 adapters=420
 compilation: enabled
              stopped_count=0, restarted_count=0
 full_count=0

Compilation events (20 events):
Event: 1.324 Thread 0x000001d211237210 nmethod 1268 0x000001d20020e790 code [0x000001d20020e9a0, 0x000001d20020efc0]
Event: 1.324 Thread 0x000001d211373d50 1270       4       java.lang.StringBuilder::toString (9 bytes)
Event: 1.324 Thread 0x000001d211374420 1271       4       jdk.internal.util.StrongReferenceKey::hashCode (8 bytes)
Event: 1.325 Thread 0x000001d211237210 1272   !   3       java.lang.invoke.MethodHandleNatives::linkMethodHandleConstant (50 bytes)
Event: 1.325 Thread 0x000001d211373680 1273       3       java.lang.invoke.MethodHandles$Lookup::linkMethodHandleConstant (223 bytes)
Event: 1.325 Thread 0x000001d211237210 nmethod 1272 0x000001d20020f390 code [0x000001d20020f560, 0x000001d20020f768]
Event: 1.327 Thread 0x000001d211373680 nmethod 1273 0x000001d20020f910 code [0x000001d20020fd00, 0x000001d200211508]
Event: 1.327 Thread 0x000001d211237210 1274       3       java.lang.invoke.MemberName$Factory::resolveOrNull (54 bytes)
Event: 1.327 Thread 0x000001d211237210 nmethod 1274 0x000001d200211c90 code [0x000001d200211e60, 0x000001d200212100]
Event: 1.330 Thread 0x000001d211237210 1275       3       java.nio.MappedByteBuffer::limit (6 bytes)
Event: 1.330 Thread 0x000001d211373d50 nmethod 1270 0x000001d207c07110 code [0x000001d207c072c0, 0x000001d207c07898]
Event: 1.330 Thread 0x000001d211237210 nmethod 1275 0x000001d200212210 code [0x000001d2002123c0, 0x000001d2002125d0]
Event: 1.330 Thread 0x000001d211374420 nmethod 1271 0x000001d207c07b90 code [0x000001d207c07da0, 0x000001d207c081c8]
Event: 1.331 Thread 0x000001d211237210 1276       1       java.util.concurrent.atomic.AtomicInteger::get (5 bytes)
Event: 1.331 Thread 0x000001d211237210 nmethod 1276 0x000001d207c08510 code [0x000001d207c086a0, 0x000001d207c08768]
Event: 1.333 Thread 0x000001d211237210 1277       3       java.nio.ByteBuffer::get (9 bytes)
Event: 1.334 Thread 0x000001d211373680 1278       1       sun.security.provider.DigestBase::engineGetDigestLength (5 bytes)
Event: 1.334 Thread 0x000001d211237210 nmethod 1277 0x000001d200212710 code [0x000001d2002128c0, 0x000001d200212aa0]
Event: 1.334 Thread 0x000001d211373680 nmethod 1278 0x000001d207c08810 code [0x000001d207c089a0, 0x000001d207c08a68]
Event: 1.335 Thread 0x000001d211209b60 nmethod 1252 0x000001d207c08b10 code [0x000001d207c08d80, 0x000001d207c09bd8]

GC Heap History (0 events):
No events

Dll operation events (2 events):
Event: 0.021 Loaded shared library C:\Program Files\JetBrains\WebStorm 2025.2\jbr\bin\java.dll
Event: 0.041 Loaded shared library C:\Program Files\JetBrains\WebStorm 2025.2\jbr\bin\zip.dll

Deoptimization events (20 events):
Event: 1.232 Thread 0x000001d211ad0990 Uncommon trap: trap_request=0xffffff66 fr.pc=0x000001d207bfd2f4 relative=0x0000000000000314
Event: 1.232 Thread 0x000001d211ad0990 Uncommon trap: reason=speculate_class_check action=maybe_recompile pc=0x000001d207bfd2f4 method=sun.security.util.math.intpoly.IntegerPolynomial.multByInt([JJ)V @ 26 c2
Event: 1.232 Thread 0x000001d211ad0990 DEOPT PACKING pc=0x000001d207bfd2f4 sp=0x000000a97adfe220
Event: 1.232 Thread 0x000001d211ad0990 DEOPT UNPACKING pc=0x000001d2074a46a2 sp=0x000000a97adfe108 mode 2
Event: 1.232 Thread 0x000001d211ad0990 Uncommon trap: trap_request=0xffffff66 fr.pc=0x000001d207bfd2f4 relative=0x0000000000000314
Event: 1.232 Thread 0x000001d211ad0990 Uncommon trap: reason=speculate_class_check action=maybe_recompile pc=0x000001d207bfd2f4 method=sun.security.util.math.intpoly.IntegerPolynomial.multByInt([JJ)V @ 26 c2
Event: 1.232 Thread 0x000001d211ad0990 DEOPT PACKING pc=0x000001d207bfd2f4 sp=0x000000a97adfe220
Event: 1.232 Thread 0x000001d211ad0990 DEOPT UNPACKING pc=0x000001d2074a46a2 sp=0x000000a97adfe108 mode 2
Event: 1.232 Thread 0x000001d211ad0990 Uncommon trap: trap_request=0xffffff66 fr.pc=0x000001d207bfc9f4 relative=0x0000000000000314
Event: 1.232 Thread 0x000001d211ad0990 Uncommon trap: reason=speculate_class_check action=maybe_recompile pc=0x000001d207bfc9f4 method=sun.security.util.math.intpoly.IntegerPolynomial.multByInt([JJ)V @ 26 c2
Event: 1.232 Thread 0x000001d211ad0990 DEOPT PACKING pc=0x000001d207bfc9f4 sp=0x000000a97adfe1b0
Event: 1.232 Thread 0x000001d211ad0990 DEOPT UNPACKING pc=0x000001d2074a46a2 sp=0x000000a97adfe100 mode 2
Event: 1.232 Thread 0x000001d211ad0990 Uncommon trap: trap_request=0xffffff66 fr.pc=0x000001d207bfc9f4 relative=0x0000000000000314
Event: 1.232 Thread 0x000001d211ad0990 Uncommon trap: reason=speculate_class_check action=maybe_recompile pc=0x000001d207bfc9f4 method=sun.security.util.math.intpoly.IntegerPolynomial.multByInt([JJ)V @ 26 c2
Event: 1.232 Thread 0x000001d211ad0990 DEOPT PACKING pc=0x000001d207bfc9f4 sp=0x000000a97adfe1b0
Event: 1.232 Thread 0x000001d211ad0990 DEOPT UNPACKING pc=0x000001d2074a46a2 sp=0x000000a97adfe100 mode 2
Event: 1.334 Thread 0x000001d211ad0990 Uncommon trap: trap_request=0xffffff45 fr.pc=0x000001d207bf46f8 relative=0x0000000000000938
Event: 1.334 Thread 0x000001d211ad0990 Uncommon trap: reason=unstable_if action=reinterpret pc=0x000001d207bf46f8 method=java.util.HashMap.putVal(ILjava/lang/Object;Ljava/lang/Object;ZZ)Ljava/lang/Object; @ 81 c2
Event: 1.334 Thread 0x000001d211ad0990 DEOPT PACKING pc=0x000001d207bf46f8 sp=0x000000a97adfe4e0
Event: 1.334 Thread 0x000001d211ad0990 DEOPT UNPACKING pc=0x000001d2074a46a2 sp=0x000000a97adfe470 mode 2

Classes loaded (20 events):
Event: 1.287 Loading class jdk/internal/event/TLSHandshakeEvent
Event: 1.287 Loading class jdk/internal/event/TLSHandshakeEvent done
Event: 1.287 Loading class com/sun/crypto/provider/GaloisCounterMode$GCMEncrypt
Event: 1.288 Loading class com/sun/crypto/provider/GaloisCounterMode$GCMEncrypt done
Event: 1.288 Loading class com/sun/crypto/provider/GaloisCounterMode$EncryptOp
Event: 1.288 Loading class com/sun/crypto/provider/GaloisCounterMode$EncryptOp done
Event: 1.288 Loading class sun/security/ssl/CipherSuite$1
Event: 1.288 Loading class sun/security/ssl/CipherSuite$1 done
Event: 1.290 Loading class java/util/concurrent/CompletionException
Event: 1.290 Loading class java/util/concurrent/CompletionException done
Event: 1.319 Loading class java/util/Collections$UnmodifiableMap$UnmodifiableEntrySet
Event: 1.319 Loading class java/util/Collections$UnmodifiableMap$UnmodifiableEntrySet done
Event: 1.319 Loading class java/util/Collections$UnmodifiableMap$UnmodifiableEntrySet$1
Event: 1.319 Loading class java/util/Collections$UnmodifiableMap$UnmodifiableEntrySet$1 done
Event: 1.319 Loading class java/util/Collections$UnmodifiableMap$UnmodifiableEntrySet$UnmodifiableEntry
Event: 1.319 Loading class java/util/Collections$UnmodifiableMap$UnmodifiableEntrySet$UnmodifiableEntry done
Event: 1.333 Loading class sun/security/ssl/NewSessionTicket$T13NewSessionTicketMessage
Event: 1.333 Loading class sun/security/ssl/NewSessionTicket$NewSessionTicketMessage
Event: 1.333 Loading class sun/security/ssl/NewSessionTicket$NewSessionTicketMessage done
Event: 1.333 Loading class sun/security/ssl/NewSessionTicket$T13NewSessionTicketMessage done

Classes unloaded (0 events):
No events

Classes redefined (0 events):
No events

Internal exceptions (20 events):
Event: 0.522 Thread 0x000001d275581630 Exception <a 'sun/nio/fs/WindowsException'{0x0000000718a4fb08}> (0x0000000718a4fb08) 
thrown [s\src\hotspot\share\prims\jni.cpp, line 537]
Event: 0.721 Thread 0x000001d275581630 Exception <a 'java/lang/NoSuchMethodError'{0x0000000718bf2450}: 'java.lang.Object java.lang.invoke.DirectMethodHandle$Holder.invokeStaticInit(java.lang.Object, java.lang.Object, int, int, int, int)'> (0x0000000718bf2450) 
thrown [s\src\hotspot\share\interpreter\linkResolver.cpp, line 784]
Event: 0.749 Thread 0x000001d275581630 Exception <a 'java/lang/NoSuchMethodError'{0x00000007188b1fe8}: 'java.lang.Object java.lang.invoke.DirectMethodHandle$Holder.invokeStaticInit(java.lang.Object, java.lang.Object, int)'> (0x00000007188b1fe8) 
thrown [s\src\hotspot\share\interpreter\linkResolver.cpp, line 784]
Event: 0.751 Thread 0x000001d275581630 Exception <a 'java/lang/NoSuchMethodError'{0x00000007188b7ef0}: 'java.lang.Object java.lang.invoke.DirectMethodHandle$Holder.newInvokeSpecial(java.lang.Object, java.lang.Object, int)'> (0x00000007188b7ef0) 
thrown [s\src\hotspot\share\interpreter\linkResolver.cpp, line 784]
Event: 0.756 Thread 0x000001d275581630 Exception <a 'java/lang/NoSuchMethodError'{0x00000007188cb6d0}: 'int java.lang.invoke.DirectMethodHandle$Holder.invokeSpecialIFC(java.lang.Object, java.lang.Object, java.lang.Object)'> (0x00000007188cb6d0) 
thrown [s\src\hotspot\share\interpreter\linkResolver.cpp, line 784]
Event: 0.784 Thread 0x000001d275581630 Exception <a 'java/lang/NoSuchMethodError'{0x0000000718905558}: 'java.lang.Object java.lang.invoke.Invokers$Holder.invoke_MT(java.lang.Object, java.lang.Object, java.lang.Object, java.lang.Object, java.lang.Object, java.lang.Object, java.lang.Object, java.lang.Object, java.lang.Object, java.lang.Object)'> (0x0000000718905558) 
thrown [s\src\hotspot\share\interpreter\linkResolver.cpp, line 784]
Event: 0.799 Thread 0x000001d275581630 Exception <a 'java/lang/NoSuchMethodError'{0x0000000718945e10}: 'int java.lang.invoke.DirectMethodHandle$Holder.invokeSpecial(java.lang.Object, java.lang.Object, java.lang.Object, java.lang.Object)'> (0x0000000718945e10) 
thrown [s\src\hotspot\share\interpreter\linkResolver.cpp, line 784]
Event: 0.804 Thread 0x000001d275581630 Exception <a 'java/lang/NoSuchMethodError'{0x000000071895e7b8}: 'java.lang.Object java.lang.invoke.DelegatingMethodHandle$Holder.delegate(java.lang.Object, int, java.lang.Object, java.lang.Object)'> (0x000000071895e7b8) 
thrown [s\src\hotspot\share\interpreter\linkResolver.cpp, line 784]
Event: 0.807 Thread 0x000001d275581630 Exception <a 'java/lang/NoSuchMethodError'{0x000000071896df70}: 'int java.lang.invoke.Invokers$Holder.linkToTargetMethod(java.lang.Object, java.lang.Object, java.lang.Object)'> (0x000000071896df70) 
thrown [s\src\hotspot\share\interpreter\linkResolver.cpp, line 784]
Event: 0.813 Thread 0x000001d275581630 Exception <a 'java/lang/NoSuchMethodError'{0x000000071899fd30}: 'long java.lang.invoke.DirectMethodHandle$Holder.invokeSpecial(java.lang.Object, java.lang.Object)'> (0x000000071899fd30) 
thrown [s\src\hotspot\share\interpreter\linkResolver.cpp, line 784]
Event: 0.814 Thread 0x000001d275581630 Exception <a 'java/lang/NoSuchMethodError'{0x00000007189a6a80}: 'java.lang.Object java.lang.invoke.Invokers$Holder.invokeExact_MT(java.lang.Object, java.lang.Object, java.lang.Object, java.lang.Object, java.lang.Object, java.lang.Object)'> (0x00000007189a6a80) 
thrown [s\src\hotspot\share\interpreter\linkResolver.cpp, line 784]
Event: 0.951 Thread 0x000001d275581630 Exception <a 'java/lang/NoSuchMethodError'{0x0000000718792ff0}: 'java.lang.Object java.lang.invoke.DirectMethodHandle$Holder.newInvokeSpecial(java.lang.Object, java.lang.Object, java.lang.Object, java.lang.Object, java.lang.Object)'> (0x0000000718792ff0) 
thrown [s\src\hotspot\share\interpreter\linkResolver.cpp, line 784]
Event: 0.998 Thread 0x000001d275581630 Exception <a 'java/lang/NoSuchMethodError'{0x0000000718556888}: 'java.lang.Object java.lang.invoke.DirectMethodHandle$Holder.invokeSpecial(java.lang.Object, java.lang.Object, java.lang.Object, java.lang.Object, int)'> (0x0000000718556888) 
thrown [s\src\hotspot\share\interpreter\linkResolver.cpp, line 784]
Event: 0.998 Thread 0x000001d275581630 Exception <a 'java/lang/NoSuchMethodError'{0x000000071855a1f0}: 'java.lang.Object java.lang.invoke.Invokers$Holder.linkToTargetMethod(java.lang.Object, java.lang.Object, int, java.lang.Object)'> (0x000000071855a1f0) 
thrown [s\src\hotspot\share\interpreter\linkResolver.cpp, line 784]
Event: 1.007 Thread 0x000001d275581630 Exception <a 'java/lang/NoSuchMethodError'{0x00000007185887d8}: 'void java.lang.invoke.DirectMethodHandle$Holder.invokeSpecial(java.lang.Object, java.lang.Object, java.lang.Object)'> (0x00000007185887d8) 
thrown [s\src\hotspot\share\interpreter\linkResolver.cpp, line 784]
Event: 1.028 Thread 0x000001d2118e19e0 Exception <a 'java/lang/NoSuchMethodError'{0x00000007187e9208}: 'void java.lang.invoke.DirectMethodHandle$Holder.invokeStatic(java.lang.Object, java.lang.Object, int)'> (0x00000007187e9208) 
thrown [s\src\hotspot\share\interpreter\linkResolver.cpp, line 784]
Event: 1.028 Thread 0x000001d275581630 Exception <a 'java/lang/NoSuchMethodError'{0x0000000718218490}: 'void java.lang.invoke.DirectMethodHandle$Holder.invokeSpecial(java.lang.Object, java.lang.Object, java.lang.Object, java.lang.Object, java.lang.Object)'> (0x0000000718218490) 
thrown [s\src\hotspot\share\interpreter\linkResolver.cpp, line 784]
Event: 1.044 Thread 0x000001d211ad0990 Exception <a 'java/lang/NoSuchMethodError'{0x0000000718305a38}: 'void java.lang.invoke.DirectMethodHandle$Holder.invokeInterface(java.lang.Object, java.lang.Object, java.lang.Object)'> (0x0000000718305a38) 
thrown [s\src\hotspot\share\interpreter\linkResolver.cpp, line 784]
Event: 1.222 Thread 0x000001d211ad0990 Exception <a 'java/lang/NoSuchMethodError'{0x000000071812edb0}: 'void java.lang.invoke.DirectMethodHandle$Holder.invokeInterface(java.lang.Object, java.lang.Object)'> (0x000000071812edb0) 
thrown [s\src\hotspot\share\interpreter\linkResolver.cpp, line 784]
Event: 1.289 Thread 0x000001d211ad0990 Exception <a 'java/lang/NoSuchMethodError'{0x00000007181a64c0}: 'void java.lang.invoke.DirectMethodHandle$Holder.invokeStatic(java.lang.Object, java.lang.Object, java.lang.Object, java.lang.Object)'> (0x00000007181a64c0) 
thrown [s\src\hotspot\share\interpreter\linkResolver.cpp, line 784]

ZGC Phase Switch (0 events):
No events

VM Operations (10 events):
Event: 0.290 Executing VM operation: HandshakeAllThreads (Deoptimize)
Event: 0.290 Executing VM operation: HandshakeAllThreads (Deoptimize) done
Event: 0.310 Executing VM operation: HandshakeAllThreads (Deoptimize)
Event: 0.311 Executing VM operation: HandshakeAllThreads (Deoptimize) done
Event: 0.622 Executing VM operation: HandshakeAllThreads (Deoptimize)
Event: 0.622 Executing VM operation: HandshakeAllThreads (Deoptimize) done
Event: 1.033 Executing VM operation: HandshakeAllThreads (Deoptimize)
Event: 1.033 Executing VM operation: HandshakeAllThreads (Deoptimize) done
Event: 1.228 Executing VM operation: ICBufferFull
Event: 1.228 Executing VM operation: ICBufferFull done

Memory protections (0 events):
No events

Nmethod flushes (0 events):
No events

Events (20 events):
Event: 0.191 Thread 0x000001d275581630 Thread added: 0x000001d2112157e0
Event: 0.191 Thread 0x000001d275581630 Thread added: 0x000001d2112048f0
Event: 0.191 Thread 0x000001d275581630 Thread added: 0x000001d211205350
Event: 0.191 Thread 0x000001d275581630 Thread added: 0x000001d211206dc0
Event: 0.191 Thread 0x000001d275581630 Thread added: 0x000001d211209b60
Event: 0.192 Thread 0x000001d275581630 Thread added: 0x000001d211237210
Event: 0.233 Thread 0x000001d211237210 Thread added: 0x000001d211373680
Event: 0.242 Thread 0x000001d275581630 Thread added: 0x000001d2113e0850
Event: 0.263 Loaded shared library C:\Program Files\JetBrains\WebStorm 2025.2\jbr\bin\net.dll
Event: 0.268 Loaded shared library C:\Program Files\JetBrains\WebStorm 2025.2\jbr\bin\nio.dll
Event: 0.282 Loaded shared library C:\Program Files\JetBrains\WebStorm 2025.2\jbr\bin\zip.dll
Event: 0.427 Loaded shared library C:\Program Files\JetBrains\WebStorm 2025.2\jbr\bin\jimage.dll
Event: 0.448 Loaded shared library C:\Program Files\JetBrains\WebStorm 2025.2\jbr\bin\sunmscapi.dll
Event: 0.933 Loaded shared library C:\Program Files\JetBrains\WebStorm 2025.2\jbr\bin\extnet.dll
Event: 0.942 Thread 0x000001d275581630 Thread added: 0x000001d2118e19e0
Event: 1.040 Thread 0x000001d2118e19e0 Thread added: 0x000001d211ad0990
Event: 1.063 Thread 0x000001d2118e19e0 Thread added: 0x000001d211aceea0
Event: 1.129 Thread 0x000001d211373680 Thread added: 0x000001d211372fb0
Event: 1.131 Thread 0x000001d211237210 Thread added: 0x000001d211373d50
Event: 1.136 Thread 0x000001d211237210 Thread added: 0x000001d211374420


Dynamic libraries:
0x00007ff6cb770000 - 0x00007ff6cb77a000 	C:\Program Files\JetBrains\WebStorm 2025.2\jbr\bin\java.exe
0x00007ffe920a0000 - 0x00007ffe92303000 	C:\WINDOWS\SYSTEM32\ntdll.dll
0x00007ffe90d20000 - 0x00007ffe90de8000 	C:\WINDOWS\System32\KERNEL32.DLL
0x00007ffe8f510000 - 0x00007ffe8f8c4000 	C:\WINDOWS\System32\KERNELBASE.dll
0x00007ffe88cc0000 - 0x00007ffe88d5c000 	C:\WINDOWS\SYSTEM32\apphelp.dll
0x00007ffe8fd00000 - 0x00007ffe8fe4b000 	C:\WINDOWS\System32\ucrtbase.dll
0x00007ffe86d70000 - 0x00007ffe86d88000 	C:\Program Files\JetBrains\WebStorm 2025.2\jbr\bin\jli.dll
0x00007ffe86920000 - 0x00007ffe8693b000 	C:\Program Files\JetBrains\WebStorm 2025.2\jbr\bin\VCRUNTIME140.dll
0x00007ffe8fee0000 - 0x00007ffe900a9000 	C:\WINDOWS\System32\USER32.dll
0x00007ffe8fa00000 - 0x00007ffe8fa27000 	C:\WINDOWS\System32\win32u.dll
0x00007ffe79c70000 - 0x00007ffe79f00000 	C:\WINDOWS\WinSxS\amd64_microsoft.windows.common-controls_6595b64144ccf1df_6.0.26100.2702_none_3e069454e335fc5e\COMCTL32.dll
0x00007ffe90df0000 - 0x00007ffe90e1a000 	C:\WINDOWS\System32\GDI32.dll
0x00007ffe91fb0000 - 0x00007ffe92059000 	C:\WINDOWS\System32\msvcrt.dll
0x00007ffe8f8d0000 - 0x00007ffe8f9fb000 	C:\WINDOWS\System32\gdi32full.dll
0x00007ffe8fa30000 - 0x00007ffe8fad3000 	C:\WINDOWS\System32\msvcp_win.dll
0x00007ffe91a50000 - 0x00007ffe91a7f000 	C:\WINDOWS\System32\IMM32.DLL
0x00007ffe86910000 - 0x00007ffe8691c000 	C:\Program Files\JetBrains\WebStorm 2025.2\jbr\bin\vcruntime140_1.dll
0x00007ffe79360000 - 0x00007ffe793ed000 	C:\Program Files\JetBrains\WebStorm 2025.2\jbr\bin\msvcp140.dll
0x00007ffd99550000 - 0x00007ffd9a314000 	C:\Program Files\JetBrains\WebStorm 2025.2\jbr\bin\server\jvm.dll
0x00007ffe908d0000 - 0x00007ffe90983000 	C:\WINDOWS\System32\ADVAPI32.dll
0x00007ffe905d0000 - 0x00007ffe90676000 	C:\WINDOWS\System32\sechost.dll
0x00007ffe91840000 - 0x00007ffe91956000 	C:\WINDOWS\System32\RPCRT4.dll
0x00007ffe90440000 - 0x00007ffe904b4000 	C:\WINDOWS\System32\WS2_32.dll
0x00007ffe8f2e0000 - 0x00007ffe8f32e000 	C:\WINDOWS\SYSTEM32\POWRPROF.dll
0x00007ffe897f0000 - 0x00007ffe897fb000 	C:\WINDOWS\SYSTEM32\VERSION.dll
0x00007ffe8c5e0000 - 0x00007ffe8c616000 	C:\WINDOWS\SYSTEM32\WINMM.dll
0x00007ffe8f2c0000 - 0x00007ffe8f2d4000 	C:\WINDOWS\SYSTEM32\UMPDC.dll
0x00007ffe8e500000 - 0x00007ffe8e51a000 	C:\WINDOWS\SYSTEM32\kernel.appcore.dll
0x00007ffe86900000 - 0x00007ffe8690a000 	C:\Program Files\JetBrains\WebStorm 2025.2\jbr\bin\jimage.dll
0x00007ffe8bd40000 - 0x00007ffe8bf81000 	C:\WINDOWS\SYSTEM32\DBGHELP.DLL
0x00007ffe90990000 - 0x00007ffe90d0e000 	C:\WINDOWS\System32\combase.dll
0x00007ffe91970000 - 0x00007ffe91a46000 	C:\WINDOWS\System32\OLEAUT32.dll
0x00007ffe8c5a0000 - 0x00007ffe8c5d9000 	C:\WINDOWS\SYSTEM32\dbgcore.DLL
0x00007ffe8fae0000 - 0x00007ffe8fb79000 	C:\WINDOWS\System32\bcryptPrimitives.dll
0x00007ffe78d00000 - 0x00007ffe78d20000 	C:\Program Files\JetBrains\WebStorm 2025.2\jbr\bin\java.dll
0x00007ffe78bc0000 - 0x00007ffe78bd8000 	C:\Program Files\JetBrains\WebStorm 2025.2\jbr\bin\zip.dll
0x00007ffe90ff0000 - 0x00007ffe916f4000 	C:\WINDOWS\System32\SHELL32.dll
0x00007ffe8d0c0000 - 0x00007ffe8d8f7000 	C:\WINDOWS\SYSTEM32\windows.storage.dll
0x00007ffe90180000 - 0x00007ffe90269000 	C:\WINDOWS\System32\SHCORE.dll
0x00007ffe90710000 - 0x00007ffe9076d000 	C:\WINDOWS\System32\shlwapi.dll
0x00007ffe8f360000 - 0x00007ffe8f38e000 	C:\WINDOWS\SYSTEM32\profapi.dll
0x00007ffe868f0000 - 0x00007ffe86900000 	C:\Program Files\JetBrains\WebStorm 2025.2\jbr\bin\net.dll
0x00007ffe89550000 - 0x00007ffe89676000 	C:\WINDOWS\SYSTEM32\WINHTTP.dll
0x00007ffe8e730000 - 0x00007ffe8e798000 	C:\WINDOWS\system32\mswsock.dll
0x00007ffe78ba0000 - 0x00007ffe78bb6000 	C:\Program Files\JetBrains\WebStorm 2025.2\jbr\bin\nio.dll
0x00007ffe7e1b0000 - 0x00007ffe7e1be000 	C:\Program Files\JetBrains\WebStorm 2025.2\jbr\bin\sunmscapi.dll
0x00007ffe8fb80000 - 0x00007ffe8fcf6000 	C:\WINDOWS\System32\CRYPT32.dll
0x00007ffe8ec30000 - 0x00007ffe8ec60000 	C:\WINDOWS\SYSTEM32\ncrypt.dll
0x00007ffe8ebe0000 - 0x00007ffe8ec1f000 	C:\WINDOWS\SYSTEM32\NTASN1.dll
0x00007ffe8eae0000 - 0x00007ffe8eafc000 	C:\WINDOWS\SYSTEM32\CRYPTSP.dll
0x00007ffe8e180000 - 0x00007ffe8e1b8000 	C:\WINDOWS\system32\rsaenh.dll
0x00007ffe8e7d0000 - 0x00007ffe8e7fb000 	C:\WINDOWS\SYSTEM32\USERENV.dll
0x00007ffe8ec70000 - 0x00007ffe8ec96000 	C:\WINDOWS\SYSTEM32\bcrypt.dll
0x00007ffe8e960000 - 0x00007ffe8e96c000 	C:\WINDOWS\SYSTEM32\CRYPTBASE.dll
0x00007ffe8dc10000 - 0x00007ffe8dc42000 	C:\WINDOWS\SYSTEM32\IPHLPAPI.DLL
0x00007ffe91960000 - 0x00007ffe9196a000 	C:\WINDOWS\System32\NSI.dll
0x00007ffe667c0000 - 0x00007ffe667c8000 	C:\WINDOWS\system32\wshunix.dll
0x00007ffe7b290000 - 0x00007ffe7b299000 	C:\Program Files\JetBrains\WebStorm 2025.2\jbr\bin\extnet.dll

dbghelp: loaded successfully - version: 4.0.5 - missing functions: none
symbol engine: initialized successfully - sym options: 0x614 - pdb path: .;C:\Program Files\JetBrains\WebStorm 2025.2\jbr\bin;C:\WINDOWS\SYSTEM32;C:\WINDOWS\WinSxS\amd64_microsoft.windows.common-controls_6595b64144ccf1df_6.0.26100.2702_none_3e069454e335fc5e;C:\Program Files\JetBrains\WebStorm 2025.2\jbr\bin\server

VM Arguments:
java_command: git4idea.http.GitAskPassApp Username for 'https://github.com': 
java_class_path (initial): C:/Program Files/JetBrains/WebStorm 2025.2/plugins/vcs-git/lib/git4idea-rt.jar;C:/Program Files/JetBrains/WebStorm 2025.2/lib/externalProcess-rt.jar
Launcher Type: SUN_STANDARD

[Global flags]
     intx CICompilerCount                          = 12                                        {product} {ergonomic}
     uint ConcGCThreads                            = 3                                         {product} {ergonomic}
     uint G1ConcRefinementThreads                  = 13                                        {product} {ergonomic}
   size_t G1HeapRegionSize                         = 2097152                                   {product} {ergonomic}
    uintx GCDrainStackTargetSize                   = 64                                        {product} {ergonomic}
   size_t InitialHeapSize                          = 260046848                                 {product} {ergonomic}
   size_t MarkStackSize                            = 4194304                                   {product} {ergonomic}
   size_t MaxHeapSize                              = 4135583744                                {product} {ergonomic}
   size_t MaxNewSize                               = 2480930816                                {product} {ergonomic}
   size_t MinHeapDeltaBytes                        = 2097152                                   {product} {ergonomic}
   size_t MinHeapSize                              = 8388608                                   {product} {ergonomic}
    uintx NonNMethodCodeHeapSize                   = 7602480                                {pd product} {ergonomic}
    uintx NonProfiledCodeHeapSize                  = 122027880                              {pd product} {ergonomic}
    uintx ProfiledCodeHeapSize                     = 122027880                              {pd product} {ergonomic}
    uintx ReservedCodeCacheSize                    = 251658240                              {pd product} {ergonomic}
     bool SegmentedCodeCache                       = true                                      {product} {ergonomic}
   size_t SoftMaxHeapSize                          = 4135583744                             {manageable} {ergonomic}
     bool UseCompressedOops                        = true                           {product lp64_product} {ergonomic}
     bool UseG1GC                                  = true                                      {product} {ergonomic}
     bool UseLargePagesIndividualAllocation        = false                                  {pd product} {ergonomic}

Logging:
Log output configuration:
 #0: stdout all=warning uptime,level,tags foldmultilines=false
 #1: stderr all=off uptime,level,tags foldmultilines=false

Environment Variables:
JAVA_HOME=C:\Program Files\Eclipse Foundation\jdk-8.0.302.8-hotspot
PATH=C:/Program Files/Git/mingw64/libexec/git-core;C:/Program Files/Git/mingw64/libexec/git-core;C:\Program Files\Git\mingw64\bin;C:\Program Files\Git\usr\bin;C:\Users\ISPROJ\bin;C:\Program Files (x86)\VMware\VMware Player\bin\;C:\Ruby32-x64\bin;C:\Program Files (x86)\Microsoft SDKs\Azure\CLI2\wbin;C:\Program Files\Common Files\Oracle\Java\javapath;C:\Program Files (x86)\Common Files\Oracle\Java\javapath;C:\Program Files\Microsoft\jdk-11.0.16.101-hotspot\bin;C:\WINDOWS\system32;C:\WINDOWS;C:\WINDOWS\System32\Wbem;C:\WINDOWS\System32\WindowsPowerShell\v1.0\;C:\WINDOWS\System32\OpenSSH\;C:\Program Files (x86)\Microsoft SQL Server\160\Tools\Binn\;C:\Program Files\Microsoft SQL Server\160\Tools\Binn\;C:\Program Files\Microsoft SQL Server\Client SDK\ODBC\170\Tools\Binn\;C:\Program Files\Microsoft SQL Server\160\DTS\Binn\;C:\Program Files (x86)\Microsoft SQL Server\160\DTS\Binn\;C:\Program Files\Azure Data Studio\bin;C:\Program Files\Microsoft SQL Server\150\Tools\Binn\;C:\Program Files\dotnet\;C:\Program Files\Microsoft SQL Server\130\Tools\Binn\;C:\Program Files\nodejs;C:\Program Files\Microsoft VS Code\bin;C:\Users\Bytex\Documents\flutter_windows_3.13.9-stable\flutter\bin;C:\ProgramData\chocolatey\bin;C:\Program Files\SDelete;C:\gradle-8.1.1-all\gradle-8.1.1\bin;C:\Users\AlphaChain\AppData\Roaming\npm;C:\Users\puyan\AppData\Local\Packages\PythonSoftwareFoundation.Python.3.11_qbz5n2kfra8p0\LocalCache\local-packages\Python311\Scripts;C:\Users\puyan\OneDrive\Documents\flutter\bin;C:\xampp\php;C:\Program Files\nodejs\;C:\Users\Bytex\.cargo\bin;C:\Users\Bytex\Downloads\aircrack-ng-1.7-win\aircrack-ng-1.7-win\bin;C:\Users\Bytex\.avm\bin;C:\Users\Bytex\AppData\Local\Pub\Cache\bin;C:\Users\Bytex\AppData\Roaming\npm;C:\xmpp\php;C:\Program Files\CMake\bin;C:\flutter\bin;C:\Users\Devcrafts\AppData\Roaming\npm;C:\Users\Devcrafts\AppData\Local\Pub\Cache\bin;C:\Program Files (x86)\Incredibuild;C:\Users\AlphaChain\AppData\Local\Programs\Python\Python312\Scripts;C:\kotlinc\bin;C:\ProgramData\ComposerSetup\bin;C:\Program Files\Go\bin;C:\Program Files\Git\cmd;C:\Users\ISPROJ\.config\herd\bin;C:\Users\ISPROJ\AppData\Local\Programs\Python\Python313\Scripts\;C:\Users\ISPROJ\AppData\Local\Programs\Python\Python313\;C:\Program Files\MySQL\MySQL Shell 8.0\bin\;C:\Users\ISPROJ\.config\herd-lite\bin;C:\Users\ISPROJ\AppData\Local\pnpm;C:\Users\ISPROJ\Documents\flutter\bin;C:\Users\ISPROJ\AppData\Local\Microsoft\WindowsApps;C:\Users\ISPROJ\.dotnet\tools;C:\Users\ISPROJ\AppData\Roaming\Composer\vendor\bin;C:\Users\ISPROJ\AppData\Roaming\Composer\vendor\bin;C:\Program Files\JetBrains\WebStorm 2025.2\bin;C:\Users\ISPROJ\go\bin;C:\Users\ISPROJ\AppData\Roaming\npm\node_modules\serverless;C:\Users\ISPROJ\AppData\Roaming\npm;C:\ffmpeg-7.1.1-essentials_build\ffmpeg-7.1.1-essentials_build\bin
USERNAME=ISPROJ
DISPLAY=:0.0
LC_ALL=en_US.UTF-8
TERM=xterm-256color
TMPDIR=C:\Users\ISPROJ\AppData\Local\Temp
OS=Windows_NT
PROCESSOR_IDENTIFIER=AMD64 Family 25 Model 80 Stepping 0, AuthenticAMD
TMP=C:\Users\ISPROJ\AppData\Local\Temp
TEMP=C:\Users\ISPROJ\AppData\Local\Temp




Periodic native trim disabled

JNI global refs:
JNI global refs: 28, weak refs: 0

JNI global refs memory usage: 835, weak refs: 833

Process memory usage:
Resident Set Size: 94920K (0% of 16153752K total physical memory with 2373336K free physical memory)

OOME stack traces (most recent first):
Classloader memory used:
Loader bootstrap                                                                       : 16431K
Loader jdk.internal.loader.ClassLoaders$PlatformClassLoader                            : 1952K
Loader jdk.internal.loader.ClassLoaders$AppClassLoader                                 : 25664B

---------------  S Y S T E M  ---------------

OS:
 Windows 11 , 64 bit Build 26100 (10.0.26100.2702)
OS uptime: 0 days 5:54 hours
Hyper-V role detected

CPU: total 16 (initial active 16) (16 cores per cpu, 2 threads per core) family 25 model 80 stepping 0 microcode 0xa50000c, cx8, cmov, fxsr, ht, mmx, 3dnowpref, sse, sse2, sse3, ssse3, sse4a, sse4.1, sse4.2, popcnt, lzcnt, tsc, tscinvbit, avx, avx2, aes, erms, clmul, bmi1, bmi2, adx, sha, fma, vzeroupper, clflush, clflushopt, hv, rdtscp, rdpid, fsrm, f16c, cet_ss
Processor Information for the first 16 processors :
  Max Mhz: 3301, Current Mhz: 2003, Mhz Limit: 3301

Memory: 4k page, system-wide physical 15775M (2317M free)
TotalPageFile size 34079M (AvailPageFile size 18M)
current process WorkingSet (physical memory assigned to process): 92M, peak: 92M
current process commit charge ("private bytes"): 369M, peak: 372M

vm_info: OpenJDK 64-Bit Server VM (21.0.7+6-b1038.58) for windows-amd64 JRE (21.0.7+6-b1038.58), built on 2025-07-07 by "builduser" with MS VC++ 16.10 / 16.11 (VS2019)

END.
