#
# There is insufficient memory for the Java Runtime Environment to continue.
# Native memory allocation (mmap) failed to map 134217728 bytes. Error detail: G1 virtual space
# Possible reasons:
#   The system is out of physical RAM or swap space
#   This process is running with CompressedOops enabled, and the Java Heap may be blocking the growth of the native heap
# Possible solutions:
#   Reduce memory load on the system
#   Increase physical memory or swap space
#   Check if swap backing store is full
#   Decrease Java heap size (-Xmx/-Xms)
#   Decrease number of Java threads
#   Decrease Java thread stack sizes (-Xss)
#   Set larger code cache with -XX:ReservedCodeCacheSize=
#   JVM is running with Unscaled Compressed Oops mode in which the Java heap is
#     placed in the first 4GB address space. The Java Heap base address is the
#     maximum limit for the native heap growth. Please use -XX:HeapBaseMinAddress
#     to set the Java Heap base and to place the Java Heap above 4GB virtual address.
# This output file may be truncated or incomplete.
#
#  Out of Memory Error (os_windows.cpp:3828), pid=9596, tid=11788
#
# JRE version:  (21.0.5+8) (build )
# Java VM: OpenJDK 64-Bit Server VM (21.0.5+8-b631.28, mixed mode, sharing, tiered, compressed oops, compressed class ptrs, g1 gc, windows-amd64)
# No core dump will be written. Minidumps are not enabled by default on client versions of Windows
#

---------------  S U M M A R Y ------------

Command Line: -Djava.rmi.server.hostname=127.0.0.1 -Duser.timezone=UTC -Xmx2048m -Xms128m -Djdbc.classpath=C:\Users\ISPROJ\AppData\Local\Temp\RemoteDriver23573.classpath.txt --add-exports=java.desktop/sun.awt=ALL-UNNAMED --add-exports=java.desktop/java.awt.peer=ALL-UNNAMED --add-opens=java.desktop/java.awt=ALL-UNNAMED --add-opens=jdk.unsupported/sun.misc=ALL-UNNAMED --add-opens=java.base/java.nio=ALL-UNNAMED --add-opens=java.base/java.util=ALL-UNNAMED -Dfile.encoding=UTF-8 -Dsun.stdout.encoding=UTF-8 -Dsun.stderr.encoding=UTF-8 com.intellij.database.remote.RemoteJdbcServer com.mysql.cj.jdbc.Driver

Host: AMD Ryzen 9 5900HS with Radeon Graphics        , 16 cores, 15G,  Windows 11 , 64 bit Build 26100 (10.0.26100.2702)
Time: Tue Feb 11 09:36:44 2025 Malay Peninsula Standard Time elapsed time: 0.036729 seconds (0d 0h 0m 0s)

---------------  T H R E A D  ---------------

Current thread (0x000002104af8a1a0):  JavaThread "Unknown thread" [_thread_in_vm, id=11788, stack(0x000000e8d8300000,0x000000e8d8400000) (1024K)]

Stack: [0x000000e8d8300000,0x000000e8d8400000]
Native frames: (J=compiled Java code, j=interpreted, Vv=VM code, C=native code)
V  [jvm.dll+0x6e52b9]
V  [jvm.dll+0x8c3633]
V  [jvm.dll+0x8c5b8e]
V  [jvm.dll+0x8c6273]
V  [jvm.dll+0x288f46]
V  [jvm.dll+0x6e1a35]
V  [jvm.dll+0x6d5e3a]
V  [jvm.dll+0x3634bb]
V  [jvm.dll+0x36b086]
V  [jvm.dll+0x3bd346]
V  [jvm.dll+0x3bd618]
V  [jvm.dll+0x335c2c]
V  [jvm.dll+0x33691b]
V  [jvm.dll+0x88aa89]
V  [jvm.dll+0x3ca518]
V  [jvm.dll+0x873b98]
V  [jvm.dll+0x45eede]
V  [jvm.dll+0x460bc1]
C  [jli.dll+0x52ab]
C  [ucrtbase.dll+0x14ea0]
C  [KERNEL32.DLL+0x2e8d7]
C  [ntdll.dll+0xdf36c]


---------------  P R O C E S S  ---------------

Threads class SMR info:
_java_thread_list=0x00007ffa880ba148, length=0, elements={
}

Java Threads: ( => current thread )
Total: 0

Other Threads:
  0x000002104ca40a60 WorkerThread "GC Thread#0"                     [id=36600, stack(0x000000e8d8400000,0x000000e8d8500000) (1024K)]
  0x000002104ca90010 ConcurrentGCThread "G1 Main Marker"            [id=36268, stack(0x000000e8d8500000,0x000000e8d8600000) (1024K)]
  0x000002104ca911c0 WorkerThread "G1 Conc#0"                       [id=22124, stack(0x000000e8d8600000,0x000000e8d8700000) (1024K)]

[error occurred during error reporting (printing all threads), id 0xc0000005, EXCEPTION_ACCESS_VIOLATION (0xc0000005) at pc=0x00007ffa877a8ce7]
VM state: not at safepoint (not fully initialized)

VM Mutex/Monitor currently owned by a thread:  ([mutex/lock_event])
[0x00007ffa8812eb30] Heap_lock - owner thread: 0x000002104af8a1a0

Heap address: 0x0000000080000000, size: 2048 MB, Compressed Oops mode: 32-bit

CDS archive(s) mapped at: [0x0000000000000000-0x0000000000000000-0x0000000000000000), size 0, SharedBaseAddress: 0x0000000800000000, ArchiveRelocationMode: 1.
Narrow klass base: 0x0000000000000000, Narrow klass shift: 0, Narrow klass range: 0x0

GC Precious Log:
 CardTable entry size: 512
 Card Set container configuration: InlinePtr #cards 5 size 8 Array Of Cards #cards 12 size 40 Howl #buckets 4 coarsen threshold 1843 Howl Bitmap #cards 512 size 80 coarsen threshold 460 Card regions per heap region 1 cards per card region 2048

Heap:
 garbage-first heap   total 0K, used 0K [0x0000000080000000, 0x0000000100000000)
  region size 1024K, 0 young (0K), 0 survivors (0K)
 Metaspace       used 0K, committed 0K, reserved 0K
  class space    used 0K, committed 0K, reserved 0K

Heap Regions: E=young(eden), S=young(survivor), O=old, HS=humongous(starts), HC=humongous(continues), CS=collection set, F=free, TAMS=top-at-mark-start, PB=parsable bottom

Card table byte_map: [0x0000021060d50000,0x0000021061150000] _byte_map_base: 0x0000021060950000

Marking Bits: (CMBitMap*) 0x000002104ca41070
 Bits: [0x0000021061150000, 0x0000021063150000)

GC Heap History (0 events):
No events

Dll operation events (1 events):
Event: 0.010 Loaded shared library C:\Program Files\JetBrains\WebStorm 2024.3.1.1\jbr\bin\java.dll

Deoptimization events (0 events):
No events

Classes loaded (0 events):
No events

Classes unloaded (0 events):
No events

Classes redefined (0 events):
No events

Internal exceptions (0 events):
No events

ZGC Phase Switch (0 events):
No events

VM Operations (0 events):
No events

Memory protections (0 events):
No events

Nmethod flushes (0 events):
No events

Events (0 events):
No events


Dynamic libraries:
0x00007ff668e70000 - 0x00007ff668e7a000 	C:\Program Files\JetBrains\WebStorm 2024.3.1.1\jbr\bin\java.exe
0x00007ffbac6e0000 - 0x00007ffbac943000 	C:\WINDOWS\SYSTEM32\ntdll.dll
0x00007ffb93780000 - 0x00007ffb9379a000 	C:\Program Files\Avast Software\Avast\aswhook.dll
0x00007ffbac200000 - 0x00007ffbac2c8000 	C:\WINDOWS\System32\KERNEL32.DLL
0x00007ffba9ac0000 - 0x00007ffba9e74000 	C:\WINDOWS\System32\KERNELBASE.dll
0x00007ffbaa260000 - 0x00007ffbaa3ab000 	C:\WINDOWS\System32\ucrtbase.dll
0x00007ffb8ff10000 - 0x00007ffb8ff28000 	C:\Program Files\JetBrains\WebStorm 2024.3.1.1\jbr\bin\jli.dll
0x00007ffb84560000 - 0x00007ffb8457b000 	C:\Program Files\JetBrains\WebStorm 2024.3.1.1\jbr\bin\VCRUNTIME140.dll
0x00007ffbab460000 - 0x00007ffbab629000 	C:\WINDOWS\System32\USER32.dll
0x00007ffba9a90000 - 0x00007ffba9ab7000 	C:\WINDOWS\System32\win32u.dll
0x00007ffb98c60000 - 0x00007ffb98ef0000 	C:\WINDOWS\WinSxS\amd64_microsoft.windows.common-controls_6595b64144ccf1df_6.0.26100.2702_none_3e069454e335fc5e\COMCTL32.dll
0x00007ffbabe90000 - 0x00007ffbabeba000 	C:\WINDOWS\System32\GDI32.dll
0x00007ffbac5f0000 - 0x00007ffbac699000 	C:\WINDOWS\System32\msvcrt.dll
0x00007ffbaa130000 - 0x00007ffbaa25b000 	C:\WINDOWS\System32\gdi32full.dll
0x00007ffbaa470000 - 0x00007ffbaa513000 	C:\WINDOWS\System32\msvcp_win.dll
0x00007ffbac4b0000 - 0x00007ffbac4df000 	C:\WINDOWS\System32\IMM32.DLL
0x00007ffb912b0000 - 0x00007ffb912bc000 	C:\Program Files\JetBrains\WebStorm 2024.3.1.1\jbr\bin\vcruntime140_1.dll
0x00007ffb66000000 - 0x00007ffb6608d000 	C:\Program Files\JetBrains\WebStorm 2024.3.1.1\jbr\bin\msvcp140.dll
0x00007ffa87460000 - 0x00007ffa88221000 	C:\Program Files\JetBrains\WebStorm 2024.3.1.1\jbr\bin\server\jvm.dll
0x00007ffbab630000 - 0x00007ffbab6e3000 	C:\WINDOWS\System32\ADVAPI32.dll
0x00007ffbac4f0000 - 0x00007ffbac596000 	C:\WINDOWS\System32\sechost.dll
0x00007ffbabf20000 - 0x00007ffbac036000 	C:\WINDOWS\System32\RPCRT4.dll
0x00007ffbab6f0000 - 0x00007ffbab764000 	C:\WINDOWS\System32\WS2_32.dll
0x00007ffba9920000 - 0x00007ffba996e000 	C:\WINDOWS\SYSTEM32\POWRPROF.dll
0x00007ffba3e10000 - 0x00007ffba3e1b000 	C:\WINDOWS\SYSTEM32\VERSION.dll
0x00007ffba6770000 - 0x00007ffba67a6000 	C:\WINDOWS\SYSTEM32\WINMM.dll
0x00007ffba9900000 - 0x00007ffba9914000 	C:\WINDOWS\SYSTEM32\UMPDC.dll
0x00007ffba8860000 - 0x00007ffba887a000 	C:\WINDOWS\SYSTEM32\kernel.appcore.dll
0x00007ffb90c20000 - 0x00007ffb90c2a000 	C:\Program Files\JetBrains\WebStorm 2024.3.1.1\jbr\bin\jimage.dll
0x00007ffba64e0000 - 0x00007ffba6721000 	C:\WINDOWS\SYSTEM32\DBGHELP.DLL
0x00007ffbab800000 - 0x00007ffbabb7e000 	C:\WINDOWS\System32\combase.dll
0x00007ffbabc10000 - 0x00007ffbabce6000 	C:\WINDOWS\System32\OLEAUT32.dll
0x00007ffba6730000 - 0x00007ffba6769000 	C:\WINDOWS\SYSTEM32\dbgcore.DLL
0x00007ffbaa000000 - 0x00007ffbaa099000 	C:\WINDOWS\System32\bcryptPrimitives.dll
0x00007ffb83200000 - 0x00007ffb83220000 	C:\Program Files\JetBrains\WebStorm 2024.3.1.1\jbr\bin\java.dll

dbghelp: loaded successfully - version: 4.0.5 - missing functions: none
symbol engine: initialized successfully - sym options: 0x614 - pdb path: .;C:\Program Files\JetBrains\WebStorm 2024.3.1.1\jbr\bin;C:\WINDOWS\SYSTEM32;C:\Program Files\Avast Software\Avast;C:\WINDOWS\WinSxS\amd64_microsoft.windows.common-controls_6595b64144ccf1df_6.0.26100.2702_none_3e069454e335fc5e;C:\Program Files\JetBrains\WebStorm 2024.3.1.1\jbr\bin\server

VM Arguments:
jvm_args: -Djava.rmi.server.hostname=127.0.0.1 -Duser.timezone=UTC -Xmx2048m -Xms128m -Djdbc.classpath=C:\Users\ISPROJ\AppData\Local\Temp\RemoteDriver23573.classpath.txt --add-exports=java.desktop/sun.awt=ALL-UNNAMED --add-exports=java.desktop/java.awt.peer=ALL-UNNAMED --add-opens=java.desktop/java.awt=ALL-UNNAMED --add-opens=jdk.unsupported/sun.misc=ALL-UNNAMED --add-opens=java.base/java.nio=ALL-UNNAMED --add-opens=java.base/java.util=ALL-UNNAMED -Dfile.encoding=UTF-8 -Dsun.stdout.encoding=UTF-8 -Dsun.stderr.encoding=UTF-8 
java_command: com.intellij.database.remote.RemoteJdbcServer com.mysql.cj.jdbc.Driver
java_class_path (initial): C:\Program Files\JetBrains\WebStorm 2024.3.1.1\lib\util_rt.jar;C:\Program Files\JetBrains\WebStorm 2024.3.1.1\lib\util-8.jar;C:\Program Files\JetBrains\WebStorm 2024.3.1.1\lib\groovy.jar;C:\Program Files\JetBrains\WebStorm 2024.3.1.1\plugins\DatabaseTools\lib\jdbc-console.jar;C:\Program Files\JetBrains\WebStorm 2024.3.1.1\plugins\grid-core-impl\lib\jdbc-console-types.jar;C:\Program Files\JetBrains\WebStorm 2024.3.1.1\lib\util.jar;C:\Program Files\JetBrains\WebStorm 2024.3.1.1\lib\bouncy-castle.jar
Launcher Type: SUN_STANDARD

[Global flags]
     intx CICompilerCount                          = 12                                        {product} {ergonomic}
     uint ConcGCThreads                            = 3                                         {product} {ergonomic}
     uint G1ConcRefinementThreads                  = 13                                        {product} {ergonomic}
   size_t G1HeapRegionSize                         = 1048576                                   {product} {ergonomic}
    uintx GCDrainStackTargetSize                   = 64                                        {product} {ergonomic}
   size_t InitialHeapSize                          = 134217728                                 {product} {command line}
   size_t MarkStackSize                            = 4194304                                   {product} {ergonomic}
   size_t MaxHeapSize                              = 2147483648                                {product} {command line}
   size_t MinHeapDeltaBytes                        = 1048576                                   {product} {ergonomic}
   size_t MinHeapSize                              = 134217728                                 {product} {command line}
    uintx NonNMethodCodeHeapSize                   = 7602480                                {pd product} {ergonomic}
    uintx NonProfiledCodeHeapSize                  = 122027880                              {pd product} {ergonomic}
    uintx ProfiledCodeHeapSize                     = 122027880                              {pd product} {ergonomic}
    uintx ReservedCodeCacheSize                    = 251658240                              {pd product} {ergonomic}
     bool SegmentedCodeCache                       = true                                      {product} {ergonomic}
   size_t SoftMaxHeapSize                          = 2147483648                             {manageable} {ergonomic}
     bool UseCompressedOops                        = true                           {product lp64_product} {ergonomic}
     bool UseG1GC                                  = true                                      {product} {ergonomic}
     bool UseLargePagesIndividualAllocation        = false                                  {pd product} {ergonomic}

Logging:
Log output configuration:
 #0: stdout all=warning uptime,level,tags foldmultilines=false
 #1: stderr all=off uptime,level,tags foldmultilines=false

Environment Variables:
JAVA_HOME=C:\Program Files\Eclipse Foundation\jdk-8.0.302.8-hotspot
PATH=C:\Program Files (x86)\VMware\VMware Player\bin\;C:\Ruby32-x64\bin;C:\Program Files (x86)\Microsoft SDKs\Azure\CLI2\wbin;C:\Program Files\Common Files\Oracle\Java\javapath;C:\Program Files (x86)\Common Files\Oracle\Java\javapath;C:\Program Files\Microsoft\jdk-11.0.16.101-hotspot\bin;C:\Program Files\Eclipse Foundation\jdk-8.0.302.8-hotspot\bin;C:\WINDOWS\system32;C:\WINDOWS;C:\WINDOWS\System32\Wbem;C:\WINDOWS\System32\WindowsPowerShell\v1.0\;C:\WINDOWS\System32\OpenSSH\;C:\Program Files (x86)\Microsoft SQL Server\160\Tools\Binn\;C:\Program Files\Microsoft SQL Server\160\Tools\Binn\;C:\Program Files\Microsoft SQL Server\Client SDK\ODBC\170\Tools\Binn\;C:\Program Files\Microsoft SQL Server\160\DTS\Binn\;C:\Program Files (x86)\Microsoft SQL Server\160\DTS\Binn\;C:\Program Files\Azure Data Studio\bin;C:\Program Files\Microsoft SQL Server\150\Tools\Binn\;C:\Program Files\dotnet\;C:\Program Files\Microsoft SQL Server\130\Tools\Binn\;C:\Program Files\nodejs;C:\Program Files\Microsoft VS Code\bin;C:\Users\Bytex\Documents\flutter_windows_3.13.9-stable\flutter\bin;C:\ProgramData\chocolatey\bin;C:\Program Files\SDelete;C:\Program Files\Git\cmd;C:\gradle-8.1.1-all\gradle-8.1.1\bin;C:\Users\AlphaChain\AppData\Roaming\npm;C:\Program Files\Docker\Docker\resources\bin;C:\Users\puyan\AppData\Local\Packages\PythonSoftwareFoundation.Python.3.11_qbz5n2kfra8p0\LocalCache\local-packages\Python311\Scripts;C:\Users\puyan\OneDrive\Documents\flutter\bin;C:\xampp\php;C:\Program Files\nodejs\;C:\Users\Bytex\.cargo\bin;C:\Users\Bytex\Downloads\aircrack-ng-1.7-win\aircrack-ng-1.7-win\bin;C:\Users\Bytex\.avm\bin;C:\Users\Bytex\AppData\Local\Pub\Cache\bin;C:\Users\Bytex\AppData\Roaming\npm;C:\xmpp\php;C:\Program Files\CMake\bin;C:\flutter\bin;C:\Users\Devcrafts\AppData\Roaming\npm;C:\Users\Devcrafts\AppData\Local\Pub\Cache\bin;C:\Program Files (x86)\Incredibuild;C:\Program Files\Go\bin;C:\Users\AlphaChain\AppData\Local\Programs\Python\Python312\Scripts;C:\kotlinc\bin;C:\ProgramData\ComposerSetup\bin;C:\Program Files\MySQL\MySQL Shell 8.0\bin\;C:\Users\ISPROJ\.config\herd-lite\bin;C:\Users\ISPROJ\AppData\Local\pnpm;C:\Users\ISPROJ\Documents\flutter\bin;C:\Users\ISPROJ\AppData\Local\Microsoft\WindowsApps;C:\Users\ISPROJ\.dotnet\tools;C:\Users\ISPROJ\AppData\Roaming\Composer\vendor\bin;C:\Users\ISPROJ\AppData\Roaming\Composer\vendor\bin;;C:\Program Files\JetBrains\WebStorm 2024.3.1.1\bin;
USERNAME=ISPROJ
OS=Windows_NT
PROCESSOR_IDENTIFIER=AMD64 Family 25 Model 80 Stepping 0, AuthenticAMD
TMP=C:\Users\ISPROJ\AppData\Local\Temp
TEMP=C:\Users\ISPROJ\AppData\Local\Temp




Periodic native trim disabled

JNI global refs:
JNI global refs: 0, weak refs: 0

JNI global refs memory usage: 0, weak refs: 0

Process memory usage:
Resident Set Size: 13124K (0% of 16153756K total physical memory with 1421812K free physical memory)

OOME stack traces (most recent first):
Classloader memory used:

---------------  S Y S T E M  ---------------

OS:
 Windows 11 , 64 bit Build 26100 (10.0.26100.2702)
OS uptime: 0 days 1:34 hours
Hyper-V role detected

CPU: total 16 (initial active 16) (16 cores per cpu, 2 threads per core) family 25 model 80 stepping 0 microcode 0xa50000c, cx8, cmov, fxsr, ht, mmx, 3dnowpref, sse, sse2, sse3, ssse3, sse4a, sse4.1, sse4.2, popcnt, lzcnt, tsc, tscinvbit, avx, avx2, aes, erms, clmul, bmi1, bmi2, adx, sha, fma, vzeroupper, clflush, clflushopt, hv, rdtscp, rdpid, fsrm, f16c, cet_ss
Processor Information for all 16 processors :
  Max Mhz: 3301, Current Mhz: 3301, Mhz Limit: 3301

Memory: 4k page, system-wide physical 15775M (1388M free)
TotalPageFile size 39018M (AvailPageFile size 126M)
current process WorkingSet (physical memory assigned to process): 12M, peak: 12M
current process commit charge ("private bytes"): 71M, peak: 199M

vm_info: OpenJDK 64-Bit Server VM (21.0.5+8-b631.28) for windows-amd64 JRE (21.0.5+8-b631.28), built on 2024-11-23 by "builduser" with MS VC++ 16.10 / 16.11 (VS2019)

END.
