#
# There is insufficient memory for the Java Runtime Environment to continue.
# Native memory allocation (malloc) failed to allocate 876016 bytes. Error detail: Chunk::new
# Possible reasons:
#   The system is out of physical RAM or swap space
#   This process is running with CompressedOops enabled, and the Java Heap may be blocking the growth of the native heap
# Possible solutions:
#   Reduce memory load on the system
#   Increase physical memory or swap space
#   Check if swap backing store is full
#   Decrease Java heap size (-Xmx/-Xms)
#   Decrease number of Java threads
#   Decrease Java thread stack sizes (-Xss)
#   Set larger code cache with -XX:ReservedCodeCacheSize=
#   JVM is running with Zero Based Compressed Oops mode in which the Java heap is
#     placed in the first 32GB address space. The Java Heap base address is the
#     maximum limit for the native heap growth. Please use -XX:HeapBaseMinAddress
#     to set the Java Heap base and to place the Java Heap above 32GB virtual address.
# This output file may be truncated or incomplete.
#
#  Out of Memory Error (arena.cpp:168), pid=38620, tid=40112
#
# JRE version: OpenJDK Runtime Environment JBR-21.0.5+8-631.28-jcef (21.0.5+8) (build 21.0.5+8-b631.28)
# Java VM: OpenJDK 64-Bit Server VM JBR-21.0.5+8-631.28-jcef (21.0.5+8-b631.28, mixed mode, sharing, tiered, compressed oops, compressed class ptrs, g1 gc, windows-amd64)
# No core dump will be written. Minidumps are not enabled by default on client versions of Windows
#

---------------  S U M M A R Y ------------

Command Line: git4idea.http.GitAskPassApp Password for 'https://BryLim-AI@github.com': 

Host: AMD Ryzen 9 5900HS with Radeon Graphics        , 16 cores, 15G,  Windows 11 , 64 bit Build 26100 (10.0.26100.2702)
Time: Tue Feb 11 09:12:26 2025 Malay Peninsula Standard Time elapsed time: 1.147214 seconds (0d 0h 0m 1s)

---------------  T H R E A D  ---------------

Current thread (0x0000029d7a49bf70):  JavaThread "C2 CompilerThread0" daemon [_thread_in_native, id=40112, stack(0x000000d3a2e00000,0x000000d3a2f00000) (1024K)]


Current CompileTask:
C2:1147 1186       4       sun.security.ec.ECOperations::setDouble (463 bytes)

Stack: [0x000000d3a2e00000,0x000000d3a2f00000]
Native frames: (J=compiled Java code, j=interpreted, Vv=VM code, C=native code)
V  [jvm.dll+0x6e52b9]
V  [jvm.dll+0x8c3633]
V  [jvm.dll+0x8c5b8e]
V  [jvm.dll+0x8c6273]
V  [jvm.dll+0x288f46]
V  [jvm.dll+0xc66dd]
V  [jvm.dll+0xc6c13]
V  [jvm.dll+0x2feb50]
V  [jvm.dll+0x60c609]
V  [jvm.dll+0x2598a2]
V  [jvm.dll+0x259c5f]
V  [jvm.dll+0x252415]
V  [jvm.dll+0x24fc6e]
V  [jvm.dll+0x1cd6a4]
V  [jvm.dll+0x25f5dc]
V  [jvm.dll+0x25db26]
V  [jvm.dll+0x3ff5e6]
V  [jvm.dll+0x86b248]
V  [jvm.dll+0x6e3abd]
C  [ucrtbase.dll+0x14ea0]
C  [KERNEL32.DLL+0x2e8d7]
C  [ntdll.dll+0xdf36c]


---------------  P R O C E S S  ---------------

Threads class SMR info:
_java_thread_list=0x0000029d54974360, length=18, elements={
0x0000029d6c776770, 0x0000029d7a48bea0, 0x0000029d7a48caa0, 0x0000029d7a492bf0,
0x0000029d7a4939f0, 0x0000029d7a494d90, 0x0000029d7a496390, 0x0000029d7a49bf70,
0x0000029d7a49e5b0, 0x0000029d7a45e470, 0x0000029d5427a000, 0x0000029d5427b830,
0x0000029d543b3950, 0x0000029d54933360, 0x0000029d549cea70, 0x0000029d54ab6ce0,
0x0000029d549b6a90, 0x0000029d549b7130
}

Java Threads: ( => current thread )
  0x0000029d6c776770 JavaThread "main"                              [_thread_blocked, id=38892, stack(0x000000d3a2000000,0x000000d3a2100000) (1024K)]
  0x0000029d7a48bea0 JavaThread "Reference Handler"          daemon [_thread_blocked, id=38424, stack(0x000000d3a2800000,0x000000d3a2900000) (1024K)]
  0x0000029d7a48caa0 JavaThread "Finalizer"                  daemon [_thread_blocked, id=35496, stack(0x000000d3a2900000,0x000000d3a2a00000) (1024K)]
  0x0000029d7a492bf0 JavaThread "Signal Dispatcher"          daemon [_thread_blocked, id=8216, stack(0x000000d3a2a00000,0x000000d3a2b00000) (1024K)]
  0x0000029d7a4939f0 JavaThread "Attach Listener"            daemon [_thread_blocked, id=27100, stack(0x000000d3a2b00000,0x000000d3a2c00000) (1024K)]
  0x0000029d7a494d90 JavaThread "Service Thread"             daemon [_thread_blocked, id=39192, stack(0x000000d3a2c00000,0x000000d3a2d00000) (1024K)]
  0x0000029d7a496390 JavaThread "Monitor Deflation Thread"   daemon [_thread_blocked, id=39812, stack(0x000000d3a2d00000,0x000000d3a2e00000) (1024K)]
=>0x0000029d7a49bf70 JavaThread "C2 CompilerThread0"         daemon [_thread_in_native, id=40112, stack(0x000000d3a2e00000,0x000000d3a2f00000) (1024K)]
  0x0000029d7a49e5b0 JavaThread "C1 CompilerThread0"         daemon [_thread_blocked, id=37480, stack(0x000000d3a2f00000,0x000000d3a3000000) (1024K)]
  0x0000029d7a45e470 JavaThread "C1 CompilerThread1"         daemon [_thread_blocked, id=40396, stack(0x000000d3a3000000,0x000000d3a3100000) (1024K)]
  0x0000029d5427a000 JavaThread "Notification Thread"        daemon [_thread_blocked, id=38600, stack(0x000000d3a3100000,0x000000d3a3200000) (1024K)]
  0x0000029d5427b830 JavaThread "Common-Cleaner"             daemon [_thread_blocked, id=37072, stack(0x000000d3a3200000,0x000000d3a3300000) (1024K)]
  0x0000029d543b3950 JavaThread "C1 CompilerThread2"         daemon [_thread_blocked, id=38604, stack(0x000000d3a3300000,0x000000d3a3400000) (1024K)]
  0x0000029d54933360 JavaThread "HttpClient-1-SelectorManager" daemon [_thread_in_native, id=36364, stack(0x000000d3a3400000,0x000000d3a3500000) (1024K)]
  0x0000029d549cea70 JavaThread "HttpClient-1-Worker-0"      daemon [_thread_blocked, id=21988, stack(0x000000d3a3600000,0x000000d3a3700000) (1024K)]
  0x0000029d54ab6ce0 JavaThread "HttpClient-1-Worker-1"      daemon [_thread_blocked, id=9768, stack(0x000000d3a3700000,0x000000d3a3800000) (1024K)]
  0x0000029d549b6a90 JavaThread "C2 CompilerThread1"         daemon [_thread_blocked, id=6848, stack(0x000000d3a3800000,0x000000d3a3900000) (1024K)]
  0x0000029d549b7130 JavaThread "C2 CompilerThread2"         daemon [_thread_blocked, id=39872, stack(0x000000d3a3900000,0x000000d3a3a00000) (1024K)]
Total: 18

Other Threads:
  0x0000029d7a46f2a0 VMThread "VM Thread"                           [id=31536, stack(0x000000d3a2700000,0x000000d3a2800000) (1024K)]
  0x0000029d7a45d280 WatcherThread "VM Periodic Task Thread"        [id=37080, stack(0x000000d3a2600000,0x000000d3a2700000) (1024K)]
  0x0000029d6eaa73a0 WorkerThread "GC Thread#0"                     [id=36888, stack(0x000000d3a2100000,0x000000d3a2200000) (1024K)]
  0x0000029d6eab8950 ConcurrentGCThread "G1 Main Marker"            [id=36660, stack(0x000000d3a2200000,0x000000d3a2300000) (1024K)]
  0x0000029d6eab9bf0 WorkerThread "G1 Conc#0"                       [id=34412, stack(0x000000d3a2300000,0x000000d3a2400000) (1024K)]
  0x0000029d7a324450 ConcurrentGCThread "G1 Refine#0"               [id=34540, stack(0x000000d3a2400000,0x000000d3a2500000) (1024K)]
  0x0000029d7a327d80 ConcurrentGCThread "G1 Service"                [id=14468, stack(0x000000d3a2500000,0x000000d3a2600000) (1024K)]
Total: 7

Threads with active compile tasks:
C2 CompilerThread0  1229 1186       4       sun.security.ec.ECOperations::setDouble (463 bytes)
Total: 1

VM state: not at safepoint (normal execution)

VM Mutex/Monitor currently owned by a thread: None

Heap address: 0x0000000709800000, size: 3944 MB, Compressed Oops mode: Zero based, Oop shift amount: 3

CDS archive(s) mapped at: [0x0000029d0f000000-0x0000029d0fd00000-0x0000029d0fd00000), size 13631488, SharedBaseAddress: 0x0000029d0f000000, ArchiveRelocationMode: 1.
Compressed class space mapped at: 0x0000029d10000000-0x0000029d50000000, reserved size: 1073741824
Narrow klass base: 0x0000029d0f000000, Narrow klass shift: 0, Narrow klass range: 0x100000000

GC Precious Log:
 CardTable entry size: 512
 Card Set container configuration: InlinePtr #cards 4 size 8 Array Of Cards #cards 16 size 48 Howl #buckets 8 coarsen threshold 3686 Howl Bitmap #cards 512 size 80 coarsen threshold 460 Card regions per heap region 1 cards per card region 4096
 CPUs: 16 total, 16 available
 Memory: 15775M
 Large Page Support: Disabled
 NUMA Support: Disabled
 Compressed Oops: Enabled (Zero based)
 Heap Region Size: 2M
 Heap Min Capacity: 8M
 Heap Initial Capacity: 248M
 Heap Max Capacity: 3944M
 Pre-touch: Disabled
 Parallel Workers: 13
 Concurrent Workers: 3
 Concurrent Refinement Workers: 13
 Periodic GC: Disabled

Heap:
 garbage-first heap   total 253952K, used 18432K [0x0000000709800000, 0x0000000800000000)
  region size 2048K, 10 young (20480K), 0 survivors (0K)
 Metaspace       used 9609K, committed 9856K, reserved 1114112K
  class space    used 1102K, committed 1216K, reserved 1048576K

Heap Regions: E=young(eden), S=young(survivor), O=old, HS=humongous(starts), HC=humongous(continues), CS=collection set, F=free, TAMS=top-at-mark-start, PB=parsable bottom
|   0|0x0000000709800000, 0x0000000709800000, 0x0000000709a00000|  0%| F|  |TAMS 0x0000000709800000| PB 0x0000000709800000| Untracked 
|   1|0x0000000709a00000, 0x0000000709a00000, 0x0000000709c00000|  0%| F|  |TAMS 0x0000000709a00000| PB 0x0000000709a00000| Untracked 
|   2|0x0000000709c00000, 0x0000000709c00000, 0x0000000709e00000|  0%| F|  |TAMS 0x0000000709c00000| PB 0x0000000709c00000| Untracked 
|   3|0x0000000709e00000, 0x0000000709e00000, 0x000000070a000000|  0%| F|  |TAMS 0x0000000709e00000| PB 0x0000000709e00000| Untracked 
|   4|0x000000070a000000, 0x000000070a000000, 0x000000070a200000|  0%| F|  |TAMS 0x000000070a000000| PB 0x000000070a000000| Untracked 
|   5|0x000000070a200000, 0x000000070a200000, 0x000000070a400000|  0%| F|  |TAMS 0x000000070a200000| PB 0x000000070a200000| Untracked 
|   6|0x000000070a400000, 0x000000070a400000, 0x000000070a600000|  0%| F|  |TAMS 0x000000070a400000| PB 0x000000070a400000| Untracked 
|   7|0x000000070a600000, 0x000000070a600000, 0x000000070a800000|  0%| F|  |TAMS 0x000000070a600000| PB 0x000000070a600000| Untracked 
|   8|0x000000070a800000, 0x000000070a800000, 0x000000070aa00000|  0%| F|  |TAMS 0x000000070a800000| PB 0x000000070a800000| Untracked 
|   9|0x000000070aa00000, 0x000000070aa00000, 0x000000070ac00000|  0%| F|  |TAMS 0x000000070aa00000| PB 0x000000070aa00000| Untracked 
|  10|0x000000070ac00000, 0x000000070ac00000, 0x000000070ae00000|  0%| F|  |TAMS 0x000000070ac00000| PB 0x000000070ac00000| Untracked 
|  11|0x000000070ae00000, 0x000000070ae00000, 0x000000070b000000|  0%| F|  |TAMS 0x000000070ae00000| PB 0x000000070ae00000| Untracked 
|  12|0x000000070b000000, 0x000000070b000000, 0x000000070b200000|  0%| F|  |TAMS 0x000000070b000000| PB 0x000000070b000000| Untracked 
|  13|0x000000070b200000, 0x000000070b200000, 0x000000070b400000|  0%| F|  |TAMS 0x000000070b200000| PB 0x000000070b200000| Untracked 
|  14|0x000000070b400000, 0x000000070b400000, 0x000000070b600000|  0%| F|  |TAMS 0x000000070b400000| PB 0x000000070b400000| Untracked 
|  15|0x000000070b600000, 0x000000070b600000, 0x000000070b800000|  0%| F|  |TAMS 0x000000070b600000| PB 0x000000070b600000| Untracked 
|  16|0x000000070b800000, 0x000000070b800000, 0x000000070ba00000|  0%| F|  |TAMS 0x000000070b800000| PB 0x000000070b800000| Untracked 
|  17|0x000000070ba00000, 0x000000070ba00000, 0x000000070bc00000|  0%| F|  |TAMS 0x000000070ba00000| PB 0x000000070ba00000| Untracked 
|  18|0x000000070bc00000, 0x000000070bc00000, 0x000000070be00000|  0%| F|  |TAMS 0x000000070bc00000| PB 0x000000070bc00000| Untracked 
|  19|0x000000070be00000, 0x000000070be00000, 0x000000070c000000|  0%| F|  |TAMS 0x000000070be00000| PB 0x000000070be00000| Untracked 
|  20|0x000000070c000000, 0x000000070c000000, 0x000000070c200000|  0%| F|  |TAMS 0x000000070c000000| PB 0x000000070c000000| Untracked 
|  21|0x000000070c200000, 0x000000070c200000, 0x000000070c400000|  0%| F|  |TAMS 0x000000070c200000| PB 0x000000070c200000| Untracked 
|  22|0x000000070c400000, 0x000000070c400000, 0x000000070c600000|  0%| F|  |TAMS 0x000000070c400000| PB 0x000000070c400000| Untracked 
|  23|0x000000070c600000, 0x000000070c600000, 0x000000070c800000|  0%| F|  |TAMS 0x000000070c600000| PB 0x000000070c600000| Untracked 
|  24|0x000000070c800000, 0x000000070c800000, 0x000000070ca00000|  0%| F|  |TAMS 0x000000070c800000| PB 0x000000070c800000| Untracked 
|  25|0x000000070ca00000, 0x000000070ca00000, 0x000000070cc00000|  0%| F|  |TAMS 0x000000070ca00000| PB 0x000000070ca00000| Untracked 
|  26|0x000000070cc00000, 0x000000070cc00000, 0x000000070ce00000|  0%| F|  |TAMS 0x000000070cc00000| PB 0x000000070cc00000| Untracked 
|  27|0x000000070ce00000, 0x000000070ce00000, 0x000000070d000000|  0%| F|  |TAMS 0x000000070ce00000| PB 0x000000070ce00000| Untracked 
|  28|0x000000070d000000, 0x000000070d000000, 0x000000070d200000|  0%| F|  |TAMS 0x000000070d000000| PB 0x000000070d000000| Untracked 
|  29|0x000000070d200000, 0x000000070d200000, 0x000000070d400000|  0%| F|  |TAMS 0x000000070d200000| PB 0x000000070d200000| Untracked 
|  30|0x000000070d400000, 0x000000070d400000, 0x000000070d600000|  0%| F|  |TAMS 0x000000070d400000| PB 0x000000070d400000| Untracked 
|  31|0x000000070d600000, 0x000000070d600000, 0x000000070d800000|  0%| F|  |TAMS 0x000000070d600000| PB 0x000000070d600000| Untracked 
|  32|0x000000070d800000, 0x000000070d800000, 0x000000070da00000|  0%| F|  |TAMS 0x000000070d800000| PB 0x000000070d800000| Untracked 
|  33|0x000000070da00000, 0x000000070da00000, 0x000000070dc00000|  0%| F|  |TAMS 0x000000070da00000| PB 0x000000070da00000| Untracked 
|  34|0x000000070dc00000, 0x000000070dc00000, 0x000000070de00000|  0%| F|  |TAMS 0x000000070dc00000| PB 0x000000070dc00000| Untracked 
|  35|0x000000070de00000, 0x000000070de00000, 0x000000070e000000|  0%| F|  |TAMS 0x000000070de00000| PB 0x000000070de00000| Untracked 
|  36|0x000000070e000000, 0x000000070e000000, 0x000000070e200000|  0%| F|  |TAMS 0x000000070e000000| PB 0x000000070e000000| Untracked 
|  37|0x000000070e200000, 0x000000070e200000, 0x000000070e400000|  0%| F|  |TAMS 0x000000070e200000| PB 0x000000070e200000| Untracked 
|  38|0x000000070e400000, 0x000000070e400000, 0x000000070e600000|  0%| F|  |TAMS 0x000000070e400000| PB 0x000000070e400000| Untracked 
|  39|0x000000070e600000, 0x000000070e600000, 0x000000070e800000|  0%| F|  |TAMS 0x000000070e600000| PB 0x000000070e600000| Untracked 
|  40|0x000000070e800000, 0x000000070e800000, 0x000000070ea00000|  0%| F|  |TAMS 0x000000070e800000| PB 0x000000070e800000| Untracked 
|  41|0x000000070ea00000, 0x000000070ea00000, 0x000000070ec00000|  0%| F|  |TAMS 0x000000070ea00000| PB 0x000000070ea00000| Untracked 
|  42|0x000000070ec00000, 0x000000070ec00000, 0x000000070ee00000|  0%| F|  |TAMS 0x000000070ec00000| PB 0x000000070ec00000| Untracked 
|  43|0x000000070ee00000, 0x000000070ee00000, 0x000000070f000000|  0%| F|  |TAMS 0x000000070ee00000| PB 0x000000070ee00000| Untracked 
|  44|0x000000070f000000, 0x000000070f000000, 0x000000070f200000|  0%| F|  |TAMS 0x000000070f000000| PB 0x000000070f000000| Untracked 
|  45|0x000000070f200000, 0x000000070f200000, 0x000000070f400000|  0%| F|  |TAMS 0x000000070f200000| PB 0x000000070f200000| Untracked 
|  46|0x000000070f400000, 0x000000070f400000, 0x000000070f600000|  0%| F|  |TAMS 0x000000070f400000| PB 0x000000070f400000| Untracked 
|  47|0x000000070f600000, 0x000000070f600000, 0x000000070f800000|  0%| F|  |TAMS 0x000000070f600000| PB 0x000000070f600000| Untracked 
|  48|0x000000070f800000, 0x000000070f800000, 0x000000070fa00000|  0%| F|  |TAMS 0x000000070f800000| PB 0x000000070f800000| Untracked 
|  49|0x000000070fa00000, 0x000000070fa00000, 0x000000070fc00000|  0%| F|  |TAMS 0x000000070fa00000| PB 0x000000070fa00000| Untracked 
|  50|0x000000070fc00000, 0x000000070fc00000, 0x000000070fe00000|  0%| F|  |TAMS 0x000000070fc00000| PB 0x000000070fc00000| Untracked 
|  51|0x000000070fe00000, 0x000000070fe00000, 0x0000000710000000|  0%| F|  |TAMS 0x000000070fe00000| PB 0x000000070fe00000| Untracked 
|  52|0x0000000710000000, 0x0000000710000000, 0x0000000710200000|  0%| F|  |TAMS 0x0000000710000000| PB 0x0000000710000000| Untracked 
|  53|0x0000000710200000, 0x0000000710200000, 0x0000000710400000|  0%| F|  |TAMS 0x0000000710200000| PB 0x0000000710200000| Untracked 
|  54|0x0000000710400000, 0x0000000710400000, 0x0000000710600000|  0%| F|  |TAMS 0x0000000710400000| PB 0x0000000710400000| Untracked 
|  55|0x0000000710600000, 0x0000000710600000, 0x0000000710800000|  0%| F|  |TAMS 0x0000000710600000| PB 0x0000000710600000| Untracked 
|  56|0x0000000710800000, 0x0000000710800000, 0x0000000710a00000|  0%| F|  |TAMS 0x0000000710800000| PB 0x0000000710800000| Untracked 
|  57|0x0000000710a00000, 0x0000000710a00000, 0x0000000710c00000|  0%| F|  |TAMS 0x0000000710a00000| PB 0x0000000710a00000| Untracked 
|  58|0x0000000710c00000, 0x0000000710c00000, 0x0000000710e00000|  0%| F|  |TAMS 0x0000000710c00000| PB 0x0000000710c00000| Untracked 
|  59|0x0000000710e00000, 0x0000000710e00000, 0x0000000711000000|  0%| F|  |TAMS 0x0000000710e00000| PB 0x0000000710e00000| Untracked 
|  60|0x0000000711000000, 0x0000000711000000, 0x0000000711200000|  0%| F|  |TAMS 0x0000000711000000| PB 0x0000000711000000| Untracked 
|  61|0x0000000711200000, 0x0000000711200000, 0x0000000711400000|  0%| F|  |TAMS 0x0000000711200000| PB 0x0000000711200000| Untracked 
|  62|0x0000000711400000, 0x0000000711400000, 0x0000000711600000|  0%| F|  |TAMS 0x0000000711400000| PB 0x0000000711400000| Untracked 
|  63|0x0000000711600000, 0x0000000711600000, 0x0000000711800000|  0%| F|  |TAMS 0x0000000711600000| PB 0x0000000711600000| Untracked 
|  64|0x0000000711800000, 0x0000000711800000, 0x0000000711a00000|  0%| F|  |TAMS 0x0000000711800000| PB 0x0000000711800000| Untracked 
|  65|0x0000000711a00000, 0x0000000711a00000, 0x0000000711c00000|  0%| F|  |TAMS 0x0000000711a00000| PB 0x0000000711a00000| Untracked 
|  66|0x0000000711c00000, 0x0000000711c00000, 0x0000000711e00000|  0%| F|  |TAMS 0x0000000711c00000| PB 0x0000000711c00000| Untracked 
|  67|0x0000000711e00000, 0x0000000711e00000, 0x0000000712000000|  0%| F|  |TAMS 0x0000000711e00000| PB 0x0000000711e00000| Untracked 
|  68|0x0000000712000000, 0x0000000712000000, 0x0000000712200000|  0%| F|  |TAMS 0x0000000712000000| PB 0x0000000712000000| Untracked 
|  69|0x0000000712200000, 0x0000000712200000, 0x0000000712400000|  0%| F|  |TAMS 0x0000000712200000| PB 0x0000000712200000| Untracked 
|  70|0x0000000712400000, 0x0000000712400000, 0x0000000712600000|  0%| F|  |TAMS 0x0000000712400000| PB 0x0000000712400000| Untracked 
|  71|0x0000000712600000, 0x0000000712600000, 0x0000000712800000|  0%| F|  |TAMS 0x0000000712600000| PB 0x0000000712600000| Untracked 
|  72|0x0000000712800000, 0x0000000712800000, 0x0000000712a00000|  0%| F|  |TAMS 0x0000000712800000| PB 0x0000000712800000| Untracked 
|  73|0x0000000712a00000, 0x0000000712a00000, 0x0000000712c00000|  0%| F|  |TAMS 0x0000000712a00000| PB 0x0000000712a00000| Untracked 
|  74|0x0000000712c00000, 0x0000000712c00000, 0x0000000712e00000|  0%| F|  |TAMS 0x0000000712c00000| PB 0x0000000712c00000| Untracked 
|  75|0x0000000712e00000, 0x0000000712e00000, 0x0000000713000000|  0%| F|  |TAMS 0x0000000712e00000| PB 0x0000000712e00000| Untracked 
|  76|0x0000000713000000, 0x0000000713000000, 0x0000000713200000|  0%| F|  |TAMS 0x0000000713000000| PB 0x0000000713000000| Untracked 
|  77|0x0000000713200000, 0x0000000713200000, 0x0000000713400000|  0%| F|  |TAMS 0x0000000713200000| PB 0x0000000713200000| Untracked 
|  78|0x0000000713400000, 0x0000000713400000, 0x0000000713600000|  0%| F|  |TAMS 0x0000000713400000| PB 0x0000000713400000| Untracked 
|  79|0x0000000713600000, 0x0000000713600000, 0x0000000713800000|  0%| F|  |TAMS 0x0000000713600000| PB 0x0000000713600000| Untracked 
|  80|0x0000000713800000, 0x0000000713800000, 0x0000000713a00000|  0%| F|  |TAMS 0x0000000713800000| PB 0x0000000713800000| Untracked 
|  81|0x0000000713a00000, 0x0000000713a00000, 0x0000000713c00000|  0%| F|  |TAMS 0x0000000713a00000| PB 0x0000000713a00000| Untracked 
|  82|0x0000000713c00000, 0x0000000713c00000, 0x0000000713e00000|  0%| F|  |TAMS 0x0000000713c00000| PB 0x0000000713c00000| Untracked 
|  83|0x0000000713e00000, 0x0000000713e00000, 0x0000000714000000|  0%| F|  |TAMS 0x0000000713e00000| PB 0x0000000713e00000| Untracked 
|  84|0x0000000714000000, 0x0000000714000000, 0x0000000714200000|  0%| F|  |TAMS 0x0000000714000000| PB 0x0000000714000000| Untracked 
|  85|0x0000000714200000, 0x0000000714200000, 0x0000000714400000|  0%| F|  |TAMS 0x0000000714200000| PB 0x0000000714200000| Untracked 
|  86|0x0000000714400000, 0x0000000714400000, 0x0000000714600000|  0%| F|  |TAMS 0x0000000714400000| PB 0x0000000714400000| Untracked 
|  87|0x0000000714600000, 0x0000000714600000, 0x0000000714800000|  0%| F|  |TAMS 0x0000000714600000| PB 0x0000000714600000| Untracked 
|  88|0x0000000714800000, 0x0000000714800000, 0x0000000714a00000|  0%| F|  |TAMS 0x0000000714800000| PB 0x0000000714800000| Untracked 
|  89|0x0000000714a00000, 0x0000000714a00000, 0x0000000714c00000|  0%| F|  |TAMS 0x0000000714a00000| PB 0x0000000714a00000| Untracked 
|  90|0x0000000714c00000, 0x0000000714c00000, 0x0000000714e00000|  0%| F|  |TAMS 0x0000000714c00000| PB 0x0000000714c00000| Untracked 
|  91|0x0000000714e00000, 0x0000000714e00000, 0x0000000715000000|  0%| F|  |TAMS 0x0000000714e00000| PB 0x0000000714e00000| Untracked 
|  92|0x0000000715000000, 0x0000000715000000, 0x0000000715200000|  0%| F|  |TAMS 0x0000000715000000| PB 0x0000000715000000| Untracked 
|  93|0x0000000715200000, 0x0000000715200000, 0x0000000715400000|  0%| F|  |TAMS 0x0000000715200000| PB 0x0000000715200000| Untracked 
|  94|0x0000000715400000, 0x0000000715400000, 0x0000000715600000|  0%| F|  |TAMS 0x0000000715400000| PB 0x0000000715400000| Untracked 
|  95|0x0000000715600000, 0x0000000715600000, 0x0000000715800000|  0%| F|  |TAMS 0x0000000715600000| PB 0x0000000715600000| Untracked 
|  96|0x0000000715800000, 0x0000000715800000, 0x0000000715a00000|  0%| F|  |TAMS 0x0000000715800000| PB 0x0000000715800000| Untracked 
|  97|0x0000000715a00000, 0x0000000715a00000, 0x0000000715c00000|  0%| F|  |TAMS 0x0000000715a00000| PB 0x0000000715a00000| Untracked 
|  98|0x0000000715c00000, 0x0000000715c00000, 0x0000000715e00000|  0%| F|  |TAMS 0x0000000715c00000| PB 0x0000000715c00000| Untracked 
|  99|0x0000000715e00000, 0x0000000715e00000, 0x0000000716000000|  0%| F|  |TAMS 0x0000000715e00000| PB 0x0000000715e00000| Untracked 
| 100|0x0000000716000000, 0x0000000716000000, 0x0000000716200000|  0%| F|  |TAMS 0x0000000716000000| PB 0x0000000716000000| Untracked 
| 101|0x0000000716200000, 0x0000000716200000, 0x0000000716400000|  0%| F|  |TAMS 0x0000000716200000| PB 0x0000000716200000| Untracked 
| 102|0x0000000716400000, 0x0000000716400000, 0x0000000716600000|  0%| F|  |TAMS 0x0000000716400000| PB 0x0000000716400000| Untracked 
| 103|0x0000000716600000, 0x0000000716600000, 0x0000000716800000|  0%| F|  |TAMS 0x0000000716600000| PB 0x0000000716600000| Untracked 
| 104|0x0000000716800000, 0x0000000716800000, 0x0000000716a00000|  0%| F|  |TAMS 0x0000000716800000| PB 0x0000000716800000| Untracked 
| 105|0x0000000716a00000, 0x0000000716a00000, 0x0000000716c00000|  0%| F|  |TAMS 0x0000000716a00000| PB 0x0000000716a00000| Untracked 
| 106|0x0000000716c00000, 0x0000000716c00000, 0x0000000716e00000|  0%| F|  |TAMS 0x0000000716c00000| PB 0x0000000716c00000| Untracked 
| 107|0x0000000716e00000, 0x0000000716e00000, 0x0000000717000000|  0%| F|  |TAMS 0x0000000716e00000| PB 0x0000000716e00000| Untracked 
| 108|0x0000000717000000, 0x0000000717000000, 0x0000000717200000|  0%| F|  |TAMS 0x0000000717000000| PB 0x0000000717000000| Untracked 
| 109|0x0000000717200000, 0x0000000717200000, 0x0000000717400000|  0%| F|  |TAMS 0x0000000717200000| PB 0x0000000717200000| Untracked 
| 110|0x0000000717400000, 0x0000000717400000, 0x0000000717600000|  0%| F|  |TAMS 0x0000000717400000| PB 0x0000000717400000| Untracked 
| 111|0x0000000717600000, 0x0000000717600000, 0x0000000717800000|  0%| F|  |TAMS 0x0000000717600000| PB 0x0000000717600000| Untracked 
| 112|0x0000000717800000, 0x0000000717800000, 0x0000000717a00000|  0%| F|  |TAMS 0x0000000717800000| PB 0x0000000717800000| Untracked 
| 113|0x0000000717a00000, 0x0000000717a00000, 0x0000000717c00000|  0%| F|  |TAMS 0x0000000717a00000| PB 0x0000000717a00000| Untracked 
| 114|0x0000000717c00000, 0x0000000717c70a50, 0x0000000717e00000| 22%| E|  |TAMS 0x0000000717c00000| PB 0x0000000717c00000| Complete 
| 115|0x0000000717e00000, 0x0000000718000000, 0x0000000718000000|100%| E|CS|TAMS 0x0000000717e00000| PB 0x0000000717e00000| Complete 
| 116|0x0000000718000000, 0x0000000718200000, 0x0000000718200000|100%| E|CS|TAMS 0x0000000718000000| PB 0x0000000718000000| Complete 
| 117|0x0000000718200000, 0x0000000718400000, 0x0000000718400000|100%| E|CS|TAMS 0x0000000718200000| PB 0x0000000718200000| Complete 
| 118|0x0000000718400000, 0x0000000718600000, 0x0000000718600000|100%| E|CS|TAMS 0x0000000718400000| PB 0x0000000718400000| Complete 
| 119|0x0000000718600000, 0x0000000718800000, 0x0000000718800000|100%| E|CS|TAMS 0x0000000718600000| PB 0x0000000718600000| Complete 
| 120|0x0000000718800000, 0x0000000718a00000, 0x0000000718a00000|100%| E|CS|TAMS 0x0000000718800000| PB 0x0000000718800000| Complete 
| 121|0x0000000718a00000, 0x0000000718c00000, 0x0000000718c00000|100%| E|CS|TAMS 0x0000000718a00000| PB 0x0000000718a00000| Complete 
| 122|0x0000000718c00000, 0x0000000718e00000, 0x0000000718e00000|100%| E|CS|TAMS 0x0000000718c00000| PB 0x0000000718c00000| Complete 
| 123|0x0000000718e00000, 0x0000000719000000, 0x0000000719000000|100%| E|CS|TAMS 0x0000000718e00000| PB 0x0000000718e00000| Complete 

Card table byte_map: [0x0000029d73a10000,0x0000029d741d0000] _byte_map_base: 0x0000029d701c4000

Marking Bits: (CMBitMap*) 0x0000029d6eaa7aa0
 Bits: [0x0000029d741d0000, 0x0000029d77f70000)

Polling page: 0x0000029d6c920000

Metaspace:

Usage:
  Non-class:      8.31 MB used.
      Class:      1.08 MB used.
       Both:      9.38 MB used.

Virtual space:
  Non-class space:       64.00 MB reserved,       8.44 MB ( 13%) committed,  1 nodes.
      Class space:        1.00 GB reserved,       1.19 MB ( <1%) committed,  1 nodes.
             Both:        1.06 GB reserved,       9.62 MB ( <1%) committed. 

Chunk freelists:
   Non-Class:  6.76 MB
       Class:  14.66 MB
        Both:  21.42 MB

MaxMetaspaceSize: unlimited
CompressedClassSpaceSize: 1.00 GB
Initial GC threshold: 21.00 MB
Current GC threshold: 21.00 MB
CDS: on
 - commit_granule_bytes: 65536.
 - commit_granule_words: 8192.
 - virtual_space_node_default_size: 8388608.
 - enlarge_chunks_in_place: 1.
 - use_allocation_guard: 0.


Internal statistics:

num_allocs_failed_limit: 0.
num_arena_births: 268.
num_arena_deaths: 0.
num_vsnodes_births: 2.
num_vsnodes_deaths: 0.
num_space_committed: 154.
num_space_uncommitted: 0.
num_chunks_returned_to_freelist: 0.
num_chunks_taken_from_freelist: 452.
num_chunk_merges: 0.
num_chunk_splits: 267.
num_chunks_enlarged: 128.
num_inconsistent_stats: 0.

CodeHeap 'non-profiled nmethods': size=119168Kb used=428Kb max_used=428Kb free=118739Kb
 bounds [0x0000029d07ba0000, 0x0000029d07e10000, 0x0000029d0f000000]
CodeHeap 'profiled nmethods': size=119104Kb used=2358Kb max_used=2358Kb free=116745Kb
 bounds [0x0000029d00000000, 0x0000029d00270000, 0x0000029d07450000]
CodeHeap 'non-nmethods': size=7488Kb used=2559Kb max_used=2586Kb free=4928Kb
 bounds [0x0000029d07450000, 0x0000029d076e0000, 0x0000029d07ba0000]
 total_blobs=1886 nmethods=1367 adapters=422
 compilation: enabled
              stopped_count=0, restarted_count=0
 full_count=0

Compilation events (20 events):
Event: 1.136 Thread 0x0000029d7a49e5b0 1229       3       jdk.internal.org.objectweb.asm.ClassWriter::visit (160 bytes)
Event: 1.136 Thread 0x0000029d543b3950 1230       3       jdk.internal.org.objectweb.asm.SymbolTable::setMajorVersionAndClassName (19 bytes)
Event: 1.136 Thread 0x0000029d7a45e470 1231       3       jdk.internal.org.objectweb.asm.ClassWriter::toByteArray (1517 bytes)
Event: 1.136 Thread 0x0000029d543b3950 nmethod 1230 0x0000029d001f4f90 code [0x0000029d001f5140, 0x0000029d001f5350]
Event: 1.136 Thread 0x0000029d543b3950 1232       3       jdk.internal.org.objectweb.asm.SymbolTable::computeBootstrapMethodsSize (27 bytes)
Event: 1.136 Thread 0x0000029d543b3950 nmethod 1232 0x0000029d001f5490 code [0x0000029d001f5640, 0x0000029d001f5810]
Event: 1.136 Thread 0x0000029d543b3950 1233       3       jdk.internal.org.objectweb.asm.SymbolTable::getConstantPoolLength (8 bytes)
Event: 1.136 Thread 0x0000029d543b3950 nmethod 1233 0x0000029d001f5910 code [0x0000029d001f5aa0, 0x0000029d001f5bb8]
Event: 1.136 Thread 0x0000029d7a49e5b0 nmethod 1229 0x0000029d001f5c90 code [0x0000029d001f5ec0, 0x0000029d001f66c8]
Event: 1.137 Thread 0x0000029d543b3950 1234       3       jdk.internal.org.objectweb.asm.ByteVector::<init> (12 bytes)
Event: 1.137 Thread 0x0000029d7a49e5b0 1235       3       jdk.internal.org.objectweb.asm.SymbolTable::putConstantPool (28 bytes)
Event: 1.137 Thread 0x0000029d543b3950 nmethod 1234 0x0000029d001f6b10 code [0x0000029d001f6cc0, 0x0000029d001f6f28]
Event: 1.137 Thread 0x0000029d7a49e5b0 nmethod 1235 0x0000029d001f7010 code [0x0000029d001f71e0, 0x0000029d001f73c8]
Event: 1.137 Thread 0x0000029d543b3950 1236       3       jdk.internal.org.objectweb.asm.SymbolTable::putBootstrapMethods (56 bytes)
Event: 1.137 Thread 0x0000029d7a49e5b0 1237       3       java.lang.invoke.MethodHandles$Lookup::makeHiddenClassDefiner (20 bytes)
Event: 1.137 Thread 0x0000029d7a49e5b0 nmethod 1237 0x0000029d001f7510 code [0x0000029d001f76e0, 0x0000029d001f79e8]
Event: 1.137 Thread 0x0000029d543b3950 nmethod 1236 0x0000029d001f7b90 code [0x0000029d001f7da0, 0x0000029d001f80c8]
Event: 1.142 Thread 0x0000029d7a49e5b0 1238       3       java.nio.ByteBuffer::arrayOffset (35 bytes)
Event: 1.142 Thread 0x0000029d7a45e470 nmethod 1231 0x0000029d001f8290 code [0x0000029d001f8c00, 0x0000029d001fc9e0]
Event: 1.142 Thread 0x0000029d7a49e5b0 nmethod 1238 0x0000029d001fea10 code [0x0000029d001febe0, 0x0000029d001feeb0]

GC Heap History (0 events):
No events

Dll operation events (2 events):
Event: 0.020 Loaded shared library C:\Program Files\JetBrains\WebStorm 2024.3.1.1\jbr\bin\java.dll
Event: 0.128 Loaded shared library C:\Program Files\JetBrains\WebStorm 2024.3.1.1\jbr\bin\zip.dll

Deoptimization events (20 events):
Event: 1.074 Thread 0x0000029d549cea70 Uncommon trap: trap_request=0xffffff66 fr.pc=0x0000029d07bfc874 relative=0x0000000000000314
Event: 1.074 Thread 0x0000029d549cea70 Uncommon trap: reason=speculate_class_check action=maybe_recompile pc=0x0000029d07bfc874 method=sun.security.util.math.intpoly.IntegerPolynomial.multByInt([JJ)V @ 26 c2
Event: 1.074 Thread 0x0000029d549cea70 DEOPT PACKING pc=0x0000029d07bfc874 sp=0x000000d3a36fe390
Event: 1.074 Thread 0x0000029d549cea70 DEOPT UNPACKING pc=0x0000029d074a46a2 sp=0x000000d3a36fe278 mode 2
Event: 1.074 Thread 0x0000029d549cea70 Uncommon trap: trap_request=0xffffff66 fr.pc=0x0000029d07bfc874 relative=0x0000000000000314
Event: 1.074 Thread 0x0000029d549cea70 Uncommon trap: reason=speculate_class_check action=maybe_recompile pc=0x0000029d07bfc874 method=sun.security.util.math.intpoly.IntegerPolynomial.multByInt([JJ)V @ 26 c2
Event: 1.074 Thread 0x0000029d549cea70 DEOPT PACKING pc=0x0000029d07bfc874 sp=0x000000d3a36fe390
Event: 1.074 Thread 0x0000029d549cea70 DEOPT UNPACKING pc=0x0000029d074a46a2 sp=0x000000d3a36fe278 mode 2
Event: 1.074 Thread 0x0000029d549cea70 Uncommon trap: trap_request=0xffffff66 fr.pc=0x0000029d07bfc874 relative=0x0000000000000314
Event: 1.074 Thread 0x0000029d549cea70 Uncommon trap: reason=speculate_class_check action=maybe_recompile pc=0x0000029d07bfc874 method=sun.security.util.math.intpoly.IntegerPolynomial.multByInt([JJ)V @ 26 c2
Event: 1.074 Thread 0x0000029d549cea70 DEOPT PACKING pc=0x0000029d07bfc874 sp=0x000000d3a36fe390
Event: 1.074 Thread 0x0000029d549cea70 DEOPT UNPACKING pc=0x0000029d074a46a2 sp=0x000000d3a36fe278 mode 2
Event: 1.074 Thread 0x0000029d549cea70 Uncommon trap: trap_request=0xffffff66 fr.pc=0x0000029d07bfa7f4 relative=0x0000000000000314
Event: 1.074 Thread 0x0000029d549cea70 Uncommon trap: reason=speculate_class_check action=maybe_recompile pc=0x0000029d07bfa7f4 method=sun.security.util.math.intpoly.IntegerPolynomial.multByInt([JJ)V @ 26 c2
Event: 1.074 Thread 0x0000029d549cea70 DEOPT PACKING pc=0x0000029d07bfa7f4 sp=0x000000d3a36fe320
Event: 1.074 Thread 0x0000029d549cea70 DEOPT UNPACKING pc=0x0000029d074a46a2 sp=0x000000d3a36fe270 mode 2
Event: 1.074 Thread 0x0000029d549cea70 Uncommon trap: trap_request=0xffffff66 fr.pc=0x0000029d07bfa7f4 relative=0x0000000000000314
Event: 1.074 Thread 0x0000029d549cea70 Uncommon trap: reason=speculate_class_check action=maybe_recompile pc=0x0000029d07bfa7f4 method=sun.security.util.math.intpoly.IntegerPolynomial.multByInt([JJ)V @ 26 c2
Event: 1.074 Thread 0x0000029d549cea70 DEOPT PACKING pc=0x0000029d07bfa7f4 sp=0x000000d3a36fe320
Event: 1.074 Thread 0x0000029d549cea70 DEOPT UNPACKING pc=0x0000029d074a46a2 sp=0x000000d3a36fe270 mode 2

Classes loaded (20 events):
Event: 1.130 Loading class sun/security/ssl/Finished$T12VerifyDataGenerator
Event: 1.130 Loading class sun/security/ssl/Finished$T12VerifyDataGenerator done
Event: 1.130 Loading class sun/security/ssl/Finished$T13VerifyDataGenerator
Event: 1.130 Loading class sun/security/ssl/Finished$T13VerifyDataGenerator done
Event: 1.131 Loading class sun/security/ssl/Finished$1
Event: 1.131 Loading class sun/security/ssl/Finished$1 done
Event: 1.131 Loading class sun/security/ssl/SSLBasicKeyDerivation
Event: 1.131 Loading class sun/security/ssl/SSLBasicKeyDerivation done
Event: 1.131 Loading class sun/security/ssl/SSLBasicKeyDerivation$SecretSizeSpec
Event: 1.131 Loading class sun/security/ssl/SSLBasicKeyDerivation$SecretSizeSpec done
Event: 1.133 Loading class jdk/internal/event/TLSHandshakeEvent
Event: 1.134 Loading class jdk/internal/event/TLSHandshakeEvent done
Event: 1.134 Loading class com/sun/crypto/provider/GaloisCounterMode$GCMEncrypt
Event: 1.134 Loading class com/sun/crypto/provider/GaloisCounterMode$GCMEncrypt done
Event: 1.134 Loading class com/sun/crypto/provider/GaloisCounterMode$EncryptOp
Event: 1.135 Loading class com/sun/crypto/provider/GaloisCounterMode$EncryptOp done
Event: 1.135 Loading class sun/security/ssl/CipherSuite$1
Event: 1.135 Loading class sun/security/ssl/CipherSuite$1 done
Event: 1.137 Loading class java/util/concurrent/CompletionException
Event: 1.137 Loading class java/util/concurrent/CompletionException done

Classes unloaded (0 events):
No events

Classes redefined (0 events):
No events

Internal exceptions (20 events):
Event: 0.621 Thread 0x0000029d6c776770 Exception <a 'java/lang/NoSuchMethodError'{0x0000000718975120}: 'int java.lang.invoke.DirectMethodHandle$Holder.invokeStaticInit(java.lang.Object, float, float)'> (0x0000000718975120) 
thrown [s\src\hotspot\share\interpreter\linkResolver.cpp, line 784]
Event: 0.622 Thread 0x0000029d6c776770 Exception <a 'java/lang/NoSuchMethodError'{0x000000071897bbb0}: 'int java.lang.invoke.DirectMethodHandle$Holder.invokeStaticInit(java.lang.Object, double, double)'> (0x000000071897bbb0) 
thrown [s\src\hotspot\share\interpreter\linkResolver.cpp, line 784]
Event: 0.623 Thread 0x0000029d6c776770 Exception <a 'java/lang/NoSuchMethodError'{0x0000000718980238}: 'int java.lang.invoke.DirectMethodHandle$Holder.invokeStatic(java.lang.Object, long)'> (0x0000000718980238) 
thrown [s\src\hotspot\share\interpreter\linkResolver.cpp, line 784]
Event: 0.633 Thread 0x0000029d6c776770 Exception <a 'java/lang/NoSuchMethodError'{0x00000007189a9db0}: 'java.lang.Object java.lang.invoke.DirectMethodHandle$Holder.invokeSpecial(java.lang.Object, java.lang.Object, int, java.lang.Object, java.lang.Object)'> (0x00000007189a9db0) 
thrown [s\src\hotspot\share\interpreter\linkResolver.cpp, line 784]
Event: 0.633 Thread 0x0000029d6c776770 Exception <a 'java/lang/NoSuchMethodError'{0x00000007189ad740}: 'java.lang.Object java.lang.invoke.DelegatingMethodHandle$Holder.delegate(java.lang.Object, int, java.lang.Object, java.lang.Object)'> (0x00000007189ad740) 
thrown [s\src\hotspot\share\interpreter\linkResolver.cpp, line 784]
Event: 0.637 Thread 0x0000029d6c776770 Exception <a 'java/lang/NoSuchMethodError'{0x00000007189bca60}: 'int java.lang.invoke.Invokers$Holder.linkToTargetMethod(java.lang.Object, java.lang.Object, java.lang.Object)'> (0x00000007189bca60) 
thrown [s\src\hotspot\share\interpreter\linkResolver.cpp, line 784]
Event: 0.643 Thread 0x0000029d6c776770 Exception <a 'java/lang/NoSuchMethodError'{0x0000000718629448}: 'long java.lang.invoke.DirectMethodHandle$Holder.invokeSpecial(java.lang.Object, java.lang.Object)'> (0x0000000718629448) 
thrown [s\src\hotspot\share\interpreter\linkResolver.cpp, line 784]
Event: 0.645 Thread 0x0000029d6c776770 Exception <a 'java/lang/NoSuchMethodError'{0x000000071862fd18}: 'int java.lang.invoke.DirectMethodHandle$Holder.invokeStatic(java.lang.Object, java.lang.Object, java.lang.Object, java.lang.Object)'> (0x000000071862fd18) 
thrown [s\src\hotspot\share\interpreter\linkResolver.cpp, line 784]
Event: 0.645 Thread 0x0000029d6c776770 Exception <a 'java/lang/NoSuchMethodError'{0x0000000718633138}: 'java.lang.Object java.lang.invoke.Invokers$Holder.invokeExact_MT(java.lang.Object, java.lang.Object, java.lang.Object, java.lang.Object, java.lang.Object, java.lang.Object)'> (0x0000000718633138) 
thrown [s\src\hotspot\share\interpreter\linkResolver.cpp, line 784]
Event: 0.798 Thread 0x0000029d6c776770 Exception <a 'java/lang/NoSuchMethodError'{0x00000007184339f0}: 'java.lang.Object java.lang.invoke.DirectMethodHandle$Holder.newInvokeSpecial(java.lang.Object, java.lang.Object, java.lang.Object, java.lang.Object, java.lang.Object)'> (0x00000007184339f0) 
thrown [s\src\hotspot\share\interpreter\linkResolver.cpp, line 784]
Event: 0.848 Thread 0x0000029d6c776770 Exception <a 'java/lang/NoSuchMethodError'{0x000000071822db08}: 'java.lang.Object java.lang.invoke.DirectMethodHandle$Holder.invokeSpecial(java.lang.Object, java.lang.Object, java.lang.Object, java.lang.Object, int)'> (0x000000071822db08) 
thrown [s\src\hotspot\share\interpreter\linkResolver.cpp, line 784]
Event: 0.848 Thread 0x0000029d6c776770 Exception <a 'java/lang/NoSuchMethodError'{0x0000000718231470}: 'java.lang.Object java.lang.invoke.Invokers$Holder.linkToTargetMethod(java.lang.Object, java.lang.Object, int, java.lang.Object)'> (0x0000000718231470) 
thrown [s\src\hotspot\share\interpreter\linkResolver.cpp, line 784]
Event: 0.856 Thread 0x0000029d6c776770 Exception <a 'java/lang/NoSuchMethodError'{0x000000071825f768}: 'void java.lang.invoke.DirectMethodHandle$Holder.invokeSpecial(java.lang.Object, java.lang.Object, java.lang.Object)'> (0x000000071825f768) 
thrown [s\src\hotspot\share\interpreter\linkResolver.cpp, line 784]
Event: 0.878 Thread 0x0000029d54933360 Exception <a 'java/lang/NoSuchMethodError'{0x00000007184920b8}: 'void java.lang.invoke.DirectMethodHandle$Holder.invokeStatic(java.lang.Object, java.lang.Object, int)'> (0x00000007184920b8) 
thrown [s\src\hotspot\share\interpreter\linkResolver.cpp, line 784]
Event: 0.880 Thread 0x0000029d6c776770 Exception <a 'java/lang/NoSuchMethodError'{0x00000007182efd90}: 'void java.lang.invoke.DirectMethodHandle$Holder.invokeSpecial(java.lang.Object, java.lang.Object, java.lang.Object, java.lang.Object, java.lang.Object)'> (0x00000007182efd90) 
thrown [s\src\hotspot\share\interpreter\linkResolver.cpp, line 784]
Event: 0.889 Thread 0x0000029d54933360 Exception <a 'java/lang/NoSuchMethodError'{0x00000007184cc548}: 'void java.lang.invoke.DirectMethodHandle$Holder.invokeStatic(java.lang.Object, java.lang.Object)'> (0x00000007184cc548) 
thrown [s\src\hotspot\share\interpreter\linkResolver.cpp, line 784]
Event: 0.891 Thread 0x0000029d549cea70 Exception <a 'java/lang/NoSuchMethodError'{0x000000071837fa18}: 'void java.lang.invoke.DirectMethodHandle$Holder.invokeInterface(java.lang.Object, java.lang.Object, java.lang.Object)'> (0x000000071837fa18) 
thrown [s\src\hotspot\share\interpreter\linkResolver.cpp, line 784]
Event: 0.902 Thread 0x0000029d549cea70 Exception <a 'java/lang/NoSuchMethodError'{0x00000007183d1e08}: 'void java.lang.invoke.DirectMethodHandle$Holder.invokeVirtual(java.lang.Object, java.lang.Object)'> (0x00000007183d1e08) 
thrown [s\src\hotspot\share\interpreter\linkResolver.cpp, line 784]
Event: 1.062 Thread 0x0000029d549cea70 Exception <a 'java/lang/NoSuchMethodError'{0x00000007181dfd38}: 'void java.lang.invoke.DirectMethodHandle$Holder.invokeInterface(java.lang.Object, java.lang.Object)'> (0x00000007181dfd38) 
thrown [s\src\hotspot\share\interpreter\linkResolver.cpp, line 784]
Event: 1.136 Thread 0x0000029d549cea70 Exception <a 'java/lang/NoSuchMethodError'{0x0000000717e574a8}: 'void java.lang.invoke.DirectMethodHandle$Holder.invokeStatic(java.lang.Object, java.lang.Object, java.lang.Object, java.lang.Object)'> (0x0000000717e574a8) 
thrown [s\src\hotspot\share\interpreter\linkResolver.cpp, line 784]

ZGC Phase Switch (0 events):
No events

VM Operations (10 events):
Event: 0.169 Executing VM operation: HandshakeAllThreads (Deoptimize)
Event: 0.169 Executing VM operation: HandshakeAllThreads (Deoptimize) done
Event: 0.187 Executing VM operation: HandshakeAllThreads (Deoptimize)
Event: 0.187 Executing VM operation: HandshakeAllThreads (Deoptimize) done
Event: 0.482 Executing VM operation: HandshakeAllThreads (Deoptimize)
Event: 0.483 Executing VM operation: HandshakeAllThreads (Deoptimize) done
Event: 0.882 Executing VM operation: HandshakeAllThreads (Deoptimize)
Event: 0.882 Executing VM operation: HandshakeAllThreads (Deoptimize) done
Event: 1.043 Executing VM operation: ICBufferFull
Event: 1.043 Executing VM operation: ICBufferFull done

Memory protections (0 events):
No events

Nmethod flushes (0 events):
No events

Events (20 events):
Event: 0.090 Thread 0x0000029d6c776770 Thread added: 0x0000029d7a4939f0
Event: 0.090 Thread 0x0000029d6c776770 Thread added: 0x0000029d7a494d90
Event: 0.090 Thread 0x0000029d6c776770 Thread added: 0x0000029d7a496390
Event: 0.090 Thread 0x0000029d6c776770 Thread added: 0x0000029d7a49bf70
Event: 0.091 Thread 0x0000029d6c776770 Thread added: 0x0000029d7a49e5b0
Event: 0.115 Thread 0x0000029d7a49e5b0 Thread added: 0x0000029d7a45e470
Event: 0.125 Thread 0x0000029d6c776770 Thread added: 0x0000029d5427a000
Event: 0.132 Thread 0x0000029d6c776770 Thread added: 0x0000029d5427b830
Event: 0.141 Loaded shared library C:\Program Files\JetBrains\WebStorm 2024.3.1.1\jbr\bin\net.dll
Event: 0.148 Loaded shared library C:\Program Files\JetBrains\WebStorm 2024.3.1.1\jbr\bin\nio.dll
Event: 0.157 Loaded shared library C:\Program Files\JetBrains\WebStorm 2024.3.1.1\jbr\bin\zip.dll
Event: 0.270 Loaded shared library C:\Program Files\JetBrains\WebStorm 2024.3.1.1\jbr\bin\jimage.dll
Event: 0.293 Loaded shared library C:\Program Files\JetBrains\WebStorm 2024.3.1.1\jbr\bin\sunmscapi.dll
Event: 0.501 Thread 0x0000029d7a49e5b0 Thread added: 0x0000029d543b3950
Event: 0.783 Loaded shared library C:\Program Files\JetBrains\WebStorm 2024.3.1.1\jbr\bin\extnet.dll
Event: 0.793 Thread 0x0000029d6c776770 Thread added: 0x0000029d54933360
Event: 0.888 Thread 0x0000029d54933360 Thread added: 0x0000029d549cea70
Event: 0.911 Thread 0x0000029d54933360 Thread added: 0x0000029d54ab6ce0
Event: 0.973 Thread 0x0000029d7a49e5b0 Thread added: 0x0000029d549b6a90
Event: 0.974 Thread 0x0000029d7a49e5b0 Thread added: 0x0000029d549b7130


Dynamic libraries:
0x00007ff6b0e20000 - 0x00007ff6b0e2a000 	C:\Program Files\JetBrains\WebStorm 2024.3.1.1\jbr\bin\java.exe
0x00007ffbac6e0000 - 0x00007ffbac943000 	C:\WINDOWS\SYSTEM32\ntdll.dll
0x00007ffb93780000 - 0x00007ffb9379a000 	C:\Program Files\Avast Software\Avast\aswhook.dll
0x00007ffbac200000 - 0x00007ffbac2c8000 	C:\WINDOWS\System32\KERNEL32.DLL
0x00007ffba9ac0000 - 0x00007ffba9e74000 	C:\WINDOWS\System32\KERNELBASE.dll
0x00007ffbaa260000 - 0x00007ffbaa3ab000 	C:\WINDOWS\System32\ucrtbase.dll
0x00007ffb84560000 - 0x00007ffb8457b000 	C:\Program Files\JetBrains\WebStorm 2024.3.1.1\jbr\bin\VCRUNTIME140.dll
0x00007ffb918e0000 - 0x00007ffb918f8000 	C:\Program Files\JetBrains\WebStorm 2024.3.1.1\jbr\bin\jli.dll
0x00007ffbab460000 - 0x00007ffbab629000 	C:\WINDOWS\System32\USER32.dll
0x00007ffba9a90000 - 0x00007ffba9ab7000 	C:\WINDOWS\System32\win32u.dll
0x00007ffb98c60000 - 0x00007ffb98ef0000 	C:\WINDOWS\WinSxS\amd64_microsoft.windows.common-controls_6595b64144ccf1df_6.0.26100.2702_none_3e069454e335fc5e\COMCTL32.dll
0x00007ffbac5f0000 - 0x00007ffbac699000 	C:\WINDOWS\System32\msvcrt.dll
0x00007ffbabe90000 - 0x00007ffbabeba000 	C:\WINDOWS\System32\GDI32.dll
0x00007ffbaa130000 - 0x00007ffbaa25b000 	C:\WINDOWS\System32\gdi32full.dll
0x00007ffbaa470000 - 0x00007ffbaa513000 	C:\WINDOWS\System32\msvcp_win.dll
0x00007ffbac4b0000 - 0x00007ffbac4df000 	C:\WINDOWS\System32\IMM32.DLL
0x00007ffb912b0000 - 0x00007ffb912bc000 	C:\Program Files\JetBrains\WebStorm 2024.3.1.1\jbr\bin\vcruntime140_1.dll
0x00007ffb42040000 - 0x00007ffb420cd000 	C:\Program Files\JetBrains\WebStorm 2024.3.1.1\jbr\bin\msvcp140.dll
0x00007ffa87460000 - 0x00007ffa88221000 	C:\Program Files\JetBrains\WebStorm 2024.3.1.1\jbr\bin\server\jvm.dll
0x00007ffbab630000 - 0x00007ffbab6e3000 	C:\WINDOWS\System32\ADVAPI32.dll
0x00007ffbac4f0000 - 0x00007ffbac596000 	C:\WINDOWS\System32\sechost.dll
0x00007ffbabf20000 - 0x00007ffbac036000 	C:\WINDOWS\System32\RPCRT4.dll
0x00007ffbab6f0000 - 0x00007ffbab764000 	C:\WINDOWS\System32\WS2_32.dll
0x00007ffba9920000 - 0x00007ffba996e000 	C:\WINDOWS\SYSTEM32\POWRPROF.dll
0x00007ffba6770000 - 0x00007ffba67a6000 	C:\WINDOWS\SYSTEM32\WINMM.dll
0x00007ffba3e10000 - 0x00007ffba3e1b000 	C:\WINDOWS\SYSTEM32\VERSION.dll
0x00007ffba9900000 - 0x00007ffba9914000 	C:\WINDOWS\SYSTEM32\UMPDC.dll
0x00007ffba8860000 - 0x00007ffba887a000 	C:\WINDOWS\SYSTEM32\kernel.appcore.dll
0x00007ffb90c20000 - 0x00007ffb90c2a000 	C:\Program Files\JetBrains\WebStorm 2024.3.1.1\jbr\bin\jimage.dll
0x00007ffba64e0000 - 0x00007ffba6721000 	C:\WINDOWS\SYSTEM32\DBGHELP.DLL
0x00007ffbab800000 - 0x00007ffbabb7e000 	C:\WINDOWS\System32\combase.dll
0x00007ffbabc10000 - 0x00007ffbabce6000 	C:\WINDOWS\System32\OLEAUT32.dll
0x00007ffba6730000 - 0x00007ffba6769000 	C:\WINDOWS\SYSTEM32\dbgcore.DLL
0x00007ffbaa000000 - 0x00007ffbaa099000 	C:\WINDOWS\System32\bcryptPrimitives.dll
0x00007ffb83200000 - 0x00007ffb83220000 	C:\Program Files\JetBrains\WebStorm 2024.3.1.1\jbr\bin\java.dll
0x00007ffbaaab0000 - 0x00007ffbab1b4000 	C:\WINDOWS\System32\SHELL32.dll
0x00007ffba7700000 - 0x00007ffba7f37000 	C:\WINDOWS\SYSTEM32\windows.storage.dll
0x00007ffbaa9c0000 - 0x00007ffbaaaa9000 	C:\WINDOWS\System32\SHCORE.dll
0x00007ffbac0f0000 - 0x00007ffbac14d000 	C:\WINDOWS\System32\shlwapi.dll
0x00007ffba99a0000 - 0x00007ffba99ce000 	C:\WINDOWS\SYSTEM32\profapi.dll
0x00007ffb69970000 - 0x00007ffb69988000 	C:\Program Files\JetBrains\WebStorm 2024.3.1.1\jbr\bin\zip.dll
0x00007ffb905e0000 - 0x00007ffb905f0000 	C:\Program Files\JetBrains\WebStorm 2024.3.1.1\jbr\bin\net.dll
0x00007ffba1860000 - 0x00007ffba1986000 	C:\WINDOWS\SYSTEM32\WINHTTP.dll
0x00007ffba8d40000 - 0x00007ffba8da8000 	C:\WINDOWS\system32\mswsock.dll
0x00007ffb61a80000 - 0x00007ffb61a96000 	C:\Program Files\JetBrains\WebStorm 2024.3.1.1\jbr\bin\nio.dll
0x00007ffb8f720000 - 0x00007ffb8f72e000 	C:\Program Files\JetBrains\WebStorm 2024.3.1.1\jbr\bin\sunmscapi.dll
0x00007ffba9e80000 - 0x00007ffba9ff6000 	C:\WINDOWS\System32\CRYPT32.dll
0x00007ffba9210000 - 0x00007ffba9240000 	C:\WINDOWS\SYSTEM32\ncrypt.dll
0x00007ffba91c0000 - 0x00007ffba91ff000 	C:\WINDOWS\SYSTEM32\NTASN1.dll
0x00007ffba90f0000 - 0x00007ffba910c000 	C:\WINDOWS\SYSTEM32\CRYPTSP.dll
0x00007ffba87c0000 - 0x00007ffba87f8000 	C:\WINDOWS\system32\rsaenh.dll
0x00007ffba8de0000 - 0x00007ffba8e0b000 	C:\WINDOWS\SYSTEM32\USERENV.dll
0x00007ffba92b0000 - 0x00007ffba92d6000 	C:\WINDOWS\SYSTEM32\bcrypt.dll
0x00007ffba8f70000 - 0x00007ffba8f7c000 	C:\WINDOWS\SYSTEM32\CRYPTBASE.dll
0x00007ffba8250000 - 0x00007ffba8282000 	C:\WINDOWS\SYSTEM32\IPHLPAPI.DLL
0x00007ffbac4a0000 - 0x00007ffbac4aa000 	C:\WINDOWS\System32\NSI.dll
0x00007ffa86910000 - 0x00007ffa86918000 	C:\WINDOWS\system32\wshunix.dll
0x00007ffb8da70000 - 0x00007ffb8da79000 	C:\Program Files\JetBrains\WebStorm 2024.3.1.1\jbr\bin\extnet.dll

dbghelp: loaded successfully - version: 4.0.5 - missing functions: none
symbol engine: initialized successfully - sym options: 0x614 - pdb path: .;C:\Program Files\JetBrains\WebStorm 2024.3.1.1\jbr\bin;C:\WINDOWS\SYSTEM32;C:\Program Files\Avast Software\Avast;C:\WINDOWS\WinSxS\amd64_microsoft.windows.common-controls_6595b64144ccf1df_6.0.26100.2702_none_3e069454e335fc5e;C:\Program Files\JetBrains\WebStorm 2024.3.1.1\jbr\bin\server

VM Arguments:
java_command: git4idea.http.GitAskPassApp Password for 'https://BryLim-AI@github.com': 
java_class_path (initial): C:/Program Files/JetBrains/WebStorm 2024.3.1.1/plugins/vcs-git/lib/git4idea-rt.jar;C:/Program Files/JetBrains/WebStorm 2024.3.1.1/lib/externalProcess-rt.jar
Launcher Type: SUN_STANDARD

[Global flags]
     intx CICompilerCount                          = 12                                        {product} {ergonomic}
     uint ConcGCThreads                            = 3                                         {product} {ergonomic}
     uint G1ConcRefinementThreads                  = 13                                        {product} {ergonomic}
   size_t G1HeapRegionSize                         = 2097152                                   {product} {ergonomic}
    uintx GCDrainStackTargetSize                   = 64                                        {product} {ergonomic}
   size_t InitialHeapSize                          = 260046848                                 {product} {ergonomic}
   size_t MarkStackSize                            = 4194304                                   {product} {ergonomic}
   size_t MaxHeapSize                              = 4135583744                                {product} {ergonomic}
   size_t MaxNewSize                               = 2480930816                                {product} {ergonomic}
   size_t MinHeapDeltaBytes                        = 2097152                                   {product} {ergonomic}
   size_t MinHeapSize                              = 8388608                                   {product} {ergonomic}
    uintx NonNMethodCodeHeapSize                   = 7602480                                {pd product} {ergonomic}
    uintx NonProfiledCodeHeapSize                  = 122027880                              {pd product} {ergonomic}
    uintx ProfiledCodeHeapSize                     = 122027880                              {pd product} {ergonomic}
    uintx ReservedCodeCacheSize                    = 251658240                              {pd product} {ergonomic}
     bool SegmentedCodeCache                       = true                                      {product} {ergonomic}
   size_t SoftMaxHeapSize                          = 4135583744                             {manageable} {ergonomic}
     bool UseCompressedOops                        = true                           {product lp64_product} {ergonomic}
     bool UseG1GC                                  = true                                      {product} {ergonomic}
     bool UseLargePagesIndividualAllocation        = false                                  {pd product} {ergonomic}

Logging:
Log output configuration:
 #0: stdout all=warning uptime,level,tags foldmultilines=false
 #1: stderr all=off uptime,level,tags foldmultilines=false

Environment Variables:
JAVA_HOME=C:\Program Files\Eclipse Foundation\jdk-8.0.302.8-hotspot
PATH=C:\Program Files\Git\mingw64\libexec\git-core;C:\Program Files\Git\mingw64\libexec\git-core;C:\Program Files\Git\mingw64\bin;C:\Program Files\Git\usr\bin;C:\Users\ISPROJ\bin;C:\Program Files (x86)\VMware\VMware Player\bin;C:\Ruby32-x64\bin;C:\Program Files (x86)\Microsoft SDKs\Azure\CLI2\wbin;C:\Program Files\Common Files\Oracle\Java\javapath;C:\Program Files (x86)\Common Files\Oracle\Java\javapath;C:\Program Files\Microsoft\jdk-11.0.16.101-hotspot\bin;C:\Program Files\Eclipse Foundation\jdk-8.0.302.8-hotspot\bin;C:\WINDOWS\system32;C:\WINDOWS;C:\WINDOWS\System32\Wbem;C:\WINDOWS\System32\WindowsPowerShell\v1.0;C:\WINDOWS\System32\OpenSSH;C:\Program Files (x86)\Microsoft SQL Server\160\Tools\Binn;C:\Program Files\Microsoft SQL Server\160\Tools\Binn;C:\Program Files\Microsoft SQL Server\Client SDK\ODBC\170\Tools\Binn;C:\Program Files\Microsoft SQL Server\160\DTS\Binn;C:\Program Files (x86)\Microsoft SQL Server\160\DTS\Binn;C:\Program Files\Azure Data Studio\bin;C:\Program Files\Microsoft SQL Server\150\Tools\Binn;C:\Program Files\dotnet;C:\Program Files\Microsoft SQL Server\130\Tools\Binn;C:\Program Files\nodejs;C:\Program Files\Microsoft VS Code\bin;C:\Users\Bytex\Documents\flutter_windows_3.13.9-stable\flutter\bin;C:\ProgramData\chocolatey\bin;C:\Program Files\SDelete;C:\Program Files\Git\cmd;C:\gradle-8.1.1-all\gradle-8.1.1\bin;C:\Users\AlphaChain\AppData\Roaming\npm;C:\Program Files\Docker\Docker\resources\bin;C:\Users\puyan\AppData\Local\Packages\PythonSoftwareFoundation.Python.3.11_qbz5n2kfra8p0\LocalCache\local-packages\Python311\Scripts;C:\Users\puyan\OneDrive\Documents\flutter\bin;C:\xampp\php;C:\Program Files\nodejs;C:\Users\Bytex\.cargo\bin;C:\Users\Bytex\Downloads\aircrack-ng-1.7-win\aircrack-ng-1.7-win\bin;C:\Users\Bytex\.avm\bin;C:\Users\Bytex\AppData\Local\Pub\Cache\bin;C:\Users\Bytex\AppData\Roaming\npm;C:\xmpp\php;C:\Program Files\CMake\bin;C:\flutter\bin;C:\Users\Devcrafts\AppData\Roaming\npm;C:\Users\Devcrafts\AppData\Local\Pub\Cache\bin;C:\Program Files (x86)\Incredibuild;C:\Program Files\Go\bin;C:\Users\AlphaChain\AppData\Local\Programs\Python\Python312\Scripts;C:\kotlinc\bin;C:\ProgramData\ComposerSetup\bin;C:\Program Files\MySQL\MySQL Shell 8.0\bin;C:\Users\ISPROJ\.config\herd-lite\bin;C:\Users\ISPROJ\AppData\Local\pnpm;C:\Users\ISPROJ\Documents\flutter\bin;C:\Users\ISPROJ\AppData\Local\Microsoft\WindowsApps;C:\Users\ISPROJ\.dotnet\tools;C:\Users\ISPROJ\AppData\Roaming\Composer\vendor\bin;C:\Users\ISPROJ\AppData\Roaming\Composer\vendor\bin;C:\Program Files\JetBrains\WebStorm 2024.3.1.1\bin
USERNAME=ISPROJ
DISPLAY=:0.0
LC_ALL=en_US.UTF-8
TERM=xterm-256color
TMPDIR=C:\Users\ISPROJ\AppData\Local\Temp
OS=Windows_NT
PROCESSOR_IDENTIFIER=AMD64 Family 25 Model 80 Stepping 0, AuthenticAMD
TMP=C:\Users\ISPROJ\AppData\Local\Temp
TEMP=C:\Users\ISPROJ\AppData\Local\Temp




Periodic native trim disabled

JNI global refs:
JNI global refs: 28, weak refs: 0

JNI global refs memory usage: 835, weak refs: 833

Process memory usage:
Resident Set Size: 87524K (0% of 16153756K total physical memory with 756860K free physical memory)

OOME stack traces (most recent first):
Classloader memory used:
Loader bootstrap                                                                       : 7564K
Loader jdk.internal.loader.ClassLoaders$PlatformClassLoader                            : 2025K
Loader jdk.internal.loader.ClassLoaders$AppClassLoader                                 : 20416B

---------------  S Y S T E M  ---------------

OS:
 Windows 11 , 64 bit Build 26100 (10.0.26100.2702)
OS uptime: 0 days 1:09 hours
Hyper-V role detected

CPU: total 16 (initial active 16) (16 cores per cpu, 2 threads per core) family 25 model 80 stepping 0 microcode 0xa50000c, cx8, cmov, fxsr, ht, mmx, 3dnowpref, sse, sse2, sse3, ssse3, sse4a, sse4.1, sse4.2, popcnt, lzcnt, tsc, tscinvbit, avx, avx2, aes, erms, clmul, bmi1, bmi2, adx, sha, fma, vzeroupper, clflush, clflushopt, hv, rdtscp, rdpid, fsrm, f16c, cet_ss
Processor Information for all 16 processors :
  Max Mhz: 3301, Current Mhz: 3301, Mhz Limit: 3301

Memory: 4k page, system-wide physical 15775M (747M free)
TotalPageFile size 39018M (AvailPageFile size 7M)
current process WorkingSet (physical memory assigned to process): 85M, peak: 85M
current process commit charge ("private bytes"): 365M, peak: 366M

vm_info: OpenJDK 64-Bit Server VM (21.0.5+8-b631.28) for windows-amd64 JRE (21.0.5+8-b631.28), built on 2024-11-23 by "builduser" with MS VC++ 16.10 / 16.11 (VS2019)

END.
