#
# There is insufficient memory for the Java Runtime Environment to continue.
# Native memory allocation (mmap) failed to map 65536 bytes. Error detail: Failed to commit metaspace.
# Possible reasons:
#   The system is out of physical RAM or swap space
#   This process is running with CompressedOops enabled, and the Java Heap may be blocking the growth of the native heap
# Possible solutions:
#   Reduce memory load on the system
#   Increase physical memory or swap space
#   Check if swap backing store is full
#   Decrease Java heap size (-Xmx/-Xms)
#   Decrease number of Java threads
#   Decrease Java thread stack sizes (-Xss)
#   Set larger code cache with -XX:ReservedCodeCacheSize=
#   JVM is running with Zero Based Compressed Oops mode in which the Java heap is
#     placed in the first 32GB address space. The Java Heap base address is the
#     maximum limit for the native heap growth. Please use -XX:HeapBaseMinAddress
#     to set the Java Heap base and to place the Java Heap above 32GB virtual address.
# This output file may be truncated or incomplete.
#
#  Out of Memory Error (virtualSpaceNode.cpp:113), pid=5840, tid=2092
#
# JRE version: OpenJDK Runtime Environment JBR-21.0.7+6-1038.58-jcef (21.0.7+6) (build 21.0.7+6-b1038.58)
# Java VM: OpenJDK 64-Bit Server VM JBR-21.0.7+6-1038.58-jcef (21.0.7+6-b1038.58, mixed mode, tiered, compressed oops, compressed class ptrs, g1 gc, windows-amd64)
# No core dump will be written. Minidumps are not enabled by default on client versions of Windows
#

---------------  S U M M A R Y ------------

Command Line: git4idea.http.GitAskPassApp Username for 'https://github.com': 

Host: AMD Ryzen 9 5900HS with Radeon Graphics        , 16 cores, 15G,  Windows 11 , 64 bit Build 26100 (10.0.26100.2702)
Time: Sun Sep 28 17:45:39 2025 Malay Peninsula Standard Time elapsed time: 0.291304 seconds (0d 0h 0m 0s)

---------------  T H R E A D  ---------------

Current thread (0x0000021c050fd750):  JavaThread "main"             [_thread_in_vm, id=2092, stack(0x00000025db000000,0x00000025db100000) (1024K)]

Stack: [0x00000025db000000,0x00000025db100000]
Native frames: (J=compiled Java code, j=interpreted, Vv=VM code, C=native code)
V  [jvm.dll+0x6e7c19]
V  [jvm.dll+0x8c5f53]
V  [jvm.dll+0x8c84ae]
V  [jvm.dll+0x8c8b93]
V  [jvm.dll+0x2899e6]
V  [jvm.dll+0x8c0d9e]
V  [jvm.dll+0x6888d5]
V  [jvm.dll+0x1ead61]
V  [jvm.dll+0x1eab2e]
V  [jvm.dll+0x68b1e8]
V  [jvm.dll+0x68b022]
V  [jvm.dll+0x68928e]
V  [jvm.dll+0x3cdd4f]
V  [jvm.dll+0x2151fb]
V  [jvm.dll+0x5c6351]
V  [jvm.dll+0x83d85d]
V  [jvm.dll+0x83d7c1]
V  [jvm.dll+0x4817c6]
V  [jvm.dll+0x494d96]
C  [java.dll+0x1657]

Java frames: (J=compiled Java code, j=interpreted, Vv=VM code)
j  java.lang.ClassLoader.defineClass0(Ljava/lang/ClassLoader;Ljava/lang/Class;Ljava/lang/String;[BIILjava/security/ProtectionDomain;ZILjava/lang/Object;)Ljava/lang/Class;+0 java.base@21.0.7
j  java.lang.System$2.defineClass(Ljava/lang/ClassLoader;Ljava/lang/Class;Ljava/lang/String;[BLjava/security/ProtectionDomain;ZILjava/lang/Object;)Ljava/lang/Class;+17 java.base@21.0.7
j  java.lang.invoke.MethodHandles$Lookup$ClassDefiner.defineClass(ZLjava/lang/Object;)Ljava/lang/Class;+57 java.base@21.0.7
j  java.lang.invoke.InvokerBytecodeGenerator.loadMethod([B)Ljava/lang/invoke/MemberName;+22 java.base@21.0.7
j  java.lang.invoke.InvokerBytecodeGenerator.generateCustomizedCode(Ljava/lang/invoke/LambdaForm;Ljava/lang/invoke/MethodType;)Ljava/lang/invoke/MemberName;+30 java.base@21.0.7
j  java.lang.invoke.LambdaForm.compileToBytecode()V+69 java.base@21.0.7
j  java.lang.invoke.LambdaForm.prepare()V+21 java.base@21.0.7
j  java.lang.invoke.MethodHandle.<init>(Ljava/lang/invoke/MethodType;Ljava/lang/invoke/LambdaForm;)V+33 java.base@21.0.7
j  java.lang.invoke.BoundMethodHandle.<init>(Ljava/lang/invoke/MethodType;Ljava/lang/invoke/LambdaForm;)V+3 java.base@21.0.7
j  java.lang.invoke.BoundMethodHandle$Species_L.<init>(Ljava/lang/invoke/MethodType;Ljava/lang/invoke/LambdaForm;Ljava/lang/Object;)V+3 java.base@21.0.7
j  java.lang.invoke.BoundMethodHandle$Species_L.make(Ljava/lang/invoke/MethodType;Ljava/lang/invoke/LambdaForm;Ljava/lang/Object;)Ljava/lang/invoke/BoundMethodHandle;+7 java.base@21.0.7
j  java.lang.invoke.BoundMethodHandle.bindSingle(Ljava/lang/invoke/MethodType;Ljava/lang/invoke/LambdaForm;Ljava/lang/Object;)Ljava/lang/invoke/BoundMethodHandle;+3 java.base@21.0.7
j  java.lang.invoke.SimpleMethodHandle.copyWithExtendL(Ljava/lang/invoke/MethodType;Ljava/lang/invoke/LambdaForm;Ljava/lang/Object;)Ljava/lang/invoke/BoundMethodHandle;+3 java.base@21.0.7
j  java.lang.invoke.LambdaFormEditor.bindArgumentL(Ljava/lang/invoke/BoundMethodHandle;ILjava/lang/Object;)Ljava/lang/invoke/BoundMethodHandle;+55 java.base@21.0.7
j  java.lang.invoke.BoundMethodHandle.bindArgumentL(ILjava/lang/Object;)Ljava/lang/invoke/BoundMethodHandle;+7 java.base@21.0.7
j  java.lang.invoke.MethodHandle.bindArgumentL(ILjava/lang/Object;)Ljava/lang/invoke/BoundMethodHandle;+6 java.base@21.0.7
j  java.lang.invoke.MethodHandle.bindTo(Ljava/lang/Object;)Ljava/lang/invoke/MethodHandle;+15 java.base@21.0.7
j  java.lang.invoke.MethodHandles.constant(Ljava/lang/Class;Ljava/lang/Object;)Ljava/lang/invoke/MethodHandle;+84 java.base@21.0.7
j  java.lang.invoke.InnerClassLambdaMetafactory.buildCallSite()Ljava/lang/invoke/CallSite;+103 java.base@21.0.7
j  java.lang.invoke.LambdaMetafactory.metafactory(Ljava/lang/invoke/MethodHandles$Lookup;Ljava/lang/String;Ljava/lang/invoke/MethodType;Ljava/lang/invoke/MethodType;Ljava/lang/invoke/MethodHandle;Ljava/lang/invoke/MethodType;)Ljava/lang/invoke/CallSite;+67 java.base@21.0.7
j  java.lang.invoke.DirectMethodHandle$Holder.invokeStatic(Ljava/lang/Object;Ljava/lang/Object;Ljava/lang/Object;Ljava/lang/Object;Ljava/lang/Object;Ljava/lang/Object;Ljava/lang/Object;)Ljava/lang/Object;+20 java.base@21.0.7
j  java.lang.invoke.Invokers$Holder.invokeExact_MT(Ljava/lang/Object;Ljava/lang/Object;Ljava/lang/Object;Ljava/lang/Object;Ljava/lang/Object;Ljava/lang/Object;Ljava/lang/Object;Ljava/lang/Object;)Ljava/lang/Object;+28 java.base@21.0.7
j  java.lang.invoke.BootstrapMethodInvoker.invoke(Ljava/lang/Class;Ljava/lang/invoke/MethodHandle;Ljava/lang/String;Ljava/lang/Object;Ljava/lang/Object;Ljava/lang/Class;)Ljava/lang/Object;+319 java.base@21.0.7
j  java.lang.invoke.CallSite.makeSite(Ljava/lang/invoke/MethodHandle;Ljava/lang/String;Ljava/lang/invoke/MethodType;Ljava/lang/Object;Ljava/lang/Class;)Ljava/lang/invoke/CallSite;+8 java.base@21.0.7
j  java.lang.invoke.MethodHandleNatives.linkCallSiteImpl(Ljava/lang/Class;Ljava/lang/invoke/MethodHandle;Ljava/lang/String;Ljava/lang/invoke/MethodType;Ljava/lang/Object;[Ljava/lang/Object;)Ljava/lang/invoke/MemberName;+6 java.base@21.0.7
j  java.lang.invoke.MethodHandleNatives.linkCallSite(Ljava/lang/Object;Ljava/lang/Object;Ljava/lang/Object;Ljava/lang/Object;Ljava/lang/Object;[Ljava/lang/Object;)Ljava/lang/invoke/MemberName;+45 java.base@21.0.7
v  ~StubRoutines::call_stub 0x0000021c1297100d
j  java.security.Security.<clinit>()V+9 java.base@21.0.7
v  ~StubRoutines::call_stub 0x0000021c1297100d
j  sun.security.jca.ProviderList.<init>()V+45 java.base@21.0.7
j  sun.security.jca.ProviderList$2.run()Lsun/security/jca/ProviderList;+4 java.base@21.0.7
j  sun.security.jca.ProviderList$2.run()Ljava/lang/Object;+1 java.base@21.0.7
j  java.security.AccessController.executePrivileged(Ljava/security/PrivilegedAction;Ljava/security/AccessControlContext;Ljava/lang/Class;)Ljava/lang/Object;+29 java.base@21.0.7
j  java.security.AccessController.doPrivileged(Ljava/security/PrivilegedAction;)Ljava/lang/Object;+5 java.base@21.0.7
j  sun.security.jca.ProviderList.fromSecurityProperties()Lsun/security/jca/ProviderList;+7 java.base@21.0.7
j  sun.security.jca.Providers.<clinit>()V+16 java.base@21.0.7
v  ~StubRoutines::call_stub 0x0000021c1297100d
j  sun.security.jca.GetInstance.getInstance(Ljava/lang/String;Ljava/lang/Class;Ljava/lang/String;)Lsun/security/jca/GetInstance$Instance;+0 java.base@21.0.7
j  javax.net.ssl.SSLContext.getInstance(Ljava/lang/String;)Ljavax/net/ssl/SSLContext;+12 java.base@21.0.7
j  externalApp.ExternalAppUtil.sendIdeRequest(Ljava/lang/String;ILjava/lang/String;Ljava/lang/String;)LexternalApp/ExternalAppUtil$Result;+34
j  git4idea.http.GitAskPassApp.entryPoint(LexternalApp/ExternalAppEntry;)I+61
j  git4idea.http.GitAskPassApp.main([Ljava/lang/String;)V+11
v  ~StubRoutines::call_stub 0x0000021c1297100d

---------------  P R O C E S S  ---------------

Threads class SMR info:
_java_thread_list=0x0000021c22e5f050, length=12, elements={
0x0000021c050fd750, 0x0000021c22c58560, 0x0000021c22c89f50, 0x0000021c22c8c5d0,
0x0000021c22c8d400, 0x0000021c22c8da70, 0x0000021c22c920f0, 0x0000021c22c948a0,
0x0000021c22c95240, 0x0000021c22cd1210, 0x0000021c22df76a0, 0x0000021c22e7d8c0
}

Java Threads: ( => current thread )
=>0x0000021c050fd750 JavaThread "main"                              [_thread_in_vm, id=2092, stack(0x00000025db000000,0x00000025db100000) (1024K)]
  0x0000021c22c58560 JavaThread "Common-Cleaner"             daemon [_thread_blocked, id=28792, stack(0x00000025db800000,0x00000025db900000) (1024K)]
  0x0000021c22c89f50 JavaThread "Reference Handler"          daemon [_thread_blocked, id=16396, stack(0x00000025db900000,0x00000025dba00000) (1024K)]
  0x0000021c22c8c5d0 JavaThread "Finalizer"                  daemon [_thread_blocked, id=17868, stack(0x00000025dba00000,0x00000025dbb00000) (1024K)]
  0x0000021c22c8d400 JavaThread "Signal Dispatcher"          daemon [_thread_blocked, id=31172, stack(0x00000025dbb00000,0x00000025dbc00000) (1024K)]
  0x0000021c22c8da70 JavaThread "Attach Listener"            daemon [_thread_blocked, id=30240, stack(0x00000025dbc00000,0x00000025dbd00000) (1024K)]
  0x0000021c22c920f0 JavaThread "Service Thread"             daemon [_thread_blocked, id=5284, stack(0x00000025dbd00000,0x00000025dbe00000) (1024K)]
  0x0000021c22c948a0 JavaThread "Monitor Deflation Thread"   daemon [_thread_blocked, id=3452, stack(0x00000025dbe00000,0x00000025dbf00000) (1024K)]
  0x0000021c22c95240 JavaThread "C2 CompilerThread0"         daemon [_thread_blocked, id=27880, stack(0x00000025dbf00000,0x00000025dc000000) (1024K)]
  0x0000021c22cd1210 JavaThread "C1 CompilerThread0"         daemon [_thread_blocked, id=7592, stack(0x00000025dc000000,0x00000025dc100000) (1024K)]
  0x0000021c22df76a0 JavaThread "C1 CompilerThread1"         daemon [_thread_blocked, id=31024, stack(0x00000025dc100000,0x00000025dc200000) (1024K)]
  0x0000021c22e7d8c0 JavaThread "Notification Thread"        daemon [_thread_blocked, id=26144, stack(0x00000025dc200000,0x00000025dc300000) (1024K)]
Total: 12

Other Threads:
  0x0000021c22c20580 VMThread "VM Thread"                           [id=31204, stack(0x00000025db700000,0x00000025db800000) (1024K)]
  0x0000021c22841bd0 WatcherThread "VM Periodic Task Thread"        [id=30088, stack(0x00000025db600000,0x00000025db700000) (1024K)]
  0x0000021c075554b0 WorkerThread "GC Thread#0"                     [id=2848, stack(0x00000025db100000,0x00000025db200000) (1024K)]
  0x0000021c07566890 ConcurrentGCThread "G1 Main Marker"            [id=5380, stack(0x00000025db200000,0x00000025db300000) (1024K)]
  0x0000021c075682a0 WorkerThread "G1 Conc#0"                       [id=28200, stack(0x00000025db300000,0x00000025db400000) (1024K)]
  0x0000021c226fe770 ConcurrentGCThread "G1 Refine#0"               [id=18184, stack(0x00000025db400000,0x00000025db500000) (1024K)]
  0x0000021c22701cb0 ConcurrentGCThread "G1 Service"                [id=19404, stack(0x00000025db500000,0x00000025db600000) (1024K)]
Total: 7

Threads with active compile tasks:
Total: 0

VM state: not at safepoint (normal execution)

VM Mutex/Monitor currently owned by a thread:  ([mutex/lock_event])
[0x00007ff81e9ff948] Metaspace_lock - owner thread: 0x0000021c050fd750

Heap address: 0x0000000709800000, size: 3944 MB, Compressed Oops mode: Zero based, Oop shift amount: 3

CDS archive(s) not mapped
Compressed class space mapped at: 0x0000000800000000-0x0000000840000000, reserved size: 1073741824
Narrow klass base: 0x0000000800000000, Narrow klass shift: 0, Narrow klass range: 0x40000000

GC Precious Log:
 CardTable entry size: 512
 Card Set container configuration: InlinePtr #cards 4 size 8 Array Of Cards #cards 16 size 48 Howl #buckets 8 coarsen threshold 3686 Howl Bitmap #cards 512 size 80 coarsen threshold 460 Card regions per heap region 1 cards per card region 4096
 CPUs: 16 total, 16 available
 Memory: 15775M
 Large Page Support: Disabled
 NUMA Support: Disabled
 Compressed Oops: Enabled (Zero based)
 Heap Region Size: 2M
 Heap Min Capacity: 8M
 Heap Initial Capacity: 248M
 Heap Max Capacity: 3944M
 Pre-touch: Disabled
 Parallel Workers: 13
 Concurrent Workers: 3
 Concurrent Refinement Workers: 13
 Periodic GC: Disabled

Heap:
 garbage-first heap   total 253952K, used 2048K [0x0000000709800000, 0x0000000800000000)
  region size 2048K, 2 young (4096K), 0 survivors (0K)
 Metaspace       used 7116K, committed 7168K, reserved 1114112K
  class space    used 570K, committed 576K, reserved 1048576K

Heap Regions: E=young(eden), S=young(survivor), O=old, HS=humongous(starts), HC=humongous(continues), CS=collection set, F=free, TAMS=top-at-mark-start, PB=parsable bottom
|   0|0x0000000709800000, 0x0000000709800000, 0x0000000709a00000|  0%| F|  |TAMS 0x0000000709800000| PB 0x0000000709800000| Untracked 
|   1|0x0000000709a00000, 0x0000000709a00000, 0x0000000709c00000|  0%| F|  |TAMS 0x0000000709a00000| PB 0x0000000709a00000| Untracked 
|   2|0x0000000709c00000, 0x0000000709c00000, 0x0000000709e00000|  0%| F|  |TAMS 0x0000000709c00000| PB 0x0000000709c00000| Untracked 
|   3|0x0000000709e00000, 0x0000000709e00000, 0x000000070a000000|  0%| F|  |TAMS 0x0000000709e00000| PB 0x0000000709e00000| Untracked 
|   4|0x000000070a000000, 0x000000070a000000, 0x000000070a200000|  0%| F|  |TAMS 0x000000070a000000| PB 0x000000070a000000| Untracked 
|   5|0x000000070a200000, 0x000000070a200000, 0x000000070a400000|  0%| F|  |TAMS 0x000000070a200000| PB 0x000000070a200000| Untracked 
|   6|0x000000070a400000, 0x000000070a400000, 0x000000070a600000|  0%| F|  |TAMS 0x000000070a400000| PB 0x000000070a400000| Untracked 
|   7|0x000000070a600000, 0x000000070a600000, 0x000000070a800000|  0%| F|  |TAMS 0x000000070a600000| PB 0x000000070a600000| Untracked 
|   8|0x000000070a800000, 0x000000070a800000, 0x000000070aa00000|  0%| F|  |TAMS 0x000000070a800000| PB 0x000000070a800000| Untracked 
|   9|0x000000070aa00000, 0x000000070aa00000, 0x000000070ac00000|  0%| F|  |TAMS 0x000000070aa00000| PB 0x000000070aa00000| Untracked 
|  10|0x000000070ac00000, 0x000000070ac00000, 0x000000070ae00000|  0%| F|  |TAMS 0x000000070ac00000| PB 0x000000070ac00000| Untracked 
|  11|0x000000070ae00000, 0x000000070ae00000, 0x000000070b000000|  0%| F|  |TAMS 0x000000070ae00000| PB 0x000000070ae00000| Untracked 
|  12|0x000000070b000000, 0x000000070b000000, 0x000000070b200000|  0%| F|  |TAMS 0x000000070b000000| PB 0x000000070b000000| Untracked 
|  13|0x000000070b200000, 0x000000070b200000, 0x000000070b400000|  0%| F|  |TAMS 0x000000070b200000| PB 0x000000070b200000| Untracked 
|  14|0x000000070b400000, 0x000000070b400000, 0x000000070b600000|  0%| F|  |TAMS 0x000000070b400000| PB 0x000000070b400000| Untracked 
|  15|0x000000070b600000, 0x000000070b600000, 0x000000070b800000|  0%| F|  |TAMS 0x000000070b600000| PB 0x000000070b600000| Untracked 
|  16|0x000000070b800000, 0x000000070b800000, 0x000000070ba00000|  0%| F|  |TAMS 0x000000070b800000| PB 0x000000070b800000| Untracked 
|  17|0x000000070ba00000, 0x000000070ba00000, 0x000000070bc00000|  0%| F|  |TAMS 0x000000070ba00000| PB 0x000000070ba00000| Untracked 
|  18|0x000000070bc00000, 0x000000070bc00000, 0x000000070be00000|  0%| F|  |TAMS 0x000000070bc00000| PB 0x000000070bc00000| Untracked 
|  19|0x000000070be00000, 0x000000070be00000, 0x000000070c000000|  0%| F|  |TAMS 0x000000070be00000| PB 0x000000070be00000| Untracked 
|  20|0x000000070c000000, 0x000000070c000000, 0x000000070c200000|  0%| F|  |TAMS 0x000000070c000000| PB 0x000000070c000000| Untracked 
|  21|0x000000070c200000, 0x000000070c200000, 0x000000070c400000|  0%| F|  |TAMS 0x000000070c200000| PB 0x000000070c200000| Untracked 
|  22|0x000000070c400000, 0x000000070c400000, 0x000000070c600000|  0%| F|  |TAMS 0x000000070c400000| PB 0x000000070c400000| Untracked 
|  23|0x000000070c600000, 0x000000070c600000, 0x000000070c800000|  0%| F|  |TAMS 0x000000070c600000| PB 0x000000070c600000| Untracked 
|  24|0x000000070c800000, 0x000000070c800000, 0x000000070ca00000|  0%| F|  |TAMS 0x000000070c800000| PB 0x000000070c800000| Untracked 
|  25|0x000000070ca00000, 0x000000070ca00000, 0x000000070cc00000|  0%| F|  |TAMS 0x000000070ca00000| PB 0x000000070ca00000| Untracked 
|  26|0x000000070cc00000, 0x000000070cc00000, 0x000000070ce00000|  0%| F|  |TAMS 0x000000070cc00000| PB 0x000000070cc00000| Untracked 
|  27|0x000000070ce00000, 0x000000070ce00000, 0x000000070d000000|  0%| F|  |TAMS 0x000000070ce00000| PB 0x000000070ce00000| Untracked 
|  28|0x000000070d000000, 0x000000070d000000, 0x000000070d200000|  0%| F|  |TAMS 0x000000070d000000| PB 0x000000070d000000| Untracked 
|  29|0x000000070d200000, 0x000000070d200000, 0x000000070d400000|  0%| F|  |TAMS 0x000000070d200000| PB 0x000000070d200000| Untracked 
|  30|0x000000070d400000, 0x000000070d400000, 0x000000070d600000|  0%| F|  |TAMS 0x000000070d400000| PB 0x000000070d400000| Untracked 
|  31|0x000000070d600000, 0x000000070d600000, 0x000000070d800000|  0%| F|  |TAMS 0x000000070d600000| PB 0x000000070d600000| Untracked 
|  32|0x000000070d800000, 0x000000070d800000, 0x000000070da00000|  0%| F|  |TAMS 0x000000070d800000| PB 0x000000070d800000| Untracked 
|  33|0x000000070da00000, 0x000000070da00000, 0x000000070dc00000|  0%| F|  |TAMS 0x000000070da00000| PB 0x000000070da00000| Untracked 
|  34|0x000000070dc00000, 0x000000070dc00000, 0x000000070de00000|  0%| F|  |TAMS 0x000000070dc00000| PB 0x000000070dc00000| Untracked 
|  35|0x000000070de00000, 0x000000070de00000, 0x000000070e000000|  0%| F|  |TAMS 0x000000070de00000| PB 0x000000070de00000| Untracked 
|  36|0x000000070e000000, 0x000000070e000000, 0x000000070e200000|  0%| F|  |TAMS 0x000000070e000000| PB 0x000000070e000000| Untracked 
|  37|0x000000070e200000, 0x000000070e200000, 0x000000070e400000|  0%| F|  |TAMS 0x000000070e200000| PB 0x000000070e200000| Untracked 
|  38|0x000000070e400000, 0x000000070e400000, 0x000000070e600000|  0%| F|  |TAMS 0x000000070e400000| PB 0x000000070e400000| Untracked 
|  39|0x000000070e600000, 0x000000070e600000, 0x000000070e800000|  0%| F|  |TAMS 0x000000070e600000| PB 0x000000070e600000| Untracked 
|  40|0x000000070e800000, 0x000000070e800000, 0x000000070ea00000|  0%| F|  |TAMS 0x000000070e800000| PB 0x000000070e800000| Untracked 
|  41|0x000000070ea00000, 0x000000070ea00000, 0x000000070ec00000|  0%| F|  |TAMS 0x000000070ea00000| PB 0x000000070ea00000| Untracked 
|  42|0x000000070ec00000, 0x000000070ec00000, 0x000000070ee00000|  0%| F|  |TAMS 0x000000070ec00000| PB 0x000000070ec00000| Untracked 
|  43|0x000000070ee00000, 0x000000070ee00000, 0x000000070f000000|  0%| F|  |TAMS 0x000000070ee00000| PB 0x000000070ee00000| Untracked 
|  44|0x000000070f000000, 0x000000070f000000, 0x000000070f200000|  0%| F|  |TAMS 0x000000070f000000| PB 0x000000070f000000| Untracked 
|  45|0x000000070f200000, 0x000000070f200000, 0x000000070f400000|  0%| F|  |TAMS 0x000000070f200000| PB 0x000000070f200000| Untracked 
|  46|0x000000070f400000, 0x000000070f400000, 0x000000070f600000|  0%| F|  |TAMS 0x000000070f400000| PB 0x000000070f400000| Untracked 
|  47|0x000000070f600000, 0x000000070f600000, 0x000000070f800000|  0%| F|  |TAMS 0x000000070f600000| PB 0x000000070f600000| Untracked 
|  48|0x000000070f800000, 0x000000070f800000, 0x000000070fa00000|  0%| F|  |TAMS 0x000000070f800000| PB 0x000000070f800000| Untracked 
|  49|0x000000070fa00000, 0x000000070fa00000, 0x000000070fc00000|  0%| F|  |TAMS 0x000000070fa00000| PB 0x000000070fa00000| Untracked 
|  50|0x000000070fc00000, 0x000000070fc00000, 0x000000070fe00000|  0%| F|  |TAMS 0x000000070fc00000| PB 0x000000070fc00000| Untracked 
|  51|0x000000070fe00000, 0x000000070fe00000, 0x0000000710000000|  0%| F|  |TAMS 0x000000070fe00000| PB 0x000000070fe00000| Untracked 
|  52|0x0000000710000000, 0x0000000710000000, 0x0000000710200000|  0%| F|  |TAMS 0x0000000710000000| PB 0x0000000710000000| Untracked 
|  53|0x0000000710200000, 0x0000000710200000, 0x0000000710400000|  0%| F|  |TAMS 0x0000000710200000| PB 0x0000000710200000| Untracked 
|  54|0x0000000710400000, 0x0000000710400000, 0x0000000710600000|  0%| F|  |TAMS 0x0000000710400000| PB 0x0000000710400000| Untracked 
|  55|0x0000000710600000, 0x0000000710600000, 0x0000000710800000|  0%| F|  |TAMS 0x0000000710600000| PB 0x0000000710600000| Untracked 
|  56|0x0000000710800000, 0x0000000710800000, 0x0000000710a00000|  0%| F|  |TAMS 0x0000000710800000| PB 0x0000000710800000| Untracked 
|  57|0x0000000710a00000, 0x0000000710a00000, 0x0000000710c00000|  0%| F|  |TAMS 0x0000000710a00000| PB 0x0000000710a00000| Untracked 
|  58|0x0000000710c00000, 0x0000000710c00000, 0x0000000710e00000|  0%| F|  |TAMS 0x0000000710c00000| PB 0x0000000710c00000| Untracked 
|  59|0x0000000710e00000, 0x0000000710e00000, 0x0000000711000000|  0%| F|  |TAMS 0x0000000710e00000| PB 0x0000000710e00000| Untracked 
|  60|0x0000000711000000, 0x0000000711000000, 0x0000000711200000|  0%| F|  |TAMS 0x0000000711000000| PB 0x0000000711000000| Untracked 
|  61|0x0000000711200000, 0x0000000711200000, 0x0000000711400000|  0%| F|  |TAMS 0x0000000711200000| PB 0x0000000711200000| Untracked 
|  62|0x0000000711400000, 0x0000000711400000, 0x0000000711600000|  0%| F|  |TAMS 0x0000000711400000| PB 0x0000000711400000| Untracked 
|  63|0x0000000711600000, 0x0000000711600000, 0x0000000711800000|  0%| F|  |TAMS 0x0000000711600000| PB 0x0000000711600000| Untracked 
|  64|0x0000000711800000, 0x0000000711800000, 0x0000000711a00000|  0%| F|  |TAMS 0x0000000711800000| PB 0x0000000711800000| Untracked 
|  65|0x0000000711a00000, 0x0000000711a00000, 0x0000000711c00000|  0%| F|  |TAMS 0x0000000711a00000| PB 0x0000000711a00000| Untracked 
|  66|0x0000000711c00000, 0x0000000711c00000, 0x0000000711e00000|  0%| F|  |TAMS 0x0000000711c00000| PB 0x0000000711c00000| Untracked 
|  67|0x0000000711e00000, 0x0000000711e00000, 0x0000000712000000|  0%| F|  |TAMS 0x0000000711e00000| PB 0x0000000711e00000| Untracked 
|  68|0x0000000712000000, 0x0000000712000000, 0x0000000712200000|  0%| F|  |TAMS 0x0000000712000000| PB 0x0000000712000000| Untracked 
|  69|0x0000000712200000, 0x0000000712200000, 0x0000000712400000|  0%| F|  |TAMS 0x0000000712200000| PB 0x0000000712200000| Untracked 
|  70|0x0000000712400000, 0x0000000712400000, 0x0000000712600000|  0%| F|  |TAMS 0x0000000712400000| PB 0x0000000712400000| Untracked 
|  71|0x0000000712600000, 0x0000000712600000, 0x0000000712800000|  0%| F|  |TAMS 0x0000000712600000| PB 0x0000000712600000| Untracked 
|  72|0x0000000712800000, 0x0000000712800000, 0x0000000712a00000|  0%| F|  |TAMS 0x0000000712800000| PB 0x0000000712800000| Untracked 
|  73|0x0000000712a00000, 0x0000000712a00000, 0x0000000712c00000|  0%| F|  |TAMS 0x0000000712a00000| PB 0x0000000712a00000| Untracked 
|  74|0x0000000712c00000, 0x0000000712c00000, 0x0000000712e00000|  0%| F|  |TAMS 0x0000000712c00000| PB 0x0000000712c00000| Untracked 
|  75|0x0000000712e00000, 0x0000000712e00000, 0x0000000713000000|  0%| F|  |TAMS 0x0000000712e00000| PB 0x0000000712e00000| Untracked 
|  76|0x0000000713000000, 0x0000000713000000, 0x0000000713200000|  0%| F|  |TAMS 0x0000000713000000| PB 0x0000000713000000| Untracked 
|  77|0x0000000713200000, 0x0000000713200000, 0x0000000713400000|  0%| F|  |TAMS 0x0000000713200000| PB 0x0000000713200000| Untracked 
|  78|0x0000000713400000, 0x0000000713400000, 0x0000000713600000|  0%| F|  |TAMS 0x0000000713400000| PB 0x0000000713400000| Untracked 
|  79|0x0000000713600000, 0x0000000713600000, 0x0000000713800000|  0%| F|  |TAMS 0x0000000713600000| PB 0x0000000713600000| Untracked 
|  80|0x0000000713800000, 0x0000000713800000, 0x0000000713a00000|  0%| F|  |TAMS 0x0000000713800000| PB 0x0000000713800000| Untracked 
|  81|0x0000000713a00000, 0x0000000713a00000, 0x0000000713c00000|  0%| F|  |TAMS 0x0000000713a00000| PB 0x0000000713a00000| Untracked 
|  82|0x0000000713c00000, 0x0000000713c00000, 0x0000000713e00000|  0%| F|  |TAMS 0x0000000713c00000| PB 0x0000000713c00000| Untracked 
|  83|0x0000000713e00000, 0x0000000713e00000, 0x0000000714000000|  0%| F|  |TAMS 0x0000000713e00000| PB 0x0000000713e00000| Untracked 
|  84|0x0000000714000000, 0x0000000714000000, 0x0000000714200000|  0%| F|  |TAMS 0x0000000714000000| PB 0x0000000714000000| Untracked 
|  85|0x0000000714200000, 0x0000000714200000, 0x0000000714400000|  0%| F|  |TAMS 0x0000000714200000| PB 0x0000000714200000| Untracked 
|  86|0x0000000714400000, 0x0000000714400000, 0x0000000714600000|  0%| F|  |TAMS 0x0000000714400000| PB 0x0000000714400000| Untracked 
|  87|0x0000000714600000, 0x0000000714600000, 0x0000000714800000|  0%| F|  |TAMS 0x0000000714600000| PB 0x0000000714600000| Untracked 
|  88|0x0000000714800000, 0x0000000714800000, 0x0000000714a00000|  0%| F|  |TAMS 0x0000000714800000| PB 0x0000000714800000| Untracked 
|  89|0x0000000714a00000, 0x0000000714a00000, 0x0000000714c00000|  0%| F|  |TAMS 0x0000000714a00000| PB 0x0000000714a00000| Untracked 
|  90|0x0000000714c00000, 0x0000000714c00000, 0x0000000714e00000|  0%| F|  |TAMS 0x0000000714c00000| PB 0x0000000714c00000| Untracked 
|  91|0x0000000714e00000, 0x0000000714e00000, 0x0000000715000000|  0%| F|  |TAMS 0x0000000714e00000| PB 0x0000000714e00000| Untracked 
|  92|0x0000000715000000, 0x0000000715000000, 0x0000000715200000|  0%| F|  |TAMS 0x0000000715000000| PB 0x0000000715000000| Untracked 
|  93|0x0000000715200000, 0x0000000715200000, 0x0000000715400000|  0%| F|  |TAMS 0x0000000715200000| PB 0x0000000715200000| Untracked 
|  94|0x0000000715400000, 0x0000000715400000, 0x0000000715600000|  0%| F|  |TAMS 0x0000000715400000| PB 0x0000000715400000| Untracked 
|  95|0x0000000715600000, 0x0000000715600000, 0x0000000715800000|  0%| F|  |TAMS 0x0000000715600000| PB 0x0000000715600000| Untracked 
|  96|0x0000000715800000, 0x0000000715800000, 0x0000000715a00000|  0%| F|  |TAMS 0x0000000715800000| PB 0x0000000715800000| Untracked 
|  97|0x0000000715a00000, 0x0000000715a00000, 0x0000000715c00000|  0%| F|  |TAMS 0x0000000715a00000| PB 0x0000000715a00000| Untracked 
|  98|0x0000000715c00000, 0x0000000715c00000, 0x0000000715e00000|  0%| F|  |TAMS 0x0000000715c00000| PB 0x0000000715c00000| Untracked 
|  99|0x0000000715e00000, 0x0000000715e00000, 0x0000000716000000|  0%| F|  |TAMS 0x0000000715e00000| PB 0x0000000715e00000| Untracked 
| 100|0x0000000716000000, 0x0000000716000000, 0x0000000716200000|  0%| F|  |TAMS 0x0000000716000000| PB 0x0000000716000000| Untracked 
| 101|0x0000000716200000, 0x0000000716200000, 0x0000000716400000|  0%| F|  |TAMS 0x0000000716200000| PB 0x0000000716200000| Untracked 
| 102|0x0000000716400000, 0x0000000716400000, 0x0000000716600000|  0%| F|  |TAMS 0x0000000716400000| PB 0x0000000716400000| Untracked 
| 103|0x0000000716600000, 0x0000000716600000, 0x0000000716800000|  0%| F|  |TAMS 0x0000000716600000| PB 0x0000000716600000| Untracked 
| 104|0x0000000716800000, 0x0000000716800000, 0x0000000716a00000|  0%| F|  |TAMS 0x0000000716800000| PB 0x0000000716800000| Untracked 
| 105|0x0000000716a00000, 0x0000000716a00000, 0x0000000716c00000|  0%| F|  |TAMS 0x0000000716a00000| PB 0x0000000716a00000| Untracked 
| 106|0x0000000716c00000, 0x0000000716c00000, 0x0000000716e00000|  0%| F|  |TAMS 0x0000000716c00000| PB 0x0000000716c00000| Untracked 
| 107|0x0000000716e00000, 0x0000000716e00000, 0x0000000717000000|  0%| F|  |TAMS 0x0000000716e00000| PB 0x0000000716e00000| Untracked 
| 108|0x0000000717000000, 0x0000000717000000, 0x0000000717200000|  0%| F|  |TAMS 0x0000000717000000| PB 0x0000000717000000| Untracked 
| 109|0x0000000717200000, 0x0000000717200000, 0x0000000717400000|  0%| F|  |TAMS 0x0000000717200000| PB 0x0000000717200000| Untracked 
| 110|0x0000000717400000, 0x0000000717400000, 0x0000000717600000|  0%| F|  |TAMS 0x0000000717400000| PB 0x0000000717400000| Untracked 
| 111|0x0000000717600000, 0x0000000717600000, 0x0000000717800000|  0%| F|  |TAMS 0x0000000717600000| PB 0x0000000717600000| Untracked 
| 112|0x0000000717800000, 0x0000000717800000, 0x0000000717a00000|  0%| F|  |TAMS 0x0000000717800000| PB 0x0000000717800000| Untracked 
| 113|0x0000000717a00000, 0x0000000717a00000, 0x0000000717c00000|  0%| F|  |TAMS 0x0000000717a00000| PB 0x0000000717a00000| Untracked 
| 114|0x0000000717c00000, 0x0000000717c00000, 0x0000000717e00000|  0%| F|  |TAMS 0x0000000717c00000| PB 0x0000000717c00000| Untracked 
| 115|0x0000000717e00000, 0x0000000717e00000, 0x0000000718000000|  0%| F|  |TAMS 0x0000000717e00000| PB 0x0000000717e00000| Untracked 
| 116|0x0000000718000000, 0x0000000718000000, 0x0000000718200000|  0%| F|  |TAMS 0x0000000718000000| PB 0x0000000718000000| Untracked 
| 117|0x0000000718200000, 0x0000000718200000, 0x0000000718400000|  0%| F|  |TAMS 0x0000000718200000| PB 0x0000000718200000| Untracked 
| 118|0x0000000718400000, 0x0000000718400000, 0x0000000718600000|  0%| F|  |TAMS 0x0000000718400000| PB 0x0000000718400000| Untracked 
| 119|0x0000000718600000, 0x0000000718600000, 0x0000000718800000|  0%| F|  |TAMS 0x0000000718600000| PB 0x0000000718600000| Untracked 
| 120|0x0000000718800000, 0x0000000718800000, 0x0000000718a00000|  0%| F|  |TAMS 0x0000000718800000| PB 0x0000000718800000| Untracked 
| 121|0x0000000718a00000, 0x0000000718a00000, 0x0000000718c00000|  0%| F|  |TAMS 0x0000000718a00000| PB 0x0000000718a00000| Untracked 
| 122|0x0000000718c00000, 0x0000000718ce1500, 0x0000000718e00000| 44%| E|  |TAMS 0x0000000718c00000| PB 0x0000000718c00000| Complete 
| 123|0x0000000718e00000, 0x0000000719000000, 0x0000000719000000|100%| E|CS|TAMS 0x0000000718e00000| PB 0x0000000718e00000| Complete 

Card table byte_map: [0x0000021c1b560000,0x0000021c1bd20000] _byte_map_base: 0x0000021c17d14000

Marking Bits: (CMBitMap*) 0x0000021c07555ab0
 Bits: [0x0000021c1bd20000, 0x0000021c1fac0000)

Polling page: 0x0000021c052b0000

Metaspace:

Usage:
  Non-class:      6.39 MB used.
      Class:    570.16 KB used.
       Both:      6.95 MB used.

Virtual space:
  Non-class space:       64.00 MB reserved,       6.44 MB ( 10%) committed,  1 nodes.
      Class space:        1.00 GB reserved,     576.00 KB ( <1%) committed,  1 nodes.
             Both:        1.06 GB reserved,       7.00 MB ( <1%) committed. 

Chunk freelists:
   Non-Class:  8.98 MB
       Class:  15.25 MB
        Both:  24.22 MB

MaxMetaspaceSize: unlimited
CompressedClassSpaceSize: 1.00 GB
Initial GC threshold: 21.00 MB
Current GC threshold: 21.00 MB
CDS: off
 - commit_granule_bytes: 65536.
 - commit_granule_words: 8192.
 - virtual_space_node_default_size: 8388608.
 - enlarge_chunks_in_place: 1.
 - use_allocation_guard: 0.


Internal statistics:

num_allocs_failed_limit: 0.
num_arena_births: 6.
num_arena_deaths: 0.
num_vsnodes_births: 2.
num_vsnodes_deaths: 0.
num_space_committed: 112.
num_space_uncommitted: 0.
num_chunks_returned_to_freelist: 0.
num_chunks_taken_from_freelist: 18.
num_chunk_merges: 0.
num_chunk_splits: 9.
num_chunks_enlarged: 4.
num_inconsistent_stats: 0.

CodeHeap 'non-profiled nmethods': size=119168Kb used=36Kb max_used=36Kb free=119131Kb
 bounds [0x0000021c130c0000, 0x0000021c13330000, 0x0000021c1a520000]
CodeHeap 'profiled nmethods': size=119104Kb used=176Kb max_used=176Kb free=118927Kb
 bounds [0x0000021c0b520000, 0x0000021c0b790000, 0x0000021c12970000]
CodeHeap 'non-nmethods': size=7488Kb used=1851Kb max_used=1865Kb free=5636Kb
 bounds [0x0000021c12970000, 0x0000021c12be0000, 0x0000021c130c0000]
 total_blobs=544 nmethods=139 adapters=309
 compilation: enabled
              stopped_count=0, restarted_count=0
 full_count=0

Compilation events (20 events):
Event: 0.282 Thread 0x0000021c22cd1210  127       1       java.lang.invoke.MethodType::returnType (5 bytes)
Event: 0.282 Thread 0x0000021c22cd1210 nmethod 127 0x0000021c130c7b90 code [0x0000021c130c7d20, 0x0000021c130c7df0]
Event: 0.283 Thread 0x0000021c22cd1210  130       3       java.lang.ref.ReferenceQueue::headIsNull (13 bytes)
Event: 0.283 Thread 0x0000021c22cd1210 nmethod 130 0x0000021c0b549990 code [0x0000021c0b549b20, 0x0000021c0b549c88]
Event: 0.284 Thread 0x0000021c22cd1210  131       3       jdk.internal.util.ReferencedKeyMap::removeStaleReferences (30 bytes)
Event: 0.284 Thread 0x0000021c22df76a0  132   !   3       java.lang.ref.NativeReferenceQueue::poll (28 bytes)
Event: 0.284 Thread 0x0000021c22cd1210 nmethod 131 0x0000021c0b549d10 code [0x0000021c0b549ee0, 0x0000021c0b54a248]
Event: 0.284 Thread 0x0000021c22df76a0 nmethod 132 0x0000021c0b54a390 code [0x0000021c0b54a560, 0x0000021c0b54a8b0]
Event: 0.286 Thread 0x0000021c22df76a0  133       3       java.lang.AbstractStringBuilder::putStringAt (19 bytes)
Event: 0.286 Thread 0x0000021c22cd1210  134       3       java.lang.AbstractStringBuilder::inflateIfNeededFor (22 bytes)
Event: 0.286 Thread 0x0000021c22cd1210 nmethod 134 0x0000021c0b54aa10 code [0x0000021c0b54abc0, 0x0000021c0b54add0]
Event: 0.286 Thread 0x0000021c22df76a0 nmethod 133 0x0000021c0b54af10 code [0x0000021c0b54b0e0, 0x0000021c0b54b3b8]
Event: 0.287 Thread 0x0000021c22df76a0  135       3       java.lang.StringBuilder::append (8 bytes)
Event: 0.287 Thread 0x0000021c22cd1210  136       3       java.lang.AbstractStringBuilder::append (45 bytes)
Event: 0.287 Thread 0x0000021c22c95240  139       4       java.lang.String::charAt (25 bytes)
Event: 0.288 Thread 0x0000021c22df76a0 nmethod 135 0x0000021c0b54b510 code [0x0000021c0b54b6c0, 0x0000021c0b54b810]
Event: 0.288 Thread 0x0000021c22df76a0  137       1       java.lang.AbstractStringBuilder::getValue (5 bytes)
Event: 0.288 Thread 0x0000021c22df76a0 nmethod 137 0x0000021c130c8790 code [0x0000021c130c8920, 0x0000021c130c89f0]
Event: 0.288 Thread 0x0000021c22df76a0  138       1       java.lang.AbstractStringBuilder::length (5 bytes)
Event: 0.288 Thread 0x0000021c22df76a0 nmethod 138 0x0000021c130c8a90 code [0x0000021c130c8c20, 0x0000021c130c8ce8]

GC Heap History (0 events):
No events

Dll operation events (2 events):
Event: 0.018 Loaded shared library C:\Program Files\JetBrains\WebStorm 2025.2\jbr\bin\java.dll
Event: 0.042 Loaded shared library C:\Program Files\JetBrains\WebStorm 2025.2\jbr\bin\zip.dll

Deoptimization events (0 events):
No events

Classes loaded (20 events):
Event: 0.284 Loading class java/lang/invoke/DelegatingMethodHandle$Holder
Event: 0.284 Loading class java/lang/invoke/DelegatingMethodHandle$Holder done
Event: 0.284 Loading class java/lang/invoke/LambdaFormEditor
Event: 0.285 Loading class java/lang/invoke/LambdaFormEditor done
Event: 0.285 Loading class java/lang/invoke/LambdaFormEditor$TransformKey
Event: 0.285 Loading class java/lang/invoke/LambdaFormEditor$TransformKey done
Event: 0.285 Loading class java/lang/invoke/LambdaFormBuffer
Event: 0.285 Loading class java/lang/invoke/LambdaFormBuffer done
Event: 0.286 Loading class java/lang/invoke/LambdaFormEditor$Transform
Event: 0.286 Loading class java/lang/invoke/LambdaFormEditor$Transform done
Event: 0.286 Loading class jdk/internal/org/objectweb/asm/Frame
Event: 0.286 Loading class jdk/internal/org/objectweb/asm/Frame done
Event: 0.287 Loading class java/lang/invoke/InvokerBytecodeGenerator$ClassData
Event: 0.287 Loading class java/lang/invoke/InvokerBytecodeGenerator$ClassData done
Event: 0.287 Loading class java/util/ArrayList$Itr
Event: 0.287 Loading class java/util/ArrayList$Itr done
Event: 0.287 Loading class jdk/internal/org/objectweb/asm/FieldWriter
Event: 0.287 Loading class jdk/internal/org/objectweb/asm/FieldVisitor
Event: 0.287 Loading class jdk/internal/org/objectweb/asm/FieldVisitor done
Event: 0.287 Loading class jdk/internal/org/objectweb/asm/FieldWriter done

Classes unloaded (0 events):
No events

Classes redefined (0 events):
No events

Internal exceptions (0 events):
No events

ZGC Phase Switch (0 events):
No events

VM Operations (4 events):
Event: 0.241 Executing VM operation: HandshakeAllThreads (Deoptimize)
Event: 0.241 Executing VM operation: HandshakeAllThreads (Deoptimize) done
Event: 0.259 Executing VM operation: HandshakeAllThreads (Deoptimize)
Event: 0.259 Executing VM operation: HandshakeAllThreads (Deoptimize) done

Memory protections (0 events):
No events

Nmethod flushes (0 events):
No events

Events (15 events):
Event: 0.039 Thread 0x0000021c050fd750 Thread added: 0x0000021c050fd750
Event: 0.135 Thread 0x0000021c050fd750 Thread added: 0x0000021c22c58560
Event: 0.145 Thread 0x0000021c050fd750 Thread added: 0x0000021c22c89f50
Event: 0.145 Thread 0x0000021c050fd750 Thread added: 0x0000021c22c8c5d0
Event: 0.147 Thread 0x0000021c050fd750 Thread added: 0x0000021c22c8d400
Event: 0.147 Thread 0x0000021c050fd750 Thread added: 0x0000021c22c8da70
Event: 0.147 Thread 0x0000021c050fd750 Thread added: 0x0000021c22c920f0
Event: 0.147 Thread 0x0000021c050fd750 Thread added: 0x0000021c22c948a0
Event: 0.147 Thread 0x0000021c050fd750 Thread added: 0x0000021c22c95240
Event: 0.147 Thread 0x0000021c050fd750 Thread added: 0x0000021c22cd1210
Event: 0.186 Thread 0x0000021c22cd1210 Thread added: 0x0000021c22df76a0
Event: 0.195 Thread 0x0000021c050fd750 Thread added: 0x0000021c22e7d8c0
Event: 0.216 Loaded shared library C:\Program Files\JetBrains\WebStorm 2025.2\jbr\bin\net.dll
Event: 0.221 Loaded shared library C:\Program Files\JetBrains\WebStorm 2025.2\jbr\bin\nio.dll
Event: 0.234 Loaded shared library C:\Program Files\JetBrains\WebStorm 2025.2\jbr\bin\zip.dll


Dynamic libraries:
0x00007ff623750000 - 0x00007ff62375a000 	C:\Program Files\JetBrains\WebStorm 2025.2\jbr\bin\java.exe
0x00007ff915ce0000 - 0x00007ff915f43000 	C:\WINDOWS\SYSTEM32\ntdll.dll
0x00007ff914250000 - 0x00007ff914318000 	C:\WINDOWS\System32\KERNEL32.DLL
0x00007ff913530000 - 0x00007ff9138e4000 	C:\WINDOWS\System32\KERNELBASE.dll
0x00007ff90c820000 - 0x00007ff90c8bc000 	C:\WINDOWS\SYSTEM32\apphelp.dll
0x00007ff913340000 - 0x00007ff91348b000 	C:\WINDOWS\System32\ucrtbase.dll
0x00007ff90a3c0000 - 0x00007ff90a3d8000 	C:\Program Files\JetBrains\WebStorm 2025.2\jbr\bin\jli.dll
0x00007ff90f9e0000 - 0x00007ff90f9fb000 	C:\Program Files\JetBrains\WebStorm 2025.2\jbr\bin\VCRUNTIME140.dll
0x00007ff915730000 - 0x00007ff9158f9000 	C:\WINDOWS\System32\USER32.dll
0x00007ff913250000 - 0x00007ff913277000 	C:\WINDOWS\System32\win32u.dll
0x00007ff913d70000 - 0x00007ff913d9a000 	C:\WINDOWS\System32\GDI32.dll
0x00007ff8fbb10000 - 0x00007ff8fbda0000 	C:\WINDOWS\WinSxS\amd64_microsoft.windows.common-controls_6595b64144ccf1df_6.0.26100.2702_none_3e069454e335fc5e\COMCTL32.dll
0x00007ff913090000 - 0x00007ff9131bb000 	C:\WINDOWS\System32\gdi32full.dll
0x00007ff914f70000 - 0x00007ff915019000 	C:\WINDOWS\System32\msvcrt.dll
0x00007ff9138f0000 - 0x00007ff913993000 	C:\WINDOWS\System32\msvcp_win.dll
0x00007ff914090000 - 0x00007ff9140bf000 	C:\WINDOWS\System32\IMM32.DLL
0x00007ff90f9d0000 - 0x00007ff90f9dc000 	C:\Program Files\JetBrains\WebStorm 2025.2\jbr\bin\vcruntime140_1.dll
0x00007ff8dde20000 - 0x00007ff8ddead000 	C:\Program Files\JetBrains\WebStorm 2025.2\jbr\bin\msvcp140.dll
0x00007ff81dd30000 - 0x00007ff81eaf4000 	C:\Program Files\JetBrains\WebStorm 2025.2\jbr\bin\server\jvm.dll
0x00007ff913e00000 - 0x00007ff913eb3000 	C:\WINDOWS\System32\ADVAPI32.dll
0x00007ff914ec0000 - 0x00007ff914f66000 	C:\WINDOWS\System32\sechost.dll
0x00007ff913c40000 - 0x00007ff913d56000 	C:\WINDOWS\System32\RPCRT4.dll
0x00007ff9140d0000 - 0x00007ff914144000 	C:\WINDOWS\System32\WS2_32.dll
0x00007ff912f20000 - 0x00007ff912f6e000 	C:\WINDOWS\SYSTEM32\POWRPROF.dll
0x00007ff9108c0000 - 0x00007ff9108f6000 	C:\WINDOWS\SYSTEM32\WINMM.dll
0x00007ff90d9d0000 - 0x00007ff90d9db000 	C:\WINDOWS\SYSTEM32\VERSION.dll
0x00007ff912f00000 - 0x00007ff912f14000 	C:\WINDOWS\SYSTEM32\UMPDC.dll
0x00007ff912140000 - 0x00007ff91215a000 	C:\WINDOWS\SYSTEM32\kernel.appcore.dll
0x00007ff90a500000 - 0x00007ff90a50a000 	C:\Program Files\JetBrains\WebStorm 2025.2\jbr\bin\jimage.dll
0x00007ff910630000 - 0x00007ff910871000 	C:\WINDOWS\SYSTEM32\DBGHELP.DLL
0x00007ff914b00000 - 0x00007ff914e7e000 	C:\WINDOWS\System32\combase.dll
0x00007ff9159a0000 - 0x00007ff915a76000 	C:\WINDOWS\System32\OLEAUT32.dll
0x00007ff910880000 - 0x00007ff9108b9000 	C:\WINDOWS\SYSTEM32\dbgcore.DLL
0x00007ff913490000 - 0x00007ff913529000 	C:\WINDOWS\System32\bcryptPrimitives.dll
0x00007ff8ea640000 - 0x00007ff8ea660000 	C:\Program Files\JetBrains\WebStorm 2025.2\jbr\bin\java.dll
0x00007ff8ddb20000 - 0x00007ff8ddb38000 	C:\Program Files\JetBrains\WebStorm 2025.2\jbr\bin\zip.dll
0x00007ff915020000 - 0x00007ff915724000 	C:\WINDOWS\System32\SHELL32.dll
0x00007ff910d00000 - 0x00007ff911537000 	C:\WINDOWS\SYSTEM32\windows.storage.dll
0x00007ff913b50000 - 0x00007ff913c39000 	C:\WINDOWS\System32\SHCORE.dll
0x00007ff915bc0000 - 0x00007ff915c1d000 	C:\WINDOWS\System32\shlwapi.dll
0x00007ff912fa0000 - 0x00007ff912fce000 	C:\WINDOWS\SYSTEM32\profapi.dll
0x00007ff8ff5f0000 - 0x00007ff8ff600000 	C:\Program Files\JetBrains\WebStorm 2025.2\jbr\bin\net.dll
0x00007ff90d1c0000 - 0x00007ff90d2e6000 	C:\WINDOWS\SYSTEM32\WINHTTP.dll
0x00007ff912370000 - 0x00007ff9123d8000 	C:\WINDOWS\system32\mswsock.dll
0x00007ff8d80f0000 - 0x00007ff8d8106000 	C:\Program Files\JetBrains\WebStorm 2025.2\jbr\bin\nio.dll

dbghelp: loaded successfully - version: 4.0.5 - missing functions: none
symbol engine: initialized successfully - sym options: 0x614 - pdb path: .;C:\Program Files\JetBrains\WebStorm 2025.2\jbr\bin;C:\WINDOWS\SYSTEM32;C:\WINDOWS\WinSxS\amd64_microsoft.windows.common-controls_6595b64144ccf1df_6.0.26100.2702_none_3e069454e335fc5e;C:\Program Files\JetBrains\WebStorm 2025.2\jbr\bin\server

VM Arguments:
java_command: git4idea.http.GitAskPassApp Username for 'https://github.com': 
java_class_path (initial): C:/Program Files/JetBrains/WebStorm 2025.2/plugins/vcs-git/lib/git4idea-rt.jar;C:/Program Files/JetBrains/WebStorm 2025.2/lib/externalProcess-rt.jar
Launcher Type: SUN_STANDARD

[Global flags]
     intx CICompilerCount                          = 12                                        {product} {ergonomic}
     uint ConcGCThreads                            = 3                                         {product} {ergonomic}
     uint G1ConcRefinementThreads                  = 13                                        {product} {ergonomic}
   size_t G1HeapRegionSize                         = 2097152                                   {product} {ergonomic}
    uintx GCDrainStackTargetSize                   = 64                                        {product} {ergonomic}
   size_t InitialHeapSize                          = 260046848                                 {product} {ergonomic}
   size_t MarkStackSize                            = 4194304                                   {product} {ergonomic}
   size_t MaxHeapSize                              = 4135583744                                {product} {ergonomic}
   size_t MaxNewSize                               = 2480930816                                {product} {ergonomic}
   size_t MinHeapDeltaBytes                        = 2097152                                   {product} {ergonomic}
   size_t MinHeapSize                              = 8388608                                   {product} {ergonomic}
    uintx NonNMethodCodeHeapSize                   = 7602480                                {pd product} {ergonomic}
    uintx NonProfiledCodeHeapSize                  = 122027880                              {pd product} {ergonomic}
    uintx ProfiledCodeHeapSize                     = 122027880                              {pd product} {ergonomic}
    uintx ReservedCodeCacheSize                    = 251658240                              {pd product} {ergonomic}
     bool SegmentedCodeCache                       = true                                      {product} {ergonomic}
   size_t SoftMaxHeapSize                          = 4135583744                             {manageable} {ergonomic}
     bool UseCompressedOops                        = true                           {product lp64_product} {ergonomic}
     bool UseG1GC                                  = true                                      {product} {ergonomic}
     bool UseLargePagesIndividualAllocation        = false                                  {pd product} {ergonomic}

Logging:
Log output configuration:
 #0: stdout all=warning uptime,level,tags foldmultilines=false
 #1: stderr all=off uptime,level,tags foldmultilines=false

Environment Variables:
JAVA_HOME=C:\Program Files\Eclipse Foundation\jdk-8.0.302.8-hotspot
PATH=C:/Program Files/Git/mingw64/libexec/git-core;C:/Program Files/Git/mingw64/libexec/git-core;C:\Program Files\Git\mingw64\bin;C:\Program Files\Git\usr\bin;C:\Users\ISPROJ\bin;C:\Program Files (x86)\VMware\VMware Player\bin\;C:\Ruby32-x64\bin;C:\Program Files (x86)\Microsoft SDKs\Azure\CLI2\wbin;C:\Program Files\Common Files\Oracle\Java\javapath;C:\Program Files (x86)\Common Files\Oracle\Java\javapath;C:\Program Files\Microsoft\jdk-11.0.16.101-hotspot\bin;C:\WINDOWS\system32;C:\WINDOWS;C:\WINDOWS\System32\Wbem;C:\WINDOWS\System32\WindowsPowerShell\v1.0\;C:\WINDOWS\System32\OpenSSH\;C:\Program Files (x86)\Microsoft SQL Server\160\Tools\Binn\;C:\Program Files\Microsoft SQL Server\160\Tools\Binn\;C:\Program Files\Microsoft SQL Server\Client SDK\ODBC\170\Tools\Binn\;C:\Program Files\Microsoft SQL Server\160\DTS\Binn\;C:\Program Files (x86)\Microsoft SQL Server\160\DTS\Binn\;C:\Program Files\Azure Data Studio\bin;C:\Program Files\Microsoft SQL Server\150\Tools\Binn\;C:\Program Files\dotnet\;C:\Program Files\Microsoft SQL Server\130\Tools\Binn\;C:\Program Files\nodejs;C:\Program Files\Microsoft VS Code\bin;C:\Users\Bytex\Documents\flutter_windows_3.13.9-stable\flutter\bin;C:\ProgramData\chocolatey\bin;C:\Program Files\SDelete;C:\gradle-8.1.1-all\gradle-8.1.1\bin;C:\Users\AlphaChain\AppData\Roaming\npm;C:\Users\puyan\AppData\Local\Packages\PythonSoftwareFoundation.Python.3.11_qbz5n2kfra8p0\LocalCache\local-packages\Python311\Scripts;C:\Users\puyan\OneDrive\Documents\flutter\bin;C:\xampp\php;C:\Program Files\nodejs\;C:\Users\Bytex\.cargo\bin;C:\Users\Bytex\Downloads\aircrack-ng-1.7-win\aircrack-ng-1.7-win\bin;C:\Users\Bytex\.avm\bin;C:\Users\Bytex\AppData\Local\Pub\Cache\bin;C:\Users\Bytex\AppData\Roaming\npm;C:\xmpp\php;C:\Program Files\CMake\bin;C:\flutter\bin;C:\Users\Devcrafts\AppData\Roaming\npm;C:\Users\Devcrafts\AppData\Local\Pub\Cache\bin;C:\Program Files (x86)\Incredibuild;C:\Users\AlphaChain\AppData\Local\Programs\Python\Python312\Scripts;C:\kotlinc\bin;C:\ProgramData\ComposerSetup\bin;C:\Program Files\Go\bin;C:\Program Files\Git\cmd;C:\Users\ISPROJ\.config\herd\bin;C:\Users\ISPROJ\AppData\Local\Programs\Python\Python313\Scripts\;C:\Users\ISPROJ\AppData\Local\Programs\Python\Python313\;C:\Program Files\MySQL\MySQL Shell 8.0\bin\;C:\Users\ISPROJ\.config\herd-lite\bin;C:\Users\ISPROJ\AppData\Local\pnpm;C:\Users\ISPROJ\Documents\flutter\bin;C:\Users\ISPROJ\AppData\Local\Microsoft\WindowsApps;C:\Users\ISPROJ\.dotnet\tools;C:\Users\ISPROJ\AppData\Roaming\Composer\vendor\bin;C:\Users\ISPROJ\AppData\Roaming\Composer\vendor\bin;C:\Program Files\JetBrains\WebStorm 2025.2\bin;C:\Users\ISPROJ\go\bin;C:\Users\ISPROJ\AppData\Roaming\npm\node_modules\serverless;C:\Users\ISPROJ\AppData\Roaming\npm;C:\ffmpeg-7.1.1-essentials_build\ffmpeg-7.1.1-essentials_build\bin
USERNAME=ISPROJ
DISPLAY=:0.0
LC_ALL=en_US.UTF-8
TERM=xterm-256color
TMPDIR=C:\Users\ISPROJ\AppData\Local\Temp
OS=Windows_NT
PROCESSOR_IDENTIFIER=AMD64 Family 25 Model 80 Stepping 0, AuthenticAMD
TMP=C:\Users\ISPROJ\AppData\Local\Temp
TEMP=C:\Users\ISPROJ\AppData\Local\Temp




Periodic native trim disabled

JNI global refs:
JNI global refs: 16, weak refs: 0

JNI global refs memory usage: 835, weak refs: 201

Process memory usage:
Resident Set Size: 40504K (0% of 16153752K total physical memory with 2433720K free physical memory)

OOME stack traces (most recent first):
Classloader memory used:
Loader bootstrap                                                                       : 7091K
Loader jdk.internal.loader.ClassLoaders$AppClassLoader                                 : 25616B

---------------  S Y S T E M  ---------------

OS:
 Windows 11 , 64 bit Build 26100 (10.0.26100.2702)
OS uptime: 0 days 2:17 hours
Hyper-V role detected

CPU: total 16 (initial active 16) (16 cores per cpu, 2 threads per core) family 25 model 80 stepping 0 microcode 0xa50000c, cx8, cmov, fxsr, ht, mmx, 3dnowpref, sse, sse2, sse3, ssse3, sse4a, sse4.1, sse4.2, popcnt, lzcnt, tsc, tscinvbit, avx, avx2, aes, erms, clmul, bmi1, bmi2, adx, sha, fma, vzeroupper, clflush, clflushopt, hv, rdtscp, rdpid, fsrm, f16c, cet_ss
Processor Information for the first 16 processors :
  Max Mhz: 3301, Current Mhz: 2003, Mhz Limit: 3301

Memory: 4k page, system-wide physical 15775M (2376M free)
TotalPageFile size 35159M (AvailPageFile size 3M)
current process WorkingSet (physical memory assigned to process): 39M, peak: 39M
current process commit charge ("private bytes"): 337M, peak: 338M

vm_info: OpenJDK 64-Bit Server VM (21.0.7+6-b1038.58) for windows-amd64 JRE (21.0.7+6-b1038.58), built on 2025-07-07 by "builduser" with MS VC++ 16.10 / 16.11 (VS2019)

END.
