#
# There is insufficient memory for the Java Runtime Environment to continue.
# Native memory allocation (malloc) failed to allocate 1149648 bytes. Error detail: Chunk::new
# Possible reasons:
#   The system is out of physical RAM or swap space
#   This process is running with CompressedOops enabled, and the Java Heap may be blocking the growth of the native heap
# Possible solutions:
#   Reduce memory load on the system
#   Increase physical memory or swap space
#   Check if swap backing store is full
#   Decrease Java heap size (-Xmx/-Xms)
#   Decrease number of Java threads
#   Decrease Java thread stack sizes (-Xss)
#   Set larger code cache with -XX:ReservedCodeCacheSize=
#   JVM is running with Zero Based Compressed Oops mode in which the Java heap is
#     placed in the first 32GB address space. The Java Heap base address is the
#     maximum limit for the native heap growth. Please use -XX:HeapBaseMinAddress
#     to set the Java Heap base and to place the Java Heap above 32GB virtual address.
# This output file may be truncated or incomplete.
#
#  Out of Memory Error (arena.cpp:168), pid=41364, tid=34504
#
# JRE version: OpenJDK Runtime Environment JBR-21.0.7+6-1038.58-jcef (21.0.7+6) (build 21.0.7+6-b1038.58)
# Java VM: OpenJDK 64-Bit Server VM JBR-21.0.7+6-1038.58-jcef (21.0.7+6-b1038.58, mixed mode, tiered, compressed oops, compressed class ptrs, g1 gc, windows-amd64)
# No core dump will be written. Minidumps are not enabled by default on client versions of Windows
#

---------------  S U M M A R Y ------------

Command Line: git4idea.http.GitAskPassApp Username for 'https://github.com': 

Host: AMD Ryzen 9 5900HS with Radeon Graphics        , 16 cores, 15G,  Windows 11 , 64 bit Build 26100 (10.0.26100.2702)
Time: Thu Oct 23 14:47:05 2025 Malay Peninsula Standard Time elapsed time: 1.191529 seconds (0d 0h 0m 1s)

---------------  T H R E A D  ---------------

Current thread (0x0000013b80a0dad0):  JavaThread "C2 CompilerThread1" daemon [_thread_in_native, id=34504, stack(0x0000001146100000,0x0000001146200000) (1024K)]


Current CompileTask:
C2:1191 1181       4       sun.security.ec.ECOperations::setDouble (463 bytes)

Stack: [0x0000001146100000,0x0000001146200000]
Native frames: (J=compiled Java code, j=interpreted, Vv=VM code, C=native code)
V  [jvm.dll+0x6e7c19]
V  [jvm.dll+0x8c5f53]
V  [jvm.dll+0x8c84ae]
V  [jvm.dll+0x8c8b93]
V  [jvm.dll+0x2899e6]
V  [jvm.dll+0xc679d]
V  [jvm.dll+0xc6cd3]
V  [jvm.dll+0x3c526b]
V  [jvm.dll+0x1e64a2]
V  [jvm.dll+0x250b04]
V  [jvm.dll+0x24ff81]
V  [jvm.dll+0x1cd774]
V  [jvm.dll+0x25f80c]
V  [jvm.dll+0x25dd56]
V  [jvm.dll+0x4005d6]
V  [jvm.dll+0x86dab8]
V  [jvm.dll+0x6e639d]
C  [ucrtbase.dll+0x14ea0]
C  [KERNEL32.DLL+0x2e8d7]
C  [ntdll.dll+0xdf36c]


---------------  P R O C E S S  ---------------

Threads class SMR info:
_java_thread_list=0x0000013b8095aee0, length=19, elements={
0x0000013bcce70d00, 0x0000013b801a6ed0, 0x0000013b801d5a20, 0x0000013b801d6090,
0x0000013b801d7900, 0x0000013b801d8d00, 0x0000013b801d9ee0, 0x0000013b802144b0,
0x0000013b80216200, 0x0000013b8020abb0, 0x0000013b8031d370, 0x0000013b803c9c30,
0x0000013b806a0150, 0x0000013b809191b0, 0x0000013b80a21b90, 0x0000013b80a171f0,
0x0000013b80a0dad0, 0x0000013b80a0e180, 0x0000013b80a0e830
}

Java Threads: ( => current thread )
  0x0000013bcce70d00 JavaThread "main"                              [_thread_blocked, id=38944, stack(0x0000001144900000,0x0000001144a00000) (1024K)]
  0x0000013b801a6ed0 JavaThread "Common-Cleaner"             daemon [_thread_blocked, id=37744, stack(0x0000001145100000,0x0000001145200000) (1024K)]
  0x0000013b801d5a20 JavaThread "Reference Handler"          daemon [_thread_blocked, id=28076, stack(0x0000001145200000,0x0000001145300000) (1024K)]
  0x0000013b801d6090 JavaThread "Finalizer"                  daemon [_thread_blocked, id=21904, stack(0x0000001145300000,0x0000001145400000) (1024K)]
  0x0000013b801d7900 JavaThread "Signal Dispatcher"          daemon [_thread_blocked, id=38760, stack(0x0000001145400000,0x0000001145500000) (1024K)]
  0x0000013b801d8d00 JavaThread "Attach Listener"            daemon [_thread_blocked, id=41124, stack(0x0000001145500000,0x0000001145600000) (1024K)]
  0x0000013b801d9ee0 JavaThread "Service Thread"             daemon [_thread_blocked, id=34676, stack(0x0000001145600000,0x0000001145700000) (1024K)]
  0x0000013b802144b0 JavaThread "Monitor Deflation Thread"   daemon [_thread_blocked, id=31636, stack(0x0000001145700000,0x0000001145800000) (1024K)]
  0x0000013b80216200 JavaThread "C2 CompilerThread0"         daemon [_thread_blocked, id=30276, stack(0x0000001145800000,0x0000001145900000) (1024K)]
  0x0000013b8020abb0 JavaThread "C1 CompilerThread0"         daemon [_thread_blocked, id=7832, stack(0x0000001145900000,0x0000001145a00000) (1024K)]
  0x0000013b8031d370 JavaThread "C1 CompilerThread1"         daemon [_thread_blocked, id=20464, stack(0x0000001145a00000,0x0000001145b00000) (1024K)]
  0x0000013b803c9c30 JavaThread "Notification Thread"        daemon [_thread_blocked, id=40980, stack(0x0000001145b00000,0x0000001145c00000) (1024K)]
  0x0000013b806a0150 JavaThread "C1 CompilerThread2"         daemon [_thread_blocked, id=34416, stack(0x0000001145c00000,0x0000001145d00000) (1024K)]
  0x0000013b809191b0 JavaThread "HttpClient-1-SelectorManager" daemon [_thread_in_native, id=34660, stack(0x0000001145d00000,0x0000001145e00000) (1024K)]
  0x0000013b80a21b90 JavaThread "HttpClient-1-Worker-0"      daemon [_thread_blocked, id=38300, stack(0x0000001145f00000,0x0000001146000000) (1024K)]
  0x0000013b80a171f0 JavaThread "HttpClient-1-Worker-1"      daemon [_thread_blocked, id=8392, stack(0x0000001146000000,0x0000001146100000) (1024K)]
=>0x0000013b80a0dad0 JavaThread "C2 CompilerThread1"         daemon [_thread_in_native, id=34504, stack(0x0000001146100000,0x0000001146200000) (1024K)]
  0x0000013b80a0e180 JavaThread "C2 CompilerThread2"         daemon [_thread_blocked, id=36980, stack(0x0000001146200000,0x0000001146300000) (1024K)]
  0x0000013b80a0e830 JavaThread "C2 CompilerThread3"         daemon [_thread_blocked, id=16752, stack(0x0000001146300000,0x0000001146400000) (1024K)]
Total: 19

Other Threads:
  0x0000013b80179af0 VMThread "VM Thread"                           [id=28100, stack(0x0000001145000000,0x0000001145100000) (1024K)]
  0x0000013bea5bf770 WatcherThread "VM Periodic Task Thread"        [id=41836, stack(0x0000001144f00000,0x0000001145000000) (1024K)]
  0x0000013bcf2e7b70 WorkerThread "GC Thread#0"                     [id=36084, stack(0x0000001144a00000,0x0000001144b00000) (1024K)]
  0x0000013bcf2f8f50 ConcurrentGCThread "G1 Main Marker"            [id=24240, stack(0x0000001144b00000,0x0000001144c00000) (1024K)]
  0x0000013bcf2f9950 WorkerThread "G1 Conc#0"                       [id=20064, stack(0x0000001144c00000,0x0000001144d00000) (1024K)]
  0x0000013bea4901c0 ConcurrentGCThread "G1 Refine#0"               [id=32492, stack(0x0000001144d00000,0x0000001144e00000) (1024K)]
  0x0000013bea493610 ConcurrentGCThread "G1 Service"                [id=23252, stack(0x0000001144e00000,0x0000001144f00000) (1024K)]
Total: 7

Threads with active compile tasks:
C2 CompilerThread1  1251 1181       4       sun.security.ec.ECOperations::setDouble (463 bytes)
Total: 1

VM state: not at safepoint (normal execution)

VM Mutex/Monitor currently owned by a thread: None

Heap address: 0x0000000709800000, size: 3944 MB, Compressed Oops mode: Zero based, Oop shift amount: 3

CDS archive(s) not mapped
Compressed class space mapped at: 0x0000000800000000-0x0000000840000000, reserved size: 1073741824
Narrow klass base: 0x0000000800000000, Narrow klass shift: 0, Narrow klass range: 0x40000000

GC Precious Log:
 CardTable entry size: 512
 Card Set container configuration: InlinePtr #cards 4 size 8 Array Of Cards #cards 16 size 48 Howl #buckets 8 coarsen threshold 3686 Howl Bitmap #cards 512 size 80 coarsen threshold 460 Card regions per heap region 1 cards per card region 4096
 CPUs: 16 total, 16 available
 Memory: 15775M
 Large Page Support: Disabled
 NUMA Support: Disabled
 Compressed Oops: Enabled (Zero based)
 Heap Region Size: 2M
 Heap Min Capacity: 8M
 Heap Initial Capacity: 248M
 Heap Max Capacity: 3944M
 Pre-touch: Disabled
 Parallel Workers: 13
 Concurrent Workers: 3
 Concurrent Refinement Workers: 13
 Periodic GC: Disabled

Heap:
 garbage-first heap   total 253952K, used 16384K [0x0000000709800000, 0x0000000800000000)
  region size 2048K, 9 young (18432K), 0 survivors (0K)
 Metaspace       used 18344K, committed 18624K, reserved 1114112K
  class space    used 1833K, committed 1984K, reserved 1048576K

Heap Regions: E=young(eden), S=young(survivor), O=old, HS=humongous(starts), HC=humongous(continues), CS=collection set, F=free, TAMS=top-at-mark-start, PB=parsable bottom
|   0|0x0000000709800000, 0x0000000709800000, 0x0000000709a00000|  0%| F|  |TAMS 0x0000000709800000| PB 0x0000000709800000| Untracked 
|   1|0x0000000709a00000, 0x0000000709a00000, 0x0000000709c00000|  0%| F|  |TAMS 0x0000000709a00000| PB 0x0000000709a00000| Untracked 
|   2|0x0000000709c00000, 0x0000000709c00000, 0x0000000709e00000|  0%| F|  |TAMS 0x0000000709c00000| PB 0x0000000709c00000| Untracked 
|   3|0x0000000709e00000, 0x0000000709e00000, 0x000000070a000000|  0%| F|  |TAMS 0x0000000709e00000| PB 0x0000000709e00000| Untracked 
|   4|0x000000070a000000, 0x000000070a000000, 0x000000070a200000|  0%| F|  |TAMS 0x000000070a000000| PB 0x000000070a000000| Untracked 
|   5|0x000000070a200000, 0x000000070a200000, 0x000000070a400000|  0%| F|  |TAMS 0x000000070a200000| PB 0x000000070a200000| Untracked 
|   6|0x000000070a400000, 0x000000070a400000, 0x000000070a600000|  0%| F|  |TAMS 0x000000070a400000| PB 0x000000070a400000| Untracked 
|   7|0x000000070a600000, 0x000000070a600000, 0x000000070a800000|  0%| F|  |TAMS 0x000000070a600000| PB 0x000000070a600000| Untracked 
|   8|0x000000070a800000, 0x000000070a800000, 0x000000070aa00000|  0%| F|  |TAMS 0x000000070a800000| PB 0x000000070a800000| Untracked 
|   9|0x000000070aa00000, 0x000000070aa00000, 0x000000070ac00000|  0%| F|  |TAMS 0x000000070aa00000| PB 0x000000070aa00000| Untracked 
|  10|0x000000070ac00000, 0x000000070ac00000, 0x000000070ae00000|  0%| F|  |TAMS 0x000000070ac00000| PB 0x000000070ac00000| Untracked 
|  11|0x000000070ae00000, 0x000000070ae00000, 0x000000070b000000|  0%| F|  |TAMS 0x000000070ae00000| PB 0x000000070ae00000| Untracked 
|  12|0x000000070b000000, 0x000000070b000000, 0x000000070b200000|  0%| F|  |TAMS 0x000000070b000000| PB 0x000000070b000000| Untracked 
|  13|0x000000070b200000, 0x000000070b200000, 0x000000070b400000|  0%| F|  |TAMS 0x000000070b200000| PB 0x000000070b200000| Untracked 
|  14|0x000000070b400000, 0x000000070b400000, 0x000000070b600000|  0%| F|  |TAMS 0x000000070b400000| PB 0x000000070b400000| Untracked 
|  15|0x000000070b600000, 0x000000070b600000, 0x000000070b800000|  0%| F|  |TAMS 0x000000070b600000| PB 0x000000070b600000| Untracked 
|  16|0x000000070b800000, 0x000000070b800000, 0x000000070ba00000|  0%| F|  |TAMS 0x000000070b800000| PB 0x000000070b800000| Untracked 
|  17|0x000000070ba00000, 0x000000070ba00000, 0x000000070bc00000|  0%| F|  |TAMS 0x000000070ba00000| PB 0x000000070ba00000| Untracked 
|  18|0x000000070bc00000, 0x000000070bc00000, 0x000000070be00000|  0%| F|  |TAMS 0x000000070bc00000| PB 0x000000070bc00000| Untracked 
|  19|0x000000070be00000, 0x000000070be00000, 0x000000070c000000|  0%| F|  |TAMS 0x000000070be00000| PB 0x000000070be00000| Untracked 
|  20|0x000000070c000000, 0x000000070c000000, 0x000000070c200000|  0%| F|  |TAMS 0x000000070c000000| PB 0x000000070c000000| Untracked 
|  21|0x000000070c200000, 0x000000070c200000, 0x000000070c400000|  0%| F|  |TAMS 0x000000070c200000| PB 0x000000070c200000| Untracked 
|  22|0x000000070c400000, 0x000000070c400000, 0x000000070c600000|  0%| F|  |TAMS 0x000000070c400000| PB 0x000000070c400000| Untracked 
|  23|0x000000070c600000, 0x000000070c600000, 0x000000070c800000|  0%| F|  |TAMS 0x000000070c600000| PB 0x000000070c600000| Untracked 
|  24|0x000000070c800000, 0x000000070c800000, 0x000000070ca00000|  0%| F|  |TAMS 0x000000070c800000| PB 0x000000070c800000| Untracked 
|  25|0x000000070ca00000, 0x000000070ca00000, 0x000000070cc00000|  0%| F|  |TAMS 0x000000070ca00000| PB 0x000000070ca00000| Untracked 
|  26|0x000000070cc00000, 0x000000070cc00000, 0x000000070ce00000|  0%| F|  |TAMS 0x000000070cc00000| PB 0x000000070cc00000| Untracked 
|  27|0x000000070ce00000, 0x000000070ce00000, 0x000000070d000000|  0%| F|  |TAMS 0x000000070ce00000| PB 0x000000070ce00000| Untracked 
|  28|0x000000070d000000, 0x000000070d000000, 0x000000070d200000|  0%| F|  |TAMS 0x000000070d000000| PB 0x000000070d000000| Untracked 
|  29|0x000000070d200000, 0x000000070d200000, 0x000000070d400000|  0%| F|  |TAMS 0x000000070d200000| PB 0x000000070d200000| Untracked 
|  30|0x000000070d400000, 0x000000070d400000, 0x000000070d600000|  0%| F|  |TAMS 0x000000070d400000| PB 0x000000070d400000| Untracked 
|  31|0x000000070d600000, 0x000000070d600000, 0x000000070d800000|  0%| F|  |TAMS 0x000000070d600000| PB 0x000000070d600000| Untracked 
|  32|0x000000070d800000, 0x000000070d800000, 0x000000070da00000|  0%| F|  |TAMS 0x000000070d800000| PB 0x000000070d800000| Untracked 
|  33|0x000000070da00000, 0x000000070da00000, 0x000000070dc00000|  0%| F|  |TAMS 0x000000070da00000| PB 0x000000070da00000| Untracked 
|  34|0x000000070dc00000, 0x000000070dc00000, 0x000000070de00000|  0%| F|  |TAMS 0x000000070dc00000| PB 0x000000070dc00000| Untracked 
|  35|0x000000070de00000, 0x000000070de00000, 0x000000070e000000|  0%| F|  |TAMS 0x000000070de00000| PB 0x000000070de00000| Untracked 
|  36|0x000000070e000000, 0x000000070e000000, 0x000000070e200000|  0%| F|  |TAMS 0x000000070e000000| PB 0x000000070e000000| Untracked 
|  37|0x000000070e200000, 0x000000070e200000, 0x000000070e400000|  0%| F|  |TAMS 0x000000070e200000| PB 0x000000070e200000| Untracked 
|  38|0x000000070e400000, 0x000000070e400000, 0x000000070e600000|  0%| F|  |TAMS 0x000000070e400000| PB 0x000000070e400000| Untracked 
|  39|0x000000070e600000, 0x000000070e600000, 0x000000070e800000|  0%| F|  |TAMS 0x000000070e600000| PB 0x000000070e600000| Untracked 
|  40|0x000000070e800000, 0x000000070e800000, 0x000000070ea00000|  0%| F|  |TAMS 0x000000070e800000| PB 0x000000070e800000| Untracked 
|  41|0x000000070ea00000, 0x000000070ea00000, 0x000000070ec00000|  0%| F|  |TAMS 0x000000070ea00000| PB 0x000000070ea00000| Untracked 
|  42|0x000000070ec00000, 0x000000070ec00000, 0x000000070ee00000|  0%| F|  |TAMS 0x000000070ec00000| PB 0x000000070ec00000| Untracked 
|  43|0x000000070ee00000, 0x000000070ee00000, 0x000000070f000000|  0%| F|  |TAMS 0x000000070ee00000| PB 0x000000070ee00000| Untracked 
|  44|0x000000070f000000, 0x000000070f000000, 0x000000070f200000|  0%| F|  |TAMS 0x000000070f000000| PB 0x000000070f000000| Untracked 
|  45|0x000000070f200000, 0x000000070f200000, 0x000000070f400000|  0%| F|  |TAMS 0x000000070f200000| PB 0x000000070f200000| Untracked 
|  46|0x000000070f400000, 0x000000070f400000, 0x000000070f600000|  0%| F|  |TAMS 0x000000070f400000| PB 0x000000070f400000| Untracked 
|  47|0x000000070f600000, 0x000000070f600000, 0x000000070f800000|  0%| F|  |TAMS 0x000000070f600000| PB 0x000000070f600000| Untracked 
|  48|0x000000070f800000, 0x000000070f800000, 0x000000070fa00000|  0%| F|  |TAMS 0x000000070f800000| PB 0x000000070f800000| Untracked 
|  49|0x000000070fa00000, 0x000000070fa00000, 0x000000070fc00000|  0%| F|  |TAMS 0x000000070fa00000| PB 0x000000070fa00000| Untracked 
|  50|0x000000070fc00000, 0x000000070fc00000, 0x000000070fe00000|  0%| F|  |TAMS 0x000000070fc00000| PB 0x000000070fc00000| Untracked 
|  51|0x000000070fe00000, 0x000000070fe00000, 0x0000000710000000|  0%| F|  |TAMS 0x000000070fe00000| PB 0x000000070fe00000| Untracked 
|  52|0x0000000710000000, 0x0000000710000000, 0x0000000710200000|  0%| F|  |TAMS 0x0000000710000000| PB 0x0000000710000000| Untracked 
|  53|0x0000000710200000, 0x0000000710200000, 0x0000000710400000|  0%| F|  |TAMS 0x0000000710200000| PB 0x0000000710200000| Untracked 
|  54|0x0000000710400000, 0x0000000710400000, 0x0000000710600000|  0%| F|  |TAMS 0x0000000710400000| PB 0x0000000710400000| Untracked 
|  55|0x0000000710600000, 0x0000000710600000, 0x0000000710800000|  0%| F|  |TAMS 0x0000000710600000| PB 0x0000000710600000| Untracked 
|  56|0x0000000710800000, 0x0000000710800000, 0x0000000710a00000|  0%| F|  |TAMS 0x0000000710800000| PB 0x0000000710800000| Untracked 
|  57|0x0000000710a00000, 0x0000000710a00000, 0x0000000710c00000|  0%| F|  |TAMS 0x0000000710a00000| PB 0x0000000710a00000| Untracked 
|  58|0x0000000710c00000, 0x0000000710c00000, 0x0000000710e00000|  0%| F|  |TAMS 0x0000000710c00000| PB 0x0000000710c00000| Untracked 
|  59|0x0000000710e00000, 0x0000000710e00000, 0x0000000711000000|  0%| F|  |TAMS 0x0000000710e00000| PB 0x0000000710e00000| Untracked 
|  60|0x0000000711000000, 0x0000000711000000, 0x0000000711200000|  0%| F|  |TAMS 0x0000000711000000| PB 0x0000000711000000| Untracked 
|  61|0x0000000711200000, 0x0000000711200000, 0x0000000711400000|  0%| F|  |TAMS 0x0000000711200000| PB 0x0000000711200000| Untracked 
|  62|0x0000000711400000, 0x0000000711400000, 0x0000000711600000|  0%| F|  |TAMS 0x0000000711400000| PB 0x0000000711400000| Untracked 
|  63|0x0000000711600000, 0x0000000711600000, 0x0000000711800000|  0%| F|  |TAMS 0x0000000711600000| PB 0x0000000711600000| Untracked 
|  64|0x0000000711800000, 0x0000000711800000, 0x0000000711a00000|  0%| F|  |TAMS 0x0000000711800000| PB 0x0000000711800000| Untracked 
|  65|0x0000000711a00000, 0x0000000711a00000, 0x0000000711c00000|  0%| F|  |TAMS 0x0000000711a00000| PB 0x0000000711a00000| Untracked 
|  66|0x0000000711c00000, 0x0000000711c00000, 0x0000000711e00000|  0%| F|  |TAMS 0x0000000711c00000| PB 0x0000000711c00000| Untracked 
|  67|0x0000000711e00000, 0x0000000711e00000, 0x0000000712000000|  0%| F|  |TAMS 0x0000000711e00000| PB 0x0000000711e00000| Untracked 
|  68|0x0000000712000000, 0x0000000712000000, 0x0000000712200000|  0%| F|  |TAMS 0x0000000712000000| PB 0x0000000712000000| Untracked 
|  69|0x0000000712200000, 0x0000000712200000, 0x0000000712400000|  0%| F|  |TAMS 0x0000000712200000| PB 0x0000000712200000| Untracked 
|  70|0x0000000712400000, 0x0000000712400000, 0x0000000712600000|  0%| F|  |TAMS 0x0000000712400000| PB 0x0000000712400000| Untracked 
|  71|0x0000000712600000, 0x0000000712600000, 0x0000000712800000|  0%| F|  |TAMS 0x0000000712600000| PB 0x0000000712600000| Untracked 
|  72|0x0000000712800000, 0x0000000712800000, 0x0000000712a00000|  0%| F|  |TAMS 0x0000000712800000| PB 0x0000000712800000| Untracked 
|  73|0x0000000712a00000, 0x0000000712a00000, 0x0000000712c00000|  0%| F|  |TAMS 0x0000000712a00000| PB 0x0000000712a00000| Untracked 
|  74|0x0000000712c00000, 0x0000000712c00000, 0x0000000712e00000|  0%| F|  |TAMS 0x0000000712c00000| PB 0x0000000712c00000| Untracked 
|  75|0x0000000712e00000, 0x0000000712e00000, 0x0000000713000000|  0%| F|  |TAMS 0x0000000712e00000| PB 0x0000000712e00000| Untracked 
|  76|0x0000000713000000, 0x0000000713000000, 0x0000000713200000|  0%| F|  |TAMS 0x0000000713000000| PB 0x0000000713000000| Untracked 
|  77|0x0000000713200000, 0x0000000713200000, 0x0000000713400000|  0%| F|  |TAMS 0x0000000713200000| PB 0x0000000713200000| Untracked 
|  78|0x0000000713400000, 0x0000000713400000, 0x0000000713600000|  0%| F|  |TAMS 0x0000000713400000| PB 0x0000000713400000| Untracked 
|  79|0x0000000713600000, 0x0000000713600000, 0x0000000713800000|  0%| F|  |TAMS 0x0000000713600000| PB 0x0000000713600000| Untracked 
|  80|0x0000000713800000, 0x0000000713800000, 0x0000000713a00000|  0%| F|  |TAMS 0x0000000713800000| PB 0x0000000713800000| Untracked 
|  81|0x0000000713a00000, 0x0000000713a00000, 0x0000000713c00000|  0%| F|  |TAMS 0x0000000713a00000| PB 0x0000000713a00000| Untracked 
|  82|0x0000000713c00000, 0x0000000713c00000, 0x0000000713e00000|  0%| F|  |TAMS 0x0000000713c00000| PB 0x0000000713c00000| Untracked 
|  83|0x0000000713e00000, 0x0000000713e00000, 0x0000000714000000|  0%| F|  |TAMS 0x0000000713e00000| PB 0x0000000713e00000| Untracked 
|  84|0x0000000714000000, 0x0000000714000000, 0x0000000714200000|  0%| F|  |TAMS 0x0000000714000000| PB 0x0000000714000000| Untracked 
|  85|0x0000000714200000, 0x0000000714200000, 0x0000000714400000|  0%| F|  |TAMS 0x0000000714200000| PB 0x0000000714200000| Untracked 
|  86|0x0000000714400000, 0x0000000714400000, 0x0000000714600000|  0%| F|  |TAMS 0x0000000714400000| PB 0x0000000714400000| Untracked 
|  87|0x0000000714600000, 0x0000000714600000, 0x0000000714800000|  0%| F|  |TAMS 0x0000000714600000| PB 0x0000000714600000| Untracked 
|  88|0x0000000714800000, 0x0000000714800000, 0x0000000714a00000|  0%| F|  |TAMS 0x0000000714800000| PB 0x0000000714800000| Untracked 
|  89|0x0000000714a00000, 0x0000000714a00000, 0x0000000714c00000|  0%| F|  |TAMS 0x0000000714a00000| PB 0x0000000714a00000| Untracked 
|  90|0x0000000714c00000, 0x0000000714c00000, 0x0000000714e00000|  0%| F|  |TAMS 0x0000000714c00000| PB 0x0000000714c00000| Untracked 
|  91|0x0000000714e00000, 0x0000000714e00000, 0x0000000715000000|  0%| F|  |TAMS 0x0000000714e00000| PB 0x0000000714e00000| Untracked 
|  92|0x0000000715000000, 0x0000000715000000, 0x0000000715200000|  0%| F|  |TAMS 0x0000000715000000| PB 0x0000000715000000| Untracked 
|  93|0x0000000715200000, 0x0000000715200000, 0x0000000715400000|  0%| F|  |TAMS 0x0000000715200000| PB 0x0000000715200000| Untracked 
|  94|0x0000000715400000, 0x0000000715400000, 0x0000000715600000|  0%| F|  |TAMS 0x0000000715400000| PB 0x0000000715400000| Untracked 
|  95|0x0000000715600000, 0x0000000715600000, 0x0000000715800000|  0%| F|  |TAMS 0x0000000715600000| PB 0x0000000715600000| Untracked 
|  96|0x0000000715800000, 0x0000000715800000, 0x0000000715a00000|  0%| F|  |TAMS 0x0000000715800000| PB 0x0000000715800000| Untracked 
|  97|0x0000000715a00000, 0x0000000715a00000, 0x0000000715c00000|  0%| F|  |TAMS 0x0000000715a00000| PB 0x0000000715a00000| Untracked 
|  98|0x0000000715c00000, 0x0000000715c00000, 0x0000000715e00000|  0%| F|  |TAMS 0x0000000715c00000| PB 0x0000000715c00000| Untracked 
|  99|0x0000000715e00000, 0x0000000715e00000, 0x0000000716000000|  0%| F|  |TAMS 0x0000000715e00000| PB 0x0000000715e00000| Untracked 
| 100|0x0000000716000000, 0x0000000716000000, 0x0000000716200000|  0%| F|  |TAMS 0x0000000716000000| PB 0x0000000716000000| Untracked 
| 101|0x0000000716200000, 0x0000000716200000, 0x0000000716400000|  0%| F|  |TAMS 0x0000000716200000| PB 0x0000000716200000| Untracked 
| 102|0x0000000716400000, 0x0000000716400000, 0x0000000716600000|  0%| F|  |TAMS 0x0000000716400000| PB 0x0000000716400000| Untracked 
| 103|0x0000000716600000, 0x0000000716600000, 0x0000000716800000|  0%| F|  |TAMS 0x0000000716600000| PB 0x0000000716600000| Untracked 
| 104|0x0000000716800000, 0x0000000716800000, 0x0000000716a00000|  0%| F|  |TAMS 0x0000000716800000| PB 0x0000000716800000| Untracked 
| 105|0x0000000716a00000, 0x0000000716a00000, 0x0000000716c00000|  0%| F|  |TAMS 0x0000000716a00000| PB 0x0000000716a00000| Untracked 
| 106|0x0000000716c00000, 0x0000000716c00000, 0x0000000716e00000|  0%| F|  |TAMS 0x0000000716c00000| PB 0x0000000716c00000| Untracked 
| 107|0x0000000716e00000, 0x0000000716e00000, 0x0000000717000000|  0%| F|  |TAMS 0x0000000716e00000| PB 0x0000000716e00000| Untracked 
| 108|0x0000000717000000, 0x0000000717000000, 0x0000000717200000|  0%| F|  |TAMS 0x0000000717000000| PB 0x0000000717000000| Untracked 
| 109|0x0000000717200000, 0x0000000717200000, 0x0000000717400000|  0%| F|  |TAMS 0x0000000717200000| PB 0x0000000717200000| Untracked 
| 110|0x0000000717400000, 0x0000000717400000, 0x0000000717600000|  0%| F|  |TAMS 0x0000000717400000| PB 0x0000000717400000| Untracked 
| 111|0x0000000717600000, 0x0000000717600000, 0x0000000717800000|  0%| F|  |TAMS 0x0000000717600000| PB 0x0000000717600000| Untracked 
| 112|0x0000000717800000, 0x0000000717800000, 0x0000000717a00000|  0%| F|  |TAMS 0x0000000717800000| PB 0x0000000717800000| Untracked 
| 113|0x0000000717a00000, 0x0000000717a00000, 0x0000000717c00000|  0%| F|  |TAMS 0x0000000717a00000| PB 0x0000000717a00000| Untracked 
| 114|0x0000000717c00000, 0x0000000717c00000, 0x0000000717e00000|  0%| F|  |TAMS 0x0000000717c00000| PB 0x0000000717c00000| Untracked 
| 115|0x0000000717e00000, 0x0000000717ee36c8, 0x0000000718000000| 44%| E|  |TAMS 0x0000000717e00000| PB 0x0000000717e00000| Complete 
| 116|0x0000000718000000, 0x0000000718200000, 0x0000000718200000|100%| E|CS|TAMS 0x0000000718000000| PB 0x0000000718000000| Complete 
| 117|0x0000000718200000, 0x0000000718400000, 0x0000000718400000|100%| E|CS|TAMS 0x0000000718200000| PB 0x0000000718200000| Complete 
| 118|0x0000000718400000, 0x0000000718600000, 0x0000000718600000|100%| E|CS|TAMS 0x0000000718400000| PB 0x0000000718400000| Complete 
| 119|0x0000000718600000, 0x0000000718800000, 0x0000000718800000|100%| E|CS|TAMS 0x0000000718600000| PB 0x0000000718600000| Complete 
| 120|0x0000000718800000, 0x0000000718a00000, 0x0000000718a00000|100%| E|CS|TAMS 0x0000000718800000| PB 0x0000000718800000| Complete 
| 121|0x0000000718a00000, 0x0000000718c00000, 0x0000000718c00000|100%| E|CS|TAMS 0x0000000718a00000| PB 0x0000000718a00000| Complete 
| 122|0x0000000718c00000, 0x0000000718e00000, 0x0000000718e00000|100%| E|CS|TAMS 0x0000000718c00000| PB 0x0000000718c00000| Complete 
| 123|0x0000000718e00000, 0x0000000719000000, 0x0000000719000000|100%| E|CS|TAMS 0x0000000718e00000| PB 0x0000000718e00000| Complete 

Card table byte_map: [0x0000013be32f0000,0x0000013be3ab0000] _byte_map_base: 0x0000013bdfaa4000

Marking Bits: (CMBitMap*) 0x0000013bcf2e8170
 Bits: [0x0000013be3ab0000, 0x0000013be7850000)

Polling page: 0x0000013bcd080000

Metaspace:

Usage:
  Non-class:     16.12 MB used.
      Class:      1.79 MB used.
       Both:     17.91 MB used.

Virtual space:
  Non-class space:       64.00 MB reserved,      16.25 MB ( 25%) committed,  1 nodes.
      Class space:        1.00 GB reserved,       1.94 MB ( <1%) committed,  1 nodes.
             Both:        1.06 GB reserved,      18.19 MB (  2%) committed. 

Chunk freelists:
   Non-Class:  14.84 MB
       Class:  14.11 MB
        Both:  28.95 MB

MaxMetaspaceSize: unlimited
CompressedClassSpaceSize: 1.00 GB
Initial GC threshold: 21.00 MB
Current GC threshold: 21.00 MB
CDS: off
 - commit_granule_bytes: 65536.
 - commit_granule_words: 8192.
 - virtual_space_node_default_size: 8388608.
 - enlarge_chunks_in_place: 1.
 - use_allocation_guard: 0.


Internal statistics:

num_allocs_failed_limit: 0.
num_arena_births: 194.
num_arena_deaths: 0.
num_vsnodes_births: 2.
num_vsnodes_deaths: 0.
num_space_committed: 291.
num_space_uncommitted: 0.
num_chunks_returned_to_freelist: 0.
num_chunks_taken_from_freelist: 382.
num_chunk_merges: 0.
num_chunk_splits: 207.
num_chunks_enlarged: 97.
num_inconsistent_stats: 0.

CodeHeap 'non-profiled nmethods': size=119168Kb used=412Kb max_used=412Kb free=118755Kb
 bounds [0x0000013bdae50000, 0x0000013bdb0c0000, 0x0000013be22b0000]
CodeHeap 'profiled nmethods': size=119104Kb used=2129Kb max_used=2129Kb free=116974Kb
 bounds [0x0000013bd32b0000, 0x0000013bd3520000, 0x0000013bda700000]
CodeHeap 'non-nmethods': size=7488Kb used=2562Kb max_used=2595Kb free=4925Kb
 bounds [0x0000013bda700000, 0x0000013bda990000, 0x0000013bdae50000]
 total_blobs=1794 nmethods=1276 adapters=420
 compilation: enabled
              stopped_count=0, restarted_count=0
 full_count=0

Compilation events (20 events):
Event: 1.070 Thread 0x0000013b806a0150 nmethod 1266 0x0000013bd34c0190 code [0x0000013bd34c03a0, 0x0000013bd34c09c0]
Event: 1.071 Thread 0x0000013b80a0e180 1269       4       jdk.internal.util.StrongReferenceKey::hashCode (8 bytes)
Event: 1.071 Thread 0x0000013b80216200 1270       4       java.lang.AbstractStringBuilder::<init> (39 bytes)
Event: 1.072 Thread 0x0000013b806a0150 1271   !   3       java.lang.invoke.MethodHandleNatives::linkMethodHandleConstant (50 bytes)
Event: 1.072 Thread 0x0000013b8020abb0 1272       3       java.lang.invoke.MethodHandles$Lookup::linkMethodHandleConstant (223 bytes)
Event: 1.072 Thread 0x0000013b806a0150 nmethod 1271 0x0000013bd34c0d90 code [0x0000013bd34c0f60, 0x0000013bd34c1168]
Event: 1.073 Thread 0x0000013b80216200 nmethod 1270 0x0000013bdaeb5390 code [0x0000013bdaeb5520, 0x0000013bdaeb5790]
Event: 1.074 Thread 0x0000013b8020abb0 nmethod 1272 0x0000013bd34c1310 code [0x0000013bd34c1700, 0x0000013bd34c2f08]
Event: 1.074 Thread 0x0000013b8020abb0 1273       3       java.lang.invoke.MemberName$Factory::resolveOrNull (54 bytes)
Event: 1.074 Thread 0x0000013b8020abb0 nmethod 1273 0x0000013bd34c3690 code [0x0000013bd34c3860, 0x0000013bd34c3b00]
Event: 1.076 Thread 0x0000013b80a0e830 nmethod 1268 0x0000013bdaeb5890 code [0x0000013bdaeb5a60, 0x0000013bdaeb6028]
Event: 1.077 Thread 0x0000013b8020abb0 1274       3       java.nio.MappedByteBuffer::limit (6 bytes)
Event: 1.078 Thread 0x0000013b8020abb0 nmethod 1274 0x0000013bd34c3c10 code [0x0000013bd34c3dc0, 0x0000013bd34c3fd0]
Event: 1.078 Thread 0x0000013b8031d370 1275       1       java.util.concurrent.atomic.AtomicInteger::get (5 bytes)
Event: 1.078 Thread 0x0000013b8031d370 nmethod 1275 0x0000013bdaeb6310 code [0x0000013bdaeb64a0, 0x0000013bdaeb6568]
Event: 1.079 Thread 0x0000013b80a0e180 nmethod 1269 0x0000013bdaeb6610 code [0x0000013bdaeb6820, 0x0000013bdaeb6c48]
Event: 1.081 Thread 0x0000013b806a0150 1276       3       java.nio.ByteBuffer::get (9 bytes)
Event: 1.081 Thread 0x0000013b806a0150 nmethod 1276 0x0000013bd34c4110 code [0x0000013bd34c42c0, 0x0000013bd34c44a0]
Event: 1.081 Thread 0x0000013b8020abb0 1277       1       sun.security.provider.DigestBase::engineGetDigestLength (5 bytes)
Event: 1.081 Thread 0x0000013b8020abb0 nmethod 1277 0x0000013bdaeb6f90 code [0x0000013bdaeb7120, 0x0000013bdaeb71e8]

GC Heap History (0 events):
No events

Dll operation events (2 events):
Event: 0.017 Loaded shared library C:\Program Files\JetBrains\WebStorm 2025.2\jbr\bin\java.dll
Event: 0.035 Loaded shared library C:\Program Files\JetBrains\WebStorm 2025.2\jbr\bin\zip.dll

Deoptimization events (20 events):
Event: 0.978 Thread 0x0000013b80a21b90 Uncommon trap: trap_request=0xffffff66 fr.pc=0x0000013bdaeac1f4 relative=0x0000000000000314
Event: 0.978 Thread 0x0000013b80a21b90 Uncommon trap: reason=speculate_class_check action=maybe_recompile pc=0x0000013bdaeac1f4 method=sun.security.util.math.intpoly.IntegerPolynomial.multByInt([JJ)V @ 26 c2
Event: 0.978 Thread 0x0000013b80a21b90 DEOPT PACKING pc=0x0000013bdaeac1f4 sp=0x0000001145ffe3a0
Event: 0.978 Thread 0x0000013b80a21b90 DEOPT UNPACKING pc=0x0000013bda7546a2 sp=0x0000001145ffe288 mode 2
Event: 0.978 Thread 0x0000013b80a21b90 Uncommon trap: trap_request=0xffffff66 fr.pc=0x0000013bdaeac1f4 relative=0x0000000000000314
Event: 0.978 Thread 0x0000013b80a21b90 Uncommon trap: reason=speculate_class_check action=maybe_recompile pc=0x0000013bdaeac1f4 method=sun.security.util.math.intpoly.IntegerPolynomial.multByInt([JJ)V @ 26 c2
Event: 0.978 Thread 0x0000013b80a21b90 DEOPT PACKING pc=0x0000013bdaeac1f4 sp=0x0000001145ffe3a0
Event: 0.978 Thread 0x0000013b80a21b90 DEOPT UNPACKING pc=0x0000013bda7546a2 sp=0x0000001145ffe288 mode 2
Event: 0.978 Thread 0x0000013b80a21b90 Uncommon trap: trap_request=0xffffff66 fr.pc=0x0000013bdaeab8f4 relative=0x0000000000000314
Event: 0.978 Thread 0x0000013b80a21b90 Uncommon trap: reason=speculate_class_check action=maybe_recompile pc=0x0000013bdaeab8f4 method=sun.security.util.math.intpoly.IntegerPolynomial.multByInt([JJ)V @ 26 c2
Event: 0.978 Thread 0x0000013b80a21b90 DEOPT PACKING pc=0x0000013bdaeab8f4 sp=0x0000001145ffe330
Event: 0.978 Thread 0x0000013b80a21b90 DEOPT UNPACKING pc=0x0000013bda7546a2 sp=0x0000001145ffe280 mode 2
Event: 0.978 Thread 0x0000013b80a21b90 Uncommon trap: trap_request=0xffffff66 fr.pc=0x0000013bdaeab8f4 relative=0x0000000000000314
Event: 0.978 Thread 0x0000013b80a21b90 Uncommon trap: reason=speculate_class_check action=maybe_recompile pc=0x0000013bdaeab8f4 method=sun.security.util.math.intpoly.IntegerPolynomial.multByInt([JJ)V @ 26 c2
Event: 0.978 Thread 0x0000013b80a21b90 DEOPT PACKING pc=0x0000013bdaeab8f4 sp=0x0000001145ffe330
Event: 0.978 Thread 0x0000013b80a21b90 DEOPT UNPACKING pc=0x0000013bda7546a2 sp=0x0000001145ffe280 mode 2
Event: 1.075 Thread 0x0000013b809191b0 Uncommon trap: trap_request=0xffffff45 fr.pc=0x0000013bdaea2f78 relative=0x0000000000000938
Event: 1.075 Thread 0x0000013b809191b0 Uncommon trap: reason=unstable_if action=reinterpret pc=0x0000013bdaea2f78 method=java.util.HashMap.putVal(ILjava/lang/Object;Ljava/lang/Object;ZZ)Ljava/lang/Object; @ 81 c2
Event: 1.075 Thread 0x0000013b809191b0 DEOPT PACKING pc=0x0000013bdaea2f78 sp=0x0000001145dff2a0
Event: 1.075 Thread 0x0000013b809191b0 DEOPT UNPACKING pc=0x0000013bda7546a2 sp=0x0000001145dff260 mode 2

Classes loaded (20 events):
Event: 1.030 Loading class jdk/internal/event/TLSHandshakeEvent
Event: 1.030 Loading class jdk/internal/event/TLSHandshakeEvent done
Event: 1.031 Loading class com/sun/crypto/provider/GaloisCounterMode$GCMEncrypt
Event: 1.031 Loading class com/sun/crypto/provider/GaloisCounterMode$GCMEncrypt done
Event: 1.031 Loading class com/sun/crypto/provider/GaloisCounterMode$EncryptOp
Event: 1.031 Loading class com/sun/crypto/provider/GaloisCounterMode$EncryptOp done
Event: 1.032 Loading class sun/security/ssl/CipherSuite$1
Event: 1.032 Loading class sun/security/ssl/CipherSuite$1 done
Event: 1.033 Loading class java/util/concurrent/CompletionException
Event: 1.033 Loading class java/util/concurrent/CompletionException done
Event: 1.065 Loading class java/util/Collections$UnmodifiableMap$UnmodifiableEntrySet
Event: 1.065 Loading class java/util/Collections$UnmodifiableMap$UnmodifiableEntrySet done
Event: 1.065 Loading class java/util/Collections$UnmodifiableMap$UnmodifiableEntrySet$1
Event: 1.065 Loading class java/util/Collections$UnmodifiableMap$UnmodifiableEntrySet$1 done
Event: 1.065 Loading class java/util/Collections$UnmodifiableMap$UnmodifiableEntrySet$UnmodifiableEntry
Event: 1.065 Loading class java/util/Collections$UnmodifiableMap$UnmodifiableEntrySet$UnmodifiableEntry done
Event: 1.080 Loading class sun/security/ssl/NewSessionTicket$T13NewSessionTicketMessage
Event: 1.081 Loading class sun/security/ssl/NewSessionTicket$NewSessionTicketMessage
Event: 1.081 Loading class sun/security/ssl/NewSessionTicket$NewSessionTicketMessage done
Event: 1.081 Loading class sun/security/ssl/NewSessionTicket$T13NewSessionTicketMessage done

Classes unloaded (0 events):
No events

Classes redefined (0 events):
No events

Internal exceptions (20 events):
Event: 0.417 Thread 0x0000013bcce70d00 Exception <a 'sun/nio/fs/WindowsException'{0x0000000718a5fd40}> (0x0000000718a5fd40) 
thrown [s\src\hotspot\share\prims\jni.cpp, line 537]
Event: 0.534 Thread 0x0000013bcce70d00 Exception <a 'java/lang/NoSuchMethodError'{0x0000000718800d20}: 'java.lang.Object java.lang.invoke.DirectMethodHandle$Holder.invokeStaticInit(java.lang.Object, java.lang.Object, int, int, int, int)'> (0x0000000718800d20) 
thrown [s\src\hotspot\share\interpreter\linkResolver.cpp, line 784]
Event: 0.557 Thread 0x0000013bcce70d00 Exception <a 'java/lang/NoSuchMethodError'{0x0000000718930510}: 'java.lang.Object java.lang.invoke.DirectMethodHandle$Holder.invokeStaticInit(java.lang.Object, java.lang.Object, int)'> (0x0000000718930510) 
thrown [s\src\hotspot\share\interpreter\linkResolver.cpp, line 784]
Event: 0.558 Thread 0x0000013bcce70d00 Exception <a 'java/lang/NoSuchMethodError'{0x0000000718936418}: 'java.lang.Object java.lang.invoke.DirectMethodHandle$Holder.newInvokeSpecial(java.lang.Object, java.lang.Object, int)'> (0x0000000718936418) 
thrown [s\src\hotspot\share\interpreter\linkResolver.cpp, line 784]
Event: 0.562 Thread 0x0000013bcce70d00 Exception <a 'java/lang/NoSuchMethodError'{0x0000000718949b50}: 'int java.lang.invoke.DirectMethodHandle$Holder.invokeSpecialIFC(java.lang.Object, java.lang.Object, java.lang.Object)'> (0x0000000718949b50) 
thrown [s\src\hotspot\share\interpreter\linkResolver.cpp, line 784]
Event: 0.588 Thread 0x0000013bcce70d00 Exception <a 'java/lang/NoSuchMethodError'{0x0000000718983950}: 'java.lang.Object java.lang.invoke.Invokers$Holder.invoke_MT(java.lang.Object, java.lang.Object, java.lang.Object, java.lang.Object, java.lang.Object, java.lang.Object, java.lang.Object, java.lang.Object, java.lang.Object, java.lang.Object)'> (0x0000000718983950) 
thrown [s\src\hotspot\share\interpreter\linkResolver.cpp, line 784]
Event: 0.604 Thread 0x0000013bcce70d00 Exception <a 'java/lang/NoSuchMethodError'{0x00000007189c4208}: 'int java.lang.invoke.DirectMethodHandle$Holder.invokeSpecial(java.lang.Object, java.lang.Object, java.lang.Object, java.lang.Object)'> (0x00000007189c4208) 
thrown [s\src\hotspot\share\interpreter\linkResolver.cpp, line 784]
Event: 0.607 Thread 0x0000013bcce70d00 Exception <a 'java/lang/NoSuchMethodError'{0x00000007189dcd20}: 'java.lang.Object java.lang.invoke.DelegatingMethodHandle$Holder.delegate(java.lang.Object, int, java.lang.Object, java.lang.Object)'> (0x00000007189dcd20) 
thrown [s\src\hotspot\share\interpreter\linkResolver.cpp, line 784]
Event: 0.609 Thread 0x0000013bcce70d00 Exception <a 'java/lang/NoSuchMethodError'{0x00000007189ec4d8}: 'int java.lang.invoke.Invokers$Holder.linkToTargetMethod(java.lang.Object, java.lang.Object, java.lang.Object)'> (0x00000007189ec4d8) 
thrown [s\src\hotspot\share\interpreter\linkResolver.cpp, line 784]
Event: 0.614 Thread 0x0000013bcce70d00 Exception <a 'java/lang/NoSuchMethodError'{0x000000071861e7f0}: 'long java.lang.invoke.DirectMethodHandle$Holder.invokeSpecial(java.lang.Object, java.lang.Object)'> (0x000000071861e7f0) 
thrown [s\src\hotspot\share\interpreter\linkResolver.cpp, line 784]
Event: 0.616 Thread 0x0000013bcce70d00 Exception <a 'java/lang/NoSuchMethodError'{0x0000000718625540}: 'java.lang.Object java.lang.invoke.Invokers$Holder.invokeExact_MT(java.lang.Object, java.lang.Object, java.lang.Object, java.lang.Object, java.lang.Object, java.lang.Object)'> (0x0000000718625540) 
thrown [s\src\hotspot\share\interpreter\linkResolver.cpp, line 784]
Event: 0.736 Thread 0x0000013bcce70d00 Exception <a 'java/lang/NoSuchMethodError'{0x0000000718471ec0}: 'java.lang.Object java.lang.invoke.DirectMethodHandle$Holder.newInvokeSpecial(java.lang.Object, java.lang.Object, java.lang.Object, java.lang.Object, java.lang.Object)'> (0x0000000718471ec0) 
thrown [s\src\hotspot\share\interpreter\linkResolver.cpp, line 784]
Event: 0.776 Thread 0x0000013bcce70d00 Exception <a 'java/lang/NoSuchMethodError'{0x00000007185fe348}: 'java.lang.Object java.lang.invoke.DirectMethodHandle$Holder.invokeSpecial(java.lang.Object, java.lang.Object, java.lang.Object, java.lang.Object, int)'> (0x00000007185fe348) 
thrown [s\src\hotspot\share\interpreter\linkResolver.cpp, line 784]
Event: 0.777 Thread 0x0000013bcce70d00 Exception <a 'java/lang/NoSuchMethodError'{0x0000000718201f18}: 'java.lang.Object java.lang.invoke.Invokers$Holder.linkToTargetMethod(java.lang.Object, java.lang.Object, int, java.lang.Object)'> (0x0000000718201f18) 
thrown [s\src\hotspot\share\interpreter\linkResolver.cpp, line 784]
Event: 0.785 Thread 0x0000013bcce70d00 Exception <a 'java/lang/NoSuchMethodError'{0x00000007182304c0}: 'void java.lang.invoke.DirectMethodHandle$Holder.invokeSpecial(java.lang.Object, java.lang.Object, java.lang.Object)'> (0x00000007182304c0) 
thrown [s\src\hotspot\share\interpreter\linkResolver.cpp, line 784]
Event: 0.802 Thread 0x0000013b809191b0 Exception <a 'java/lang/NoSuchMethodError'{0x0000000718421178}: 'void java.lang.invoke.DirectMethodHandle$Holder.invokeStatic(java.lang.Object, java.lang.Object, int)'> (0x0000000718421178) 
thrown [s\src\hotspot\share\interpreter\linkResolver.cpp, line 784]
Event: 0.803 Thread 0x0000013bcce70d00 Exception <a 'java/lang/NoSuchMethodError'{0x00000007182c01b0}: 'void java.lang.invoke.DirectMethodHandle$Holder.invokeSpecial(java.lang.Object, java.lang.Object, java.lang.Object, java.lang.Object, java.lang.Object)'> (0x00000007182c01b0) 
thrown [s\src\hotspot\share\interpreter\linkResolver.cpp, line 784]
Event: 0.814 Thread 0x0000013b80a21b90 Exception <a 'java/lang/NoSuchMethodError'{0x0000000718305b70}: 'void java.lang.invoke.DirectMethodHandle$Holder.invokeInterface(java.lang.Object, java.lang.Object, java.lang.Object)'> (0x0000000718305b70) 
thrown [s\src\hotspot\share\interpreter\linkResolver.cpp, line 784]
Event: 0.967 Thread 0x0000013b80a21b90 Exception <a 'java/lang/NoSuchMethodError'{0x000000071812ee08}: 'void java.lang.invoke.DirectMethodHandle$Holder.invokeInterface(java.lang.Object, java.lang.Object)'> (0x000000071812ee08) 
thrown [s\src\hotspot\share\interpreter\linkResolver.cpp, line 784]
Event: 1.033 Thread 0x0000013b80a21b90 Exception <a 'java/lang/NoSuchMethodError'{0x00000007181a6580}: 'void java.lang.invoke.DirectMethodHandle$Holder.invokeStatic(java.lang.Object, java.lang.Object, java.lang.Object, java.lang.Object)'> (0x00000007181a6580) 
thrown [s\src\hotspot\share\interpreter\linkResolver.cpp, line 784]

ZGC Phase Switch (0 events):
No events

VM Operations (10 events):
Event: 0.230 Executing VM operation: HandshakeAllThreads (Deoptimize)
Event: 0.230 Executing VM operation: HandshakeAllThreads (Deoptimize) done
Event: 0.248 Executing VM operation: HandshakeAllThreads (Deoptimize)
Event: 0.248 Executing VM operation: HandshakeAllThreads (Deoptimize) done
Event: 0.511 Executing VM operation: HandshakeAllThreads (Deoptimize)
Event: 0.511 Executing VM operation: HandshakeAllThreads (Deoptimize) done
Event: 0.806 Executing VM operation: HandshakeAllThreads (Deoptimize)
Event: 0.806 Executing VM operation: HandshakeAllThreads (Deoptimize) done
Event: 0.976 Executing VM operation: ICBufferFull
Event: 0.976 Executing VM operation: ICBufferFull done

Memory protections (0 events):
No events

Nmethod flushes (0 events):
No events

Events (20 events):
Event: 0.137 Thread 0x0000013bcce70d00 Thread added: 0x0000013b801d8d00
Event: 0.137 Thread 0x0000013bcce70d00 Thread added: 0x0000013b801d9ee0
Event: 0.137 Thread 0x0000013bcce70d00 Thread added: 0x0000013b802144b0
Event: 0.137 Thread 0x0000013bcce70d00 Thread added: 0x0000013b80216200
Event: 0.138 Thread 0x0000013bcce70d00 Thread added: 0x0000013b8020abb0
Event: 0.176 Thread 0x0000013b8020abb0 Thread added: 0x0000013b8031d370
Event: 0.185 Thread 0x0000013bcce70d00 Thread added: 0x0000013b803c9c30
Event: 0.205 Loaded shared library C:\Program Files\JetBrains\WebStorm 2025.2\jbr\bin\net.dll
Event: 0.210 Loaded shared library C:\Program Files\JetBrains\WebStorm 2025.2\jbr\bin\nio.dll
Event: 0.223 Loaded shared library C:\Program Files\JetBrains\WebStorm 2025.2\jbr\bin\zip.dll
Event: 0.339 Loaded shared library C:\Program Files\JetBrains\WebStorm 2025.2\jbr\bin\jimage.dll
Event: 0.527 Thread 0x0000013b8020abb0 Thread added: 0x0000013b806a0150
Event: 0.659 Loaded shared library C:\Program Files\JetBrains\WebStorm 2025.2\jbr\bin\sunmscapi.dll
Event: 0.719 Loaded shared library C:\Program Files\JetBrains\WebStorm 2025.2\jbr\bin\extnet.dll
Event: 0.728 Thread 0x0000013bcce70d00 Thread added: 0x0000013b809191b0
Event: 0.811 Thread 0x0000013b809191b0 Thread added: 0x0000013b80a21b90
Event: 0.830 Thread 0x0000013b809191b0 Thread added: 0x0000013b80a171f0
Event: 0.887 Thread 0x0000013b8031d370 Thread added: 0x0000013b80a0dad0
Event: 0.889 Thread 0x0000013b8031d370 Thread added: 0x0000013b80a0e180
Event: 0.890 Thread 0x0000013b806a0150 Thread added: 0x0000013b80a0e830


Dynamic libraries:
0x00007ff7e8980000 - 0x00007ff7e898a000 	C:\Program Files\JetBrains\WebStorm 2025.2\jbr\bin\java.exe
0x00007ffa6d580000 - 0x00007ffa6d7e3000 	C:\WINDOWS\SYSTEM32\ntdll.dll
0x00007ffa6b850000 - 0x00007ffa6b918000 	C:\WINDOWS\System32\KERNEL32.DLL
0x00007ffa6ae10000 - 0x00007ffa6b1c4000 	C:\WINDOWS\System32\KERNELBASE.dll
0x00007ffa63a80000 - 0x00007ffa63b1c000 	C:\WINDOWS\SYSTEM32\apphelp.dll
0x00007ffa6ac10000 - 0x00007ffa6ad5b000 	C:\WINDOWS\System32\ucrtbase.dll
0x00007ffa5dde0000 - 0x00007ffa5ddf8000 	C:\Program Files\JetBrains\WebStorm 2025.2\jbr\bin\jli.dll
0x00007ffa4f3c0000 - 0x00007ffa4f3db000 	C:\Program Files\JetBrains\WebStorm 2025.2\jbr\bin\VCRUNTIME140.dll
0x00007ffa6bf20000 - 0x00007ffa6c0e9000 	C:\WINDOWS\System32\USER32.dll
0x00007ffa6a930000 - 0x00007ffa6a957000 	C:\WINDOWS\System32\win32u.dll
0x00007ffa6c0f0000 - 0x00007ffa6c11a000 	C:\WINDOWS\System32\GDI32.dll
0x00007ffa58ab0000 - 0x00007ffa58d40000 	C:\WINDOWS\WinSxS\amd64_microsoft.windows.common-controls_6595b64144ccf1df_6.0.26100.2702_none_3e069454e335fc5e\COMCTL32.dll
0x00007ffa6a960000 - 0x00007ffa6aa8b000 	C:\WINDOWS\System32\gdi32full.dll
0x00007ffa6c300000 - 0x00007ffa6c3a9000 	C:\WINDOWS\System32\msvcrt.dll
0x00007ffa6ad60000 - 0x00007ffa6ae03000 	C:\WINDOWS\System32\msvcp_win.dll
0x00007ffa6c160000 - 0x00007ffa6c18f000 	C:\WINDOWS\System32\IMM32.DLL
0x00007ffa57940000 - 0x00007ffa5794c000 	C:\Program Files\JetBrains\WebStorm 2025.2\jbr\bin\vcruntime140_1.dll
0x00007ffa4f330000 - 0x00007ffa4f3bd000 	C:\Program Files\JetBrains\WebStorm 2025.2\jbr\bin\msvcp140.dll
0x00007ff9765e0000 - 0x00007ff9773a4000 	C:\Program Files\JetBrains\WebStorm 2025.2\jbr\bin\server\jvm.dll
0x00007ffa6b4a0000 - 0x00007ffa6b553000 	C:\WINDOWS\System32\ADVAPI32.dll
0x00007ffa6b920000 - 0x00007ffa6b9c6000 	C:\WINDOWS\System32\sechost.dll
0x00007ffa6cc90000 - 0x00007ffa6cda6000 	C:\WINDOWS\System32\RPCRT4.dll
0x00007ffa6b7d0000 - 0x00007ffa6b844000 	C:\WINDOWS\System32\WS2_32.dll
0x00007ffa6a7c0000 - 0x00007ffa6a80e000 	C:\WINDOWS\SYSTEM32\POWRPROF.dll
0x00007ffa681a0000 - 0x00007ffa681d6000 	C:\WINDOWS\SYSTEM32\WINMM.dll
0x00007ffa649e0000 - 0x00007ffa649eb000 	C:\WINDOWS\SYSTEM32\VERSION.dll
0x00007ffa6a7a0000 - 0x00007ffa6a7b4000 	C:\WINDOWS\SYSTEM32\UMPDC.dll
0x00007ffa699e0000 - 0x00007ffa699fa000 	C:\WINDOWS\SYSTEM32\kernel.appcore.dll
0x00007ffa54160000 - 0x00007ffa5416a000 	C:\Program Files\JetBrains\WebStorm 2025.2\jbr\bin\jimage.dll
0x00007ffa67f10000 - 0x00007ffa68151000 	C:\WINDOWS\SYSTEM32\DBGHELP.DLL
0x00007ffa6ba40000 - 0x00007ffa6bdbe000 	C:\WINDOWS\System32\combase.dll
0x00007ffa6b3c0000 - 0x00007ffa6b496000 	C:\WINDOWS\System32\OLEAUT32.dll
0x00007ffa68160000 - 0x00007ffa68199000 	C:\WINDOWS\SYSTEM32\dbgcore.DLL
0x00007ffa6b320000 - 0x00007ffa6b3b9000 	C:\WINDOWS\System32\bcryptPrimitives.dll
0x00007ffa4e700000 - 0x00007ffa4e720000 	C:\Program Files\JetBrains\WebStorm 2025.2\jbr\bin\java.dll
0x00007ffa4e5f0000 - 0x00007ffa4e608000 	C:\Program Files\JetBrains\WebStorm 2025.2\jbr\bin\zip.dll
0x00007ffa6cdb0000 - 0x00007ffa6d4b4000 	C:\WINDOWS\System32\SHELL32.dll
0x00007ffa685a0000 - 0x00007ffa68dd7000 	C:\WINDOWS\SYSTEM32\windows.storage.dll
0x00007ffa6be30000 - 0x00007ffa6bf19000 	C:\WINDOWS\System32\SHCORE.dll
0x00007ffa6bdd0000 - 0x00007ffa6be2d000 	C:\WINDOWS\System32\shlwapi.dll
0x00007ffa6a840000 - 0x00007ffa6a86e000 	C:\WINDOWS\SYSTEM32\profapi.dll
0x00007ffa51b20000 - 0x00007ffa51b30000 	C:\Program Files\JetBrains\WebStorm 2025.2\jbr\bin\net.dll
0x00007ffa64860000 - 0x00007ffa64986000 	C:\WINDOWS\SYSTEM32\WINHTTP.dll
0x00007ffa69c10000 - 0x00007ffa69c78000 	C:\WINDOWS\system32\mswsock.dll
0x00007ffa4d570000 - 0x00007ffa4d586000 	C:\Program Files\JetBrains\WebStorm 2025.2\jbr\bin\nio.dll
0x00007ffa69fc0000 - 0x00007ffa69fdc000 	C:\WINDOWS\SYSTEM32\CRYPTSP.dll
0x00007ffa69660000 - 0x00007ffa69698000 	C:\WINDOWS\system32\rsaenh.dll
0x00007ffa69cb0000 - 0x00007ffa69cdb000 	C:\WINDOWS\SYSTEM32\USERENV.dll
0x00007ffa6a150000 - 0x00007ffa6a176000 	C:\WINDOWS\SYSTEM32\bcrypt.dll
0x00007ffa69e40000 - 0x00007ffa69e4c000 	C:\WINDOWS\SYSTEM32\CRYPTBASE.dll
0x00007ffa690f0000 - 0x00007ffa69122000 	C:\WINDOWS\SYSTEM32\IPHLPAPI.DLL
0x00007ffa6cbc0000 - 0x00007ffa6cbca000 	C:\WINDOWS\System32\NSI.dll
0x00007ffa4f2c0000 - 0x00007ffa4f2ce000 	C:\Program Files\JetBrains\WebStorm 2025.2\jbr\bin\sunmscapi.dll
0x00007ffa6aa90000 - 0x00007ffa6ac06000 	C:\WINDOWS\System32\CRYPT32.dll
0x00007ffa6a110000 - 0x00007ffa6a140000 	C:\WINDOWS\SYSTEM32\ncrypt.dll
0x00007ffa6a0c0000 - 0x00007ffa6a0ff000 	C:\WINDOWS\SYSTEM32\NTASN1.dll
0x00007ffa44b30000 - 0x00007ffa44b38000 	C:\WINDOWS\system32\wshunix.dll
0x00007ffa4e5e0000 - 0x00007ffa4e5e9000 	C:\Program Files\JetBrains\WebStorm 2025.2\jbr\bin\extnet.dll

dbghelp: loaded successfully - version: 4.0.5 - missing functions: none
symbol engine: initialized successfully - sym options: 0x614 - pdb path: .;C:\Program Files\JetBrains\WebStorm 2025.2\jbr\bin;C:\WINDOWS\SYSTEM32;C:\WINDOWS\WinSxS\amd64_microsoft.windows.common-controls_6595b64144ccf1df_6.0.26100.2702_none_3e069454e335fc5e;C:\Program Files\JetBrains\WebStorm 2025.2\jbr\bin\server

VM Arguments:
java_command: git4idea.http.GitAskPassApp Username for 'https://github.com': 
java_class_path (initial): C:/Program Files/JetBrains/WebStorm 2025.2/plugins/vcs-git/lib/git4idea-rt.jar;C:/Program Files/JetBrains/WebStorm 2025.2/lib/externalProcess-rt.jar
Launcher Type: SUN_STANDARD

[Global flags]
     intx CICompilerCount                          = 12                                        {product} {ergonomic}
     uint ConcGCThreads                            = 3                                         {product} {ergonomic}
     uint G1ConcRefinementThreads                  = 13                                        {product} {ergonomic}
   size_t G1HeapRegionSize                         = 2097152                                   {product} {ergonomic}
    uintx GCDrainStackTargetSize                   = 64                                        {product} {ergonomic}
   size_t InitialHeapSize                          = 260046848                                 {product} {ergonomic}
   size_t MarkStackSize                            = 4194304                                   {product} {ergonomic}
   size_t MaxHeapSize                              = 4135583744                                {product} {ergonomic}
   size_t MaxNewSize                               = 2480930816                                {product} {ergonomic}
   size_t MinHeapDeltaBytes                        = 2097152                                   {product} {ergonomic}
   size_t MinHeapSize                              = 8388608                                   {product} {ergonomic}
    uintx NonNMethodCodeHeapSize                   = 7602480                                {pd product} {ergonomic}
    uintx NonProfiledCodeHeapSize                  = 122027880                              {pd product} {ergonomic}
    uintx ProfiledCodeHeapSize                     = 122027880                              {pd product} {ergonomic}
    uintx ReservedCodeCacheSize                    = 251658240                              {pd product} {ergonomic}
     bool SegmentedCodeCache                       = true                                      {product} {ergonomic}
   size_t SoftMaxHeapSize                          = 4135583744                             {manageable} {ergonomic}
     bool UseCompressedOops                        = true                           {product lp64_product} {ergonomic}
     bool UseG1GC                                  = true                                      {product} {ergonomic}
     bool UseLargePagesIndividualAllocation        = false                                  {pd product} {ergonomic}

Logging:
Log output configuration:
 #0: stdout all=warning uptime,level,tags foldmultilines=false
 #1: stderr all=off uptime,level,tags foldmultilines=false

Environment Variables:
JAVA_HOME=C:\Program Files\Eclipse Foundation\jdk-8.0.302.8-hotspot
PATH=C:/Program Files/Git/mingw64/libexec/git-core;C:/Program Files/Git/mingw64/libexec/git-core;C:\Program Files\Git\mingw64\bin;C:\Program Files\Git\usr\bin;C:\Users\ISPROJ\bin;C:\Program Files (x86)\VMware\VMware Player\bin\;C:\Ruby32-x64\bin;C:\Program Files (x86)\Microsoft SDKs\Azure\CLI2\wbin;C:\Program Files\Common Files\Oracle\Java\javapath;C:\Program Files (x86)\Common Files\Oracle\Java\javapath;C:\Program Files\Microsoft\jdk-11.0.16.101-hotspot\bin;C:\WINDOWS\system32;C:\WINDOWS;C:\WINDOWS\System32\Wbem;C:\WINDOWS\System32\WindowsPowerShell\v1.0\;C:\WINDOWS\System32\OpenSSH\;C:\Program Files (x86)\Microsoft SQL Server\160\Tools\Binn\;C:\Program Files\Microsoft SQL Server\160\Tools\Binn\;C:\Program Files\Microsoft SQL Server\Client SDK\ODBC\170\Tools\Binn\;C:\Program Files\Microsoft SQL Server\160\DTS\Binn\;C:\Program Files (x86)\Microsoft SQL Server\160\DTS\Binn\;C:\Program Files\Azure Data Studio\bin;C:\Program Files\Microsoft SQL Server\150\Tools\Binn\;C:\Program Files\dotnet\;C:\Program Files\Microsoft SQL Server\130\Tools\Binn\;C:\Program Files\nodejs;C:\Program Files\Microsoft VS Code\bin;C:\Users\Bytex\Documents\flutter_windows_3.13.9-stable\flutter\bin;C:\ProgramData\chocolatey\bin;C:\Program Files\SDelete;C:\gradle-8.1.1-all\gradle-8.1.1\bin;C:\Users\AlphaChain\AppData\Roaming\npm;C:\Users\puyan\AppData\Local\Packages\PythonSoftwareFoundation.Python.3.11_qbz5n2kfra8p0\LocalCache\local-packages\Python311\Scripts;C:\Users\puyan\OneDrive\Documents\flutter\bin;C:\xampp\php;C:\Program Files\nodejs\;C:\Users\Bytex\.cargo\bin;C:\Users\Bytex\Downloads\aircrack-ng-1.7-win\aircrack-ng-1.7-win\bin;C:\Users\Bytex\.avm\bin;C:\Users\Bytex\AppData\Local\Pub\Cache\bin;C:\Users\Bytex\AppData\Roaming\npm;C:\xmpp\php;C:\Program Files\CMake\bin;C:\flutter\bin;C:\Users\Devcrafts\AppData\Roaming\npm;C:\Users\Devcrafts\AppData\Local\Pub\Cache\bin;C:\Program Files (x86)\Incredibuild;C:\Users\AlphaChain\AppData\Local\Programs\Python\Python312\Scripts;C:\kotlinc\bin;C:\ProgramData\ComposerSetup\bin;C:\Program Files\Go\bin;C:\Program Files\Git\cmd;C:\Users\ISPROJ\.config\herd\bin;C:\Users\ISPROJ\AppData\Local\Programs\Python\Python313\Scripts\;C:\Users\ISPROJ\AppData\Local\Programs\Python\Python313\;C:\Program Files\MySQL\MySQL Shell 8.0\bin\;C:\Users\ISPROJ\.config\herd-lite\bin;C:\Users\ISPROJ\AppData\Local\pnpm;C:\Users\ISPROJ\Documents\flutter\bin;C:\Users\ISPROJ\AppData\Local\Microsoft\WindowsApps;C:\Users\ISPROJ\.dotnet\tools;C:\Users\ISPROJ\AppData\Roaming\Composer\vendor\bin;C:\Users\ISPROJ\AppData\Roaming\Composer\vendor\bin;C:\Program Files\JetBrains\WebStorm 2025.2\bin;C:\Users\ISPROJ\go\bin;C:\Users\ISPROJ\AppData\Roaming\npm\node_modules\serverless;C:\Users\ISPROJ\AppData\Roaming\npm;C:\ffmpeg-7.1.1-essentials_build\ffmpeg-7.1.1-essentials_build\bin
USERNAME=ISPROJ
DISPLAY=:0.0
LC_ALL=en_US.UTF-8
TERM=xterm-256color
TMPDIR=C:\Users\ISPROJ\AppData\Local\Temp
OS=Windows_NT
PROCESSOR_IDENTIFIER=AMD64 Family 25 Model 80 Stepping 0, AuthenticAMD
TMP=C:\Users\ISPROJ\AppData\Local\Temp
TEMP=C:\Users\ISPROJ\AppData\Local\Temp




Periodic native trim disabled

JNI global refs:
JNI global refs: 28, weak refs: 0

JNI global refs memory usage: 835, weak refs: 833

Process memory usage:
Resident Set Size: 94504K (0% of 16153752K total physical memory with 2306836K free physical memory)

OOME stack traces (most recent first):
Classloader memory used:
Loader bootstrap                                                                       : 16407K
Loader jdk.internal.loader.ClassLoaders$PlatformClassLoader                            : 1912K
Loader jdk.internal.loader.ClassLoaders$AppClassLoader                                 : 25664B

---------------  S Y S T E M  ---------------

OS:
 Windows 11 , 64 bit Build 26100 (10.0.26100.2702)
OS uptime: 0 days 8:27 hours
Hyper-V role detected

CPU: total 16 (initial active 16) (16 cores per cpu, 2 threads per core) family 25 model 80 stepping 0 microcode 0xa50000c, cx8, cmov, fxsr, ht, mmx, 3dnowpref, sse, sse2, sse3, ssse3, sse4a, sse4.1, sse4.2, popcnt, lzcnt, tsc, tscinvbit, avx, avx2, aes, erms, clmul, bmi1, bmi2, adx, sha, fma, vzeroupper, clflush, clflushopt, hv, rdtscp, rdpid, fsrm, f16c, cet_ss
Processor Information for the first 16 processors :
  Max Mhz: 3301, Current Mhz: 2003, Mhz Limit: 3301

Memory: 4k page, system-wide physical 15775M (2252M free)
TotalPageFile size 35406M (AvailPageFile size 13M)
current process WorkingSet (physical memory assigned to process): 92M, peak: 93M
current process commit charge ("private bytes"): 370M, peak: 372M

vm_info: OpenJDK 64-Bit Server VM (21.0.7+6-b1038.58) for windows-amd64 JRE (21.0.7+6-b1038.58), built on 2025-07-07 by "builduser" with MS VC++ 16.10 / 16.11 (VS2019)

END.
